[2025-02-05T11:37:53.041+0000] {local_task_job_runner.py:120} INFO - ::group::Pre task execution logs
[2025-02-05T11:37:53.054+0000] {taskinstance.py:2076} INFO - Dependencies all met for dep_context=non-requeueable deps ti=<TaskInstance: dag_dbt-model_sales.model_sales.dim_produto_seed manual__2025-02-05T11:37:29+00:00 [queued]>
[2025-02-05T11:37:53.061+0000] {taskinstance.py:2076} INFO - Dependencies all met for dep_context=requeueable deps ti=<TaskInstance: dag_dbt-model_sales.model_sales.dim_produto_seed manual__2025-02-05T11:37:29+00:00 [queued]>
[2025-02-05T11:37:53.062+0000] {taskinstance.py:2306} INFO - Starting attempt 1 of 1
[2025-02-05T11:37:53.072+0000] {taskinstance.py:2330} INFO - Executing <Task(DbtSeedLocalOperator): model_sales.dim_produto_seed> on 2025-02-05 11:37:29+00:00
[2025-02-05T11:37:53.076+0000] {standard_task_runner.py:63} INFO - Started process 1671 to run task
[2025-02-05T11:37:53.078+0000] {standard_task_runner.py:90} INFO - Running: ['***', 'tasks', 'run', 'dag_dbt-model_sales', 'model_sales.dim_produto_seed', 'manual__2025-02-05T11:37:29+00:00', '--job-id', '45', '--raw', '--subdir', 'DAGS_FOLDER/dag_dbt-model_sales.py', '--cfg-path', '/tmp/tmp1n103rxt']
[2025-02-05T11:37:53.079+0000] {standard_task_runner.py:91} INFO - Job 45: Subtask model_sales.dim_produto_seed
[2025-02-05T11:37:53.121+0000] {task_command.py:426} INFO - Running <TaskInstance: dag_dbt-model_sales.model_sales.dim_produto_seed manual__2025-02-05T11:37:29+00:00 [running]> on host 98025f4a542d
[2025-02-05T11:37:53.190+0000] {taskinstance.py:2648} INFO - Exporting env vars: AIRFLOW_CTX_DAG_OWNER='***' AIRFLOW_CTX_DAG_ID='dag_dbt-model_sales' AIRFLOW_CTX_TASK_ID='model_sales.dim_produto_seed' AIRFLOW_CTX_EXECUTION_DATE='2025-02-05T11:37:29+00:00' AIRFLOW_CTX_TRY_NUMBER='1' AIRFLOW_CTX_DAG_RUN_ID='manual__2025-02-05T11:37:29+00:00'
[2025-02-05T11:37:53.192+0000] {taskinstance.py:430} INFO - ::endgroup::
[2025-02-05T11:37:53.606+0000] {local.py:220} INFO - dbtRunner is available. Using dbtRunner for invoking dbt.
[2025-02-05T11:37:53.607+0000] {local.py:436} INFO - Cloning project to writable temp directory /tmp/tmphwsb6ekf from /usr/local/airflow/dags/dbt/localiza_dw
[2025-02-05T11:37:53.613+0000] {local.py:447} INFO - Partial parse is enabled and the latest partial parse file is /tmp/cosmos/dag_dbt-model_sales__model_sales/target/partial_parse.msgpack
[2025-02-05T11:37:53.618+0000] {config.py:348} INFO - Profile caching is enable.
[2025-02-05T11:37:53.624+0000] {base.py:84} INFO - Using connection ID '***' for task execution.
[2025-02-05T11:37:53.625+0000] {config.py:328} INFO - Profile found in cache using profile: /tmp/cosmos/profile/47873256e3df2d6067f929148b3671caee72f33396318ef25aae33418849eddf/profiles.yml.
[2025-02-05T11:37:53.625+0000] {local.py:408} INFO - Trying to run dbtRunner with:
 ['seed', '--vars', '{"PROD_1": P004,                                 "DATA_INICIO": 1999-01-01,                                 "DATA_FIM": 2025-02-05}', '--models', 'dim_produto', '--project-dir', '/tmp/tmphwsb6ekf', '--profiles-dir', '/tmp/cosmos/profile/47873256e3df2d6067f929148b3671caee72f33396318ef25aae33418849eddf', '--profile', '***', '--target', 'prod']
 in /tmp/tmphwsb6ekf
[2025-02-05T11:37:53.637+0000] {logging_mixin.py:188} INFO - 11:37:53  Running with dbt=1.6.1
[2025-02-05T11:37:53.719+0000] {logging_mixin.py:188} INFO - 11:37:53  Registered adapter: postgres=1.6.1
[2025-02-05T11:37:54.079+0000] {logging_mixin.py:188} INFO - 11:37:54  Found 4 models, 1 snapshot, 4 seeds, 5 tests, 3 sources, 0 exposures, 0 metrics, 349 macros, 0 groups, 0 semantic models
[2025-02-05T11:37:54.081+0000] {logging_mixin.py:188} INFO - 11:37:54
[2025-02-05T11:37:54.134+0000] {logging_mixin.py:188} INFO - 11:37:54  Concurrency: 1 threads (target='prod')
[2025-02-05T11:37:54.135+0000] {logging_mixin.py:188} INFO - 11:37:54
[2025-02-05T11:37:54.137+0000] {logging_mixin.py:188} INFO - 11:37:54  1 of 1 START seed file dm_sales.dim_produto .................................... [RUN]
[2025-02-05T11:37:54.192+0000] {logging_mixin.py:188} INFO - 11:37:54  1 of 1 OK loaded seed file dm_sales.dim_produto ................................ [INSERT 5 in 0.05s]
[2025-02-05T11:37:54.200+0000] {logging_mixin.py:188} INFO - 11:37:54
[2025-02-05T11:37:54.201+0000] {logging_mixin.py:188} INFO - 11:37:54  Finished running 1 seed in 0 hours 0 minutes and 0.12 seconds (0.12s).
[2025-02-05T11:37:54.207+0000] {logging_mixin.py:188} INFO - 11:37:54
[2025-02-05T11:37:54.208+0000] {logging_mixin.py:188} INFO - 11:37:54  Completed successfully
[2025-02-05T11:37:54.209+0000] {logging_mixin.py:188} INFO - 11:37:54
[2025-02-05T11:37:54.209+0000] {logging_mixin.py:188} INFO - 11:37:54  Done. PASS=1 WARN=0 ERROR=0 SKIP=0 TOTAL=1
[2025-02-05T11:37:54.966+0000] {local.py:138} WARNING - Artifact schema version: https://schemas.getdbt.com/dbt/manifest/v10.json is above dbt-ol supported version 7. This might cause errors.
[2025-02-05T11:37:54.970+0000] {local.py:494} INFO - Inlets: []
[2025-02-05T11:37:54.971+0000] {local.py:495} INFO - Outlets: []
[2025-02-05T11:37:54.971+0000] {local.py:595} INFO - Assigning inlets/outlets without DatasetAlias
[2025-02-05T11:37:54.972+0000] {dag.py:3096} INFO - Sync 1 DAGs
[2025-02-05T11:37:54.983+0000] {dag.py:3954} INFO - Setting next_dagrun for dag_dbt-model_sales to None, run_after=None
[2025-02-05T11:37:55.013+0000] {taskinstance.py:441} INFO - ::group::Post task execution logs
[2025-02-05T11:37:55.020+0000] {taskinstance.py:1206} INFO - Marking task as SUCCESS. dag_id=dag_dbt-model_sales, task_id=model_sales.dim_produto_seed, run_id=manual__2025-02-05T11:37:29+00:00, execution_date=20250205T113729, start_date=20250205T113753, end_date=20250205T113755
[2025-02-05T11:37:55.062+0000] {local_task_job_runner.py:240} INFO - Task exited with return code 0
[2025-02-05T11:37:55.085+0000] {taskinstance.py:3498} INFO - 0 downstream tasks scheduled from follow-on schedule check
[2025-02-05T11:37:55.088+0000] {local_task_job_runner.py:222} INFO - ::endgroup::
