[2025-02-05T00:29:52.196+0000] {local_task_job_runner.py:120} INFO - ::group::Pre task execution logs
[2025-02-05T00:29:52.207+0000] {taskinstance.py:2076} INFO - Dependencies all met for dep_context=non-requeueable deps ti=<TaskInstance: dag_ingestion_daily-credit_fraud.bulk_file_load manual__2025-02-05T00:24:43.081166+00:00 [queued]>
[2025-02-05T00:29:52.214+0000] {taskinstance.py:2076} INFO - Dependencies all met for dep_context=requeueable deps ti=<TaskInstance: dag_ingestion_daily-credit_fraud.bulk_file_load manual__2025-02-05T00:24:43.081166+00:00 [queued]>
[2025-02-05T00:29:52.215+0000] {taskinstance.py:2306} INFO - Starting attempt 1 of 2
[2025-02-05T00:29:52.226+0000] {taskinstance.py:2330} INFO - Executing <Task(PostgresOperator): bulk_file_load> on 2025-02-05 00:24:43.081166+00:00
[2025-02-05T00:29:52.230+0000] {standard_task_runner.py:63} INFO - Started process 1765 to run task
[2025-02-05T00:29:52.232+0000] {standard_task_runner.py:90} INFO - Running: ['***', 'tasks', 'run', 'dag_ingestion_daily-credit_fraud', 'bulk_file_load', 'manual__2025-02-05T00:24:43.081166+00:00', '--job-id', '27', '--raw', '--subdir', 'DAGS_FOLDER/dag_ingestion_daily-fraud_credit.py', '--cfg-path', '/tmp/tmpvpbkank2']
[2025-02-05T00:29:52.234+0000] {standard_task_runner.py:91} INFO - Job 27: Subtask bulk_file_load
[2025-02-05T00:29:52.270+0000] {task_command.py:426} INFO - Running <TaskInstance: dag_ingestion_daily-credit_fraud.bulk_file_load manual__2025-02-05T00:24:43.081166+00:00 [running]> on host eb20c43aeeb4
[2025-02-05T00:29:52.333+0000] {taskinstance.py:2648} INFO - Exporting env vars: AIRFLOW_CTX_DAG_OWNER='***' AIRFLOW_CTX_DAG_ID='dag_ingestion_daily-credit_fraud' AIRFLOW_CTX_TASK_ID='bulk_file_load' AIRFLOW_CTX_EXECUTION_DATE='2025-02-05T00:24:43.081166+00:00' AIRFLOW_CTX_TRY_NUMBER='1' AIRFLOW_CTX_DAG_RUN_ID='manual__2025-02-05T00:24:43.081166+00:00'
[2025-02-05T00:29:52.335+0000] {taskinstance.py:430} INFO - ::endgroup::
[2025-02-05T00:29:52.345+0000] {sql.py:276} INFO - Executing: 
            COPY dm_credit_operations_stage.raw_credit_fraud FROM '/data/raw_fraud_credit.csv' DELIMITER ',' CSV HEADER;
        
[2025-02-05T00:29:52.352+0000] {base.py:84} INFO - Using connection ID '***' for task execution.
[2025-02-05T00:29:52.390+0000] {base.py:84} INFO - Using connection ID '***' for task execution.
[2025-02-05T00:29:52.393+0000] {sql.py:450} INFO - Running statement: 
            COPY dm_credit_operations_stage.raw_credit_fraud FROM '/data/raw_fraud_credit.csv' DELIMITER ',' CSV HEADER;
        , parameters: None
[2025-02-05T00:30:23.014+0000] {sql.py:459} INFO - Rows affected: 9291894
[2025-02-05T00:30:23.016+0000] {taskinstance.py:441} INFO - ::group::Post task execution logs
[2025-02-05T00:30:23.028+0000] {taskinstance.py:1206} INFO - Marking task as SUCCESS. dag_id=dag_ingestion_daily-credit_fraud, task_id=bulk_file_load, run_id=manual__2025-02-05T00:24:43.081166+00:00, execution_date=20250205T002443, start_date=20250205T002952, end_date=20250205T003023
[2025-02-05T00:30:23.073+0000] {local_task_job_runner.py:240} INFO - Task exited with return code 0
[2025-02-05T00:30:23.089+0000] {taskinstance.py:3498} INFO - 1 downstream tasks scheduled from follow-on schedule check
[2025-02-05T00:30:23.091+0000] {local_task_job_runner.py:222} INFO - ::endgroup::
