[2025-02-04T22:24:37.957+0000] {local_task_job_runner.py:120} INFO - ::group::Pre task execution logs
[2025-02-04T22:24:37.970+0000] {taskinstance.py:2076} INFO - Dependencies all met for dep_context=non-requeueable deps ti=<TaskInstance: dag_ingestion_daily-credit_fraud.bulk_file_load manual__2025-02-04T22:23:25.060591+00:00 [queued]>
[2025-02-04T22:24:37.976+0000] {taskinstance.py:2076} INFO - Dependencies all met for dep_context=requeueable deps ti=<TaskInstance: dag_ingestion_daily-credit_fraud.bulk_file_load manual__2025-02-04T22:23:25.060591+00:00 [queued]>
[2025-02-04T22:24:37.976+0000] {taskinstance.py:2306} INFO - Starting attempt 2 of 3
[2025-02-04T22:24:37.985+0000] {taskinstance.py:2330} INFO - Executing <Task(PostgresOperator): bulk_file_load> on 2025-02-04 22:23:25.060591+00:00
[2025-02-04T22:24:37.989+0000] {standard_task_runner.py:63} INFO - Started process 205 to run task
[2025-02-04T22:24:37.991+0000] {standard_task_runner.py:90} INFO - Running: ['***', 'tasks', 'run', 'dag_ingestion_daily-credit_fraud', 'bulk_file_load', 'manual__2025-02-04T22:23:25.060591+00:00', '--job-id', '4', '--raw', '--subdir', 'DAGS_FOLDER/dag_ingestion_daily-fraud_credit.py', '--cfg-path', '/tmp/tmp4ur1vp5u']
[2025-02-04T22:24:37.992+0000] {standard_task_runner.py:91} INFO - Job 4: Subtask bulk_file_load
[2025-02-04T22:24:38.027+0000] {task_command.py:426} INFO - Running <TaskInstance: dag_ingestion_daily-credit_fraud.bulk_file_load manual__2025-02-04T22:23:25.060591+00:00 [running]> on host eb20c43aeeb4
[2025-02-04T22:24:38.081+0000] {taskinstance.py:2648} INFO - Exporting env vars: AIRFLOW_CTX_DAG_OWNER='***' AIRFLOW_CTX_DAG_ID='dag_ingestion_daily-credit_fraud' AIRFLOW_CTX_TASK_ID='bulk_file_load' AIRFLOW_CTX_EXECUTION_DATE='2025-02-04T22:23:25.060591+00:00' AIRFLOW_CTX_TRY_NUMBER='2' AIRFLOW_CTX_DAG_RUN_ID='manual__2025-02-04T22:23:25.060591+00:00'
[2025-02-04T22:24:38.084+0000] {taskinstance.py:430} INFO - ::endgroup::
[2025-02-04T22:24:38.093+0000] {sql.py:276} INFO - Executing: 
            COPY dm_credit_operations_stage.raw_credit_fraud FROM '/data/raw_fraud_credit.csv' DELIMITER ',' CSV HEADER;
        
[2025-02-04T22:24:38.100+0000] {base.py:84} INFO - Using connection ID '***' for task execution.
[2025-02-04T22:24:38.135+0000] {base.py:84} INFO - Using connection ID '***' for task execution.
[2025-02-04T22:24:38.138+0000] {sql.py:450} INFO - Running statement: 
            COPY dm_credit_operations_stage.raw_credit_fraud FROM '/data/raw_fraud_credit.csv' DELIMITER ',' CSV HEADER;
        , parameters: None
[2025-02-04T22:25:12.309+0000] {sql.py:459} INFO - Rows affected: 9291894
[2025-02-04T22:25:12.311+0000] {taskinstance.py:441} INFO - ::group::Post task execution logs
[2025-02-04T22:25:12.318+0000] {taskinstance.py:1206} INFO - Marking task as SUCCESS. dag_id=dag_ingestion_daily-credit_fraud, task_id=bulk_file_load, run_id=manual__2025-02-04T22:23:25.060591+00:00, execution_date=20250204T222325, start_date=20250204T222437, end_date=20250204T222512
[2025-02-04T22:25:12.340+0000] {local_task_job_runner.py:240} INFO - Task exited with return code 0
[2025-02-04T22:25:12.353+0000] {taskinstance.py:3498} INFO - 0 downstream tasks scheduled from follow-on schedule check
[2025-02-04T22:25:12.355+0000] {local_task_job_runner.py:222} INFO - ::endgroup::
