[2025-02-05T11:25:26.474+0000] {local_task_job_runner.py:120} INFO - ::group::Pre task execution logs
[2025-02-05T11:25:26.485+0000] {taskinstance.py:2076} INFO - Dependencies all met for dep_context=non-requeueable deps ti=<TaskInstance: dag_dbt-model_sales.model_sales.dim_vendedor_seed manual__2025-02-05T11:23:23+00:00 [queued]>
[2025-02-05T11:25:26.492+0000] {taskinstance.py:2076} INFO - Dependencies all met for dep_context=requeueable deps ti=<TaskInstance: dag_dbt-model_sales.model_sales.dim_vendedor_seed manual__2025-02-05T11:23:23+00:00 [queued]>
[2025-02-05T11:25:26.493+0000] {taskinstance.py:2306} INFO - Starting attempt 2 of 2
[2025-02-05T11:25:26.501+0000] {taskinstance.py:2330} INFO - Executing <Task(DbtSeedLocalOperator): model_sales.dim_vendedor_seed> on 2025-02-05 11:23:23+00:00
[2025-02-05T11:25:26.505+0000] {standard_task_runner.py:63} INFO - Started process 1059 to run task
[2025-02-05T11:25:26.507+0000] {standard_task_runner.py:90} INFO - Running: ['***', 'tasks', 'run', 'dag_dbt-model_sales', 'model_sales.dim_vendedor_seed', 'manual__2025-02-05T11:23:23+00:00', '--job-id', '16', '--raw', '--subdir', 'DAGS_FOLDER/dag_dbt-model_sales.py', '--cfg-path', '/tmp/tmpfuwyxvt_']
[2025-02-05T11:25:26.509+0000] {standard_task_runner.py:91} INFO - Job 16: Subtask model_sales.dim_vendedor_seed
[2025-02-05T11:25:26.545+0000] {task_command.py:426} INFO - Running <TaskInstance: dag_dbt-model_sales.model_sales.dim_vendedor_seed manual__2025-02-05T11:23:23+00:00 [running]> on host 98025f4a542d
[2025-02-05T11:25:26.607+0000] {taskinstance.py:2648} INFO - Exporting env vars: AIRFLOW_CTX_DAG_OWNER='***' AIRFLOW_CTX_DAG_ID='dag_dbt-model_sales' AIRFLOW_CTX_TASK_ID='model_sales.dim_vendedor_seed' AIRFLOW_CTX_EXECUTION_DATE='2025-02-05T11:23:23+00:00' AIRFLOW_CTX_TRY_NUMBER='2' AIRFLOW_CTX_DAG_RUN_ID='manual__2025-02-05T11:23:23+00:00'
[2025-02-05T11:25:26.609+0000] {taskinstance.py:430} INFO - ::endgroup::
[2025-02-05T11:25:28.197+0000] {local.py:220} INFO - dbtRunner is available. Using dbtRunner for invoking dbt.
[2025-02-05T11:25:28.198+0000] {local.py:436} INFO - Cloning project to writable temp directory /tmp/tmp369vz3rf from /usr/local/airflow/dags/dbt/localiza_dw
[2025-02-05T11:25:28.202+0000] {local.py:447} INFO - Partial parse is enabled and the latest partial parse file is /tmp/cosmos/dag_dbt-model_sales__model_sales/target/partial_parse.msgpack
[2025-02-05T11:25:28.207+0000] {config.py:348} INFO - Profile caching is enable.
[2025-02-05T11:25:28.214+0000] {base.py:84} INFO - Using connection ID '***' for task execution.
[2025-02-05T11:25:28.216+0000] {config.py:328} INFO - Profile found in cache using profile: /tmp/cosmos/profile/47873256e3df2d6067f929148b3671caee72f33396318ef25aae33418849eddf/profiles.yml.
[2025-02-05T11:25:28.216+0000] {local.py:408} INFO - Trying to run dbtRunner with:
 ['seed', '--vars', '{"PROD_1": P003}', '--models', 'dim_vendedor', '--project-dir', '/tmp/tmp369vz3rf', '--profiles-dir', '/tmp/cosmos/profile/47873256e3df2d6067f929148b3671caee72f33396318ef25aae33418849eddf', '--profile', '***', '--target', 'prod']
 in /tmp/tmp369vz3rf
[2025-02-05T11:25:28.230+0000] {logging_mixin.py:188} INFO - 11:25:28  Running with dbt=1.6.1
[2025-02-05T11:25:28.316+0000] {logging_mixin.py:188} INFO - 11:25:28  Registered adapter: postgres=1.6.1
[2025-02-05T11:25:28.847+0000] {logging_mixin.py:188} INFO - 11:25:28  Found 4 models, 1 snapshot, 4 seeds, 5 tests, 3 sources, 0 exposures, 0 metrics, 349 macros, 0 groups, 0 semantic models
[2025-02-05T11:25:28.849+0000] {logging_mixin.py:188} INFO - 11:25:28
[2025-02-05T11:25:28.912+0000] {logging_mixin.py:188} INFO - 11:25:28  Concurrency: 1 threads (target='prod')
[2025-02-05T11:25:28.913+0000] {logging_mixin.py:188} INFO - 11:25:28
[2025-02-05T11:25:28.917+0000] {logging_mixin.py:188} INFO - 11:25:28  1 of 1 START seed file dm_sales.dim_vendedor ................................... [RUN]
[2025-02-05T11:25:29.004+0000] {logging_mixin.py:188} INFO - 11:25:29  1 of 1 OK loaded seed file dm_sales.dim_vendedor ............................... [INSERT 20 in 0.09s]
[2025-02-05T11:25:29.016+0000] {logging_mixin.py:188} INFO - 11:25:29
[2025-02-05T11:25:29.018+0000] {logging_mixin.py:188} INFO - 11:25:29  Finished running 1 seed in 0 hours 0 minutes and 0.17 seconds (0.17s).
[2025-02-05T11:25:29.026+0000] {logging_mixin.py:188} INFO - 11:25:29
[2025-02-05T11:25:29.028+0000] {logging_mixin.py:188} INFO - 11:25:29  Completed successfully
[2025-02-05T11:25:29.029+0000] {logging_mixin.py:188} INFO - 11:25:29
[2025-02-05T11:25:29.030+0000] {logging_mixin.py:188} INFO - 11:25:29  Done. PASS=1 WARN=0 ERROR=0 SKIP=0 TOTAL=1
[2025-02-05T11:25:29.813+0000] {local.py:138} WARNING - Artifact schema version: https://schemas.getdbt.com/dbt/manifest/v10.json is above dbt-ol supported version 7. This might cause errors.
[2025-02-05T11:25:29.816+0000] {local.py:494} INFO - Inlets: []
[2025-02-05T11:25:29.817+0000] {local.py:495} INFO - Outlets: []
[2025-02-05T11:25:29.817+0000] {local.py:595} INFO - Assigning inlets/outlets without DatasetAlias
[2025-02-05T11:25:29.818+0000] {dag.py:3096} INFO - Sync 1 DAGs
[2025-02-05T11:25:29.829+0000] {dag.py:3954} INFO - Setting next_dagrun for dag_dbt-model_sales to None, run_after=None
[2025-02-05T11:25:29.846+0000] {taskinstance.py:441} INFO - ::group::Post task execution logs
[2025-02-05T11:25:29.853+0000] {taskinstance.py:1206} INFO - Marking task as SUCCESS. dag_id=dag_dbt-model_sales, task_id=model_sales.dim_vendedor_seed, run_id=manual__2025-02-05T11:23:23+00:00, execution_date=20250205T112323, start_date=20250205T112526, end_date=20250205T112529
[2025-02-05T11:25:29.904+0000] {local_task_job_runner.py:240} INFO - Task exited with return code 0
[2025-02-05T11:25:29.929+0000] {taskinstance.py:3498} INFO - 0 downstream tasks scheduled from follow-on schedule check
[2025-02-05T11:25:29.932+0000] {local_task_job_runner.py:222} INFO - ::endgroup::
