[2025-02-05T16:10:08.873+0000] {local_task_job_runner.py:120} INFO - ::group::Pre task execution logs
[2025-02-05T16:10:08.892+0000] {taskinstance.py:2076} INFO - Dependencies all met for dep_context=non-requeueable deps ti=<TaskInstance: dag_dbt-model_sales.model_sales.ad_hoc_summary_vendas_run manual__2025-02-05T16:09:14+00:00 [queued]>
[2025-02-05T16:10:08.903+0000] {taskinstance.py:2076} INFO - Dependencies all met for dep_context=requeueable deps ti=<TaskInstance: dag_dbt-model_sales.model_sales.ad_hoc_summary_vendas_run manual__2025-02-05T16:09:14+00:00 [queued]>
[2025-02-05T16:10:08.904+0000] {taskinstance.py:2306} INFO - Starting attempt 1 of 1
[2025-02-05T16:10:08.917+0000] {taskinstance.py:2330} INFO - Executing <Task(DbtRunLocalOperator): model_sales.ad_hoc_summary_vendas_run> on 2025-02-05 16:09:14+00:00
[2025-02-05T16:10:08.924+0000] {standard_task_runner.py:63} INFO - Started process 856 to run task
[2025-02-05T16:10:08.928+0000] {standard_task_runner.py:90} INFO - Running: ['***', 'tasks', 'run', 'dag_dbt-model_sales', 'model_sales.ad_hoc_summary_vendas_run', 'manual__2025-02-05T16:09:14+00:00', '--job-id', '21', '--raw', '--subdir', 'DAGS_FOLDER/dag_dbt-model_sales.py', '--cfg-path', '/tmp/tmpjt9zy6dv']
[2025-02-05T16:10:08.930+0000] {standard_task_runner.py:91} INFO - Job 21: Subtask model_sales.ad_hoc_summary_vendas_run
[2025-02-05T16:10:08.986+0000] {task_command.py:426} INFO - Running <TaskInstance: dag_dbt-model_sales.model_sales.ad_hoc_summary_vendas_run manual__2025-02-05T16:09:14+00:00 [running]> on host 5c897c3a2254
[2025-02-05T16:10:09.075+0000] {taskinstance.py:2648} INFO - Exporting env vars: AIRFLOW_CTX_DAG_OWNER='***' AIRFLOW_CTX_DAG_ID='dag_dbt-model_sales' AIRFLOW_CTX_TASK_ID='model_sales.ad_hoc_summary_vendas_run' AIRFLOW_CTX_EXECUTION_DATE='2025-02-05T16:09:14+00:00' AIRFLOW_CTX_TRY_NUMBER='1' AIRFLOW_CTX_DAG_RUN_ID='manual__2025-02-05T16:09:14+00:00'
[2025-02-05T16:10:09.078+0000] {taskinstance.py:430} INFO - ::endgroup::
[2025-02-05T16:10:11.545+0000] {local.py:220} INFO - dbtRunner is available. Using dbtRunner for invoking dbt.
[2025-02-05T16:10:11.547+0000] {local.py:436} INFO - Cloning project to writable temp directory /tmp/tmpc6kbfhmn from /usr/local/airflow/dags/dbt/localiza_dw
[2025-02-05T16:10:11.551+0000] {local.py:447} INFO - Partial parse is enabled and the latest partial parse file is /tmp/cosmos/dag_dbt-model_sales__model_sales/target/partial_parse.msgpack
[2025-02-05T16:10:11.558+0000] {config.py:348} INFO - Profile caching is enable.
[2025-02-05T16:10:11.571+0000] {base.py:84} INFO - Using connection ID '***' for task execution.
[2025-02-05T16:10:11.573+0000] {config.py:328} INFO - Profile found in cache using profile: /tmp/cosmos/profile/47873256e3df2d6067f929148b3671caee72f33396318ef25aae33418849eddf/profiles.yml.
[2025-02-05T16:10:11.574+0000] {local.py:408} INFO - Trying to run dbtRunner with:
 ['run', '--vars', '{"PROD": "P003", "LIMITE_QUANTIDADE": "500", "DATA_INICIO": "1999-01-01", "DATA_FIM": "2025-02-05"}', '--models', 'ad_hoc_summary_vendas', '--project-dir', '/tmp/tmpc6kbfhmn', '--profiles-dir', '/tmp/cosmos/profile/47873256e3df2d6067f929148b3671caee72f33396318ef25aae33418849eddf', '--profile', '***', '--target', 'prod']
 in /tmp/tmpc6kbfhmn
[2025-02-05T16:10:11.598+0000] {logging_mixin.py:188} INFO - 16:10:11  Running with dbt=1.6.1
[2025-02-05T16:10:11.741+0000] {logging_mixin.py:188} INFO - 16:10:11  Registered adapter: postgres=1.6.1
[2025-02-05T16:10:12.384+0000] {logging_mixin.py:188} INFO - 16:10:12  Found 5 models, 1 snapshot, 4 seeds, 5 tests, 3 sources, 0 exposures, 0 metrics, 349 macros, 0 groups, 0 semantic models
[2025-02-05T16:10:12.387+0000] {logging_mixin.py:188} INFO - 16:10:12
[2025-02-05T16:10:12.486+0000] {logging_mixin.py:188} INFO - 16:10:12  Concurrency: 1 threads (target='prod')
[2025-02-05T16:10:12.487+0000] {logging_mixin.py:188} INFO - 16:10:12
[2025-02-05T16:10:12.492+0000] {logging_mixin.py:188} INFO - 16:10:12  1 of 1 START sql table model dm_sales.ad_hoc_summary_vendas .................... [RUN]
[2025-02-05T16:10:12.627+0000] {logging_mixin.py:188} INFO - 16:10:12  1 of 1 OK created sql table model dm_sales.ad_hoc_summary_vendas ............... [SELECT 5 in 0.13s]
[2025-02-05T16:10:12.642+0000] {logging_mixin.py:188} INFO - 16:10:12
[2025-02-05T16:10:12.643+0000] {logging_mixin.py:188} INFO - 16:10:12  Finished running 1 table model in 0 hours 0 minutes and 0.25 seconds (0.25s).
[2025-02-05T16:10:12.657+0000] {logging_mixin.py:188} INFO - 16:10:12
[2025-02-05T16:10:12.659+0000] {logging_mixin.py:188} INFO - 16:10:12  Completed successfully
[2025-02-05T16:10:12.660+0000] {logging_mixin.py:188} INFO - 16:10:12
[2025-02-05T16:10:12.662+0000] {logging_mixin.py:188} INFO - 16:10:12  Done. PASS=1 WARN=0 ERROR=0 SKIP=0 TOTAL=1
[2025-02-05T16:10:13.424+0000] {local.py:138} WARNING - Artifact schema version: https://schemas.getdbt.com/dbt/manifest/v10.json is above dbt-ol supported version 7. This might cause errors.
[2025-02-05T16:10:13.597+0000] {local.py:494} INFO - Inlets: []
[2025-02-05T16:10:13.597+0000] {local.py:495} INFO - Outlets: [Dataset(uri='postgres://postgres-db:5432/localiza_dw.dm_sales.ad_hoc_summary_vendas', extra=None)]
[2025-02-05T16:10:13.598+0000] {local.py:595} INFO - Assigning inlets/outlets without DatasetAlias
[2025-02-05T16:10:13.599+0000] {dag.py:3096} INFO - Sync 1 DAGs
[2025-02-05T16:10:13.620+0000] {dag.py:3954} INFO - Setting next_dagrun for dag_dbt-model_sales to 2025-02-05 04:00:00+00:00, run_after=2025-02-06 04:00:00+00:00
[2025-02-05T16:10:13.646+0000] {taskinstance.py:441} INFO - ::group::Post task execution logs
[2025-02-05T16:10:13.669+0000] {taskinstance.py:1206} INFO - Marking task as SUCCESS. dag_id=dag_dbt-model_sales, task_id=model_sales.ad_hoc_summary_vendas_run, run_id=manual__2025-02-05T16:09:14+00:00, execution_date=20250205T160914, start_date=20250205T161008, end_date=20250205T161013
[2025-02-05T16:10:13.718+0000] {local_task_job_runner.py:240} INFO - Task exited with return code 0
[2025-02-05T16:10:13.739+0000] {taskinstance.py:3498} INFO - 0 downstream tasks scheduled from follow-on schedule check
[2025-02-05T16:10:13.741+0000] {local_task_job_runner.py:222} INFO - ::endgroup::
