[2025-02-05T12:41:07.486+0000] {local_task_job_runner.py:120} INFO - ::group::Pre task execution logs
[2025-02-05T12:41:07.506+0000] {taskinstance.py:2076} INFO - Dependencies all met for dep_context=non-requeueable deps ti=<TaskInstance: dag_dbt-model_sales.model_sales.ad_hoc_vendedor_vendas_run manual__2025-02-05T12:40:10+00:00 [queued]>
[2025-02-05T12:41:07.518+0000] {taskinstance.py:2076} INFO - Dependencies all met for dep_context=requeueable deps ti=<TaskInstance: dag_dbt-model_sales.model_sales.ad_hoc_vendedor_vendas_run manual__2025-02-05T12:40:10+00:00 [queued]>
[2025-02-05T12:41:07.519+0000] {taskinstance.py:2306} INFO - Starting attempt 1 of 1
[2025-02-05T12:41:07.536+0000] {taskinstance.py:2330} INFO - Executing <Task(DbtRunLocalOperator): model_sales.ad_hoc_vendedor_vendas_run> on 2025-02-05 12:40:10+00:00
[2025-02-05T12:41:07.541+0000] {standard_task_runner.py:63} INFO - Started process 3584 to run task
[2025-02-05T12:41:07.545+0000] {standard_task_runner.py:90} INFO - Running: ['***', 'tasks', 'run', 'dag_dbt-model_sales', 'model_sales.ad_hoc_vendedor_vendas_run', 'manual__2025-02-05T12:40:10+00:00', '--job-id', '111', '--raw', '--subdir', 'DAGS_FOLDER/dag_dbt-model_sales.py', '--cfg-path', '/tmp/tmpx00w75ne']
[2025-02-05T12:41:07.547+0000] {standard_task_runner.py:91} INFO - Job 111: Subtask model_sales.ad_hoc_vendedor_vendas_run
[2025-02-05T12:41:07.615+0000] {task_command.py:426} INFO - Running <TaskInstance: dag_dbt-model_sales.model_sales.ad_hoc_vendedor_vendas_run manual__2025-02-05T12:40:10+00:00 [running]> on host 98025f4a542d
[2025-02-05T12:41:07.722+0000] {taskinstance.py:2648} INFO - Exporting env vars: AIRFLOW_CTX_DAG_OWNER='***' AIRFLOW_CTX_DAG_ID='dag_dbt-model_sales' AIRFLOW_CTX_TASK_ID='model_sales.ad_hoc_vendedor_vendas_run' AIRFLOW_CTX_EXECUTION_DATE='2025-02-05T12:40:10+00:00' AIRFLOW_CTX_TRY_NUMBER='1' AIRFLOW_CTX_DAG_RUN_ID='manual__2025-02-05T12:40:10+00:00'
[2025-02-05T12:41:07.725+0000] {taskinstance.py:430} INFO - ::endgroup::
[2025-02-05T12:41:10.792+0000] {local.py:220} INFO - dbtRunner is available. Using dbtRunner for invoking dbt.
[2025-02-05T12:41:10.794+0000] {local.py:436} INFO - Cloning project to writable temp directory /tmp/tmpwo2f0r8e from /usr/local/airflow/dags/dbt/localiza_dw
[2025-02-05T12:41:10.803+0000] {local.py:447} INFO - Partial parse is enabled and the latest partial parse file is /tmp/cosmos/dag_dbt-model_sales__model_sales/target/partial_parse.msgpack
[2025-02-05T12:41:10.810+0000] {config.py:348} INFO - Profile caching is enable.
[2025-02-05T12:41:10.820+0000] {base.py:84} INFO - Using connection ID '***' for task execution.
[2025-02-05T12:41:10.822+0000] {config.py:328} INFO - Profile found in cache using profile: /tmp/cosmos/profile/47873256e3df2d6067f929148b3671caee72f33396318ef25aae33418849eddf/profiles.yml.
[2025-02-05T12:41:10.823+0000] {local.py:408} INFO - Trying to run dbtRunner with:
 ['run', '--vars', '{"PROD_1": P003,                                 "PROD_2": P002,                                 "DATA_INICIO": 1999-01-01,                                 "DATA_FIM": 2025-02-05}', '--models', 'ad_hoc_vendedor_vendas', '--project-dir', '/tmp/tmpwo2f0r8e', '--profiles-dir', '/tmp/cosmos/profile/47873256e3df2d6067f929148b3671caee72f33396318ef25aae33418849eddf', '--profile', '***', '--target', 'prod']
 in /tmp/tmpwo2f0r8e
[2025-02-05T12:41:10.843+0000] {logging_mixin.py:188} INFO - 12:41:10  Running with dbt=1.6.1
[2025-02-05T12:41:10.989+0000] {logging_mixin.py:188} INFO - 12:41:10  Registered adapter: postgres=1.6.1
[2025-02-05T12:41:11.771+0000] {logging_mixin.py:188} INFO - 12:41:11  Found 5 models, 1 snapshot, 4 seeds, 5 tests, 3 sources, 0 exposures, 0 metrics, 349 macros, 0 groups, 0 semantic models
[2025-02-05T12:41:11.775+0000] {logging_mixin.py:188} INFO - 12:41:11
[2025-02-05T12:41:11.881+0000] {logging_mixin.py:188} INFO - 12:41:11  Concurrency: 1 threads (target='prod')
[2025-02-05T12:41:11.883+0000] {logging_mixin.py:188} INFO - 12:41:11
[2025-02-05T12:41:11.888+0000] {logging_mixin.py:188} INFO - 12:41:11  1 of 1 START sql table model dm_sales.ad_hoc_vendedor_vendas ................... [RUN]
[2025-02-05T12:41:12.043+0000] {logging_mixin.py:188} INFO - 12:41:12  1 of 1 OK created sql table model dm_sales.ad_hoc_vendedor_vendas .............. [SELECT 4 in 0.15s]
[2025-02-05T12:41:12.059+0000] {logging_mixin.py:188} INFO - 12:41:12
[2025-02-05T12:41:12.061+0000] {logging_mixin.py:188} INFO - 12:41:12  Finished running 1 table model in 0 hours 0 minutes and 0.28 seconds (0.28s).
[2025-02-05T12:41:12.072+0000] {logging_mixin.py:188} INFO - 12:41:12
[2025-02-05T12:41:12.073+0000] {logging_mixin.py:188} INFO - 12:41:12  Completed successfully
[2025-02-05T12:41:12.075+0000] {logging_mixin.py:188} INFO - 12:41:12
[2025-02-05T12:41:12.076+0000] {logging_mixin.py:188} INFO - 12:41:12  Done. PASS=1 WARN=0 ERROR=0 SKIP=0 TOTAL=1
[2025-02-05T12:41:13.175+0000] {local.py:138} WARNING - Artifact schema version: https://schemas.getdbt.com/dbt/manifest/v10.json is above dbt-ol supported version 7. This might cause errors.
[2025-02-05T12:41:13.227+0000] {local.py:494} INFO - Inlets: []
[2025-02-05T12:41:13.227+0000] {local.py:495} INFO - Outlets: [Dataset(uri='postgres://postgres-db:5432/localiza_dw.dm_sales.ad_hoc_vendedor_vendas', extra=None)]
[2025-02-05T12:41:13.228+0000] {local.py:595} INFO - Assigning inlets/outlets without DatasetAlias
[2025-02-05T12:41:13.229+0000] {dag.py:3096} INFO - Sync 1 DAGs
[2025-02-05T12:41:13.246+0000] {dag.py:3954} INFO - Setting next_dagrun for dag_dbt-model_sales to None, run_after=None
[2025-02-05T12:41:13.292+0000] {taskinstance.py:441} INFO - ::group::Post task execution logs
[2025-02-05T12:41:13.317+0000] {taskinstance.py:1206} INFO - Marking task as SUCCESS. dag_id=dag_dbt-model_sales, task_id=model_sales.ad_hoc_vendedor_vendas_run, run_id=manual__2025-02-05T12:40:10+00:00, execution_date=20250205T124010, start_date=20250205T124107, end_date=20250205T124113
[2025-02-05T12:41:14.098+0000] {local_task_job_runner.py:240} INFO - Task exited with return code 0
[2025-02-05T12:41:14.125+0000] {taskinstance.py:3498} INFO - 1 downstream tasks scheduled from follow-on schedule check
[2025-02-05T12:41:14.129+0000] {local_task_job_runner.py:222} INFO - ::endgroup::
