[2025-02-05T14:06:05.534+0000] {local_task_job_runner.py:120} INFO - ::group::Pre task execution logs
[2025-02-05T14:06:05.568+0000] {taskinstance.py:2076} INFO - Dependencies all met for dep_context=non-requeueable deps ti=<TaskInstance: dag_ingestion_daily-credit_fraud.trigger_dag_dbt-model_credit_fraud scheduled__2025-02-04T04:00:00+00:00 [queued]>
[2025-02-05T14:06:05.588+0000] {taskinstance.py:2076} INFO - Dependencies all met for dep_context=requeueable deps ti=<TaskInstance: dag_ingestion_daily-credit_fraud.trigger_dag_dbt-model_credit_fraud scheduled__2025-02-04T04:00:00+00:00 [queued]>
[2025-02-05T14:06:05.590+0000] {taskinstance.py:2306} INFO - Starting attempt 1 of 2
[2025-02-05T14:06:05.610+0000] {taskinstance.py:2330} INFO - Executing <Task(TriggerDagRunOperator): trigger_dag_dbt-model_credit_fraud> on 2025-02-04 04:00:00+00:00
[2025-02-05T14:06:05.618+0000] {standard_task_runner.py:63} INFO - Started process 4602 to run task
[2025-02-05T14:06:05.622+0000] {standard_task_runner.py:90} INFO - Running: ['***', 'tasks', 'run', 'dag_ingestion_daily-credit_fraud', 'trigger_dag_dbt-model_credit_fraud', 'scheduled__2025-02-04T04:00:00+00:00', '--job-id', '134', '--raw', '--subdir', 'DAGS_FOLDER/dag_ingestion_daily-fraud_credit.py', '--cfg-path', '/tmp/tmp87ln9zax']
[2025-02-05T14:06:05.624+0000] {standard_task_runner.py:91} INFO - Job 134: Subtask trigger_dag_dbt-model_credit_fraud
[2025-02-05T14:06:05.727+0000] {task_command.py:426} INFO - Running <TaskInstance: dag_ingestion_daily-credit_fraud.trigger_dag_dbt-model_credit_fraud scheduled__2025-02-04T04:00:00+00:00 [running]> on host 98025f4a542d
[2025-02-05T14:06:05.872+0000] {taskinstance.py:2648} INFO - Exporting env vars: AIRFLOW_CTX_DAG_OWNER='***' AIRFLOW_CTX_DAG_ID='dag_ingestion_daily-credit_fraud' AIRFLOW_CTX_TASK_ID='trigger_dag_dbt-model_credit_fraud' AIRFLOW_CTX_EXECUTION_DATE='2025-02-04T04:00:00+00:00' AIRFLOW_CTX_TRY_NUMBER='1' AIRFLOW_CTX_DAG_RUN_ID='scheduled__2025-02-04T04:00:00+00:00'
[2025-02-05T14:06:05.876+0000] {taskinstance.py:430} INFO - ::endgroup::
[2025-02-05T14:06:06.042+0000] {taskinstance.py:441} INFO - ::group::Post task execution logs
[2025-02-05T14:06:06.063+0000] {taskinstance.py:1206} INFO - Marking task as SUCCESS. dag_id=dag_ingestion_daily-credit_fraud, task_id=trigger_dag_dbt-model_credit_fraud, run_id=scheduled__2025-02-04T04:00:00+00:00, execution_date=20250204T040000, start_date=20250205T140605, end_date=20250205T140606
[2025-02-05T14:06:06.124+0000] {local_task_job_runner.py:240} INFO - Task exited with return code 0
[2025-02-05T14:06:06.150+0000] {taskinstance.py:3498} INFO - 0 downstream tasks scheduled from follow-on schedule check
[2025-02-05T14:06:06.153+0000] {local_task_job_runner.py:222} INFO - ::endgroup::
[2025-02-05T14:31:16.360+0000] {local_task_job_runner.py:120} INFO - ::group::Pre task execution logs
[2025-02-05T14:31:16.378+0000] {taskinstance.py:2076} INFO - Dependencies all met for dep_context=non-requeueable deps ti=<TaskInstance: dag_ingestion_daily-credit_fraud.trigger_dag_dbt-model_credit_fraud scheduled__2025-02-04T04:00:00+00:00 [queued]>
[2025-02-05T14:31:16.387+0000] {taskinstance.py:2076} INFO - Dependencies all met for dep_context=requeueable deps ti=<TaskInstance: dag_ingestion_daily-credit_fraud.trigger_dag_dbt-model_credit_fraud scheduled__2025-02-04T04:00:00+00:00 [queued]>
[2025-02-05T14:31:16.388+0000] {taskinstance.py:2306} INFO - Starting attempt 1 of 2
[2025-02-05T14:31:16.403+0000] {taskinstance.py:2330} INFO - Executing <Task(TriggerDagRunOperator): trigger_dag_dbt-model_credit_fraud> on 2025-02-04 04:00:00+00:00
[2025-02-05T14:31:16.408+0000] {standard_task_runner.py:63} INFO - Started process 193 to run task
[2025-02-05T14:31:16.411+0000] {standard_task_runner.py:90} INFO - Running: ['***', 'tasks', 'run', 'dag_ingestion_daily-credit_fraud', 'trigger_dag_dbt-model_credit_fraud', 'scheduled__2025-02-04T04:00:00+00:00', '--job-id', '9', '--raw', '--subdir', 'DAGS_FOLDER/dag_ingestion_daily-fraud_credit.py', '--cfg-path', '/tmp/tmpwcua5g35']
[2025-02-05T14:31:16.413+0000] {standard_task_runner.py:91} INFO - Job 9: Subtask trigger_dag_dbt-model_credit_fraud
[2025-02-05T14:31:16.469+0000] {task_command.py:426} INFO - Running <TaskInstance: dag_ingestion_daily-credit_fraud.trigger_dag_dbt-model_credit_fraud scheduled__2025-02-04T04:00:00+00:00 [running]> on host eb17fa5f9c23
[2025-02-05T14:31:16.561+0000] {taskinstance.py:2648} INFO - Exporting env vars: AIRFLOW_CTX_DAG_OWNER='***' AIRFLOW_CTX_DAG_ID='dag_ingestion_daily-credit_fraud' AIRFLOW_CTX_TASK_ID='trigger_dag_dbt-model_credit_fraud' AIRFLOW_CTX_EXECUTION_DATE='2025-02-04T04:00:00+00:00' AIRFLOW_CTX_TRY_NUMBER='1' AIRFLOW_CTX_DAG_RUN_ID='scheduled__2025-02-04T04:00:00+00:00'
[2025-02-05T14:31:16.564+0000] {taskinstance.py:430} INFO - ::endgroup::
[2025-02-05T14:31:16.651+0000] {taskinstance.py:441} INFO - ::group::Post task execution logs
[2025-02-05T14:31:16.661+0000] {taskinstance.py:1206} INFO - Marking task as SUCCESS. dag_id=dag_ingestion_daily-credit_fraud, task_id=trigger_dag_dbt-model_credit_fraud, run_id=scheduled__2025-02-04T04:00:00+00:00, execution_date=20250204T040000, start_date=20250205T143116, end_date=20250205T143116
[2025-02-05T14:31:16.678+0000] {local_task_job_runner.py:240} INFO - Task exited with return code 0
[2025-02-05T14:31:16.698+0000] {taskinstance.py:3498} INFO - 0 downstream tasks scheduled from follow-on schedule check
[2025-02-05T14:31:16.701+0000] {local_task_job_runner.py:222} INFO - ::endgroup::
[2025-02-05T14:56:39.881+0000] {local_task_job_runner.py:120} INFO - ::group::Pre task execution logs
[2025-02-05T14:56:39.896+0000] {taskinstance.py:2076} INFO - Dependencies all met for dep_context=non-requeueable deps ti=<TaskInstance: dag_ingestion_daily-credit_fraud.trigger_dag_dbt-model_credit_fraud scheduled__2025-02-04T04:00:00+00:00 [queued]>
[2025-02-05T14:56:39.903+0000] {taskinstance.py:2076} INFO - Dependencies all met for dep_context=requeueable deps ti=<TaskInstance: dag_ingestion_daily-credit_fraud.trigger_dag_dbt-model_credit_fraud scheduled__2025-02-04T04:00:00+00:00 [queued]>
[2025-02-05T14:56:39.904+0000] {taskinstance.py:2306} INFO - Starting attempt 1 of 2
[2025-02-05T14:56:39.919+0000] {taskinstance.py:2330} INFO - Executing <Task(TriggerDagRunOperator): trigger_dag_dbt-model_credit_fraud> on 2025-02-04 04:00:00+00:00
[2025-02-05T14:56:39.925+0000] {standard_task_runner.py:63} INFO - Started process 190 to run task
[2025-02-05T14:56:39.928+0000] {standard_task_runner.py:90} INFO - Running: ['***', 'tasks', 'run', 'dag_ingestion_daily-credit_fraud', 'trigger_dag_dbt-model_credit_fraud', 'scheduled__2025-02-04T04:00:00+00:00', '--job-id', '9', '--raw', '--subdir', 'DAGS_FOLDER/dag_ingestion_daily-fraud_credit.py', '--cfg-path', '/tmp/tmpqcm4ffsn']
[2025-02-05T14:56:39.930+0000] {standard_task_runner.py:91} INFO - Job 9: Subtask trigger_dag_dbt-model_credit_fraud
[2025-02-05T14:56:39.982+0000] {task_command.py:426} INFO - Running <TaskInstance: dag_ingestion_daily-credit_fraud.trigger_dag_dbt-model_credit_fraud scheduled__2025-02-04T04:00:00+00:00 [running]> on host 7c7f80fafcb7
[2025-02-05T14:56:40.056+0000] {taskinstance.py:2648} INFO - Exporting env vars: AIRFLOW_CTX_DAG_OWNER='***' AIRFLOW_CTX_DAG_ID='dag_ingestion_daily-credit_fraud' AIRFLOW_CTX_TASK_ID='trigger_dag_dbt-model_credit_fraud' AIRFLOW_CTX_EXECUTION_DATE='2025-02-04T04:00:00+00:00' AIRFLOW_CTX_TRY_NUMBER='1' AIRFLOW_CTX_DAG_RUN_ID='scheduled__2025-02-04T04:00:00+00:00'
[2025-02-05T14:56:40.058+0000] {taskinstance.py:430} INFO - ::endgroup::
[2025-02-05T14:56:40.140+0000] {taskinstance.py:441} INFO - ::group::Post task execution logs
[2025-02-05T14:56:40.150+0000] {taskinstance.py:1206} INFO - Marking task as SUCCESS. dag_id=dag_ingestion_daily-credit_fraud, task_id=trigger_dag_dbt-model_credit_fraud, run_id=scheduled__2025-02-04T04:00:00+00:00, execution_date=20250204T040000, start_date=20250205T145639, end_date=20250205T145640
[2025-02-05T14:56:40.192+0000] {local_task_job_runner.py:240} INFO - Task exited with return code 0
[2025-02-05T14:56:40.210+0000] {taskinstance.py:3498} INFO - 0 downstream tasks scheduled from follow-on schedule check
[2025-02-05T14:56:40.213+0000] {local_task_job_runner.py:222} INFO - ::endgroup::
[2025-02-05T15:08:13.945+0000] {local_task_job_runner.py:120} INFO - ::group::Pre task execution logs
[2025-02-05T15:08:13.961+0000] {taskinstance.py:2076} INFO - Dependencies all met for dep_context=non-requeueable deps ti=<TaskInstance: dag_ingestion_daily-credit_fraud.trigger_dag_dbt-model_credit_fraud scheduled__2025-02-04T04:00:00+00:00 [queued]>
[2025-02-05T15:08:13.970+0000] {taskinstance.py:2076} INFO - Dependencies all met for dep_context=requeueable deps ti=<TaskInstance: dag_ingestion_daily-credit_fraud.trigger_dag_dbt-model_credit_fraud scheduled__2025-02-04T04:00:00+00:00 [queued]>
[2025-02-05T15:08:13.971+0000] {taskinstance.py:2306} INFO - Starting attempt 1 of 2
[2025-02-05T15:08:13.984+0000] {taskinstance.py:2330} INFO - Executing <Task(TriggerDagRunOperator): trigger_dag_dbt-model_credit_fraud> on 2025-02-04 04:00:00+00:00
[2025-02-05T15:08:13.988+0000] {standard_task_runner.py:63} INFO - Started process 190 to run task
[2025-02-05T15:08:13.992+0000] {standard_task_runner.py:90} INFO - Running: ['***', 'tasks', 'run', 'dag_ingestion_daily-credit_fraud', 'trigger_dag_dbt-model_credit_fraud', 'scheduled__2025-02-04T04:00:00+00:00', '--job-id', '9', '--raw', '--subdir', 'DAGS_FOLDER/dag_ingestion_daily-fraud_credit.py', '--cfg-path', '/tmp/tmprk5gsg15']
[2025-02-05T15:08:13.994+0000] {standard_task_runner.py:91} INFO - Job 9: Subtask trigger_dag_dbt-model_credit_fraud
[2025-02-05T15:08:14.044+0000] {task_command.py:426} INFO - Running <TaskInstance: dag_ingestion_daily-credit_fraud.trigger_dag_dbt-model_credit_fraud scheduled__2025-02-04T04:00:00+00:00 [running]> on host 5c897c3a2254
[2025-02-05T15:08:14.127+0000] {taskinstance.py:2648} INFO - Exporting env vars: AIRFLOW_CTX_DAG_OWNER='***' AIRFLOW_CTX_DAG_ID='dag_ingestion_daily-credit_fraud' AIRFLOW_CTX_TASK_ID='trigger_dag_dbt-model_credit_fraud' AIRFLOW_CTX_EXECUTION_DATE='2025-02-04T04:00:00+00:00' AIRFLOW_CTX_TRY_NUMBER='1' AIRFLOW_CTX_DAG_RUN_ID='scheduled__2025-02-04T04:00:00+00:00'
[2025-02-05T15:08:14.130+0000] {taskinstance.py:430} INFO - ::endgroup::
[2025-02-05T15:08:14.231+0000] {taskinstance.py:441} INFO - ::group::Post task execution logs
[2025-02-05T15:08:14.245+0000] {taskinstance.py:1206} INFO - Marking task as SUCCESS. dag_id=dag_ingestion_daily-credit_fraud, task_id=trigger_dag_dbt-model_credit_fraud, run_id=scheduled__2025-02-04T04:00:00+00:00, execution_date=20250204T040000, start_date=20250205T150813, end_date=20250205T150814
[2025-02-05T15:08:14.302+0000] {local_task_job_runner.py:240} INFO - Task exited with return code 0
[2025-02-05T15:08:14.322+0000] {taskinstance.py:3498} INFO - 0 downstream tasks scheduled from follow-on schedule check
[2025-02-05T15:08:14.325+0000] {local_task_job_runner.py:222} INFO - ::endgroup::
[2025-02-05T16:46:20.908+0000] {local_task_job_runner.py:120} INFO - ::group::Pre task execution logs
[2025-02-05T16:46:20.936+0000] {taskinstance.py:2076} INFO - Dependencies all met for dep_context=non-requeueable deps ti=<TaskInstance: dag_ingestion_daily-credit_fraud.trigger_dag_dbt-model_credit_fraud scheduled__2025-02-04T04:00:00+00:00 [queued]>
[2025-02-05T16:46:20.955+0000] {taskinstance.py:2076} INFO - Dependencies all met for dep_context=requeueable deps ti=<TaskInstance: dag_ingestion_daily-credit_fraud.trigger_dag_dbt-model_credit_fraud scheduled__2025-02-04T04:00:00+00:00 [queued]>
[2025-02-05T16:46:20.956+0000] {taskinstance.py:2306} INFO - Starting attempt 1 of 2
[2025-02-05T16:46:20.984+0000] {taskinstance.py:2330} INFO - Executing <Task(TriggerDagRunOperator): trigger_dag_dbt-model_credit_fraud> on 2025-02-04 04:00:00+00:00
[2025-02-05T16:46:20.994+0000] {standard_task_runner.py:63} INFO - Started process 213 to run task
[2025-02-05T16:46:21.000+0000] {standard_task_runner.py:90} INFO - Running: ['***', 'tasks', 'run', 'dag_ingestion_daily-credit_fraud', 'trigger_dag_dbt-model_credit_fraud', 'scheduled__2025-02-04T04:00:00+00:00', '--job-id', '10', '--raw', '--subdir', 'DAGS_FOLDER/dag_ingestion_daily-fraud_credit.py', '--cfg-path', '/tmp/tmpd1p_sfuq']
[2025-02-05T16:46:21.003+0000] {standard_task_runner.py:91} INFO - Job 10: Subtask trigger_dag_dbt-model_credit_fraud
[2025-02-05T16:46:21.105+0000] {task_command.py:426} INFO - Running <TaskInstance: dag_ingestion_daily-credit_fraud.trigger_dag_dbt-model_credit_fraud scheduled__2025-02-04T04:00:00+00:00 [running]> on host 584eb3626689
[2025-02-05T16:46:21.308+0000] {taskinstance.py:2648} INFO - Exporting env vars: AIRFLOW_CTX_DAG_OWNER='***' AIRFLOW_CTX_DAG_ID='dag_ingestion_daily-credit_fraud' AIRFLOW_CTX_TASK_ID='trigger_dag_dbt-model_credit_fraud' AIRFLOW_CTX_EXECUTION_DATE='2025-02-04T04:00:00+00:00' AIRFLOW_CTX_TRY_NUMBER='1' AIRFLOW_CTX_DAG_RUN_ID='scheduled__2025-02-04T04:00:00+00:00'
[2025-02-05T16:46:21.312+0000] {taskinstance.py:430} INFO - ::endgroup::
[2025-02-05T16:46:21.516+0000] {taskinstance.py:441} INFO - ::group::Post task execution logs
[2025-02-05T16:46:21.533+0000] {taskinstance.py:1206} INFO - Marking task as SUCCESS. dag_id=dag_ingestion_daily-credit_fraud, task_id=trigger_dag_dbt-model_credit_fraud, run_id=scheduled__2025-02-04T04:00:00+00:00, execution_date=20250204T040000, start_date=20250205T164620, end_date=20250205T164621
[2025-02-05T16:46:21.590+0000] {local_task_job_runner.py:240} INFO - Task exited with return code 0
[2025-02-05T16:46:21.613+0000] {taskinstance.py:3498} INFO - 0 downstream tasks scheduled from follow-on schedule check
[2025-02-05T16:46:21.618+0000] {local_task_job_runner.py:222} INFO - ::endgroup::
