[2025-02-05T11:37:46.682+0000] {local_task_job_runner.py:120} INFO - ::group::Pre task execution logs
[2025-02-05T11:37:46.693+0000] {taskinstance.py:2076} INFO - Dependencies all met for dep_context=non-requeueable deps ti=<TaskInstance: dag_dbt-model_sales.model_sales.dim_loja_seed manual__2025-02-05T11:37:29+00:00 [queued]>
[2025-02-05T11:37:46.698+0000] {taskinstance.py:2076} INFO - Dependencies all met for dep_context=requeueable deps ti=<TaskInstance: dag_dbt-model_sales.model_sales.dim_loja_seed manual__2025-02-05T11:37:29+00:00 [queued]>
[2025-02-05T11:37:46.699+0000] {taskinstance.py:2306} INFO - Starting attempt 1 of 1
[2025-02-05T11:37:46.709+0000] {taskinstance.py:2330} INFO - Executing <Task(DbtSeedLocalOperator): model_sales.dim_loja_seed> on 2025-02-05 11:37:29+00:00
[2025-02-05T11:37:46.713+0000] {standard_task_runner.py:63} INFO - Started process 1651 to run task
[2025-02-05T11:37:46.716+0000] {standard_task_runner.py:90} INFO - Running: ['***', 'tasks', 'run', 'dag_dbt-model_sales', 'model_sales.dim_loja_seed', 'manual__2025-02-05T11:37:29+00:00', '--job-id', '44', '--raw', '--subdir', 'DAGS_FOLDER/dag_dbt-model_sales.py', '--cfg-path', '/tmp/tmpdd1r1lgh']
[2025-02-05T11:37:46.717+0000] {standard_task_runner.py:91} INFO - Job 44: Subtask model_sales.dim_loja_seed
[2025-02-05T11:37:46.755+0000] {task_command.py:426} INFO - Running <TaskInstance: dag_dbt-model_sales.model_sales.dim_loja_seed manual__2025-02-05T11:37:29+00:00 [running]> on host 98025f4a542d
[2025-02-05T11:37:46.815+0000] {taskinstance.py:2648} INFO - Exporting env vars: AIRFLOW_CTX_DAG_OWNER='***' AIRFLOW_CTX_DAG_ID='dag_dbt-model_sales' AIRFLOW_CTX_TASK_ID='model_sales.dim_loja_seed' AIRFLOW_CTX_EXECUTION_DATE='2025-02-05T11:37:29+00:00' AIRFLOW_CTX_TRY_NUMBER='1' AIRFLOW_CTX_DAG_RUN_ID='manual__2025-02-05T11:37:29+00:00'
[2025-02-05T11:37:46.817+0000] {taskinstance.py:430} INFO - ::endgroup::
[2025-02-05T11:37:48.402+0000] {local.py:220} INFO - dbtRunner is available. Using dbtRunner for invoking dbt.
[2025-02-05T11:37:48.403+0000] {local.py:436} INFO - Cloning project to writable temp directory /tmp/tmpm4eqwgbo from /usr/local/airflow/dags/dbt/localiza_dw
[2025-02-05T11:37:48.413+0000] {local.py:447} INFO - Partial parse is enabled and the latest partial parse file is /tmp/cosmos/dag_dbt-model_sales__model_sales/target/partial_parse.msgpack
[2025-02-05T11:37:48.418+0000] {config.py:348} INFO - Profile caching is enable.
[2025-02-05T11:37:48.424+0000] {base.py:84} INFO - Using connection ID '***' for task execution.
[2025-02-05T11:37:48.425+0000] {config.py:328} INFO - Profile found in cache using profile: /tmp/cosmos/profile/47873256e3df2d6067f929148b3671caee72f33396318ef25aae33418849eddf/profiles.yml.
[2025-02-05T11:37:48.426+0000] {local.py:408} INFO - Trying to run dbtRunner with:
 ['seed', '--vars', '{"PROD_1": P004,                                 "DATA_INICIO": 1999-01-01,                                 "DATA_FIM": 2025-02-05}', '--models', 'dim_loja', '--project-dir', '/tmp/tmpm4eqwgbo', '--profiles-dir', '/tmp/cosmos/profile/47873256e3df2d6067f929148b3671caee72f33396318ef25aae33418849eddf', '--profile', '***', '--target', 'prod']
 in /tmp/tmpm4eqwgbo
[2025-02-05T11:37:48.439+0000] {logging_mixin.py:188} INFO - 11:37:48  Running with dbt=1.6.1
[2025-02-05T11:37:48.523+0000] {logging_mixin.py:188} INFO - 11:37:48  Registered adapter: postgres=1.6.1
[2025-02-05T11:37:48.946+0000] {logging_mixin.py:188} INFO - 11:37:48  Found 4 models, 1 snapshot, 4 seeds, 5 tests, 3 sources, 0 exposures, 0 metrics, 349 macros, 0 groups, 0 semantic models
[2025-02-05T11:37:48.948+0000] {logging_mixin.py:188} INFO - 11:37:48
[2025-02-05T11:37:49.010+0000] {logging_mixin.py:188} INFO - 11:37:49  Concurrency: 1 threads (target='prod')
[2025-02-05T11:37:49.011+0000] {logging_mixin.py:188} INFO - 11:37:49
[2025-02-05T11:37:49.014+0000] {logging_mixin.py:188} INFO - 11:37:49  1 of 1 START seed file dm_sales.dim_loja ....................................... [RUN]
[2025-02-05T11:37:49.078+0000] {logging_mixin.py:188} INFO - 11:37:49  1 of 1 OK loaded seed file dm_sales.dim_loja ................................... [INSERT 10 in 0.06s]
[2025-02-05T11:37:49.088+0000] {logging_mixin.py:188} INFO - 11:37:49
[2025-02-05T11:37:49.089+0000] {logging_mixin.py:188} INFO - 11:37:49  Finished running 1 seed in 0 hours 0 minutes and 0.14 seconds (0.14s).
[2025-02-05T11:37:49.096+0000] {logging_mixin.py:188} INFO - 11:37:49
[2025-02-05T11:37:49.097+0000] {logging_mixin.py:188} INFO - 11:37:49  Completed successfully
[2025-02-05T11:37:49.099+0000] {logging_mixin.py:188} INFO - 11:37:49
[2025-02-05T11:37:49.100+0000] {logging_mixin.py:188} INFO - 11:37:49  Done. PASS=1 WARN=0 ERROR=0 SKIP=0 TOTAL=1
[2025-02-05T11:37:49.875+0000] {local.py:138} WARNING - Artifact schema version: https://schemas.getdbt.com/dbt/manifest/v10.json is above dbt-ol supported version 7. This might cause errors.
[2025-02-05T11:37:49.878+0000] {local.py:494} INFO - Inlets: []
[2025-02-05T11:37:49.880+0000] {local.py:495} INFO - Outlets: []
[2025-02-05T11:37:49.881+0000] {local.py:595} INFO - Assigning inlets/outlets without DatasetAlias
[2025-02-05T11:37:49.882+0000] {dag.py:3096} INFO - Sync 1 DAGs
[2025-02-05T11:37:49.893+0000] {dag.py:3954} INFO - Setting next_dagrun for dag_dbt-model_sales to None, run_after=None
[2025-02-05T11:37:49.926+0000] {taskinstance.py:441} INFO - ::group::Post task execution logs
[2025-02-05T11:37:49.934+0000] {taskinstance.py:1206} INFO - Marking task as SUCCESS. dag_id=dag_dbt-model_sales, task_id=model_sales.dim_loja_seed, run_id=manual__2025-02-05T11:37:29+00:00, execution_date=20250205T113729, start_date=20250205T113746, end_date=20250205T113749
[2025-02-05T11:37:49.962+0000] {local_task_job_runner.py:240} INFO - Task exited with return code 0
[2025-02-05T11:37:49.981+0000] {taskinstance.py:3498} INFO - 0 downstream tasks scheduled from follow-on schedule check
[2025-02-05T11:37:49.984+0000] {local_task_job_runner.py:222} INFO - ::endgroup::
