[2025-02-05T00:31:56.872+0000] {local_task_job_runner.py:120} INFO - ::group::Pre task execution logs
[2025-02-05T00:31:56.886+0000] {taskinstance.py:2076} INFO - Dependencies all met for dep_context=non-requeueable deps ti=<TaskInstance: dag_ingestion_daily-credit_fraud.trigger_dag_dbt-model_credit_fraud scheduled__2025-02-04T00:00:00+00:00 [queued]>
[2025-02-05T00:31:56.893+0000] {taskinstance.py:2076} INFO - Dependencies all met for dep_context=requeueable deps ti=<TaskInstance: dag_ingestion_daily-credit_fraud.trigger_dag_dbt-model_credit_fraud scheduled__2025-02-04T00:00:00+00:00 [queued]>
[2025-02-05T00:31:56.894+0000] {taskinstance.py:2306} INFO - Starting attempt 1 of 2
[2025-02-05T00:31:56.904+0000] {taskinstance.py:2330} INFO - Executing <Task(TriggerDagRunOperator): trigger_dag_dbt-model_credit_fraud> on 2025-02-04 00:00:00+00:00
[2025-02-05T00:31:56.908+0000] {standard_task_runner.py:63} INFO - Started process 1933 to run task
[2025-02-05T00:31:56.911+0000] {standard_task_runner.py:90} INFO - Running: ['***', 'tasks', 'run', 'dag_ingestion_daily-credit_fraud', 'trigger_dag_dbt-model_credit_fraud', 'scheduled__2025-02-04T00:00:00+00:00', '--job-id', '36', '--raw', '--subdir', 'DAGS_FOLDER/dag_ingestion_daily-fraud_credit.py', '--cfg-path', '/tmp/tmph2yj0me7']
[2025-02-05T00:31:56.912+0000] {standard_task_runner.py:91} INFO - Job 36: Subtask trigger_dag_dbt-model_credit_fraud
[2025-02-05T00:31:56.955+0000] {task_command.py:426} INFO - Running <TaskInstance: dag_ingestion_daily-credit_fraud.trigger_dag_dbt-model_credit_fraud scheduled__2025-02-04T00:00:00+00:00 [running]> on host eb20c43aeeb4
[2025-02-05T00:31:57.022+0000] {taskinstance.py:2648} INFO - Exporting env vars: AIRFLOW_CTX_DAG_OWNER='***' AIRFLOW_CTX_DAG_ID='dag_ingestion_daily-credit_fraud' AIRFLOW_CTX_TASK_ID='trigger_dag_dbt-model_credit_fraud' AIRFLOW_CTX_EXECUTION_DATE='2025-02-04T00:00:00+00:00' AIRFLOW_CTX_TRY_NUMBER='1' AIRFLOW_CTX_DAG_RUN_ID='scheduled__2025-02-04T00:00:00+00:00'
[2025-02-05T00:31:57.024+0000] {taskinstance.py:430} INFO - ::endgroup::
[2025-02-05T00:31:57.088+0000] {taskinstance.py:441} INFO - ::group::Post task execution logs
[2025-02-05T00:31:57.096+0000] {taskinstance.py:1206} INFO - Marking task as SUCCESS. dag_id=dag_ingestion_daily-credit_fraud, task_id=trigger_dag_dbt-model_credit_fraud, run_id=scheduled__2025-02-04T00:00:00+00:00, execution_date=20250204T000000, start_date=20250205T003156, end_date=20250205T003157
[2025-02-05T00:31:57.127+0000] {local_task_job_runner.py:240} INFO - Task exited with return code 0
[2025-02-05T00:31:57.141+0000] {taskinstance.py:3498} INFO - 0 downstream tasks scheduled from follow-on schedule check
[2025-02-05T00:31:57.144+0000] {local_task_job_runner.py:222} INFO - ::endgroup::
[2025-02-05T01:54:01.154+0000] {local_task_job_runner.py:120} INFO - ::group::Pre task execution logs
[2025-02-05T01:54:01.170+0000] {taskinstance.py:2076} INFO - Dependencies all met for dep_context=non-requeueable deps ti=<TaskInstance: dag_ingestion_daily-credit_fraud.trigger_dag_dbt-model_credit_fraud scheduled__2025-02-04T00:00:00+00:00 [queued]>
[2025-02-05T01:54:01.176+0000] {taskinstance.py:2076} INFO - Dependencies all met for dep_context=requeueable deps ti=<TaskInstance: dag_ingestion_daily-credit_fraud.trigger_dag_dbt-model_credit_fraud scheduled__2025-02-04T00:00:00+00:00 [queued]>
[2025-02-05T01:54:01.177+0000] {taskinstance.py:2306} INFO - Starting attempt 1 of 2
[2025-02-05T01:54:01.187+0000] {taskinstance.py:2330} INFO - Executing <Task(TriggerDagRunOperator): trigger_dag_dbt-model_credit_fraud> on 2025-02-04 00:00:00+00:00
[2025-02-05T01:54:01.191+0000] {standard_task_runner.py:63} INFO - Started process 111 to run task
[2025-02-05T01:54:01.194+0000] {standard_task_runner.py:90} INFO - Running: ['***', 'tasks', 'run', 'dag_ingestion_daily-credit_fraud', 'trigger_dag_dbt-model_credit_fraud', 'scheduled__2025-02-04T00:00:00+00:00', '--job-id', '6', '--raw', '--subdir', 'DAGS_FOLDER/dag_ingestion_daily-fraud_credit.py', '--cfg-path', '/tmp/tmpehqyx5h_']
[2025-02-05T01:54:01.195+0000] {standard_task_runner.py:91} INFO - Job 6: Subtask trigger_dag_dbt-model_credit_fraud
[2025-02-05T01:54:01.238+0000] {task_command.py:426} INFO - Running <TaskInstance: dag_ingestion_daily-credit_fraud.trigger_dag_dbt-model_credit_fraud scheduled__2025-02-04T00:00:00+00:00 [running]> on host e647bfd7b2d2
[2025-02-05T01:54:01.302+0000] {taskinstance.py:2648} INFO - Exporting env vars: AIRFLOW_CTX_DAG_OWNER='***' AIRFLOW_CTX_DAG_ID='dag_ingestion_daily-credit_fraud' AIRFLOW_CTX_TASK_ID='trigger_dag_dbt-model_credit_fraud' AIRFLOW_CTX_EXECUTION_DATE='2025-02-04T00:00:00+00:00' AIRFLOW_CTX_TRY_NUMBER='1' AIRFLOW_CTX_DAG_RUN_ID='scheduled__2025-02-04T00:00:00+00:00'
[2025-02-05T01:54:01.306+0000] {taskinstance.py:430} INFO - ::endgroup::
[2025-02-05T01:54:01.438+0000] {taskinstance.py:441} INFO - ::group::Post task execution logs
[2025-02-05T01:54:01.450+0000] {taskinstance.py:1206} INFO - Marking task as SUCCESS. dag_id=dag_ingestion_daily-credit_fraud, task_id=trigger_dag_dbt-model_credit_fraud, run_id=scheduled__2025-02-04T00:00:00+00:00, execution_date=20250204T000000, start_date=20250205T015401, end_date=20250205T015401
[2025-02-05T01:54:01.489+0000] {local_task_job_runner.py:240} INFO - Task exited with return code 0
[2025-02-05T01:54:01.517+0000] {taskinstance.py:3498} INFO - 0 downstream tasks scheduled from follow-on schedule check
[2025-02-05T01:54:01.520+0000] {local_task_job_runner.py:222} INFO - ::endgroup::
