[2025-02-05T00:32:06.973+0000] {local_task_job_runner.py:120} INFO - ::group::Pre task execution logs
[2025-02-05T00:32:06.985+0000] {taskinstance.py:2076} INFO - Dependencies all met for dep_context=non-requeueable deps ti=<TaskInstance: dag_dbt-model_credit_fraud.model_credit_fraud.ad_hoc_rnk_amount_run manual__2025-02-04T00:00:00+00:00 [queued]>
[2025-02-05T00:32:06.992+0000] {taskinstance.py:2076} INFO - Dependencies all met for dep_context=requeueable deps ti=<TaskInstance: dag_dbt-model_credit_fraud.model_credit_fraud.ad_hoc_rnk_amount_run manual__2025-02-04T00:00:00+00:00 [queued]>
[2025-02-05T00:32:06.993+0000] {taskinstance.py:2306} INFO - Starting attempt 1 of 1
[2025-02-05T00:32:07.002+0000] {taskinstance.py:2330} INFO - Executing <Task(DbtRunLocalOperator): model_credit_fraud.ad_hoc_rnk_amount_run> on 2025-02-04 00:00:00+00:00
[2025-02-05T00:32:07.006+0000] {standard_task_runner.py:63} INFO - Started process 1967 to run task
[2025-02-05T00:32:07.010+0000] {standard_task_runner.py:90} INFO - Running: ['***', 'tasks', 'run', 'dag_dbt-model_credit_fraud', 'model_credit_fraud.ad_hoc_rnk_amount_run', 'manual__2025-02-04T00:00:00+00:00', '--job-id', '38', '--raw', '--subdir', 'DAGS_FOLDER/dag_dbt-model_fraud_credit.py', '--cfg-path', '/tmp/tmpqtk4y6i0']
[2025-02-05T00:32:07.011+0000] {standard_task_runner.py:91} INFO - Job 38: Subtask model_credit_fraud.ad_hoc_rnk_amount_run
[2025-02-05T00:32:07.052+0000] {task_command.py:426} INFO - Running <TaskInstance: dag_dbt-model_credit_fraud.model_credit_fraud.ad_hoc_rnk_amount_run manual__2025-02-04T00:00:00+00:00 [running]> on host eb20c43aeeb4
[2025-02-05T00:32:07.110+0000] {taskinstance.py:2648} INFO - Exporting env vars: AIRFLOW_CTX_DAG_OWNER='***' AIRFLOW_CTX_DAG_ID='dag_dbt-model_credit_fraud' AIRFLOW_CTX_TASK_ID='model_credit_fraud.ad_hoc_rnk_amount_run' AIRFLOW_CTX_EXECUTION_DATE='2025-02-04T00:00:00+00:00' AIRFLOW_CTX_TRY_NUMBER='1' AIRFLOW_CTX_DAG_RUN_ID='manual__2025-02-04T00:00:00+00:00'
[2025-02-05T00:32:07.112+0000] {taskinstance.py:430} INFO - ::endgroup::
[2025-02-05T00:32:08.976+0000] {local.py:220} INFO - dbtRunner is available. Using dbtRunner for invoking dbt.
[2025-02-05T00:32:08.977+0000] {local.py:436} INFO - Cloning project to writable temp directory /tmp/tmp00dgospd from /usr/local/airflow/dags/dbt/localiza_dw
[2025-02-05T00:32:08.989+0000] {local.py:447} INFO - Partial parse is enabled and the latest partial parse file is /tmp/cosmos/dag_dbt-model_credit_fraud__model_credit_fraud/target/partial_parse.msgpack
[2025-02-05T00:32:08.995+0000] {config.py:348} INFO - Profile caching is enable.
[2025-02-05T00:32:09.002+0000] {base.py:84} INFO - Using connection ID '***' for task execution.
[2025-02-05T00:32:09.003+0000] {config.py:328} INFO - Profile found in cache using profile: /tmp/cosmos/profile/bdc35343eb23031ee554202b16407e794194afcc614f7ea62bc658c63495a211/profiles.yml.
[2025-02-05T00:32:09.004+0000] {local.py:408} INFO - Trying to run dbtRunner with:
 ['run', '--models', 'ad_hoc_rnk_amount', '--project-dir', '/tmp/tmp00dgospd', '--profiles-dir', '/tmp/cosmos/profile/bdc35343eb23031ee554202b16407e794194afcc614f7ea62bc658c63495a211', '--profile', '***', '--target', 'prod']
 in /tmp/tmp00dgospd
[2025-02-05T00:32:09.016+0000] {logging_mixin.py:188} INFO - 00:32:09  Running with dbt=1.6.1
[2025-02-05T00:32:09.090+0000] {logging_mixin.py:188} INFO - 00:32:09  Registered adapter: postgres=1.6.1
[2025-02-05T00:32:09.264+0000] {logging_mixin.py:188} INFO - 00:32:09  Found 3 models, 1 snapshot, 5 tests, 1 source, 0 exposures, 0 metrics, 349 macros, 0 groups, 0 semantic models
[2025-02-05T00:32:09.266+0000] {logging_mixin.py:188} INFO - 00:32:09
[2025-02-05T00:32:09.312+0000] {logging_mixin.py:188} INFO - 00:32:09  Concurrency: 1 threads (target='prod')
[2025-02-05T00:32:09.313+0000] {logging_mixin.py:188} INFO - 00:32:09
[2025-02-05T00:32:09.316+0000] {logging_mixin.py:188} INFO - 00:32:09  1 of 1 START sql table model dm_credit_operations.ad_hoc_rnk_amount ............ [RUN]
[2025-02-05T00:32:17.429+0000] {logging_mixin.py:188} INFO - 00:32:17  1 of 1 OK created sql table model dm_credit_operations.ad_hoc_rnk_amount ....... [SELECT 3 in 8.11s]
[2025-02-05T00:32:17.439+0000] {logging_mixin.py:188} INFO - 00:32:17
[2025-02-05T00:32:17.440+0000] {logging_mixin.py:188} INFO - 00:32:17  Finished running 1 table model in 0 hours 0 minutes and 8.17 seconds (8.17s).
[2025-02-05T00:32:17.448+0000] {logging_mixin.py:188} INFO - 00:32:17
[2025-02-05T00:32:17.449+0000] {logging_mixin.py:188} INFO - 00:32:17  Completed successfully
[2025-02-05T00:32:17.450+0000] {logging_mixin.py:188} INFO - 00:32:17
[2025-02-05T00:32:17.451+0000] {logging_mixin.py:188} INFO - 00:32:17  Done. PASS=1 WARN=0 ERROR=0 SKIP=0 TOTAL=1
[2025-02-05T00:32:18.188+0000] {local.py:138} WARNING - Artifact schema version: https://schemas.getdbt.com/dbt/manifest/v10.json is above dbt-ol supported version 7. This might cause errors.
[2025-02-05T00:32:18.216+0000] {local.py:494} INFO - Inlets: [Dataset(uri='postgres://postgres-db:5432/localiza_dw.dm_credit_operations.stg_credit_fraud', extra=None)]
[2025-02-05T00:32:18.217+0000] {local.py:495} INFO - Outlets: [Dataset(uri='postgres://postgres-db:5432/localiza_dw.dm_credit_operations.ad_hoc_rnk_amount', extra=None)]
[2025-02-05T00:32:18.218+0000] {local.py:595} INFO - Assigning inlets/outlets without DatasetAlias
[2025-02-05T00:32:18.218+0000] {dag.py:3096} INFO - Sync 1 DAGs
[2025-02-05T00:32:18.229+0000] {dag.py:3954} INFO - Setting next_dagrun for dag_dbt-model_credit_fraud to None, run_after=None
[2025-02-05T00:32:18.250+0000] {taskinstance.py:441} INFO - ::group::Post task execution logs
[2025-02-05T00:32:18.272+0000] {taskinstance.py:1206} INFO - Marking task as SUCCESS. dag_id=dag_dbt-model_credit_fraud, task_id=model_credit_fraud.ad_hoc_rnk_amount_run, run_id=manual__2025-02-04T00:00:00+00:00, execution_date=20250204T000000, start_date=20250205T003206, end_date=20250205T003218
[2025-02-05T00:32:18.297+0000] {local_task_job_runner.py:240} INFO - Task exited with return code 0
[2025-02-05T00:32:18.313+0000] {taskinstance.py:3498} INFO - 0 downstream tasks scheduled from follow-on schedule check
[2025-02-05T00:32:18.316+0000] {local_task_job_runner.py:222} INFO - ::endgroup::
[2025-02-05T01:55:16.501+0000] {local_task_job_runner.py:120} INFO - ::group::Pre task execution logs
[2025-02-05T01:55:16.517+0000] {taskinstance.py:2076} INFO - Dependencies all met for dep_context=non-requeueable deps ti=<TaskInstance: dag_dbt-model_credit_fraud.model_credit_fraud.ad_hoc_rnk_amount_run manual__2025-02-04T00:00:00+00:00 [queued]>
[2025-02-05T01:55:16.524+0000] {taskinstance.py:2076} INFO - Dependencies all met for dep_context=requeueable deps ti=<TaskInstance: dag_dbt-model_credit_fraud.model_credit_fraud.ad_hoc_rnk_amount_run manual__2025-02-04T00:00:00+00:00 [queued]>
[2025-02-05T01:55:16.525+0000] {taskinstance.py:2306} INFO - Starting attempt 1 of 1
[2025-02-05T01:55:16.535+0000] {taskinstance.py:2330} INFO - Executing <Task(DbtRunLocalOperator): model_credit_fraud.ad_hoc_rnk_amount_run> on 2025-02-04 00:00:00+00:00
[2025-02-05T01:55:16.539+0000] {standard_task_runner.py:63} INFO - Started process 166 to run task
[2025-02-05T01:55:16.543+0000] {standard_task_runner.py:90} INFO - Running: ['***', 'tasks', 'run', 'dag_dbt-model_credit_fraud', 'model_credit_fraud.ad_hoc_rnk_amount_run', 'manual__2025-02-04T00:00:00+00:00', '--job-id', '8', '--raw', '--subdir', 'DAGS_FOLDER/dag_dbt-model_fraud_credit.py', '--cfg-path', '/tmp/tmpi52zfaan']
[2025-02-05T01:55:16.544+0000] {standard_task_runner.py:91} INFO - Job 8: Subtask model_credit_fraud.ad_hoc_rnk_amount_run
[2025-02-05T01:55:16.595+0000] {task_command.py:426} INFO - Running <TaskInstance: dag_dbt-model_credit_fraud.model_credit_fraud.ad_hoc_rnk_amount_run manual__2025-02-04T00:00:00+00:00 [running]> on host e647bfd7b2d2
[2025-02-05T01:55:16.661+0000] {taskinstance.py:2648} INFO - Exporting env vars: AIRFLOW_CTX_DAG_OWNER='***' AIRFLOW_CTX_DAG_ID='dag_dbt-model_credit_fraud' AIRFLOW_CTX_TASK_ID='model_credit_fraud.ad_hoc_rnk_amount_run' AIRFLOW_CTX_EXECUTION_DATE='2025-02-04T00:00:00+00:00' AIRFLOW_CTX_TRY_NUMBER='1' AIRFLOW_CTX_DAG_RUN_ID='manual__2025-02-04T00:00:00+00:00'
[2025-02-05T01:55:16.662+0000] {taskinstance.py:430} INFO - ::endgroup::
[2025-02-05T01:55:18.316+0000] {local.py:220} INFO - dbtRunner is available. Using dbtRunner for invoking dbt.
[2025-02-05T01:55:18.318+0000] {local.py:436} INFO - Cloning project to writable temp directory /tmp/tmpgr8hrbic from /usr/local/airflow/dags/dbt/localiza_dw
[2025-02-05T01:55:18.323+0000] {local.py:447} INFO - Partial parse is enabled and the latest partial parse file is /tmp/cosmos/dag_dbt-model_credit_fraud__model_credit_fraud/target/partial_parse.msgpack
[2025-02-05T01:55:18.330+0000] {config.py:348} INFO - Profile caching is enable.
[2025-02-05T01:55:18.337+0000] {base.py:84} INFO - Using connection ID '***' for task execution.
[2025-02-05T01:55:18.340+0000] {config.py:328} INFO - Profile found in cache using profile: /tmp/cosmos/profile/bdc35343eb23031ee554202b16407e794194afcc614f7ea62bc658c63495a211/profiles.yml.
[2025-02-05T01:55:18.341+0000] {local.py:408} INFO - Trying to run dbtRunner with:
 ['run', '--models', 'ad_hoc_rnk_amount', '--project-dir', '/tmp/tmpgr8hrbic', '--profiles-dir', '/tmp/cosmos/profile/bdc35343eb23031ee554202b16407e794194afcc614f7ea62bc658c63495a211', '--profile', '***', '--target', 'prod']
 in /tmp/tmpgr8hrbic
[2025-02-05T01:55:18.359+0000] {logging_mixin.py:188} INFO - 01:55:18  Running with dbt=1.6.1
[2025-02-05T01:55:18.506+0000] {logging_mixin.py:188} INFO - 01:55:18  Registered adapter: postgres=1.6.1
[2025-02-05T01:55:19.001+0000] {logging_mixin.py:188} INFO - 01:55:19  Found 3 models, 1 snapshot, 5 tests, 1 source, 0 exposures, 0 metrics, 349 macros, 0 groups, 0 semantic models
[2025-02-05T01:55:19.005+0000] {logging_mixin.py:188} INFO - 01:55:19
[2025-02-05T01:55:19.079+0000] {logging_mixin.py:188} INFO - 01:55:19  Concurrency: 1 threads (target='prod')
[2025-02-05T01:55:19.080+0000] {logging_mixin.py:188} INFO - 01:55:19
[2025-02-05T01:55:19.084+0000] {logging_mixin.py:188} INFO - 01:55:19  1 of 1 START sql table model dm_credit_operations.ad_hoc_rnk_amount ............ [RUN]
[2025-02-05T01:55:30.424+0000] {logging_mixin.py:188} INFO - 01:55:30  1 of 1 OK created sql table model dm_credit_operations.ad_hoc_rnk_amount ....... [SELECT 3 in 11.34s]
[2025-02-05T01:55:30.439+0000] {logging_mixin.py:188} INFO - 01:55:30
[2025-02-05T01:55:30.440+0000] {logging_mixin.py:188} INFO - 01:55:30  Finished running 1 table model in 0 hours 0 minutes and 11.43 seconds (11.43s).
[2025-02-05T01:55:30.452+0000] {logging_mixin.py:188} INFO - 01:55:30
[2025-02-05T01:55:30.453+0000] {logging_mixin.py:188} INFO - 01:55:30  Completed successfully
[2025-02-05T01:55:30.453+0000] {logging_mixin.py:188} INFO - 01:55:30
[2025-02-05T01:55:30.455+0000] {logging_mixin.py:188} INFO - 01:55:30  Done. PASS=1 WARN=0 ERROR=0 SKIP=0 TOTAL=1
[2025-02-05T01:55:31.201+0000] {local.py:138} WARNING - Artifact schema version: https://schemas.getdbt.com/dbt/manifest/v10.json is above dbt-ol supported version 7. This might cause errors.
[2025-02-05T01:55:31.258+0000] {local.py:494} INFO - Inlets: [Dataset(uri='postgres://postgres-db:5432/localiza_dw.dm_credit_operations.stg_credit_fraud', extra=None)]
[2025-02-05T01:55:31.259+0000] {local.py:495} INFO - Outlets: [Dataset(uri='postgres://postgres-db:5432/localiza_dw.dm_credit_operations.ad_hoc_rnk_amount', extra=None)]
[2025-02-05T01:55:31.259+0000] {local.py:595} INFO - Assigning inlets/outlets without DatasetAlias
[2025-02-05T01:55:31.260+0000] {dag.py:3096} INFO - Sync 1 DAGs
[2025-02-05T01:55:31.278+0000] {dag.py:3954} INFO - Setting next_dagrun for dag_dbt-model_credit_fraud to None, run_after=None
[2025-02-05T01:55:31.323+0000] {taskinstance.py:441} INFO - ::group::Post task execution logs
[2025-02-05T01:55:31.377+0000] {taskinstance.py:1206} INFO - Marking task as SUCCESS. dag_id=dag_dbt-model_credit_fraud, task_id=model_credit_fraud.ad_hoc_rnk_amount_run, run_id=manual__2025-02-04T00:00:00+00:00, execution_date=20250204T000000, start_date=20250205T015516, end_date=20250205T015531
[2025-02-05T01:55:31.431+0000] {local_task_job_runner.py:240} INFO - Task exited with return code 0
[2025-02-05T01:55:31.469+0000] {taskinstance.py:3498} INFO - 0 downstream tasks scheduled from follow-on schedule check
[2025-02-05T01:55:31.472+0000] {local_task_job_runner.py:222} INFO - ::endgroup::
[2025-02-05T14:06:25.872+0000] {local_task_job_runner.py:120} INFO - ::group::Pre task execution logs
[2025-02-05T14:06:25.909+0000] {taskinstance.py:2076} INFO - Dependencies all met for dep_context=non-requeueable deps ti=<TaskInstance: dag_dbt-model_credit_fraud.model_credit_fraud.ad_hoc_rnk_amount_run manual__2025-02-04T00:00:00+00:00 [queued]>
[2025-02-05T14:06:25.939+0000] {taskinstance.py:2076} INFO - Dependencies all met for dep_context=requeueable deps ti=<TaskInstance: dag_dbt-model_credit_fraud.model_credit_fraud.ad_hoc_rnk_amount_run manual__2025-02-04T00:00:00+00:00 [queued]>
[2025-02-05T14:06:25.941+0000] {taskinstance.py:2306} INFO - Starting attempt 1 of 1
[2025-02-05T14:06:25.971+0000] {taskinstance.py:2330} INFO - Executing <Task(DbtRunLocalOperator): model_credit_fraud.ad_hoc_rnk_amount_run> on 2025-02-04 00:00:00+00:00
[2025-02-05T14:06:25.982+0000] {standard_task_runner.py:63} INFO - Started process 4639 to run task
[2025-02-05T14:06:25.988+0000] {standard_task_runner.py:90} INFO - Running: ['***', 'tasks', 'run', 'dag_dbt-model_credit_fraud', 'model_credit_fraud.ad_hoc_rnk_amount_run', 'manual__2025-02-04T00:00:00+00:00', '--job-id', '136', '--raw', '--subdir', 'DAGS_FOLDER/dag_dbt-model_fraud_credit.py', '--cfg-path', '/tmp/tmpm07e4rpj']
[2025-02-05T14:06:25.991+0000] {standard_task_runner.py:91} INFO - Job 136: Subtask model_credit_fraud.ad_hoc_rnk_amount_run
[2025-02-05T14:06:26.092+0000] {task_command.py:426} INFO - Running <TaskInstance: dag_dbt-model_credit_fraud.model_credit_fraud.ad_hoc_rnk_amount_run manual__2025-02-04T00:00:00+00:00 [running]> on host 98025f4a542d
[2025-02-05T14:06:26.266+0000] {taskinstance.py:2648} INFO - Exporting env vars: AIRFLOW_CTX_DAG_OWNER='***' AIRFLOW_CTX_DAG_ID='dag_dbt-model_credit_fraud' AIRFLOW_CTX_TASK_ID='model_credit_fraud.ad_hoc_rnk_amount_run' AIRFLOW_CTX_EXECUTION_DATE='2025-02-04T00:00:00+00:00' AIRFLOW_CTX_TRY_NUMBER='1' AIRFLOW_CTX_DAG_RUN_ID='manual__2025-02-04T00:00:00+00:00'
[2025-02-05T14:06:26.269+0000] {taskinstance.py:430} INFO - ::endgroup::
[2025-02-05T14:06:30.897+0000] {local.py:220} INFO - dbtRunner is available. Using dbtRunner for invoking dbt.
[2025-02-05T14:06:30.899+0000] {local.py:436} INFO - Cloning project to writable temp directory /tmp/tmpzser_u8g from /usr/local/airflow/dags/dbt/localiza_dw
[2025-02-05T14:06:30.914+0000] {local.py:447} INFO - Partial parse is enabled and the latest partial parse file is /tmp/cosmos/dag_dbt-model_credit_fraud__model_credit_fraud/target/partial_parse.msgpack
[2025-02-05T14:06:30.926+0000] {config.py:348} INFO - Profile caching is enable.
[2025-02-05T14:06:30.947+0000] {base.py:84} INFO - Using connection ID '***' for task execution.
[2025-02-05T14:06:30.949+0000] {config.py:328} INFO - Profile found in cache using profile: /tmp/cosmos/profile/bdc35343eb23031ee554202b16407e794194afcc614f7ea62bc658c63495a211/profiles.yml.
[2025-02-05T14:06:30.950+0000] {local.py:408} INFO - Trying to run dbtRunner with:
 ['run', '--models', 'ad_hoc_rnk_amount', '--project-dir', '/tmp/tmpzser_u8g', '--profiles-dir', '/tmp/cosmos/profile/bdc35343eb23031ee554202b16407e794194afcc614f7ea62bc658c63495a211', '--profile', '***', '--target', 'prod']
 in /tmp/tmpzser_u8g
[2025-02-05T14:06:30.987+0000] {logging_mixin.py:188} INFO - 14:06:30  Running with dbt=1.6.1
[2025-02-05T14:06:31.179+0000] {logging_mixin.py:188} INFO - 14:06:31  Registered adapter: postgres=1.6.1
[2025-02-05T14:06:32.214+0000] {logging_mixin.py:188} INFO - 14:06:32  Found 4 models, 1 snapshot, 4 seeds, 5 tests, 3 sources, 0 exposures, 0 metrics, 349 macros, 0 groups, 0 semantic models
[2025-02-05T14:06:32.220+0000] {logging_mixin.py:188} INFO - 14:06:32
[2025-02-05T14:06:32.377+0000] {logging_mixin.py:188} INFO - 14:06:32  Concurrency: 1 threads (target='prod')
[2025-02-05T14:06:32.382+0000] {logging_mixin.py:188} INFO - 14:06:32
[2025-02-05T14:06:32.393+0000] {logging_mixin.py:188} INFO - 14:06:32  1 of 1 START sql table model dm_credit_operations.ad_hoc_rnk_amount ............ [RUN]
[2025-02-05T14:06:48.232+0000] {logging_mixin.py:188} INFO - 14:06:48  1 of 1 OK created sql table model dm_credit_operations.ad_hoc_rnk_amount ....... [SELECT 3 in 15.84s]
[2025-02-05T14:06:48.259+0000] {logging_mixin.py:188} INFO - 14:06:48
[2025-02-05T14:06:48.261+0000] {logging_mixin.py:188} INFO - 14:06:48  Finished running 1 table model in 0 hours 0 minutes and 16.04 seconds (16.04s).
[2025-02-05T14:06:48.286+0000] {logging_mixin.py:188} INFO - 14:06:48
[2025-02-05T14:06:48.288+0000] {logging_mixin.py:188} INFO - 14:06:48  Completed successfully
[2025-02-05T14:06:48.289+0000] {logging_mixin.py:188} INFO - 14:06:48
[2025-02-05T14:06:48.291+0000] {logging_mixin.py:188} INFO - 14:06:48  Done. PASS=1 WARN=0 ERROR=0 SKIP=0 TOTAL=1
[2025-02-05T14:06:49.069+0000] {local.py:138} WARNING - Artifact schema version: https://schemas.getdbt.com/dbt/manifest/v10.json is above dbt-ol supported version 7. This might cause errors.
[2025-02-05T14:06:49.150+0000] {local.py:494} INFO - Inlets: [Dataset(uri='postgres://postgres-db:5432/localiza_dw.dm_credit_operations.stg_credit_fraud', extra=None)]
[2025-02-05T14:06:49.151+0000] {local.py:495} INFO - Outlets: [Dataset(uri='postgres://postgres-db:5432/localiza_dw.dm_credit_operations.ad_hoc_rnk_amount', extra=None)]
[2025-02-05T14:06:49.152+0000] {local.py:595} INFO - Assigning inlets/outlets without DatasetAlias
[2025-02-05T14:06:49.154+0000] {dag.py:3096} INFO - Sync 1 DAGs
[2025-02-05T14:06:49.179+0000] {dag.py:3954} INFO - Setting next_dagrun for dag_dbt-model_credit_fraud to None, run_after=None
[2025-02-05T14:06:49.225+0000] {taskinstance.py:441} INFO - ::group::Post task execution logs
[2025-02-05T14:06:49.267+0000] {taskinstance.py:1206} INFO - Marking task as SUCCESS. dag_id=dag_dbt-model_credit_fraud, task_id=model_credit_fraud.ad_hoc_rnk_amount_run, run_id=manual__2025-02-04T00:00:00+00:00, execution_date=20250204T000000, start_date=20250205T140625, end_date=20250205T140649
[2025-02-05T14:06:49.318+0000] {local_task_job_runner.py:240} INFO - Task exited with return code 0
[2025-02-05T14:06:49.348+0000] {taskinstance.py:3498} INFO - 0 downstream tasks scheduled from follow-on schedule check
[2025-02-05T14:06:49.352+0000] {local_task_job_runner.py:222} INFO - ::endgroup::
[2025-02-05T14:31:33.609+0000] {local_task_job_runner.py:120} INFO - ::group::Pre task execution logs
[2025-02-05T14:31:33.626+0000] {taskinstance.py:2076} INFO - Dependencies all met for dep_context=non-requeueable deps ti=<TaskInstance: dag_dbt-model_credit_fraud.model_credit_fraud.ad_hoc_rnk_amount_run manual__2025-02-04T00:00:00+00:00 [queued]>
[2025-02-05T14:31:33.637+0000] {taskinstance.py:2076} INFO - Dependencies all met for dep_context=requeueable deps ti=<TaskInstance: dag_dbt-model_credit_fraud.model_credit_fraud.ad_hoc_rnk_amount_run manual__2025-02-04T00:00:00+00:00 [queued]>
[2025-02-05T14:31:33.638+0000] {taskinstance.py:2306} INFO - Starting attempt 1 of 1
[2025-02-05T14:31:33.652+0000] {taskinstance.py:2330} INFO - Executing <Task(DbtRunLocalOperator): model_credit_fraud.ad_hoc_rnk_amount_run> on 2025-02-04 00:00:00+00:00
[2025-02-05T14:31:33.659+0000] {standard_task_runner.py:63} INFO - Started process 221 to run task
[2025-02-05T14:31:33.662+0000] {standard_task_runner.py:90} INFO - Running: ['***', 'tasks', 'run', 'dag_dbt-model_credit_fraud', 'model_credit_fraud.ad_hoc_rnk_amount_run', 'manual__2025-02-04T00:00:00+00:00', '--job-id', '11', '--raw', '--subdir', 'DAGS_FOLDER/dag_dbt-model_fraud_credit.py', '--cfg-path', '/tmp/tmpav335xnc']
[2025-02-05T14:31:33.663+0000] {standard_task_runner.py:91} INFO - Job 11: Subtask model_credit_fraud.ad_hoc_rnk_amount_run
[2025-02-05T14:31:33.727+0000] {task_command.py:426} INFO - Running <TaskInstance: dag_dbt-model_credit_fraud.model_credit_fraud.ad_hoc_rnk_amount_run manual__2025-02-04T00:00:00+00:00 [running]> on host eb17fa5f9c23
[2025-02-05T14:31:33.823+0000] {taskinstance.py:2648} INFO - Exporting env vars: AIRFLOW_CTX_DAG_OWNER='***' AIRFLOW_CTX_DAG_ID='dag_dbt-model_credit_fraud' AIRFLOW_CTX_TASK_ID='model_credit_fraud.ad_hoc_rnk_amount_run' AIRFLOW_CTX_EXECUTION_DATE='2025-02-04T00:00:00+00:00' AIRFLOW_CTX_TRY_NUMBER='1' AIRFLOW_CTX_DAG_RUN_ID='manual__2025-02-04T00:00:00+00:00'
[2025-02-05T14:31:33.826+0000] {taskinstance.py:430} INFO - ::endgroup::
[2025-02-05T14:31:34.792+0000] {local.py:220} INFO - dbtRunner is available. Using dbtRunner for invoking dbt.
[2025-02-05T14:31:34.794+0000] {local.py:436} INFO - Cloning project to writable temp directory /tmp/tmpoy17p7e3 from /usr/local/airflow/dags/dbt/localiza_dw
[2025-02-05T14:31:34.802+0000] {local.py:447} INFO - Partial parse is enabled and the latest partial parse file is /usr/local/airflow/dags/dbt/localiza_dw/target/partial_parse.msgpack
[2025-02-05T14:31:34.884+0000] {config.py:348} INFO - Profile caching is enable.
[2025-02-05T14:31:34.895+0000] {base.py:84} INFO - Using connection ID '***' for task execution.
[2025-02-05T14:31:34.896+0000] {base.py:244} INFO - Using real values for profile ***
[2025-02-05T14:31:34.898+0000] {config.py:335} INFO - Profile not found in cache storing and using profile: /tmp/cosmos/profile/bdc35343eb23031ee554202b16407e794194afcc614f7ea62bc658c63495a211/profiles.yml.
[2025-02-05T14:31:34.899+0000] {local.py:408} INFO - Trying to run dbtRunner with:
 ['run', '--models', 'ad_hoc_rnk_amount', '--project-dir', '/tmp/tmpoy17p7e3', '--profiles-dir', '/tmp/cosmos/profile/bdc35343eb23031ee554202b16407e794194afcc614f7ea62bc658c63495a211', '--profile', '***', '--target', 'prod']
 in /tmp/tmpoy17p7e3
[2025-02-05T14:31:34.921+0000] {logging_mixin.py:188} INFO - 14:31:34  Running with dbt=1.6.1
[2025-02-05T14:31:35.055+0000] {logging_mixin.py:188} INFO - 14:31:35  Registered adapter: postgres=1.6.1
[2025-02-05T14:31:35.086+0000] {logging_mixin.py:188} INFO - 14:31:35  Unable to do partial parsing because of a version mismatch
[2025-02-05T14:31:36.687+0000] {logging_mixin.py:188} INFO - 14:31:36  Found 4 models, 1 snapshot, 4 seeds, 5 tests, 3 sources, 0 exposures, 0 metrics, 349 macros, 0 groups, 0 semantic models
[2025-02-05T14:31:36.691+0000] {logging_mixin.py:188} INFO - 14:31:36
[2025-02-05T14:31:36.786+0000] {logging_mixin.py:188} INFO - 14:31:36  Concurrency: 1 threads (target='prod')
[2025-02-05T14:31:36.788+0000] {logging_mixin.py:188} INFO - 14:31:36
[2025-02-05T14:31:36.793+0000] {logging_mixin.py:188} INFO - 14:31:36  1 of 1 START sql table model dm_credit_operations.ad_hoc_rnk_amount ............ [RUN]
[2025-02-05T14:31:36.869+0000] {logging_mixin.py:188} INFO - 14:31:36  1 of 1 ERROR creating sql table model dm_credit_operations.ad_hoc_rnk_amount ... [ERROR in 0.07s]
[2025-02-05T14:31:36.884+0000] {logging_mixin.py:188} INFO - 14:31:36
[2025-02-05T14:31:36.886+0000] {logging_mixin.py:188} INFO - 14:31:36  Finished running 1 table model in 0 hours 0 minutes and 0.19 seconds (0.19s).
[2025-02-05T14:31:36.898+0000] {logging_mixin.py:188} INFO - 14:31:36
[2025-02-05T14:31:36.899+0000] {logging_mixin.py:188} INFO - 14:31:36  Completed with 1 error and 0 warnings:
[2025-02-05T14:31:36.900+0000] {logging_mixin.py:188} INFO - 14:31:36
[2025-02-05T14:31:36.901+0000] {logging_mixin.py:188} INFO - 14:31:36  Database Error in model ad_hoc_rnk_amount (models/marts/credit_fraud/ad_hoc_rnk_amount.sql)
[2025-02-05T14:31:36.902+0000] {logging_mixin.py:188} INFO - 14:31:36    relation "dm_credit_operations.stg_credit_fraud" does not exist
[2025-02-05T14:31:36.903+0000] {logging_mixin.py:188} INFO - 14:31:36    LINE 19:         "***"."dm_credit_operations"."stg_credit_fra...
[2025-02-05T14:31:36.903+0000] {logging_mixin.py:188} INFO - 14:31:36                     ^
[2025-02-05T14:31:36.904+0000] {logging_mixin.py:188} INFO - 14:31:36    compiled Code at target/run/***/models/marts/credit_fraud/ad_hoc_rnk_amount.sql
[2025-02-05T14:31:36.906+0000] {logging_mixin.py:188} INFO - 14:31:36
[2025-02-05T14:31:36.907+0000] {logging_mixin.py:188} INFO - 14:31:36  Done. PASS=0 WARN=0 ERROR=1 SKIP=0 TOTAL=1
[2025-02-05T14:31:37.663+0000] {local.py:138} WARNING - Artifact schema version: https://schemas.getdbt.com/dbt/manifest/v10.json is above dbt-ol supported version 7. This might cause errors.
[2025-02-05T14:31:37.668+0000] {local.py:494} INFO - Inlets: []
[2025-02-05T14:31:37.669+0000] {local.py:495} INFO - Outlets: []
[2025-02-05T14:31:37.670+0000] {local.py:595} INFO - Assigning inlets/outlets without DatasetAlias
[2025-02-05T14:31:37.671+0000] {dag.py:3096} INFO - Sync 1 DAGs
[2025-02-05T14:31:37.692+0000] {dag.py:3954} INFO - Setting next_dagrun for dag_dbt-model_credit_fraud to None, run_after=None
[2025-02-05T14:31:37.731+0000] {taskinstance.py:441} INFO - ::group::Post task execution logs
[2025-02-05T14:31:37.747+0000] {taskinstance.py:2905} ERROR - Task failed with exception
Traceback (most recent call last):
  File "/usr/local/lib/python3.11/site-packages/airflow/models/taskinstance.py", line 465, in _execute_task
    result = _execute_callable(context=context, **execute_callable_kwargs)
             ^^^^^^^^^^^^^^^^^^^^^^^^^^^^^^^^^^^^^^^^^^^^^^^^^^^^^^^^^^^^^
  File "/usr/local/lib/python3.11/site-packages/airflow/models/taskinstance.py", line 432, in _execute_callable
    return execute_callable(context=context, **execute_callable_kwargs)
           ^^^^^^^^^^^^^^^^^^^^^^^^^^^^^^^^^^^^^^^^^^^^^^^^^^^^^^^^^^^^
  File "/usr/local/lib/python3.11/site-packages/airflow/models/baseoperator.py", line 400, in wrapper
    return func(self, *args, **kwargs)
           ^^^^^^^^^^^^^^^^^^^^^^^^^^^
  File "/usr/local/lib/python3.11/site-packages/cosmos/operators/base.py", line 268, in execute
    self.build_and_run_cmd(context=context, cmd_flags=self.add_cmd_flags())
  File "/usr/local/lib/python3.11/site-packages/cosmos/operators/local.py", line 654, in build_and_run_cmd
    result = self.run_command(cmd=dbt_cmd, env=env, context=context)
             ^^^^^^^^^^^^^^^^^^^^^^^^^^^^^^^^^^^^^^^^^^^^^^^^^^^^^^^
  File "/usr/local/lib/python3.11/site-packages/cosmos/operators/local.py", line 509, in run_command
    self.handle_exception(result)
  File "/usr/local/lib/python3.11/site-packages/cosmos/operators/local.py", line 237, in handle_exception_dbt_runner
    raise AirflowException(f"dbt invocation completed with errors: {error_message}")
airflow.exceptions.AirflowException: dbt invocation completed with errors: ad_hoc_rnk_amount: Database Error in model ad_hoc_rnk_amount (models/marts/credit_fraud/ad_hoc_rnk_amount.sql)
  relation "dm_credit_operations.stg_credit_fraud" does not exist
  LINE 19:         "***"."dm_credit_operations"."stg_credit_fra...
                   ^
  compiled Code at target/run/***/models/marts/credit_fraud/ad_hoc_rnk_amount.sql
[2025-02-05T14:31:37.753+0000] {taskinstance.py:1206} INFO - Marking task as FAILED. dag_id=dag_dbt-model_credit_fraud, task_id=model_credit_fraud.ad_hoc_rnk_amount_run, run_id=manual__2025-02-04T00:00:00+00:00, execution_date=20250204T000000, start_date=20250205T143133, end_date=20250205T143137
[2025-02-05T14:31:37.772+0000] {standard_task_runner.py:110} ERROR - Failed to execute job 11 for task model_credit_fraud.ad_hoc_rnk_amount_run (dbt invocation completed with errors: ad_hoc_rnk_amount: Database Error in model ad_hoc_rnk_amount (models/marts/credit_fraud/ad_hoc_rnk_amount.sql)
  relation "dm_credit_operations.stg_credit_fraud" does not exist
  LINE 19:         "***"."dm_credit_operations"."stg_credit_fra...
                   ^
  compiled Code at target/run/***/models/marts/credit_fraud/ad_hoc_rnk_amount.sql; 221)
[2025-02-05T14:31:38.577+0000] {local_task_job_runner.py:240} INFO - Task exited with return code 1
[2025-02-05T14:31:38.600+0000] {taskinstance.py:3498} INFO - 0 downstream tasks scheduled from follow-on schedule check
[2025-02-05T14:31:38.606+0000] {local_task_job_runner.py:222} INFO - ::endgroup::
[2025-02-05T14:57:01.263+0000] {local_task_job_runner.py:120} INFO - ::group::Pre task execution logs
[2025-02-05T14:57:01.276+0000] {taskinstance.py:2076} INFO - Dependencies all met for dep_context=non-requeueable deps ti=<TaskInstance: dag_dbt-model_credit_fraud.model_credit_fraud.ad_hoc_rnk_amount_run manual__2025-02-04T00:00:00+00:00 [queued]>
[2025-02-05T14:57:01.284+0000] {taskinstance.py:2076} INFO - Dependencies all met for dep_context=requeueable deps ti=<TaskInstance: dag_dbt-model_credit_fraud.model_credit_fraud.ad_hoc_rnk_amount_run manual__2025-02-04T00:00:00+00:00 [queued]>
[2025-02-05T14:57:01.285+0000] {taskinstance.py:2306} INFO - Starting attempt 1 of 1
[2025-02-05T14:57:01.297+0000] {taskinstance.py:2330} INFO - Executing <Task(DbtRunLocalOperator): model_credit_fraud.ad_hoc_rnk_amount_run> on 2025-02-04 00:00:00+00:00
[2025-02-05T14:57:01.302+0000] {standard_task_runner.py:63} INFO - Started process 253 to run task
[2025-02-05T14:57:01.304+0000] {standard_task_runner.py:90} INFO - Running: ['***', 'tasks', 'run', 'dag_dbt-model_credit_fraud', 'model_credit_fraud.ad_hoc_rnk_amount_run', 'manual__2025-02-04T00:00:00+00:00', '--job-id', '12', '--raw', '--subdir', 'DAGS_FOLDER/dag_dbt-model_fraud_credit.py', '--cfg-path', '/tmp/tmpjkca5szb']
[2025-02-05T14:57:01.306+0000] {standard_task_runner.py:91} INFO - Job 12: Subtask model_credit_fraud.ad_hoc_rnk_amount_run
[2025-02-05T14:57:01.353+0000] {task_command.py:426} INFO - Running <TaskInstance: dag_dbt-model_credit_fraud.model_credit_fraud.ad_hoc_rnk_amount_run manual__2025-02-04T00:00:00+00:00 [running]> on host 7c7f80fafcb7
[2025-02-05T14:57:01.443+0000] {taskinstance.py:2648} INFO - Exporting env vars: AIRFLOW_CTX_DAG_OWNER='***' AIRFLOW_CTX_DAG_ID='dag_dbt-model_credit_fraud' AIRFLOW_CTX_TASK_ID='model_credit_fraud.ad_hoc_rnk_amount_run' AIRFLOW_CTX_EXECUTION_DATE='2025-02-04T00:00:00+00:00' AIRFLOW_CTX_TRY_NUMBER='1' AIRFLOW_CTX_DAG_RUN_ID='manual__2025-02-04T00:00:00+00:00'
[2025-02-05T14:57:01.447+0000] {taskinstance.py:430} INFO - ::endgroup::
[2025-02-05T14:57:03.826+0000] {local.py:220} INFO - dbtRunner is available. Using dbtRunner for invoking dbt.
[2025-02-05T14:57:03.827+0000] {local.py:436} INFO - Cloning project to writable temp directory /tmp/tmp9n247919 from /usr/local/airflow/dags/dbt/localiza_dw
[2025-02-05T14:57:03.832+0000] {local.py:447} INFO - Partial parse is enabled and the latest partial parse file is /tmp/cosmos/dag_dbt-model_credit_fraud__model_credit_fraud/target/partial_parse.msgpack
[2025-02-05T14:57:03.839+0000] {config.py:348} INFO - Profile caching is enable.
[2025-02-05T14:57:03.849+0000] {base.py:84} INFO - Using connection ID '***' for task execution.
[2025-02-05T14:57:03.851+0000] {config.py:328} INFO - Profile found in cache using profile: /tmp/cosmos/profile/bdc35343eb23031ee554202b16407e794194afcc614f7ea62bc658c63495a211/profiles.yml.
[2025-02-05T14:57:03.852+0000] {local.py:408} INFO - Trying to run dbtRunner with:
 ['run', '--models', 'ad_hoc_rnk_amount', '--project-dir', '/tmp/tmp9n247919', '--profiles-dir', '/tmp/cosmos/profile/bdc35343eb23031ee554202b16407e794194afcc614f7ea62bc658c63495a211', '--profile', '***', '--target', 'prod']
 in /tmp/tmp9n247919
[2025-02-05T14:57:03.871+0000] {logging_mixin.py:188} INFO - 14:57:03  Running with dbt=1.6.1
[2025-02-05T14:57:03.996+0000] {logging_mixin.py:188} INFO - 14:57:03  Registered adapter: postgres=1.6.1
[2025-02-05T14:57:04.462+0000] {logging_mixin.py:188} INFO - 14:57:04  Found 4 models, 1 snapshot, 4 seeds, 5 tests, 3 sources, 0 exposures, 0 metrics, 349 macros, 0 groups, 0 semantic models
[2025-02-05T14:57:04.465+0000] {logging_mixin.py:188} INFO - 14:57:04
[2025-02-05T14:57:04.525+0000] {logging_mixin.py:188} INFO - 14:57:04  Concurrency: 1 threads (target='prod')
[2025-02-05T14:57:04.526+0000] {logging_mixin.py:188} INFO - 14:57:04
[2025-02-05T14:57:04.530+0000] {logging_mixin.py:188} INFO - 14:57:04  1 of 1 START sql table model dm_credit_operations.ad_hoc_rnk_amount ............ [RUN]
[2025-02-05T14:57:11.849+0000] {logging_mixin.py:188} INFO - 14:57:11  1 of 1 OK created sql table model dm_credit_operations.ad_hoc_rnk_amount ....... [SELECT 3 in 7.32s]
[2025-02-05T14:57:11.862+0000] {logging_mixin.py:188} INFO - 14:57:11
[2025-02-05T14:57:11.863+0000] {logging_mixin.py:188} INFO - 14:57:11  Finished running 1 table model in 0 hours 0 minutes and 7.40 seconds (7.40s).
[2025-02-05T14:57:11.872+0000] {logging_mixin.py:188} INFO - 14:57:11
[2025-02-05T14:57:11.873+0000] {logging_mixin.py:188} INFO - 14:57:11  Completed successfully
[2025-02-05T14:57:11.875+0000] {logging_mixin.py:188} INFO - 14:57:11
[2025-02-05T14:57:11.876+0000] {logging_mixin.py:188} INFO - 14:57:11  Done. PASS=1 WARN=0 ERROR=0 SKIP=0 TOTAL=1
[2025-02-05T14:57:12.657+0000] {local.py:138} WARNING - Artifact schema version: https://schemas.getdbt.com/dbt/manifest/v10.json is above dbt-ol supported version 7. This might cause errors.
[2025-02-05T14:57:12.693+0000] {local.py:494} INFO - Inlets: [Dataset(uri='postgres://postgres-db:5432/localiza_dw.dm_credit_operations.stg_credit_fraud', extra=None)]
[2025-02-05T14:57:12.693+0000] {local.py:495} INFO - Outlets: [Dataset(uri='postgres://postgres-db:5432/localiza_dw.dm_credit_operations.ad_hoc_rnk_amount', extra=None)]
[2025-02-05T14:57:12.694+0000] {local.py:595} INFO - Assigning inlets/outlets without DatasetAlias
[2025-02-05T14:57:12.694+0000] {dag.py:3096} INFO - Sync 1 DAGs
[2025-02-05T14:57:12.706+0000] {dag.py:3954} INFO - Setting next_dagrun for dag_dbt-model_credit_fraud to None, run_after=None
[2025-02-05T14:57:12.737+0000] {taskinstance.py:441} INFO - ::group::Post task execution logs
[2025-02-05T14:57:12.760+0000] {taskinstance.py:1206} INFO - Marking task as SUCCESS. dag_id=dag_dbt-model_credit_fraud, task_id=model_credit_fraud.ad_hoc_rnk_amount_run, run_id=manual__2025-02-04T00:00:00+00:00, execution_date=20250204T000000, start_date=20250205T145701, end_date=20250205T145712
[2025-02-05T14:57:12.807+0000] {local_task_job_runner.py:240} INFO - Task exited with return code 0
[2025-02-05T14:57:12.823+0000] {taskinstance.py:3498} INFO - 0 downstream tasks scheduled from follow-on schedule check
[2025-02-05T14:57:12.825+0000] {local_task_job_runner.py:222} INFO - ::endgroup::
[2025-02-05T15:08:36.445+0000] {local_task_job_runner.py:120} INFO - ::group::Pre task execution logs
[2025-02-05T15:08:36.461+0000] {taskinstance.py:2076} INFO - Dependencies all met for dep_context=non-requeueable deps ti=<TaskInstance: dag_dbt-model_credit_fraud.model_credit_fraud.ad_hoc_rnk_amount_run manual__2025-02-04T00:00:00+00:00 [queued]>
[2025-02-05T15:08:36.471+0000] {taskinstance.py:2076} INFO - Dependencies all met for dep_context=requeueable deps ti=<TaskInstance: dag_dbt-model_credit_fraud.model_credit_fraud.ad_hoc_rnk_amount_run manual__2025-02-04T00:00:00+00:00 [queued]>
[2025-02-05T15:08:36.472+0000] {taskinstance.py:2306} INFO - Starting attempt 1 of 1
[2025-02-05T15:08:36.482+0000] {taskinstance.py:2330} INFO - Executing <Task(DbtRunLocalOperator): model_credit_fraud.ad_hoc_rnk_amount_run> on 2025-02-04 00:00:00+00:00
[2025-02-05T15:08:36.487+0000] {standard_task_runner.py:63} INFO - Started process 253 to run task
[2025-02-05T15:08:36.490+0000] {standard_task_runner.py:90} INFO - Running: ['***', 'tasks', 'run', 'dag_dbt-model_credit_fraud', 'model_credit_fraud.ad_hoc_rnk_amount_run', 'manual__2025-02-04T00:00:00+00:00', '--job-id', '12', '--raw', '--subdir', 'DAGS_FOLDER/dag_dbt-model_fraud_credit.py', '--cfg-path', '/tmp/tmpykbq02g_']
[2025-02-05T15:08:36.491+0000] {standard_task_runner.py:91} INFO - Job 12: Subtask model_credit_fraud.ad_hoc_rnk_amount_run
[2025-02-05T15:08:36.538+0000] {task_command.py:426} INFO - Running <TaskInstance: dag_dbt-model_credit_fraud.model_credit_fraud.ad_hoc_rnk_amount_run manual__2025-02-04T00:00:00+00:00 [running]> on host 5c897c3a2254
[2025-02-05T15:08:36.610+0000] {taskinstance.py:2648} INFO - Exporting env vars: AIRFLOW_CTX_DAG_OWNER='***' AIRFLOW_CTX_DAG_ID='dag_dbt-model_credit_fraud' AIRFLOW_CTX_TASK_ID='model_credit_fraud.ad_hoc_rnk_amount_run' AIRFLOW_CTX_EXECUTION_DATE='2025-02-04T00:00:00+00:00' AIRFLOW_CTX_TRY_NUMBER='1' AIRFLOW_CTX_DAG_RUN_ID='manual__2025-02-04T00:00:00+00:00'
[2025-02-05T15:08:36.612+0000] {taskinstance.py:430} INFO - ::endgroup::
[2025-02-05T15:08:38.771+0000] {local.py:220} INFO - dbtRunner is available. Using dbtRunner for invoking dbt.
[2025-02-05T15:08:38.772+0000] {local.py:436} INFO - Cloning project to writable temp directory /tmp/tmp5d3dp2zc from /usr/local/airflow/dags/dbt/localiza_dw
[2025-02-05T15:08:38.779+0000] {local.py:447} INFO - Partial parse is enabled and the latest partial parse file is /tmp/cosmos/dag_dbt-model_credit_fraud__model_credit_fraud/target/partial_parse.msgpack
[2025-02-05T15:08:38.785+0000] {config.py:348} INFO - Profile caching is enable.
[2025-02-05T15:08:38.793+0000] {base.py:84} INFO - Using connection ID '***' for task execution.
[2025-02-05T15:08:38.795+0000] {config.py:328} INFO - Profile found in cache using profile: /tmp/cosmos/profile/bdc35343eb23031ee554202b16407e794194afcc614f7ea62bc658c63495a211/profiles.yml.
[2025-02-05T15:08:38.796+0000] {local.py:408} INFO - Trying to run dbtRunner with:
 ['run', '--models', 'ad_hoc_rnk_amount', '--project-dir', '/tmp/tmp5d3dp2zc', '--profiles-dir', '/tmp/cosmos/profile/bdc35343eb23031ee554202b16407e794194afcc614f7ea62bc658c63495a211', '--profile', '***', '--target', 'prod']
 in /tmp/tmp5d3dp2zc
[2025-02-05T15:08:38.816+0000] {logging_mixin.py:188} INFO - 15:08:38  Running with dbt=1.6.1
[2025-02-05T15:08:38.923+0000] {logging_mixin.py:188} INFO - 15:08:38  Registered adapter: postgres=1.6.1
[2025-02-05T15:08:39.523+0000] {logging_mixin.py:188} INFO - 15:08:39  Found 4 models, 1 snapshot, 4 seeds, 5 tests, 3 sources, 0 exposures, 0 metrics, 349 macros, 0 groups, 0 semantic models
[2025-02-05T15:08:39.525+0000] {logging_mixin.py:188} INFO - 15:08:39
[2025-02-05T15:08:39.584+0000] {logging_mixin.py:188} INFO - 15:08:39  Concurrency: 1 threads (target='prod')
[2025-02-05T15:08:39.585+0000] {logging_mixin.py:188} INFO - 15:08:39
[2025-02-05T15:08:39.589+0000] {logging_mixin.py:188} INFO - 15:08:39  1 of 1 START sql table model dm_credit_operations.ad_hoc_rnk_amount ............ [RUN]
[2025-02-05T15:08:49.737+0000] {logging_mixin.py:188} INFO - 15:08:49  1 of 1 OK created sql table model dm_credit_operations.ad_hoc_rnk_amount ....... [SELECT 3 in 10.15s]
[2025-02-05T15:08:49.749+0000] {logging_mixin.py:188} INFO - 15:08:49
[2025-02-05T15:08:49.750+0000] {logging_mixin.py:188} INFO - 15:08:49  Finished running 1 table model in 0 hours 0 minutes and 10.22 seconds (10.22s).
[2025-02-05T15:08:49.759+0000] {logging_mixin.py:188} INFO - 15:08:49
[2025-02-05T15:08:49.761+0000] {logging_mixin.py:188} INFO - 15:08:49  Completed successfully
[2025-02-05T15:08:49.762+0000] {logging_mixin.py:188} INFO - 15:08:49
[2025-02-05T15:08:49.763+0000] {logging_mixin.py:188} INFO - 15:08:49  Done. PASS=1 WARN=0 ERROR=0 SKIP=0 TOTAL=1
[2025-02-05T15:08:50.517+0000] {local.py:138} WARNING - Artifact schema version: https://schemas.getdbt.com/dbt/manifest/v10.json is above dbt-ol supported version 7. This might cause errors.
[2025-02-05T15:08:50.550+0000] {local.py:494} INFO - Inlets: [Dataset(uri='postgres://postgres-db:5432/localiza_dw.dm_credit_operations.stg_credit_fraud', extra=None)]
[2025-02-05T15:08:50.550+0000] {local.py:495} INFO - Outlets: [Dataset(uri='postgres://postgres-db:5432/localiza_dw.dm_credit_operations.ad_hoc_rnk_amount', extra=None)]
[2025-02-05T15:08:50.551+0000] {local.py:595} INFO - Assigning inlets/outlets without DatasetAlias
[2025-02-05T15:08:50.551+0000] {dag.py:3096} INFO - Sync 1 DAGs
[2025-02-05T15:08:50.563+0000] {dag.py:3954} INFO - Setting next_dagrun for dag_dbt-model_credit_fraud to None, run_after=None
[2025-02-05T15:08:50.595+0000] {taskinstance.py:441} INFO - ::group::Post task execution logs
[2025-02-05T15:08:50.618+0000] {taskinstance.py:1206} INFO - Marking task as SUCCESS. dag_id=dag_dbt-model_credit_fraud, task_id=model_credit_fraud.ad_hoc_rnk_amount_run, run_id=manual__2025-02-04T00:00:00+00:00, execution_date=20250204T000000, start_date=20250205T150836, end_date=20250205T150850
[2025-02-05T15:08:50.642+0000] {local_task_job_runner.py:240} INFO - Task exited with return code 0
[2025-02-05T15:08:50.658+0000] {taskinstance.py:3498} INFO - 0 downstream tasks scheduled from follow-on schedule check
[2025-02-05T15:08:50.660+0000] {local_task_job_runner.py:222} INFO - ::endgroup::
[2025-02-05T16:46:43.341+0000] {local_task_job_runner.py:120} INFO - ::group::Pre task execution logs
[2025-02-05T16:46:43.359+0000] {taskinstance.py:2076} INFO - Dependencies all met for dep_context=non-requeueable deps ti=<TaskInstance: dag_dbt-model_credit_fraud.model_credit_fraud.ad_hoc_rnk_amount_run manual__2025-02-04T00:00:00+00:00 [queued]>
[2025-02-05T16:46:43.367+0000] {taskinstance.py:2076} INFO - Dependencies all met for dep_context=requeueable deps ti=<TaskInstance: dag_dbt-model_credit_fraud.model_credit_fraud.ad_hoc_rnk_amount_run manual__2025-02-04T00:00:00+00:00 [queued]>
[2025-02-05T16:46:43.368+0000] {taskinstance.py:2306} INFO - Starting attempt 1 of 1
[2025-02-05T16:46:43.378+0000] {taskinstance.py:2330} INFO - Executing <Task(DbtRunLocalOperator): model_credit_fraud.ad_hoc_rnk_amount_run> on 2025-02-04 00:00:00+00:00
[2025-02-05T16:46:43.382+0000] {standard_task_runner.py:63} INFO - Started process 276 to run task
[2025-02-05T16:46:43.385+0000] {standard_task_runner.py:90} INFO - Running: ['***', 'tasks', 'run', 'dag_dbt-model_credit_fraud', 'model_credit_fraud.ad_hoc_rnk_amount_run', 'manual__2025-02-04T00:00:00+00:00', '--job-id', '13', '--raw', '--subdir', 'DAGS_FOLDER/dag_dbt-model_fraud_credit.py', '--cfg-path', '/tmp/tmppegl5isl']
[2025-02-05T16:46:43.386+0000] {standard_task_runner.py:91} INFO - Job 13: Subtask model_credit_fraud.ad_hoc_rnk_amount_run
[2025-02-05T16:46:43.431+0000] {task_command.py:426} INFO - Running <TaskInstance: dag_dbt-model_credit_fraud.model_credit_fraud.ad_hoc_rnk_amount_run manual__2025-02-04T00:00:00+00:00 [running]> on host 584eb3626689
[2025-02-05T16:46:43.505+0000] {taskinstance.py:2648} INFO - Exporting env vars: AIRFLOW_CTX_DAG_OWNER='***' AIRFLOW_CTX_DAG_ID='dag_dbt-model_credit_fraud' AIRFLOW_CTX_TASK_ID='model_credit_fraud.ad_hoc_rnk_amount_run' AIRFLOW_CTX_EXECUTION_DATE='2025-02-04T00:00:00+00:00' AIRFLOW_CTX_TRY_NUMBER='1' AIRFLOW_CTX_DAG_RUN_ID='manual__2025-02-04T00:00:00+00:00'
[2025-02-05T16:46:43.507+0000] {taskinstance.py:430} INFO - ::endgroup::
[2025-02-05T16:46:45.722+0000] {local.py:220} INFO - dbtRunner is available. Using dbtRunner for invoking dbt.
[2025-02-05T16:46:45.723+0000] {local.py:436} INFO - Cloning project to writable temp directory /tmp/tmpmm9t1fp_ from /usr/local/airflow/dags/dbt/localiza_dw
[2025-02-05T16:46:45.733+0000] {local.py:447} INFO - Partial parse is enabled and the latest partial parse file is /tmp/cosmos/dag_dbt-model_credit_fraud__model_credit_fraud/target/partial_parse.msgpack
[2025-02-05T16:46:45.739+0000] {config.py:348} INFO - Profile caching is enable.
[2025-02-05T16:46:45.747+0000] {base.py:84} INFO - Using connection ID '***' for task execution.
[2025-02-05T16:46:45.748+0000] {config.py:328} INFO - Profile found in cache using profile: /tmp/cosmos/profile/bdc35343eb23031ee554202b16407e794194afcc614f7ea62bc658c63495a211/profiles.yml.
[2025-02-05T16:46:45.749+0000] {local.py:408} INFO - Trying to run dbtRunner with:
 ['run', '--models', 'ad_hoc_rnk_amount', '--project-dir', '/tmp/tmpmm9t1fp_', '--profiles-dir', '/tmp/cosmos/profile/bdc35343eb23031ee554202b16407e794194afcc614f7ea62bc658c63495a211', '--profile', '***', '--target', 'prod']
 in /tmp/tmpmm9t1fp_
[2025-02-05T16:46:45.766+0000] {logging_mixin.py:188} INFO - 16:46:45  Running with dbt=1.6.1
[2025-02-05T16:46:45.883+0000] {logging_mixin.py:188} INFO - 16:46:45  Registered adapter: postgres=1.6.1
[2025-02-05T16:46:46.476+0000] {logging_mixin.py:188} INFO - 16:46:46  Found 5 models, 1 snapshot, 4 seeds, 5 tests, 3 sources, 0 exposures, 0 metrics, 349 macros, 0 groups, 0 semantic models
[2025-02-05T16:46:46.487+0000] {logging_mixin.py:188} INFO - 16:46:46
[2025-02-05T16:46:46.548+0000] {logging_mixin.py:188} INFO - 16:46:46  Concurrency: 1 threads (target='prod')
[2025-02-05T16:46:46.550+0000] {logging_mixin.py:188} INFO - 16:46:46
[2025-02-05T16:46:46.553+0000] {logging_mixin.py:188} INFO - 16:46:46  1 of 1 START sql table model dm_credit_operations.ad_hoc_rnk_amount ............ [RUN]
[2025-02-05T16:46:57.280+0000] {logging_mixin.py:188} INFO - 16:46:57  1 of 1 OK created sql table model dm_credit_operations.ad_hoc_rnk_amount ....... [SELECT 3 in 10.72s]
[2025-02-05T16:46:57.295+0000] {logging_mixin.py:188} INFO - 16:46:57
[2025-02-05T16:46:57.296+0000] {logging_mixin.py:188} INFO - 16:46:57  Finished running 1 table model in 0 hours 0 minutes and 10.80 seconds (10.80s).
[2025-02-05T16:46:57.307+0000] {logging_mixin.py:188} INFO - 16:46:57
[2025-02-05T16:46:57.309+0000] {logging_mixin.py:188} INFO - 16:46:57  Completed successfully
[2025-02-05T16:46:57.310+0000] {logging_mixin.py:188} INFO - 16:46:57
[2025-02-05T16:46:57.311+0000] {logging_mixin.py:188} INFO - 16:46:57  Done. PASS=1 WARN=0 ERROR=0 SKIP=0 TOTAL=1
[2025-02-05T16:46:58.074+0000] {local.py:138} WARNING - Artifact schema version: https://schemas.getdbt.com/dbt/manifest/v10.json is above dbt-ol supported version 7. This might cause errors.
[2025-02-05T16:46:58.110+0000] {local.py:494} INFO - Inlets: [Dataset(uri='postgres://postgres-db:5432/localiza_dw.dm_credit_operations.stg_credit_fraud', extra=None)]
[2025-02-05T16:46:58.111+0000] {local.py:495} INFO - Outlets: [Dataset(uri='postgres://postgres-db:5432/localiza_dw.dm_credit_operations.ad_hoc_rnk_amount', extra=None)]
[2025-02-05T16:46:58.112+0000] {local.py:595} INFO - Assigning inlets/outlets without DatasetAlias
[2025-02-05T16:46:58.113+0000] {dag.py:3096} INFO - Sync 1 DAGs
[2025-02-05T16:46:58.126+0000] {dag.py:3954} INFO - Setting next_dagrun for dag_dbt-model_credit_fraud to None, run_after=None
[2025-02-05T16:46:58.150+0000] {taskinstance.py:441} INFO - ::group::Post task execution logs
[2025-02-05T16:46:58.177+0000] {taskinstance.py:1206} INFO - Marking task as SUCCESS. dag_id=dag_dbt-model_credit_fraud, task_id=model_credit_fraud.ad_hoc_rnk_amount_run, run_id=manual__2025-02-04T00:00:00+00:00, execution_date=20250204T000000, start_date=20250205T164643, end_date=20250205T164658
[2025-02-05T16:46:58.237+0000] {local_task_job_runner.py:240} INFO - Task exited with return code 0
[2025-02-05T16:46:58.259+0000] {taskinstance.py:3498} INFO - 0 downstream tasks scheduled from follow-on schedule check
[2025-02-05T16:46:58.261+0000] {local_task_job_runner.py:222} INFO - ::endgroup::
