[2025-02-04T23:27:03.053+0000] {local_task_job_runner.py:120} INFO - ::group::Pre task execution logs
[2025-02-04T23:27:03.063+0000] {taskinstance.py:2076} INFO - Dependencies all met for dep_context=non-requeueable deps ti=<TaskInstance: dag_dbt-model_credit_fraud.model_credit_fraud.stg_credit_fraud_run manual__2025-02-04T23:27:00.226281+00:00 [queued]>
[2025-02-04T23:27:03.069+0000] {taskinstance.py:2076} INFO - Dependencies all met for dep_context=requeueable deps ti=<TaskInstance: dag_dbt-model_credit_fraud.model_credit_fraud.stg_credit_fraud_run manual__2025-02-04T23:27:00.226281+00:00 [queued]>
[2025-02-04T23:27:03.070+0000] {taskinstance.py:2306} INFO - Starting attempt 1 of 1
[2025-02-04T23:27:03.079+0000] {taskinstance.py:2330} INFO - Executing <Task(DbtRunLocalOperator): model_credit_fraud.stg_credit_fraud_run> on 2025-02-04 23:27:00.226281+00:00
[2025-02-04T23:27:03.082+0000] {standard_task_runner.py:63} INFO - Started process 1097 to run task
[2025-02-04T23:27:03.085+0000] {standard_task_runner.py:90} INFO - Running: ['***', 'tasks', 'run', 'dag_dbt-model_credit_fraud', 'model_credit_fraud.stg_credit_fraud_run', 'manual__2025-02-04T23:27:00.226281+00:00', '--job-id', '11', '--raw', '--subdir', 'DAGS_FOLDER/dag_dbt-model_fraud_credit.py', '--cfg-path', '/tmp/tmppb6xaaob']
[2025-02-04T23:27:03.086+0000] {standard_task_runner.py:91} INFO - Job 11: Subtask model_credit_fraud.stg_credit_fraud_run
[2025-02-04T23:27:03.124+0000] {task_command.py:426} INFO - Running <TaskInstance: dag_dbt-model_credit_fraud.model_credit_fraud.stg_credit_fraud_run manual__2025-02-04T23:27:00.226281+00:00 [running]> on host eb20c43aeeb4
[2025-02-04T23:27:03.185+0000] {taskinstance.py:2648} INFO - Exporting env vars: AIRFLOW_CTX_DAG_OWNER='***' AIRFLOW_CTX_DAG_ID='dag_dbt-model_credit_fraud' AIRFLOW_CTX_TASK_ID='model_credit_fraud.stg_credit_fraud_run' AIRFLOW_CTX_EXECUTION_DATE='2025-02-04T23:27:00.226281+00:00' AIRFLOW_CTX_TRY_NUMBER='1' AIRFLOW_CTX_DAG_RUN_ID='manual__2025-02-04T23:27:00.226281+00:00'
[2025-02-04T23:27:03.187+0000] {taskinstance.py:430} INFO - ::endgroup::
[2025-02-04T23:27:04.916+0000] {local.py:220} INFO - dbtRunner is available. Using dbtRunner for invoking dbt.
[2025-02-04T23:27:04.918+0000] {local.py:436} INFO - Cloning project to writable temp directory /tmp/tmp1fenmv53 from /usr/local/airflow/dags/dbt/localiza_dw
[2025-02-04T23:27:04.924+0000] {local.py:447} INFO - Partial parse is enabled and the latest partial parse file is /tmp/cosmos/dag_dbt-model_credit_fraud__model_credit_fraud/target/partial_parse.msgpack
[2025-02-04T23:27:04.928+0000] {config.py:348} INFO - Profile caching is enable.
[2025-02-04T23:27:04.934+0000] {base.py:84} INFO - Using connection ID '***' for task execution.
[2025-02-04T23:27:04.935+0000] {config.py:328} INFO - Profile found in cache using profile: /tmp/cosmos/profile/bdc35343eb23031ee554202b16407e794194afcc614f7ea62bc658c63495a211/profiles.yml.
[2025-02-04T23:27:04.935+0000] {local.py:408} INFO - Trying to run dbtRunner with:
 ['run', '--models', 'stg_credit_fraud', '--project-dir', '/tmp/tmp1fenmv53', '--profiles-dir', '/tmp/cosmos/profile/bdc35343eb23031ee554202b16407e794194afcc614f7ea62bc658c63495a211', '--profile', '***', '--target', 'prod']
 in /tmp/tmp1fenmv53
[2025-02-04T23:27:04.947+0000] {logging_mixin.py:188} INFO - 23:27:04  Running with dbt=1.6.1
[2025-02-04T23:27:05.024+0000] {logging_mixin.py:188} INFO - 23:27:05  Registered adapter: postgres=1.6.1
[2025-02-04T23:27:05.041+0000] {logging_mixin.py:188} INFO - 23:27:05  Unable to do partial parsing because profile has changed
[2025-02-04T23:27:05.043+0000] {logging_mixin.py:188} INFO - 23:27:05  Unable to do partial parsing because env vars used in profiles.yml have changed
[2025-02-04T23:27:05.738+0000] {logging_mixin.py:188} INFO - 23:27:05  Found 3 models, 1 snapshot, 5 tests, 1 source, 0 exposures, 0 metrics, 349 macros, 0 groups, 0 semantic models
[2025-02-04T23:27:05.740+0000] {logging_mixin.py:188} INFO - 23:27:05
[2025-02-04T23:27:05.783+0000] {logging_mixin.py:188} INFO - 23:27:05  Concurrency: 1 threads (target='prod')
[2025-02-04T23:27:05.784+0000] {logging_mixin.py:188} INFO - 23:27:05
[2025-02-04T23:27:05.787+0000] {logging_mixin.py:188} INFO - 23:27:05  1 of 1 START sql view model dm_credit_operations.stg_credit_fraud .............. [RUN]
[2025-02-04T23:27:05.858+0000] {logging_mixin.py:188} INFO - 23:27:05  1 of 1 OK created sql view model dm_credit_operations.stg_credit_fraud ......... [CREATE VIEW in 0.07s]
[2025-02-04T23:27:05.868+0000] {logging_mixin.py:188} INFO - 23:27:05
[2025-02-04T23:27:05.869+0000] {logging_mixin.py:188} INFO - 23:27:05  Finished running 1 view model in 0 hours 0 minutes and 0.13 seconds (0.13s).
[2025-02-04T23:27:05.877+0000] {logging_mixin.py:188} INFO - 23:27:05
[2025-02-04T23:27:05.877+0000] {logging_mixin.py:188} INFO - 23:27:05  Completed successfully
[2025-02-04T23:27:05.878+0000] {logging_mixin.py:188} INFO - 23:27:05
[2025-02-04T23:27:05.879+0000] {logging_mixin.py:188} INFO - 23:27:05  Done. PASS=1 WARN=0 ERROR=0 SKIP=0 TOTAL=1
[2025-02-04T23:27:06.726+0000] {local.py:138} WARNING - Artifact schema version: https://schemas.getdbt.com/dbt/manifest/v10.json is above dbt-ol supported version 7. This might cause errors.
[2025-02-04T23:27:06.754+0000] {local.py:494} INFO - Inlets: [Dataset(uri='postgres://postgres-db:5432/localiza_dw.dm_credit_operations_stage.raw_credit_fraud', extra=None)]
[2025-02-04T23:27:06.754+0000] {local.py:495} INFO - Outlets: [Dataset(uri='postgres://postgres-db:5432/localiza_dw.dm_credit_operations.stg_credit_fraud', extra=None)]
[2025-02-04T23:27:06.755+0000] {local.py:595} INFO - Assigning inlets/outlets without DatasetAlias
[2025-02-04T23:27:06.756+0000] {dag.py:3096} INFO - Sync 1 DAGs
[2025-02-04T23:27:06.767+0000] {dag.py:3954} INFO - Setting next_dagrun for dag_dbt-model_credit_fraud to None, run_after=None
[2025-02-04T23:27:06.788+0000] {taskinstance.py:441} INFO - ::group::Post task execution logs
[2025-02-04T23:27:06.811+0000] {taskinstance.py:1206} INFO - Marking task as SUCCESS. dag_id=dag_dbt-model_credit_fraud, task_id=model_credit_fraud.stg_credit_fraud_run, run_id=manual__2025-02-04T23:27:00.226281+00:00, execution_date=20250204T232700, start_date=20250204T232703, end_date=20250204T232706
[2025-02-04T23:27:06.847+0000] {local_task_job_runner.py:240} INFO - Task exited with return code 0
[2025-02-04T23:27:06.866+0000] {taskinstance.py:3498} INFO - 3 downstream tasks scheduled from follow-on schedule check
[2025-02-04T23:27:06.869+0000] {local_task_job_runner.py:222} INFO - ::endgroup::
