[2025-02-05T13:40:38.874+0000] {local_task_job_runner.py:120} INFO - ::group::Pre task execution logs
[2025-02-05T13:40:38.892+0000] {taskinstance.py:2076} INFO - Dependencies all met for dep_context=non-requeueable deps ti=<TaskInstance: dag_dbt-model_sales.model_sales.dim_loja_seed scheduled__2025-02-04T04:00:00+00:00 [queued]>
[2025-02-05T13:40:38.903+0000] {taskinstance.py:2076} INFO - Dependencies all met for dep_context=requeueable deps ti=<TaskInstance: dag_dbt-model_sales.model_sales.dim_loja_seed scheduled__2025-02-04T04:00:00+00:00 [queued]>
[2025-02-05T13:40:38.904+0000] {taskinstance.py:2306} INFO - Starting attempt 1 of 1
[2025-02-05T13:40:38.918+0000] {taskinstance.py:2330} INFO - Executing <Task(DbtSeedLocalOperator): model_sales.dim_loja_seed> on 2025-02-04 04:00:00+00:00
[2025-02-05T13:40:38.923+0000] {standard_task_runner.py:63} INFO - Started process 4359 to run task
[2025-02-05T13:40:38.926+0000] {standard_task_runner.py:90} INFO - Running: ['***', 'tasks', 'run', 'dag_dbt-model_sales', 'model_sales.dim_loja_seed', 'scheduled__2025-02-04T04:00:00+00:00', '--job-id', '128', '--raw', '--subdir', 'DAGS_FOLDER/dag_dbt-model_sales.py', '--cfg-path', '/tmp/tmpt7269kna']
[2025-02-05T13:40:38.927+0000] {standard_task_runner.py:91} INFO - Job 128: Subtask model_sales.dim_loja_seed
[2025-02-05T13:40:38.988+0000] {task_command.py:426} INFO - Running <TaskInstance: dag_dbt-model_sales.model_sales.dim_loja_seed scheduled__2025-02-04T04:00:00+00:00 [running]> on host 98025f4a542d
[2025-02-05T13:40:39.076+0000] {taskinstance.py:2648} INFO - Exporting env vars: AIRFLOW_CTX_DAG_OWNER='***' AIRFLOW_CTX_DAG_ID='dag_dbt-model_sales' AIRFLOW_CTX_TASK_ID='model_sales.dim_loja_seed' AIRFLOW_CTX_EXECUTION_DATE='2025-02-04T04:00:00+00:00' AIRFLOW_CTX_TRY_NUMBER='1' AIRFLOW_CTX_DAG_RUN_ID='scheduled__2025-02-04T04:00:00+00:00'
[2025-02-05T13:40:39.078+0000] {taskinstance.py:430} INFO - ::endgroup::
[2025-02-05T13:40:41.784+0000] {local.py:220} INFO - dbtRunner is available. Using dbtRunner for invoking dbt.
[2025-02-05T13:40:41.785+0000] {local.py:436} INFO - Cloning project to writable temp directory /tmp/tmp0gdexa7x from /usr/local/airflow/dags/dbt/localiza_dw
[2025-02-05T13:40:41.791+0000] {local.py:447} INFO - Partial parse is enabled and the latest partial parse file is /tmp/cosmos/dag_dbt-model_sales__model_sales/target/partial_parse.msgpack
[2025-02-05T13:40:41.800+0000] {config.py:348} INFO - Profile caching is enable.
[2025-02-05T13:40:41.810+0000] {base.py:84} INFO - Using connection ID '***' for task execution.
[2025-02-05T13:40:41.812+0000] {config.py:328} INFO - Profile found in cache using profile: /tmp/cosmos/profile/47873256e3df2d6067f929148b3671caee72f33396318ef25aae33418849eddf/profiles.yml.
[2025-02-05T13:40:41.813+0000] {local.py:408} INFO - Trying to run dbtRunner with:
 ['seed', '--vars', '{"PROD": P003,                                 "LIMITE_QUANTIDADE": 500,                                 "DATA_INICIO": 1999-01-01,                                 "DATA_FIM": 2025-02-05}', '--models', 'dim_loja', '--project-dir', '/tmp/tmp0gdexa7x', '--profiles-dir', '/tmp/cosmos/profile/47873256e3df2d6067f929148b3671caee72f33396318ef25aae33418849eddf', '--profile', '***', '--target', 'prod']
 in /tmp/tmp0gdexa7x
[2025-02-05T13:40:41.837+0000] {logging_mixin.py:188} INFO - 13:40:41  Running with dbt=1.6.1
[2025-02-05T13:40:41.977+0000] {logging_mixin.py:188} INFO - 13:40:41  Registered adapter: postgres=1.6.1
[2025-02-05T13:40:42.502+0000] {logging_mixin.py:188} INFO - 13:40:42  Found 4 models, 1 snapshot, 4 seeds, 5 tests, 3 sources, 0 exposures, 0 metrics, 349 macros, 0 groups, 0 semantic models
[2025-02-05T13:40:42.506+0000] {logging_mixin.py:188} INFO - 13:40:42
[2025-02-05T13:40:42.606+0000] {logging_mixin.py:188} INFO - 13:40:42  Concurrency: 1 threads (target='prod')
[2025-02-05T13:40:42.608+0000] {logging_mixin.py:188} INFO - 13:40:42
[2025-02-05T13:40:42.611+0000] {logging_mixin.py:188} INFO - 13:40:42  1 of 1 START seed file dm_sales.dim_loja ....................................... [RUN]
[2025-02-05T13:40:42.719+0000] {logging_mixin.py:188} INFO - 13:40:42  1 of 1 OK loaded seed file dm_sales.dim_loja ................................... [INSERT 10 in 0.11s]
[2025-02-05T13:40:42.737+0000] {logging_mixin.py:188} INFO - 13:40:42
[2025-02-05T13:40:42.738+0000] {logging_mixin.py:188} INFO - 13:40:42  Finished running 1 seed in 0 hours 0 minutes and 0.23 seconds (0.23s).
[2025-02-05T13:40:42.750+0000] {logging_mixin.py:188} INFO - 13:40:42
[2025-02-05T13:40:42.752+0000] {logging_mixin.py:188} INFO - 13:40:42  Completed successfully
[2025-02-05T13:40:42.753+0000] {logging_mixin.py:188} INFO - 13:40:42
[2025-02-05T13:40:42.753+0000] {logging_mixin.py:188} INFO - 13:40:42  Done. PASS=1 WARN=0 ERROR=0 SKIP=0 TOTAL=1
[2025-02-05T13:40:43.516+0000] {local.py:138} WARNING - Artifact schema version: https://schemas.getdbt.com/dbt/manifest/v10.json is above dbt-ol supported version 7. This might cause errors.
[2025-02-05T13:40:43.519+0000] {local.py:494} INFO - Inlets: []
[2025-02-05T13:40:43.521+0000] {local.py:495} INFO - Outlets: []
[2025-02-05T13:40:43.522+0000] {local.py:595} INFO - Assigning inlets/outlets without DatasetAlias
[2025-02-05T13:40:43.523+0000] {dag.py:3096} INFO - Sync 1 DAGs
[2025-02-05T13:40:43.546+0000] {dag.py:3954} INFO - Setting next_dagrun for dag_dbt-model_sales to 2025-02-05 04:00:00+00:00, run_after=2025-02-06 04:00:00+00:00
[2025-02-05T13:40:43.584+0000] {taskinstance.py:441} INFO - ::group::Post task execution logs
[2025-02-05T13:40:43.593+0000] {taskinstance.py:1206} INFO - Marking task as SUCCESS. dag_id=dag_dbt-model_sales, task_id=model_sales.dim_loja_seed, run_id=scheduled__2025-02-04T04:00:00+00:00, execution_date=20250204T040000, start_date=20250205T134038, end_date=20250205T134043
[2025-02-05T13:40:43.631+0000] {local_task_job_runner.py:240} INFO - Task exited with return code 0
[2025-02-05T13:40:43.662+0000] {taskinstance.py:3498} INFO - 0 downstream tasks scheduled from follow-on schedule check
[2025-02-05T13:40:43.664+0000] {local_task_job_runner.py:222} INFO - ::endgroup::
[2025-02-05T14:30:03.331+0000] {local_task_job_runner.py:120} INFO - ::group::Pre task execution logs
[2025-02-05T14:30:03.348+0000] {taskinstance.py:2076} INFO - Dependencies all met for dep_context=non-requeueable deps ti=<TaskInstance: dag_dbt-model_sales.model_sales.dim_loja_seed scheduled__2025-02-04T04:00:00+00:00 [queued]>
[2025-02-05T14:30:03.356+0000] {taskinstance.py:2076} INFO - Dependencies all met for dep_context=requeueable deps ti=<TaskInstance: dag_dbt-model_sales.model_sales.dim_loja_seed scheduled__2025-02-04T04:00:00+00:00 [queued]>
[2025-02-05T14:30:03.357+0000] {taskinstance.py:2306} INFO - Starting attempt 1 of 1
[2025-02-05T14:30:03.367+0000] {taskinstance.py:2330} INFO - Executing <Task(DbtSeedLocalOperator): model_sales.dim_loja_seed> on 2025-02-04 04:00:00+00:00
[2025-02-05T14:30:03.373+0000] {standard_task_runner.py:63} INFO - Started process 110 to run task
[2025-02-05T14:30:03.377+0000] {standard_task_runner.py:90} INFO - Running: ['***', 'tasks', 'run', 'dag_dbt-model_sales', 'model_sales.dim_loja_seed', 'scheduled__2025-02-04T04:00:00+00:00', '--job-id', '5', '--raw', '--subdir', 'DAGS_FOLDER/dag_dbt-model_sales.py', '--cfg-path', '/tmp/tmppgzb42ia']
[2025-02-05T14:30:03.379+0000] {standard_task_runner.py:91} INFO - Job 5: Subtask model_sales.dim_loja_seed
[2025-02-05T14:30:03.428+0000] {task_command.py:426} INFO - Running <TaskInstance: dag_dbt-model_sales.model_sales.dim_loja_seed scheduled__2025-02-04T04:00:00+00:00 [running]> on host eb17fa5f9c23
[2025-02-05T14:30:03.505+0000] {taskinstance.py:2648} INFO - Exporting env vars: AIRFLOW_CTX_DAG_OWNER='***' AIRFLOW_CTX_DAG_ID='dag_dbt-model_sales' AIRFLOW_CTX_TASK_ID='model_sales.dim_loja_seed' AIRFLOW_CTX_EXECUTION_DATE='2025-02-04T04:00:00+00:00' AIRFLOW_CTX_TRY_NUMBER='1' AIRFLOW_CTX_DAG_RUN_ID='scheduled__2025-02-04T04:00:00+00:00'
[2025-02-05T14:30:03.507+0000] {taskinstance.py:430} INFO - ::endgroup::
[2025-02-05T14:30:04.190+0000] {local.py:220} INFO - dbtRunner is available. Using dbtRunner for invoking dbt.
[2025-02-05T14:30:04.192+0000] {local.py:436} INFO - Cloning project to writable temp directory /tmp/tmpooqk1rzr from /usr/local/airflow/dags/dbt/localiza_dw
[2025-02-05T14:30:04.206+0000] {local.py:447} INFO - Partial parse is enabled and the latest partial parse file is /tmp/cosmos/dag_dbt-model_sales__model_sales/target/partial_parse.msgpack
[2025-02-05T14:30:04.213+0000] {config.py:348} INFO - Profile caching is enable.
[2025-02-05T14:30:04.222+0000] {base.py:84} INFO - Using connection ID '***' for task execution.
[2025-02-05T14:30:04.224+0000] {config.py:328} INFO - Profile found in cache using profile: /tmp/cosmos/profile/47873256e3df2d6067f929148b3671caee72f33396318ef25aae33418849eddf/profiles.yml.
[2025-02-05T14:30:04.225+0000] {local.py:408} INFO - Trying to run dbtRunner with:
 ['seed', '--vars', '{"PROD": P003,                                 "LIMITE_QUANTIDADE": 500,                                 "DATA_INICIO": 1999-01-01,                                 "DATA_FIM": 2025-02-05}', '--models', 'dim_loja', '--project-dir', '/tmp/tmpooqk1rzr', '--profiles-dir', '/tmp/cosmos/profile/47873256e3df2d6067f929148b3671caee72f33396318ef25aae33418849eddf', '--profile', '***', '--target', 'prod']
 in /tmp/tmpooqk1rzr
[2025-02-05T14:30:04.245+0000] {logging_mixin.py:188} INFO - 14:30:04  Running with dbt=1.6.1
[2025-02-05T14:30:04.369+0000] {logging_mixin.py:188} INFO - 14:30:04  Registered adapter: postgres=1.6.1
[2025-02-05T14:30:05.038+0000] {logging_mixin.py:188} INFO - 14:30:05  Found 4 models, 1 snapshot, 4 seeds, 5 tests, 3 sources, 0 exposures, 0 metrics, 349 macros, 0 groups, 0 semantic models
[2025-02-05T14:30:05.041+0000] {logging_mixin.py:188} INFO - 14:30:05
[2025-02-05T14:30:05.129+0000] {logging_mixin.py:188} INFO - 14:30:05  Concurrency: 1 threads (target='prod')
[2025-02-05T14:30:05.130+0000] {logging_mixin.py:188} INFO - 14:30:05
[2025-02-05T14:30:05.135+0000] {logging_mixin.py:188} INFO - 14:30:05  1 of 1 START seed file dm_sales.dim_loja ....................................... [RUN]
[2025-02-05T14:30:05.236+0000] {logging_mixin.py:188} INFO - 14:30:05  1 of 1 OK loaded seed file dm_sales.dim_loja ................................... [INSERT 10 in 0.10s]
[2025-02-05T14:30:05.248+0000] {logging_mixin.py:188} INFO - 14:30:05
[2025-02-05T14:30:05.250+0000] {logging_mixin.py:188} INFO - 14:30:05  Finished running 1 seed in 0 hours 0 minutes and 0.21 seconds (0.21s).
[2025-02-05T14:30:05.258+0000] {logging_mixin.py:188} INFO - 14:30:05
[2025-02-05T14:30:05.260+0000] {logging_mixin.py:188} INFO - 14:30:05  Completed successfully
[2025-02-05T14:30:05.261+0000] {logging_mixin.py:188} INFO - 14:30:05
[2025-02-05T14:30:05.263+0000] {logging_mixin.py:188} INFO - 14:30:05  Done. PASS=1 WARN=0 ERROR=0 SKIP=0 TOTAL=1
[2025-02-05T14:30:06.147+0000] {local.py:138} WARNING - Artifact schema version: https://schemas.getdbt.com/dbt/manifest/v10.json is above dbt-ol supported version 7. This might cause errors.
[2025-02-05T14:30:06.150+0000] {local.py:494} INFO - Inlets: []
[2025-02-05T14:30:06.150+0000] {local.py:495} INFO - Outlets: []
[2025-02-05T14:30:06.151+0000] {local.py:595} INFO - Assigning inlets/outlets without DatasetAlias
[2025-02-05T14:30:06.151+0000] {dag.py:3096} INFO - Sync 1 DAGs
[2025-02-05T14:30:06.171+0000] {dag.py:3954} INFO - Setting next_dagrun for dag_dbt-model_sales to 2025-02-05 04:00:00+00:00, run_after=2025-02-06 04:00:00+00:00
[2025-02-05T14:30:06.204+0000] {taskinstance.py:441} INFO - ::group::Post task execution logs
[2025-02-05T14:30:06.211+0000] {taskinstance.py:1206} INFO - Marking task as SUCCESS. dag_id=dag_dbt-model_sales, task_id=model_sales.dim_loja_seed, run_id=scheduled__2025-02-04T04:00:00+00:00, execution_date=20250204T040000, start_date=20250205T143003, end_date=20250205T143006
[2025-02-05T14:30:06.266+0000] {local_task_job_runner.py:240} INFO - Task exited with return code 0
[2025-02-05T14:30:06.285+0000] {taskinstance.py:3498} INFO - 0 downstream tasks scheduled from follow-on schedule check
[2025-02-05T14:30:06.287+0000] {local_task_job_runner.py:222} INFO - ::endgroup::
[2025-02-05T14:55:33.964+0000] {local_task_job_runner.py:120} INFO - ::group::Pre task execution logs
[2025-02-05T14:55:33.982+0000] {taskinstance.py:2076} INFO - Dependencies all met for dep_context=non-requeueable deps ti=<TaskInstance: dag_dbt-model_sales.model_sales.dim_loja_seed scheduled__2025-02-04T04:00:00+00:00 [queued]>
[2025-02-05T14:55:33.992+0000] {taskinstance.py:2076} INFO - Dependencies all met for dep_context=requeueable deps ti=<TaskInstance: dag_dbt-model_sales.model_sales.dim_loja_seed scheduled__2025-02-04T04:00:00+00:00 [queued]>
[2025-02-05T14:55:33.993+0000] {taskinstance.py:2306} INFO - Starting attempt 1 of 1
[2025-02-05T14:55:34.004+0000] {taskinstance.py:2330} INFO - Executing <Task(DbtSeedLocalOperator): model_sales.dim_loja_seed> on 2025-02-04 04:00:00+00:00
[2025-02-05T14:55:34.009+0000] {standard_task_runner.py:63} INFO - Started process 110 to run task
[2025-02-05T14:55:34.012+0000] {standard_task_runner.py:90} INFO - Running: ['***', 'tasks', 'run', 'dag_dbt-model_sales', 'model_sales.dim_loja_seed', 'scheduled__2025-02-04T04:00:00+00:00', '--job-id', '5', '--raw', '--subdir', 'DAGS_FOLDER/dag_dbt-model_sales.py', '--cfg-path', '/tmp/tmpegy5zgww']
[2025-02-05T14:55:34.013+0000] {standard_task_runner.py:91} INFO - Job 5: Subtask model_sales.dim_loja_seed
[2025-02-05T14:55:34.069+0000] {task_command.py:426} INFO - Running <TaskInstance: dag_dbt-model_sales.model_sales.dim_loja_seed scheduled__2025-02-04T04:00:00+00:00 [running]> on host 7c7f80fafcb7
[2025-02-05T14:55:34.152+0000] {taskinstance.py:2648} INFO - Exporting env vars: AIRFLOW_CTX_DAG_OWNER='***' AIRFLOW_CTX_DAG_ID='dag_dbt-model_sales' AIRFLOW_CTX_TASK_ID='model_sales.dim_loja_seed' AIRFLOW_CTX_EXECUTION_DATE='2025-02-04T04:00:00+00:00' AIRFLOW_CTX_TRY_NUMBER='1' AIRFLOW_CTX_DAG_RUN_ID='scheduled__2025-02-04T04:00:00+00:00'
[2025-02-05T14:55:34.154+0000] {taskinstance.py:430} INFO - ::endgroup::
[2025-02-05T14:55:36.755+0000] {local.py:220} INFO - dbtRunner is available. Using dbtRunner for invoking dbt.
[2025-02-05T14:55:36.757+0000] {local.py:436} INFO - Cloning project to writable temp directory /tmp/tmpz9g9gidf from /usr/local/airflow/dags/dbt/localiza_dw
[2025-02-05T14:55:36.770+0000] {local.py:447} INFO - Partial parse is enabled and the latest partial parse file is /tmp/cosmos/dag_dbt-model_sales__model_sales/target/partial_parse.msgpack
[2025-02-05T14:55:36.778+0000] {config.py:348} INFO - Profile caching is enable.
[2025-02-05T14:55:36.792+0000] {base.py:84} INFO - Using connection ID '***' for task execution.
[2025-02-05T14:55:36.793+0000] {config.py:328} INFO - Profile found in cache using profile: /tmp/cosmos/profile/47873256e3df2d6067f929148b3671caee72f33396318ef25aae33418849eddf/profiles.yml.
[2025-02-05T14:55:36.794+0000] {local.py:408} INFO - Trying to run dbtRunner with:
 ['seed', '--vars', '{"PROD": P003,                                 "LIMITE_QUANTIDADE": 500,                                 "DATA_INICIO": 1999-01-01,                                 "DATA_FIM": 2025-02-05}', '--models', 'dim_loja', '--project-dir', '/tmp/tmpz9g9gidf', '--profiles-dir', '/tmp/cosmos/profile/47873256e3df2d6067f929148b3671caee72f33396318ef25aae33418849eddf', '--profile', '***', '--target', 'prod']
 in /tmp/tmpz9g9gidf
[2025-02-05T14:55:36.816+0000] {logging_mixin.py:188} INFO - 14:55:36  Running with dbt=1.6.1
[2025-02-05T14:55:36.969+0000] {logging_mixin.py:188} INFO - 14:55:36  Registered adapter: postgres=1.6.1
[2025-02-05T14:55:37.800+0000] {logging_mixin.py:188} INFO - 14:55:37  Found 4 models, 1 snapshot, 4 seeds, 5 tests, 3 sources, 0 exposures, 0 metrics, 349 macros, 0 groups, 0 semantic models
[2025-02-05T14:55:37.812+0000] {logging_mixin.py:188} INFO - 14:55:37
[2025-02-05T14:55:38.028+0000] {logging_mixin.py:188} INFO - 14:55:38  Concurrency: 1 threads (target='prod')
[2025-02-05T14:55:38.030+0000] {logging_mixin.py:188} INFO - 14:55:38
[2025-02-05T14:55:38.037+0000] {logging_mixin.py:188} INFO - 14:55:38  1 of 1 START seed file dm_sales.dim_loja ....................................... [RUN]
[2025-02-05T14:55:38.216+0000] {logging_mixin.py:188} INFO - 14:55:38  1 of 1 OK loaded seed file dm_sales.dim_loja ................................... [INSERT 10 in 0.18s]
[2025-02-05T14:55:38.237+0000] {logging_mixin.py:188} INFO - 14:55:38
[2025-02-05T14:55:38.238+0000] {logging_mixin.py:188} INFO - 14:55:38  Finished running 1 seed in 0 hours 0 minutes and 0.42 seconds (0.42s).
[2025-02-05T14:55:38.251+0000] {logging_mixin.py:188} INFO - 14:55:38
[2025-02-05T14:55:38.253+0000] {logging_mixin.py:188} INFO - 14:55:38  Completed successfully
[2025-02-05T14:55:38.255+0000] {logging_mixin.py:188} INFO - 14:55:38
[2025-02-05T14:55:38.257+0000] {logging_mixin.py:188} INFO - 14:55:38  Done. PASS=1 WARN=0 ERROR=0 SKIP=0 TOTAL=1
[2025-02-05T14:55:39.357+0000] {local.py:138} WARNING - Artifact schema version: https://schemas.getdbt.com/dbt/manifest/v10.json is above dbt-ol supported version 7. This might cause errors.
[2025-02-05T14:55:39.360+0000] {local.py:494} INFO - Inlets: []
[2025-02-05T14:55:39.361+0000] {local.py:495} INFO - Outlets: []
[2025-02-05T14:55:39.362+0000] {local.py:595} INFO - Assigning inlets/outlets without DatasetAlias
[2025-02-05T14:55:39.362+0000] {dag.py:3096} INFO - Sync 1 DAGs
[2025-02-05T14:55:39.386+0000] {dag.py:3954} INFO - Setting next_dagrun for dag_dbt-model_sales to 2025-02-05 04:00:00+00:00, run_after=2025-02-06 04:00:00+00:00
[2025-02-05T14:55:39.410+0000] {taskinstance.py:441} INFO - ::group::Post task execution logs
[2025-02-05T14:55:39.420+0000] {taskinstance.py:1206} INFO - Marking task as SUCCESS. dag_id=dag_dbt-model_sales, task_id=model_sales.dim_loja_seed, run_id=scheduled__2025-02-04T04:00:00+00:00, execution_date=20250204T040000, start_date=20250205T145533, end_date=20250205T145539
[2025-02-05T14:55:39.465+0000] {local_task_job_runner.py:240} INFO - Task exited with return code 0
[2025-02-05T14:55:39.489+0000] {taskinstance.py:3498} INFO - 0 downstream tasks scheduled from follow-on schedule check
[2025-02-05T14:55:39.491+0000] {local_task_job_runner.py:222} INFO - ::endgroup::
[2025-02-05T15:07:01.081+0000] {local_task_job_runner.py:120} INFO - ::group::Pre task execution logs
[2025-02-05T15:07:01.098+0000] {taskinstance.py:2076} INFO - Dependencies all met for dep_context=non-requeueable deps ti=<TaskInstance: dag_dbt-model_sales.model_sales.dim_loja_seed scheduled__2025-02-04T04:00:00+00:00 [queued]>
[2025-02-05T15:07:01.105+0000] {taskinstance.py:2076} INFO - Dependencies all met for dep_context=requeueable deps ti=<TaskInstance: dag_dbt-model_sales.model_sales.dim_loja_seed scheduled__2025-02-04T04:00:00+00:00 [queued]>
[2025-02-05T15:07:01.106+0000] {taskinstance.py:2306} INFO - Starting attempt 1 of 1
[2025-02-05T15:07:01.117+0000] {taskinstance.py:2330} INFO - Executing <Task(DbtSeedLocalOperator): model_sales.dim_loja_seed> on 2025-02-04 04:00:00+00:00
[2025-02-05T15:07:01.122+0000] {standard_task_runner.py:63} INFO - Started process 110 to run task
[2025-02-05T15:07:01.125+0000] {standard_task_runner.py:90} INFO - Running: ['***', 'tasks', 'run', 'dag_dbt-model_sales', 'model_sales.dim_loja_seed', 'scheduled__2025-02-04T04:00:00+00:00', '--job-id', '5', '--raw', '--subdir', 'DAGS_FOLDER/dag_dbt-model_sales.py', '--cfg-path', '/tmp/tmpi0z53p09']
[2025-02-05T15:07:01.126+0000] {standard_task_runner.py:91} INFO - Job 5: Subtask model_sales.dim_loja_seed
[2025-02-05T15:07:01.177+0000] {task_command.py:426} INFO - Running <TaskInstance: dag_dbt-model_sales.model_sales.dim_loja_seed scheduled__2025-02-04T04:00:00+00:00 [running]> on host 5c897c3a2254
[2025-02-05T15:07:01.253+0000] {taskinstance.py:2648} INFO - Exporting env vars: AIRFLOW_CTX_DAG_OWNER='***' AIRFLOW_CTX_DAG_ID='dag_dbt-model_sales' AIRFLOW_CTX_TASK_ID='model_sales.dim_loja_seed' AIRFLOW_CTX_EXECUTION_DATE='2025-02-04T04:00:00+00:00' AIRFLOW_CTX_TRY_NUMBER='1' AIRFLOW_CTX_DAG_RUN_ID='scheduled__2025-02-04T04:00:00+00:00'
[2025-02-05T15:07:01.255+0000] {taskinstance.py:430} INFO - ::endgroup::
[2025-02-05T15:07:03.562+0000] {local.py:220} INFO - dbtRunner is available. Using dbtRunner for invoking dbt.
[2025-02-05T15:07:03.563+0000] {local.py:436} INFO - Cloning project to writable temp directory /tmp/tmphhnjn73w from /usr/local/airflow/dags/dbt/localiza_dw
[2025-02-05T15:07:03.570+0000] {local.py:447} INFO - Partial parse is enabled and the latest partial parse file is /tmp/cosmos/dag_dbt-model_sales__model_sales/target/partial_parse.msgpack
[2025-02-05T15:07:03.576+0000] {config.py:348} INFO - Profile caching is enable.
[2025-02-05T15:07:03.585+0000] {base.py:84} INFO - Using connection ID '***' for task execution.
[2025-02-05T15:07:03.586+0000] {config.py:328} INFO - Profile found in cache using profile: /tmp/cosmos/profile/47873256e3df2d6067f929148b3671caee72f33396318ef25aae33418849eddf/profiles.yml.
[2025-02-05T15:07:03.587+0000] {local.py:408} INFO - Trying to run dbtRunner with:
 ['seed', '--vars', '{"PROD": "P003", "LIMITE_QUANTIDADE": "500", "DATA_INICIO": "1999-01-01", "DATA_FIM": "2025-02-05"}', '--models', 'dim_loja', '--project-dir', '/tmp/tmphhnjn73w', '--profiles-dir', '/tmp/cosmos/profile/47873256e3df2d6067f929148b3671caee72f33396318ef25aae33418849eddf', '--profile', '***', '--target', 'prod']
 in /tmp/tmphhnjn73w
[2025-02-05T15:07:03.606+0000] {logging_mixin.py:188} INFO - 15:07:03  Running with dbt=1.6.1
[2025-02-05T15:07:03.728+0000] {logging_mixin.py:188} INFO - 15:07:03  Registered adapter: postgres=1.6.1
[2025-02-05T15:07:04.398+0000] {logging_mixin.py:188} INFO - 15:07:04  Found 4 models, 1 snapshot, 4 seeds, 5 tests, 3 sources, 0 exposures, 0 metrics, 349 macros, 0 groups, 0 semantic models
[2025-02-05T15:07:04.402+0000] {logging_mixin.py:188} INFO - 15:07:04
[2025-02-05T15:07:04.493+0000] {logging_mixin.py:188} INFO - 15:07:04  Concurrency: 1 threads (target='prod')
[2025-02-05T15:07:04.494+0000] {logging_mixin.py:188} INFO - 15:07:04
[2025-02-05T15:07:04.499+0000] {logging_mixin.py:188} INFO - 15:07:04  1 of 1 START seed file dm_sales.dim_loja ....................................... [RUN]
[2025-02-05T15:07:04.603+0000] {logging_mixin.py:188} INFO - 15:07:04  1 of 1 OK loaded seed file dm_sales.dim_loja ................................... [INSERT 10 in 0.10s]
[2025-02-05T15:07:04.617+0000] {logging_mixin.py:188} INFO - 15:07:04
[2025-02-05T15:07:04.619+0000] {logging_mixin.py:188} INFO - 15:07:04  Finished running 1 seed in 0 hours 0 minutes and 0.21 seconds (0.21s).
[2025-02-05T15:07:04.628+0000] {logging_mixin.py:188} INFO - 15:07:04
[2025-02-05T15:07:04.630+0000] {logging_mixin.py:188} INFO - 15:07:04  Completed successfully
[2025-02-05T15:07:04.631+0000] {logging_mixin.py:188} INFO - 15:07:04
[2025-02-05T15:07:04.632+0000] {logging_mixin.py:188} INFO - 15:07:04  Done. PASS=1 WARN=0 ERROR=0 SKIP=0 TOTAL=1
[2025-02-05T15:07:07.508+0000] {local.py:138} WARNING - Artifact schema version: https://schemas.getdbt.com/dbt/manifest/v10.json is above dbt-ol supported version 7. This might cause errors.
[2025-02-05T15:07:07.511+0000] {local.py:494} INFO - Inlets: []
[2025-02-05T15:07:07.512+0000] {local.py:495} INFO - Outlets: []
[2025-02-05T15:07:07.513+0000] {local.py:595} INFO - Assigning inlets/outlets without DatasetAlias
[2025-02-05T15:07:07.514+0000] {dag.py:3096} INFO - Sync 1 DAGs
[2025-02-05T15:07:07.534+0000] {dag.py:3954} INFO - Setting next_dagrun for dag_dbt-model_sales to 2025-02-05 04:00:00+00:00, run_after=2025-02-06 04:00:00+00:00
[2025-02-05T15:07:07.565+0000] {taskinstance.py:441} INFO - ::group::Post task execution logs
[2025-02-05T15:07:07.574+0000] {taskinstance.py:1206} INFO - Marking task as SUCCESS. dag_id=dag_dbt-model_sales, task_id=model_sales.dim_loja_seed, run_id=scheduled__2025-02-04T04:00:00+00:00, execution_date=20250204T040000, start_date=20250205T150701, end_date=20250205T150707
[2025-02-05T15:07:07.622+0000] {local_task_job_runner.py:240} INFO - Task exited with return code 0
[2025-02-05T15:07:07.644+0000] {taskinstance.py:3498} INFO - 0 downstream tasks scheduled from follow-on schedule check
[2025-02-05T15:07:07.647+0000] {local_task_job_runner.py:222} INFO - ::endgroup::
[2025-02-05T16:45:01.812+0000] {local_task_job_runner.py:120} INFO - ::group::Pre task execution logs
[2025-02-05T16:45:01.828+0000] {taskinstance.py:2076} INFO - Dependencies all met for dep_context=non-requeueable deps ti=<TaskInstance: dag_dbt-model_sales.model_sales.dim_loja_seed scheduled__2025-02-04T04:00:00+00:00 [queued]>
[2025-02-05T16:45:01.836+0000] {taskinstance.py:2076} INFO - Dependencies all met for dep_context=requeueable deps ti=<TaskInstance: dag_dbt-model_sales.model_sales.dim_loja_seed scheduled__2025-02-04T04:00:00+00:00 [queued]>
[2025-02-05T16:45:01.837+0000] {taskinstance.py:2306} INFO - Starting attempt 1 of 1
[2025-02-05T16:45:01.847+0000] {taskinstance.py:2330} INFO - Executing <Task(DbtSeedLocalOperator): model_sales.dim_loja_seed> on 2025-02-04 04:00:00+00:00
[2025-02-05T16:45:01.852+0000] {standard_task_runner.py:63} INFO - Started process 110 to run task
[2025-02-05T16:45:01.854+0000] {standard_task_runner.py:90} INFO - Running: ['***', 'tasks', 'run', 'dag_dbt-model_sales', 'model_sales.dim_loja_seed', 'scheduled__2025-02-04T04:00:00+00:00', '--job-id', '5', '--raw', '--subdir', 'DAGS_FOLDER/dag_dbt-model_sales.py', '--cfg-path', '/tmp/tmpbxp0nu6m']
[2025-02-05T16:45:01.856+0000] {standard_task_runner.py:91} INFO - Job 5: Subtask model_sales.dim_loja_seed
[2025-02-05T16:45:01.900+0000] {task_command.py:426} INFO - Running <TaskInstance: dag_dbt-model_sales.model_sales.dim_loja_seed scheduled__2025-02-04T04:00:00+00:00 [running]> on host 584eb3626689
[2025-02-05T16:45:01.974+0000] {taskinstance.py:2648} INFO - Exporting env vars: AIRFLOW_CTX_DAG_OWNER='***' AIRFLOW_CTX_DAG_ID='dag_dbt-model_sales' AIRFLOW_CTX_TASK_ID='model_sales.dim_loja_seed' AIRFLOW_CTX_EXECUTION_DATE='2025-02-04T04:00:00+00:00' AIRFLOW_CTX_TRY_NUMBER='1' AIRFLOW_CTX_DAG_RUN_ID='scheduled__2025-02-04T04:00:00+00:00'
[2025-02-05T16:45:01.976+0000] {taskinstance.py:430} INFO - ::endgroup::
[2025-02-05T16:45:04.031+0000] {local.py:220} INFO - dbtRunner is available. Using dbtRunner for invoking dbt.
[2025-02-05T16:45:04.032+0000] {local.py:436} INFO - Cloning project to writable temp directory /tmp/tmphvc6rucq from /usr/local/airflow/dags/dbt/localiza_dw
[2025-02-05T16:45:04.039+0000] {local.py:447} INFO - Partial parse is enabled and the latest partial parse file is /tmp/cosmos/dag_dbt-model_sales__model_sales/target/partial_parse.msgpack
[2025-02-05T16:45:04.046+0000] {config.py:348} INFO - Profile caching is enable.
[2025-02-05T16:45:04.055+0000] {base.py:84} INFO - Using connection ID '***' for task execution.
[2025-02-05T16:45:04.056+0000] {config.py:328} INFO - Profile found in cache using profile: /tmp/cosmos/profile/47873256e3df2d6067f929148b3671caee72f33396318ef25aae33418849eddf/profiles.yml.
[2025-02-05T16:45:04.057+0000] {local.py:408} INFO - Trying to run dbtRunner with:
 ['seed', '--vars', '{"PROD": "P003", "LIMITE_QUANTIDADE": "500", "DATA_INICIO": "1999-01-01", "DATA_FIM": "2025-02-05"}', '--models', 'dim_loja', '--project-dir', '/tmp/tmphvc6rucq', '--profiles-dir', '/tmp/cosmos/profile/47873256e3df2d6067f929148b3671caee72f33396318ef25aae33418849eddf', '--profile', '***', '--target', 'prod']
 in /tmp/tmphvc6rucq
[2025-02-05T16:45:04.074+0000] {logging_mixin.py:188} INFO - 16:45:04  Running with dbt=1.6.1
[2025-02-05T16:45:04.176+0000] {logging_mixin.py:188} INFO - 16:45:04  Registered adapter: postgres=1.6.1
[2025-02-05T16:45:04.756+0000] {logging_mixin.py:188} INFO - 16:45:04  Found 5 models, 1 snapshot, 4 seeds, 5 tests, 3 sources, 0 exposures, 0 metrics, 349 macros, 0 groups, 0 semantic models
[2025-02-05T16:45:04.759+0000] {logging_mixin.py:188} INFO - 16:45:04
[2025-02-05T16:45:04.829+0000] {logging_mixin.py:188} INFO - 16:45:04  Concurrency: 1 threads (target='prod')
[2025-02-05T16:45:04.830+0000] {logging_mixin.py:188} INFO - 16:45:04
[2025-02-05T16:45:04.834+0000] {logging_mixin.py:188} INFO - 16:45:04  1 of 1 START seed file dm_sales.dim_loja ....................................... [RUN]
[2025-02-05T16:45:04.918+0000] {logging_mixin.py:188} INFO - 16:45:04  1 of 1 OK loaded seed file dm_sales.dim_loja ................................... [INSERT 10 in 0.08s]
[2025-02-05T16:45:04.930+0000] {logging_mixin.py:188} INFO - 16:45:04
[2025-02-05T16:45:04.931+0000] {logging_mixin.py:188} INFO - 16:45:04  Finished running 1 seed in 0 hours 0 minutes and 0.17 seconds (0.17s).
[2025-02-05T16:45:04.940+0000] {logging_mixin.py:188} INFO - 16:45:04
[2025-02-05T16:45:04.941+0000] {logging_mixin.py:188} INFO - 16:45:04  Completed successfully
[2025-02-05T16:45:04.942+0000] {logging_mixin.py:188} INFO - 16:45:04
[2025-02-05T16:45:04.943+0000] {logging_mixin.py:188} INFO - 16:45:04  Done. PASS=1 WARN=0 ERROR=0 SKIP=0 TOTAL=1
[2025-02-05T16:45:05.706+0000] {local.py:138} WARNING - Artifact schema version: https://schemas.getdbt.com/dbt/manifest/v10.json is above dbt-ol supported version 7. This might cause errors.
[2025-02-05T16:45:05.708+0000] {local.py:494} INFO - Inlets: []
[2025-02-05T16:45:05.709+0000] {local.py:495} INFO - Outlets: []
[2025-02-05T16:45:05.710+0000] {local.py:595} INFO - Assigning inlets/outlets without DatasetAlias
[2025-02-05T16:45:05.711+0000] {dag.py:3096} INFO - Sync 1 DAGs
[2025-02-05T16:45:05.729+0000] {dag.py:3954} INFO - Setting next_dagrun for dag_dbt-model_sales to 2025-02-05 04:00:00+00:00, run_after=2025-02-06 04:00:00+00:00
[2025-02-05T16:45:05.760+0000] {taskinstance.py:441} INFO - ::group::Post task execution logs
[2025-02-05T16:45:05.768+0000] {taskinstance.py:1206} INFO - Marking task as SUCCESS. dag_id=dag_dbt-model_sales, task_id=model_sales.dim_loja_seed, run_id=scheduled__2025-02-04T04:00:00+00:00, execution_date=20250204T040000, start_date=20250205T164501, end_date=20250205T164505
[2025-02-05T16:45:05.816+0000] {local_task_job_runner.py:240} INFO - Task exited with return code 0
[2025-02-05T16:45:05.833+0000] {taskinstance.py:3498} INFO - 0 downstream tasks scheduled from follow-on schedule check
[2025-02-05T16:45:05.836+0000] {local_task_job_runner.py:222} INFO - ::endgroup::
