[2025-02-05T00:32:32.243+0000] {local_task_job_runner.py:120} INFO - ::group::Pre task execution logs
[2025-02-05T00:32:32.257+0000] {taskinstance.py:2076} INFO - Dependencies all met for dep_context=non-requeueable deps ti=<TaskInstance: dag_dbt-model_credit_fraud.model_credit_fraud.dm_transaction_type_snapshot manual__2025-02-04T00:00:00+00:00 [queued]>
[2025-02-05T00:32:32.263+0000] {taskinstance.py:2076} INFO - Dependencies all met for dep_context=requeueable deps ti=<TaskInstance: dag_dbt-model_credit_fraud.model_credit_fraud.dm_transaction_type_snapshot manual__2025-02-04T00:00:00+00:00 [queued]>
[2025-02-05T00:32:32.264+0000] {taskinstance.py:2306} INFO - Starting attempt 1 of 1
[2025-02-05T00:32:32.273+0000] {taskinstance.py:2330} INFO - Executing <Task(DbtSnapshotLocalOperator): model_credit_fraud.dm_transaction_type_snapshot> on 2025-02-04 00:00:00+00:00
[2025-02-05T00:32:32.277+0000] {standard_task_runner.py:63} INFO - Started process 2010 to run task
[2025-02-05T00:32:32.281+0000] {standard_task_runner.py:90} INFO - Running: ['***', 'tasks', 'run', 'dag_dbt-model_credit_fraud', 'model_credit_fraud.dm_transaction_type_snapshot', 'manual__2025-02-04T00:00:00+00:00', '--job-id', '40', '--raw', '--subdir', 'DAGS_FOLDER/dag_dbt-model_fraud_credit.py', '--cfg-path', '/tmp/tmpw6zgd7fg']
[2025-02-05T00:32:32.282+0000] {standard_task_runner.py:91} INFO - Job 40: Subtask model_credit_fraud.dm_transaction_type_snapshot
[2025-02-05T00:32:32.324+0000] {task_command.py:426} INFO - Running <TaskInstance: dag_dbt-model_credit_fraud.model_credit_fraud.dm_transaction_type_snapshot manual__2025-02-04T00:00:00+00:00 [running]> on host eb20c43aeeb4
[2025-02-05T00:32:32.385+0000] {taskinstance.py:2648} INFO - Exporting env vars: AIRFLOW_CTX_DAG_OWNER='***' AIRFLOW_CTX_DAG_ID='dag_dbt-model_credit_fraud' AIRFLOW_CTX_TASK_ID='model_credit_fraud.dm_transaction_type_snapshot' AIRFLOW_CTX_EXECUTION_DATE='2025-02-04T00:00:00+00:00' AIRFLOW_CTX_TRY_NUMBER='1' AIRFLOW_CTX_DAG_RUN_ID='manual__2025-02-04T00:00:00+00:00'
[2025-02-05T00:32:32.387+0000] {taskinstance.py:430} INFO - ::endgroup::
[2025-02-05T00:32:34.141+0000] {local.py:220} INFO - dbtRunner is available. Using dbtRunner for invoking dbt.
[2025-02-05T00:32:34.142+0000] {local.py:436} INFO - Cloning project to writable temp directory /tmp/tmpsai4z79i from /usr/local/airflow/dags/dbt/localiza_dw
[2025-02-05T00:32:34.145+0000] {local.py:447} INFO - Partial parse is enabled and the latest partial parse file is /tmp/cosmos/dag_dbt-model_credit_fraud__model_credit_fraud/target/partial_parse.msgpack
[2025-02-05T00:32:34.148+0000] {config.py:348} INFO - Profile caching is enable.
[2025-02-05T00:32:34.155+0000] {base.py:84} INFO - Using connection ID '***' for task execution.
[2025-02-05T00:32:34.156+0000] {config.py:328} INFO - Profile found in cache using profile: /tmp/cosmos/profile/bdc35343eb23031ee554202b16407e794194afcc614f7ea62bc658c63495a211/profiles.yml.
[2025-02-05T00:32:34.156+0000] {local.py:408} INFO - Trying to run dbtRunner with:
 ['snapshot', '--models', 'dm_transaction_type', '--project-dir', '/tmp/tmpsai4z79i', '--profiles-dir', '/tmp/cosmos/profile/bdc35343eb23031ee554202b16407e794194afcc614f7ea62bc658c63495a211', '--profile', '***', '--target', 'prod']
 in /tmp/tmpsai4z79i
[2025-02-05T00:32:34.168+0000] {logging_mixin.py:188} INFO - 00:32:34  Running with dbt=1.6.1
[2025-02-05T00:32:34.255+0000] {logging_mixin.py:188} INFO - 00:32:34  Registered adapter: postgres=1.6.1
[2025-02-05T00:32:34.508+0000] {logging_mixin.py:188} INFO - 00:32:34  Found 3 models, 1 snapshot, 5 tests, 1 source, 0 exposures, 0 metrics, 349 macros, 0 groups, 0 semantic models
[2025-02-05T00:32:34.510+0000] {logging_mixin.py:188} INFO - 00:32:34
[2025-02-05T00:32:34.557+0000] {logging_mixin.py:188} INFO - 00:32:34  Concurrency: 1 threads (target='prod')
[2025-02-05T00:32:34.559+0000] {logging_mixin.py:188} INFO - 00:32:34
[2025-02-05T00:32:34.564+0000] {logging_mixin.py:188} INFO - 00:32:34  1 of 1 START snapshot dm_credit_operations.dm_transaction_type ................. [RUN]
[2025-02-05T00:32:36.329+0000] {logging_mixin.py:188} INFO - 00:32:36  1 of 1 OK snapshotted dm_credit_operations.dm_transaction_type ................. [success in 1.76s]
[2025-02-05T00:32:36.344+0000] {logging_mixin.py:188} INFO - 00:32:36
[2025-02-05T00:32:36.345+0000] {logging_mixin.py:188} INFO - 00:32:36  Finished running 1 snapshot in 0 hours 0 minutes and 1.83 seconds (1.83s).
[2025-02-05T00:32:36.355+0000] {logging_mixin.py:188} INFO - 00:32:36
[2025-02-05T00:32:36.357+0000] {logging_mixin.py:188} INFO - 00:32:36  Completed successfully
[2025-02-05T00:32:36.358+0000] {logging_mixin.py:188} INFO - 00:32:36
[2025-02-05T00:32:36.359+0000] {logging_mixin.py:188} INFO - 00:32:36  Done. PASS=1 WARN=0 ERROR=0 SKIP=0 TOTAL=1
[2025-02-05T00:32:37.113+0000] {local.py:138} WARNING - Artifact schema version: https://schemas.getdbt.com/dbt/manifest/v10.json is above dbt-ol supported version 7. This might cause errors.
[2025-02-05T00:32:37.141+0000] {local.py:494} INFO - Inlets: [Dataset(uri='postgres://postgres-db:5432/localiza_dw.dm_credit_operations.stg_credit_fraud', extra=None)]
[2025-02-05T00:32:37.142+0000] {local.py:495} INFO - Outlets: [Dataset(uri='postgres://postgres-db:5432/localiza_dw.dm_credit_operations.dm_transaction_type', extra=None)]
[2025-02-05T00:32:37.142+0000] {local.py:595} INFO - Assigning inlets/outlets without DatasetAlias
[2025-02-05T00:32:37.143+0000] {dag.py:3096} INFO - Sync 1 DAGs
[2025-02-05T00:32:37.156+0000] {dag.py:3954} INFO - Setting next_dagrun for dag_dbt-model_credit_fraud to None, run_after=None
[2025-02-05T00:32:37.178+0000] {taskinstance.py:441} INFO - ::group::Post task execution logs
[2025-02-05T00:32:37.201+0000] {taskinstance.py:1206} INFO - Marking task as SUCCESS. dag_id=dag_dbt-model_credit_fraud, task_id=model_credit_fraud.dm_transaction_type_snapshot, run_id=manual__2025-02-04T00:00:00+00:00, execution_date=20250204T000000, start_date=20250205T003232, end_date=20250205T003237
[2025-02-05T00:32:37.236+0000] {local_task_job_runner.py:240} INFO - Task exited with return code 0
[2025-02-05T00:32:37.253+0000] {taskinstance.py:3498} INFO - 1 downstream tasks scheduled from follow-on schedule check
[2025-02-05T00:32:37.256+0000] {local_task_job_runner.py:222} INFO - ::endgroup::
[2025-02-05T01:55:50.523+0000] {local_task_job_runner.py:120} INFO - ::group::Pre task execution logs
[2025-02-05T01:55:50.539+0000] {taskinstance.py:2076} INFO - Dependencies all met for dep_context=non-requeueable deps ti=<TaskInstance: dag_dbt-model_credit_fraud.model_credit_fraud.dm_transaction_type_snapshot manual__2025-02-04T00:00:00+00:00 [queued]>
[2025-02-05T01:55:50.547+0000] {taskinstance.py:2076} INFO - Dependencies all met for dep_context=requeueable deps ti=<TaskInstance: dag_dbt-model_credit_fraud.model_credit_fraud.dm_transaction_type_snapshot manual__2025-02-04T00:00:00+00:00 [queued]>
[2025-02-05T01:55:50.548+0000] {taskinstance.py:2306} INFO - Starting attempt 1 of 1
[2025-02-05T01:55:50.565+0000] {taskinstance.py:2330} INFO - Executing <Task(DbtSnapshotLocalOperator): model_credit_fraud.dm_transaction_type_snapshot> on 2025-02-04 00:00:00+00:00
[2025-02-05T01:55:50.576+0000] {standard_task_runner.py:63} INFO - Started process 209 to run task
[2025-02-05T01:55:50.580+0000] {standard_task_runner.py:90} INFO - Running: ['***', 'tasks', 'run', 'dag_dbt-model_credit_fraud', 'model_credit_fraud.dm_transaction_type_snapshot', 'manual__2025-02-04T00:00:00+00:00', '--job-id', '10', '--raw', '--subdir', 'DAGS_FOLDER/dag_dbt-model_fraud_credit.py', '--cfg-path', '/tmp/tmpcmjvt3gm']
[2025-02-05T01:55:50.581+0000] {standard_task_runner.py:91} INFO - Job 10: Subtask model_credit_fraud.dm_transaction_type_snapshot
[2025-02-05T01:55:50.637+0000] {task_command.py:426} INFO - Running <TaskInstance: dag_dbt-model_credit_fraud.model_credit_fraud.dm_transaction_type_snapshot manual__2025-02-04T00:00:00+00:00 [running]> on host e647bfd7b2d2
[2025-02-05T01:55:50.737+0000] {taskinstance.py:2648} INFO - Exporting env vars: AIRFLOW_CTX_DAG_OWNER='***' AIRFLOW_CTX_DAG_ID='dag_dbt-model_credit_fraud' AIRFLOW_CTX_TASK_ID='model_credit_fraud.dm_transaction_type_snapshot' AIRFLOW_CTX_EXECUTION_DATE='2025-02-04T00:00:00+00:00' AIRFLOW_CTX_TRY_NUMBER='1' AIRFLOW_CTX_DAG_RUN_ID='manual__2025-02-04T00:00:00+00:00'
[2025-02-05T01:55:50.741+0000] {taskinstance.py:430} INFO - ::endgroup::
[2025-02-05T01:55:54.183+0000] {local.py:220} INFO - dbtRunner is available. Using dbtRunner for invoking dbt.
[2025-02-05T01:55:54.189+0000] {local.py:436} INFO - Cloning project to writable temp directory /tmp/tmpkn3gmnfr from /usr/local/airflow/dags/dbt/localiza_dw
[2025-02-05T01:55:54.195+0000] {local.py:447} INFO - Partial parse is enabled and the latest partial parse file is /tmp/cosmos/dag_dbt-model_credit_fraud__model_credit_fraud/target/partial_parse.msgpack
[2025-02-05T01:55:54.203+0000] {config.py:348} INFO - Profile caching is enable.
[2025-02-05T01:55:54.212+0000] {base.py:84} INFO - Using connection ID '***' for task execution.
[2025-02-05T01:55:54.214+0000] {config.py:328} INFO - Profile found in cache using profile: /tmp/cosmos/profile/bdc35343eb23031ee554202b16407e794194afcc614f7ea62bc658c63495a211/profiles.yml.
[2025-02-05T01:55:54.214+0000] {local.py:408} INFO - Trying to run dbtRunner with:
 ['snapshot', '--models', 'dm_transaction_type', '--project-dir', '/tmp/tmpkn3gmnfr', '--profiles-dir', '/tmp/cosmos/profile/bdc35343eb23031ee554202b16407e794194afcc614f7ea62bc658c63495a211', '--profile', '***', '--target', 'prod']
 in /tmp/tmpkn3gmnfr
[2025-02-05T01:55:54.230+0000] {logging_mixin.py:188} INFO - 01:55:54  Running with dbt=1.6.1
[2025-02-05T01:55:54.336+0000] {logging_mixin.py:188} INFO - 01:55:54  Registered adapter: postgres=1.6.1
[2025-02-05T01:55:54.693+0000] {logging_mixin.py:188} INFO - 01:55:54  Found 3 models, 1 snapshot, 5 tests, 1 source, 0 exposures, 0 metrics, 349 macros, 0 groups, 0 semantic models
[2025-02-05T01:55:54.697+0000] {logging_mixin.py:188} INFO - 01:55:54
[2025-02-05T01:55:54.758+0000] {logging_mixin.py:188} INFO - 01:55:54  Concurrency: 1 threads (target='prod')
[2025-02-05T01:55:54.759+0000] {logging_mixin.py:188} INFO - 01:55:54
[2025-02-05T01:55:54.763+0000] {logging_mixin.py:188} INFO - 01:55:54  1 of 1 START snapshot dm_credit_operations.dm_transaction_type ................. [RUN]
[2025-02-05T01:55:56.469+0000] {logging_mixin.py:188} INFO - 01:55:56  1 of 1 OK snapshotted dm_credit_operations.dm_transaction_type ................. [success in 1.70s]
[2025-02-05T01:55:56.482+0000] {logging_mixin.py:188} INFO - 01:55:56
[2025-02-05T01:55:56.483+0000] {logging_mixin.py:188} INFO - 01:55:56  Finished running 1 snapshot in 0 hours 0 minutes and 1.78 seconds (1.78s).
[2025-02-05T01:55:56.492+0000] {logging_mixin.py:188} INFO - 01:55:56
[2025-02-05T01:55:56.493+0000] {logging_mixin.py:188} INFO - 01:55:56  Completed successfully
[2025-02-05T01:55:56.494+0000] {logging_mixin.py:188} INFO - 01:55:56
[2025-02-05T01:55:56.494+0000] {logging_mixin.py:188} INFO - 01:55:56  Done. PASS=1 WARN=0 ERROR=0 SKIP=0 TOTAL=1
[2025-02-05T01:55:59.010+0000] {local.py:138} WARNING - Artifact schema version: https://schemas.getdbt.com/dbt/manifest/v10.json is above dbt-ol supported version 7. This might cause errors.
[2025-02-05T01:55:59.063+0000] {local.py:494} INFO - Inlets: [Dataset(uri='postgres://postgres-db:5432/localiza_dw.dm_credit_operations.stg_credit_fraud', extra=None)]
[2025-02-05T01:55:59.063+0000] {local.py:495} INFO - Outlets: [Dataset(uri='postgres://postgres-db:5432/localiza_dw.dm_credit_operations.dm_transaction_type', extra=None)]
[2025-02-05T01:55:59.064+0000] {local.py:595} INFO - Assigning inlets/outlets without DatasetAlias
[2025-02-05T01:55:59.064+0000] {dag.py:3096} INFO - Sync 1 DAGs
[2025-02-05T01:55:59.081+0000] {dag.py:3954} INFO - Setting next_dagrun for dag_dbt-model_credit_fraud to None, run_after=None
[2025-02-05T01:55:59.119+0000] {taskinstance.py:441} INFO - ::group::Post task execution logs
[2025-02-05T01:55:59.155+0000] {taskinstance.py:1206} INFO - Marking task as SUCCESS. dag_id=dag_dbt-model_credit_fraud, task_id=model_credit_fraud.dm_transaction_type_snapshot, run_id=manual__2025-02-04T00:00:00+00:00, execution_date=20250204T000000, start_date=20250205T015550, end_date=20250205T015559
[2025-02-05T01:55:59.221+0000] {local_task_job_runner.py:240} INFO - Task exited with return code 0
[2025-02-05T01:55:59.245+0000] {taskinstance.py:3498} INFO - 1 downstream tasks scheduled from follow-on schedule check
[2025-02-05T01:55:59.250+0000] {local_task_job_runner.py:222} INFO - ::endgroup::
[2025-02-05T14:07:15.425+0000] {local_task_job_runner.py:120} INFO - ::group::Pre task execution logs
[2025-02-05T14:07:15.446+0000] {taskinstance.py:2076} INFO - Dependencies all met for dep_context=non-requeueable deps ti=<TaskInstance: dag_dbt-model_credit_fraud.model_credit_fraud.dm_transaction_type_snapshot manual__2025-02-04T00:00:00+00:00 [queued]>
[2025-02-05T14:07:15.461+0000] {taskinstance.py:2076} INFO - Dependencies all met for dep_context=requeueable deps ti=<TaskInstance: dag_dbt-model_credit_fraud.model_credit_fraud.dm_transaction_type_snapshot manual__2025-02-04T00:00:00+00:00 [queued]>
[2025-02-05T14:07:15.462+0000] {taskinstance.py:2306} INFO - Starting attempt 1 of 1
[2025-02-05T14:07:15.477+0000] {taskinstance.py:2330} INFO - Executing <Task(DbtSnapshotLocalOperator): model_credit_fraud.dm_transaction_type_snapshot> on 2025-02-04 00:00:00+00:00
[2025-02-05T14:07:15.485+0000] {standard_task_runner.py:63} INFO - Started process 4683 to run task
[2025-02-05T14:07:15.489+0000] {standard_task_runner.py:90} INFO - Running: ['***', 'tasks', 'run', 'dag_dbt-model_credit_fraud', 'model_credit_fraud.dm_transaction_type_snapshot', 'manual__2025-02-04T00:00:00+00:00', '--job-id', '138', '--raw', '--subdir', 'DAGS_FOLDER/dag_dbt-model_fraud_credit.py', '--cfg-path', '/tmp/tmplidecdzs']
[2025-02-05T14:07:15.491+0000] {standard_task_runner.py:91} INFO - Job 138: Subtask model_credit_fraud.dm_transaction_type_snapshot
[2025-02-05T14:07:15.576+0000] {task_command.py:426} INFO - Running <TaskInstance: dag_dbt-model_credit_fraud.model_credit_fraud.dm_transaction_type_snapshot manual__2025-02-04T00:00:00+00:00 [running]> on host 98025f4a542d
[2025-02-05T14:07:15.684+0000] {taskinstance.py:2648} INFO - Exporting env vars: AIRFLOW_CTX_DAG_OWNER='***' AIRFLOW_CTX_DAG_ID='dag_dbt-model_credit_fraud' AIRFLOW_CTX_TASK_ID='model_credit_fraud.dm_transaction_type_snapshot' AIRFLOW_CTX_EXECUTION_DATE='2025-02-04T00:00:00+00:00' AIRFLOW_CTX_TRY_NUMBER='1' AIRFLOW_CTX_DAG_RUN_ID='manual__2025-02-04T00:00:00+00:00'
[2025-02-05T14:07:15.690+0000] {taskinstance.py:430} INFO - ::endgroup::
[2025-02-05T14:07:19.599+0000] {local.py:220} INFO - dbtRunner is available. Using dbtRunner for invoking dbt.
[2025-02-05T14:07:19.602+0000] {local.py:436} INFO - Cloning project to writable temp directory /tmp/tmpwjtts9j_ from /usr/local/airflow/dags/dbt/localiza_dw
[2025-02-05T14:07:19.611+0000] {local.py:447} INFO - Partial parse is enabled and the latest partial parse file is /tmp/cosmos/dag_dbt-model_credit_fraud__model_credit_fraud/target/partial_parse.msgpack
[2025-02-05T14:07:19.624+0000] {config.py:348} INFO - Profile caching is enable.
[2025-02-05T14:07:19.638+0000] {base.py:84} INFO - Using connection ID '***' for task execution.
[2025-02-05T14:07:19.640+0000] {config.py:328} INFO - Profile found in cache using profile: /tmp/cosmos/profile/bdc35343eb23031ee554202b16407e794194afcc614f7ea62bc658c63495a211/profiles.yml.
[2025-02-05T14:07:19.641+0000] {local.py:408} INFO - Trying to run dbtRunner with:
 ['snapshot', '--models', 'dm_transaction_type', '--project-dir', '/tmp/tmpwjtts9j_', '--profiles-dir', '/tmp/cosmos/profile/bdc35343eb23031ee554202b16407e794194afcc614f7ea62bc658c63495a211', '--profile', '***', '--target', 'prod']
 in /tmp/tmpwjtts9j_
[2025-02-05T14:07:19.666+0000] {logging_mixin.py:188} INFO - 14:07:19  Running with dbt=1.6.1
[2025-02-05T14:07:19.869+0000] {logging_mixin.py:188} INFO - 14:07:19  Registered adapter: postgres=1.6.1
[2025-02-05T14:07:20.915+0000] {logging_mixin.py:188} INFO - 14:07:20  Found 4 models, 1 snapshot, 4 seeds, 5 tests, 3 sources, 0 exposures, 0 metrics, 349 macros, 0 groups, 0 semantic models
[2025-02-05T14:07:20.920+0000] {logging_mixin.py:188} INFO - 14:07:20
[2025-02-05T14:07:21.011+0000] {logging_mixin.py:188} INFO - 14:07:21  Concurrency: 1 threads (target='prod')
[2025-02-05T14:07:21.014+0000] {logging_mixin.py:188} INFO - 14:07:21
[2025-02-05T14:07:21.025+0000] {logging_mixin.py:188} INFO - 14:07:21  1 of 1 START snapshot dm_credit_operations.dm_transaction_type ................. [RUN]
[2025-02-05T14:07:23.828+0000] {logging_mixin.py:188} INFO - 14:07:23  1 of 1 OK snapshotted dm_credit_operations.dm_transaction_type ................. [success in 2.80s]
[2025-02-05T14:07:23.848+0000] {logging_mixin.py:188} INFO - 14:07:23
[2025-02-05T14:07:23.850+0000] {logging_mixin.py:188} INFO - 14:07:23  Finished running 1 snapshot in 0 hours 0 minutes and 2.93 seconds (2.93s).
[2025-02-05T14:07:23.867+0000] {logging_mixin.py:188} INFO - 14:07:23
[2025-02-05T14:07:23.869+0000] {logging_mixin.py:188} INFO - 14:07:23  Completed successfully
[2025-02-05T14:07:23.871+0000] {logging_mixin.py:188} INFO - 14:07:23
[2025-02-05T14:07:23.872+0000] {logging_mixin.py:188} INFO - 14:07:23  Done. PASS=1 WARN=0 ERROR=0 SKIP=0 TOTAL=1
[2025-02-05T14:07:24.969+0000] {local.py:138} WARNING - Artifact schema version: https://schemas.getdbt.com/dbt/manifest/v10.json is above dbt-ol supported version 7. This might cause errors.
[2025-02-05T14:07:25.027+0000] {local.py:494} INFO - Inlets: [Dataset(uri='postgres://postgres-db:5432/localiza_dw.dm_credit_operations.stg_credit_fraud', extra=None)]
[2025-02-05T14:07:25.028+0000] {local.py:495} INFO - Outlets: [Dataset(uri='postgres://postgres-db:5432/localiza_dw.dm_credit_operations.dm_transaction_type', extra=None)]
[2025-02-05T14:07:25.029+0000] {local.py:595} INFO - Assigning inlets/outlets without DatasetAlias
[2025-02-05T14:07:25.030+0000] {dag.py:3096} INFO - Sync 1 DAGs
[2025-02-05T14:07:25.048+0000] {dag.py:3954} INFO - Setting next_dagrun for dag_dbt-model_credit_fraud to None, run_after=None
[2025-02-05T14:07:25.097+0000] {taskinstance.py:441} INFO - ::group::Post task execution logs
[2025-02-05T14:07:25.143+0000] {taskinstance.py:1206} INFO - Marking task as SUCCESS. dag_id=dag_dbt-model_credit_fraud, task_id=model_credit_fraud.dm_transaction_type_snapshot, run_id=manual__2025-02-04T00:00:00+00:00, execution_date=20250204T000000, start_date=20250205T140715, end_date=20250205T140725
[2025-02-05T14:07:25.189+0000] {local_task_job_runner.py:240} INFO - Task exited with return code 0
[2025-02-05T14:07:25.229+0000] {taskinstance.py:3498} INFO - 1 downstream tasks scheduled from follow-on schedule check
[2025-02-05T14:07:25.235+0000] {local_task_job_runner.py:222} INFO - ::endgroup::
[2025-02-05T14:32:02.760+0000] {local_task_job_runner.py:120} INFO - ::group::Pre task execution logs
[2025-02-05T14:32:02.777+0000] {taskinstance.py:2076} INFO - Dependencies all met for dep_context=non-requeueable deps ti=<TaskInstance: dag_dbt-model_credit_fraud.model_credit_fraud.dm_transaction_type_snapshot manual__2025-02-04T00:00:00+00:00 [queued]>
[2025-02-05T14:32:02.788+0000] {taskinstance.py:2076} INFO - Dependencies all met for dep_context=requeueable deps ti=<TaskInstance: dag_dbt-model_credit_fraud.model_credit_fraud.dm_transaction_type_snapshot manual__2025-02-04T00:00:00+00:00 [queued]>
[2025-02-05T14:32:02.789+0000] {taskinstance.py:2306} INFO - Starting attempt 1 of 1
[2025-02-05T14:32:02.806+0000] {taskinstance.py:2330} INFO - Executing <Task(DbtSnapshotLocalOperator): model_credit_fraud.dm_transaction_type_snapshot> on 2025-02-04 00:00:00+00:00
[2025-02-05T14:32:02.811+0000] {standard_task_runner.py:63} INFO - Started process 296 to run task
[2025-02-05T14:32:02.815+0000] {standard_task_runner.py:90} INFO - Running: ['***', 'tasks', 'run', 'dag_dbt-model_credit_fraud', 'model_credit_fraud.dm_transaction_type_snapshot', 'manual__2025-02-04T00:00:00+00:00', '--job-id', '14', '--raw', '--subdir', 'DAGS_FOLDER/dag_dbt-model_fraud_credit.py', '--cfg-path', '/tmp/tmppgi97wry']
[2025-02-05T14:32:02.816+0000] {standard_task_runner.py:91} INFO - Job 14: Subtask model_credit_fraud.dm_transaction_type_snapshot
[2025-02-05T14:32:02.877+0000] {task_command.py:426} INFO - Running <TaskInstance: dag_dbt-model_credit_fraud.model_credit_fraud.dm_transaction_type_snapshot manual__2025-02-04T00:00:00+00:00 [running]> on host eb17fa5f9c23
[2025-02-05T14:32:02.965+0000] {taskinstance.py:2648} INFO - Exporting env vars: AIRFLOW_CTX_DAG_OWNER='***' AIRFLOW_CTX_DAG_ID='dag_dbt-model_credit_fraud' AIRFLOW_CTX_TASK_ID='model_credit_fraud.dm_transaction_type_snapshot' AIRFLOW_CTX_EXECUTION_DATE='2025-02-04T00:00:00+00:00' AIRFLOW_CTX_TRY_NUMBER='1' AIRFLOW_CTX_DAG_RUN_ID='manual__2025-02-04T00:00:00+00:00'
[2025-02-05T14:32:02.967+0000] {taskinstance.py:430} INFO - ::endgroup::
[2025-02-05T14:32:05.918+0000] {local.py:220} INFO - dbtRunner is available. Using dbtRunner for invoking dbt.
[2025-02-05T14:32:05.919+0000] {local.py:436} INFO - Cloning project to writable temp directory /tmp/tmppxh8ecgq from /usr/local/airflow/dags/dbt/localiza_dw
[2025-02-05T14:32:05.927+0000] {local.py:447} INFO - Partial parse is enabled and the latest partial parse file is /tmp/cosmos/dag_dbt-model_credit_fraud__model_credit_fraud/target/partial_parse.msgpack
[2025-02-05T14:32:05.934+0000] {config.py:348} INFO - Profile caching is enable.
[2025-02-05T14:32:05.945+0000] {base.py:84} INFO - Using connection ID '***' for task execution.
[2025-02-05T14:32:05.948+0000] {config.py:328} INFO - Profile found in cache using profile: /tmp/cosmos/profile/bdc35343eb23031ee554202b16407e794194afcc614f7ea62bc658c63495a211/profiles.yml.
[2025-02-05T14:32:05.949+0000] {local.py:408} INFO - Trying to run dbtRunner with:
 ['snapshot', '--models', 'dm_transaction_type', '--project-dir', '/tmp/tmppxh8ecgq', '--profiles-dir', '/tmp/cosmos/profile/bdc35343eb23031ee554202b16407e794194afcc614f7ea62bc658c63495a211', '--profile', '***', '--target', 'prod']
 in /tmp/tmppxh8ecgq
[2025-02-05T14:32:05.972+0000] {logging_mixin.py:188} INFO - 14:32:05  Running with dbt=1.6.1
[2025-02-05T14:32:06.103+0000] {logging_mixin.py:188} INFO - 14:32:06  Registered adapter: postgres=1.6.1
[2025-02-05T14:32:05.237+0000] {logging_mixin.py:188} INFO - 14:32:05  Found 4 models, 1 snapshot, 4 seeds, 5 tests, 3 sources, 0 exposures, 0 metrics, 349 macros, 0 groups, 0 semantic models
[2025-02-05T14:32:05.242+0000] {logging_mixin.py:188} INFO - 14:32:05
[2025-02-05T14:32:05.321+0000] {logging_mixin.py:188} INFO - 14:32:05  Concurrency: 1 threads (target='prod')
[2025-02-05T14:32:05.322+0000] {logging_mixin.py:188} INFO - 14:32:05
[2025-02-05T14:32:05.328+0000] {logging_mixin.py:188} INFO - 14:32:05  1 of 1 START snapshot dm_credit_operations.dm_transaction_type ................. [RUN]
[2025-02-05T14:32:07.492+0000] {logging_mixin.py:188} INFO - 14:32:07  1 of 1 OK snapshotted dm_credit_operations.dm_transaction_type ................. [success in 2.16s]
[2025-02-05T14:32:07.507+0000] {logging_mixin.py:188} INFO - 14:32:07
[2025-02-05T14:32:07.509+0000] {logging_mixin.py:188} INFO - 14:32:07  Finished running 1 snapshot in 0 hours 0 minutes and 2.26 seconds (2.26s).
[2025-02-05T14:32:07.521+0000] {logging_mixin.py:188} INFO - 14:32:07
[2025-02-05T14:32:07.522+0000] {logging_mixin.py:188} INFO - 14:32:07  Completed successfully
[2025-02-05T14:32:07.523+0000] {logging_mixin.py:188} INFO - 14:32:07
[2025-02-05T14:32:07.524+0000] {logging_mixin.py:188} INFO - 14:32:07  Done. PASS=1 WARN=0 ERROR=0 SKIP=0 TOTAL=1
[2025-02-05T14:32:08.292+0000] {local.py:138} WARNING - Artifact schema version: https://schemas.getdbt.com/dbt/manifest/v10.json is above dbt-ol supported version 7. This might cause errors.
[2025-02-05T14:32:08.338+0000] {local.py:494} INFO - Inlets: [Dataset(uri='postgres://postgres-db:5432/localiza_dw.dm_credit_operations.stg_credit_fraud', extra=None)]
[2025-02-05T14:32:08.339+0000] {local.py:495} INFO - Outlets: [Dataset(uri='postgres://postgres-db:5432/localiza_dw.dm_credit_operations.dm_transaction_type', extra=None)]
[2025-02-05T14:32:08.339+0000] {local.py:595} INFO - Assigning inlets/outlets without DatasetAlias
[2025-02-05T14:32:08.340+0000] {dag.py:3096} INFO - Sync 1 DAGs
[2025-02-05T14:32:08.352+0000] {dag.py:3954} INFO - Setting next_dagrun for dag_dbt-model_credit_fraud to None, run_after=None
[2025-02-05T14:32:08.396+0000] {taskinstance.py:441} INFO - ::group::Post task execution logs
[2025-02-05T14:32:08.429+0000] {taskinstance.py:1206} INFO - Marking task as SUCCESS. dag_id=dag_dbt-model_credit_fraud, task_id=model_credit_fraud.dm_transaction_type_snapshot, run_id=manual__2025-02-04T00:00:00+00:00, execution_date=20250204T000000, start_date=20250205T143202, end_date=20250205T143208
[2025-02-05T14:32:08.468+0000] {local_task_job_runner.py:240} INFO - Task exited with return code 0
[2025-02-05T14:32:08.486+0000] {taskinstance.py:3498} INFO - 0 downstream tasks scheduled from follow-on schedule check
[2025-02-05T14:32:08.489+0000] {local_task_job_runner.py:222} INFO - ::endgroup::
[2025-02-05T14:57:28.348+0000] {local_task_job_runner.py:120} INFO - ::group::Pre task execution logs
[2025-02-05T14:57:28.362+0000] {taskinstance.py:2076} INFO - Dependencies all met for dep_context=non-requeueable deps ti=<TaskInstance: dag_dbt-model_credit_fraud.model_credit_fraud.dm_transaction_type_snapshot manual__2025-02-04T00:00:00+00:00 [queued]>
[2025-02-05T14:57:28.371+0000] {taskinstance.py:2076} INFO - Dependencies all met for dep_context=requeueable deps ti=<TaskInstance: dag_dbt-model_credit_fraud.model_credit_fraud.dm_transaction_type_snapshot manual__2025-02-04T00:00:00+00:00 [queued]>
[2025-02-05T14:57:28.372+0000] {taskinstance.py:2306} INFO - Starting attempt 1 of 1
[2025-02-05T14:57:28.384+0000] {taskinstance.py:2330} INFO - Executing <Task(DbtSnapshotLocalOperator): model_credit_fraud.dm_transaction_type_snapshot> on 2025-02-04 00:00:00+00:00
[2025-02-05T14:57:28.388+0000] {standard_task_runner.py:63} INFO - Started process 296 to run task
[2025-02-05T14:57:28.391+0000] {standard_task_runner.py:90} INFO - Running: ['***', 'tasks', 'run', 'dag_dbt-model_credit_fraud', 'model_credit_fraud.dm_transaction_type_snapshot', 'manual__2025-02-04T00:00:00+00:00', '--job-id', '14', '--raw', '--subdir', 'DAGS_FOLDER/dag_dbt-model_fraud_credit.py', '--cfg-path', '/tmp/tmpbtnvtjcs']
[2025-02-05T14:57:28.392+0000] {standard_task_runner.py:91} INFO - Job 14: Subtask model_credit_fraud.dm_transaction_type_snapshot
[2025-02-05T14:57:28.438+0000] {task_command.py:426} INFO - Running <TaskInstance: dag_dbt-model_credit_fraud.model_credit_fraud.dm_transaction_type_snapshot manual__2025-02-04T00:00:00+00:00 [running]> on host 7c7f80fafcb7
[2025-02-05T14:57:28.513+0000] {taskinstance.py:2648} INFO - Exporting env vars: AIRFLOW_CTX_DAG_OWNER='***' AIRFLOW_CTX_DAG_ID='dag_dbt-model_credit_fraud' AIRFLOW_CTX_TASK_ID='model_credit_fraud.dm_transaction_type_snapshot' AIRFLOW_CTX_EXECUTION_DATE='2025-02-04T00:00:00+00:00' AIRFLOW_CTX_TRY_NUMBER='1' AIRFLOW_CTX_DAG_RUN_ID='manual__2025-02-04T00:00:00+00:00'
[2025-02-05T14:57:28.515+0000] {taskinstance.py:430} INFO - ::endgroup::
[2025-02-05T14:57:30.712+0000] {local.py:220} INFO - dbtRunner is available. Using dbtRunner for invoking dbt.
[2025-02-05T14:57:30.713+0000] {local.py:436} INFO - Cloning project to writable temp directory /tmp/tmps9his3bg from /usr/local/airflow/dags/dbt/localiza_dw
[2025-02-05T14:57:30.720+0000] {local.py:447} INFO - Partial parse is enabled and the latest partial parse file is /tmp/cosmos/dag_dbt-model_credit_fraud__model_credit_fraud/target/partial_parse.msgpack
[2025-02-05T14:57:30.725+0000] {config.py:348} INFO - Profile caching is enable.
[2025-02-05T14:57:30.733+0000] {base.py:84} INFO - Using connection ID '***' for task execution.
[2025-02-05T14:57:30.734+0000] {config.py:328} INFO - Profile found in cache using profile: /tmp/cosmos/profile/bdc35343eb23031ee554202b16407e794194afcc614f7ea62bc658c63495a211/profiles.yml.
[2025-02-05T14:57:30.735+0000] {local.py:408} INFO - Trying to run dbtRunner with:
 ['snapshot', '--models', 'dm_transaction_type', '--project-dir', '/tmp/tmps9his3bg', '--profiles-dir', '/tmp/cosmos/profile/bdc35343eb23031ee554202b16407e794194afcc614f7ea62bc658c63495a211', '--profile', '***', '--target', 'prod']
 in /tmp/tmps9his3bg
[2025-02-05T14:57:30.752+0000] {logging_mixin.py:188} INFO - 14:57:30  Running with dbt=1.6.1
[2025-02-05T14:57:30.851+0000] {logging_mixin.py:188} INFO - 14:57:30  Registered adapter: postgres=1.6.1
[2025-02-05T14:57:31.420+0000] {logging_mixin.py:188} INFO - 14:57:31  Found 4 models, 1 snapshot, 4 seeds, 5 tests, 3 sources, 0 exposures, 0 metrics, 349 macros, 0 groups, 0 semantic models
[2025-02-05T14:57:31.424+0000] {logging_mixin.py:188} INFO - 14:57:31
[2025-02-05T14:57:31.486+0000] {logging_mixin.py:188} INFO - 14:57:31  Concurrency: 1 threads (target='prod')
[2025-02-05T14:57:31.488+0000] {logging_mixin.py:188} INFO - 14:57:31
[2025-02-05T14:57:31.492+0000] {logging_mixin.py:188} INFO - 14:57:31  1 of 1 START snapshot dm_credit_operations.dm_transaction_type ................. [RUN]
[2025-02-05T14:57:33.063+0000] {logging_mixin.py:188} INFO - 14:57:33  1 of 1 OK snapshotted dm_credit_operations.dm_transaction_type ................. [success in 1.57s]
[2025-02-05T14:57:33.078+0000] {logging_mixin.py:188} INFO - 14:57:33
[2025-02-05T14:57:33.080+0000] {logging_mixin.py:188} INFO - 14:57:33  Finished running 1 snapshot in 0 hours 0 minutes and 1.65 seconds (1.65s).
[2025-02-05T14:57:33.091+0000] {logging_mixin.py:188} INFO - 14:57:33
[2025-02-05T14:57:33.093+0000] {logging_mixin.py:188} INFO - 14:57:33  Completed successfully
[2025-02-05T14:57:33.094+0000] {logging_mixin.py:188} INFO - 14:57:33
[2025-02-05T14:57:33.095+0000] {logging_mixin.py:188} INFO - 14:57:33  Done. PASS=1 WARN=0 ERROR=0 SKIP=0 TOTAL=1
[2025-02-05T14:57:33.867+0000] {local.py:138} WARNING - Artifact schema version: https://schemas.getdbt.com/dbt/manifest/v10.json is above dbt-ol supported version 7. This might cause errors.
[2025-02-05T14:57:33.904+0000] {local.py:494} INFO - Inlets: [Dataset(uri='postgres://postgres-db:5432/localiza_dw.dm_credit_operations.stg_credit_fraud', extra=None)]
[2025-02-05T14:57:33.904+0000] {local.py:495} INFO - Outlets: [Dataset(uri='postgres://postgres-db:5432/localiza_dw.dm_credit_operations.dm_transaction_type', extra=None)]
[2025-02-05T14:57:33.905+0000] {local.py:595} INFO - Assigning inlets/outlets without DatasetAlias
[2025-02-05T14:57:33.905+0000] {dag.py:3096} INFO - Sync 1 DAGs
[2025-02-05T14:57:33.918+0000] {dag.py:3954} INFO - Setting next_dagrun for dag_dbt-model_credit_fraud to None, run_after=None
[2025-02-05T14:57:33.959+0000] {taskinstance.py:441} INFO - ::group::Post task execution logs
[2025-02-05T14:57:33.987+0000] {taskinstance.py:1206} INFO - Marking task as SUCCESS. dag_id=dag_dbt-model_credit_fraud, task_id=model_credit_fraud.dm_transaction_type_snapshot, run_id=manual__2025-02-04T00:00:00+00:00, execution_date=20250204T000000, start_date=20250205T145728, end_date=20250205T145733
[2025-02-05T14:57:34.037+0000] {local_task_job_runner.py:240} INFO - Task exited with return code 0
[2025-02-05T14:57:34.055+0000] {taskinstance.py:3498} INFO - 1 downstream tasks scheduled from follow-on schedule check
[2025-02-05T14:57:34.056+0000] {local_task_job_runner.py:222} INFO - ::endgroup::
[2025-02-05T15:09:04.785+0000] {local_task_job_runner.py:120} INFO - ::group::Pre task execution logs
[2025-02-05T15:09:04.798+0000] {taskinstance.py:2076} INFO - Dependencies all met for dep_context=non-requeueable deps ti=<TaskInstance: dag_dbt-model_credit_fraud.model_credit_fraud.dm_transaction_type_snapshot manual__2025-02-04T00:00:00+00:00 [queued]>
[2025-02-05T15:09:04.808+0000] {taskinstance.py:2076} INFO - Dependencies all met for dep_context=requeueable deps ti=<TaskInstance: dag_dbt-model_credit_fraud.model_credit_fraud.dm_transaction_type_snapshot manual__2025-02-04T00:00:00+00:00 [queued]>
[2025-02-05T15:09:04.808+0000] {taskinstance.py:2306} INFO - Starting attempt 1 of 1
[2025-02-05T15:09:04.821+0000] {taskinstance.py:2330} INFO - Executing <Task(DbtSnapshotLocalOperator): model_credit_fraud.dm_transaction_type_snapshot> on 2025-02-04 00:00:00+00:00
[2025-02-05T15:09:04.826+0000] {standard_task_runner.py:63} INFO - Started process 296 to run task
[2025-02-05T15:09:04.828+0000] {standard_task_runner.py:90} INFO - Running: ['***', 'tasks', 'run', 'dag_dbt-model_credit_fraud', 'model_credit_fraud.dm_transaction_type_snapshot', 'manual__2025-02-04T00:00:00+00:00', '--job-id', '14', '--raw', '--subdir', 'DAGS_FOLDER/dag_dbt-model_fraud_credit.py', '--cfg-path', '/tmp/tmp8par93h0']
[2025-02-05T15:09:04.829+0000] {standard_task_runner.py:91} INFO - Job 14: Subtask model_credit_fraud.dm_transaction_type_snapshot
[2025-02-05T15:09:04.873+0000] {task_command.py:426} INFO - Running <TaskInstance: dag_dbt-model_credit_fraud.model_credit_fraud.dm_transaction_type_snapshot manual__2025-02-04T00:00:00+00:00 [running]> on host 5c897c3a2254
[2025-02-05T15:09:04.936+0000] {taskinstance.py:2648} INFO - Exporting env vars: AIRFLOW_CTX_DAG_OWNER='***' AIRFLOW_CTX_DAG_ID='dag_dbt-model_credit_fraud' AIRFLOW_CTX_TASK_ID='model_credit_fraud.dm_transaction_type_snapshot' AIRFLOW_CTX_EXECUTION_DATE='2025-02-04T00:00:00+00:00' AIRFLOW_CTX_TRY_NUMBER='1' AIRFLOW_CTX_DAG_RUN_ID='manual__2025-02-04T00:00:00+00:00'
[2025-02-05T15:09:04.938+0000] {taskinstance.py:430} INFO - ::endgroup::
[2025-02-05T15:09:06.982+0000] {local.py:220} INFO - dbtRunner is available. Using dbtRunner for invoking dbt.
[2025-02-05T15:09:06.983+0000] {local.py:436} INFO - Cloning project to writable temp directory /tmp/tmp16lvzlvl from /usr/local/airflow/dags/dbt/localiza_dw
[2025-02-05T15:09:06.990+0000] {local.py:447} INFO - Partial parse is enabled and the latest partial parse file is /tmp/cosmos/dag_dbt-model_credit_fraud__model_credit_fraud/target/partial_parse.msgpack
[2025-02-05T15:09:06.995+0000] {config.py:348} INFO - Profile caching is enable.
[2025-02-05T15:09:07.004+0000] {base.py:84} INFO - Using connection ID '***' for task execution.
[2025-02-05T15:09:07.005+0000] {config.py:328} INFO - Profile found in cache using profile: /tmp/cosmos/profile/bdc35343eb23031ee554202b16407e794194afcc614f7ea62bc658c63495a211/profiles.yml.
[2025-02-05T15:09:07.006+0000] {local.py:408} INFO - Trying to run dbtRunner with:
 ['snapshot', '--models', 'dm_transaction_type', '--project-dir', '/tmp/tmp16lvzlvl', '--profiles-dir', '/tmp/cosmos/profile/bdc35343eb23031ee554202b16407e794194afcc614f7ea62bc658c63495a211', '--profile', '***', '--target', 'prod']
 in /tmp/tmp16lvzlvl
[2025-02-05T15:09:07.021+0000] {logging_mixin.py:188} INFO - 15:09:07  Running with dbt=1.6.1
[2025-02-05T15:09:07.127+0000] {logging_mixin.py:188} INFO - 15:09:07  Registered adapter: postgres=1.6.1
[2025-02-05T15:09:07.667+0000] {logging_mixin.py:188} INFO - 15:09:07  Found 4 models, 1 snapshot, 4 seeds, 5 tests, 3 sources, 0 exposures, 0 metrics, 349 macros, 0 groups, 0 semantic models
[2025-02-05T15:09:07.669+0000] {logging_mixin.py:188} INFO - 15:09:07
[2025-02-05T15:09:07.731+0000] {logging_mixin.py:188} INFO - 15:09:07  Concurrency: 1 threads (target='prod')
[2025-02-05T15:09:07.732+0000] {logging_mixin.py:188} INFO - 15:09:07
[2025-02-05T15:09:07.736+0000] {logging_mixin.py:188} INFO - 15:09:07  1 of 1 START snapshot dm_credit_operations.dm_transaction_type ................. [RUN]
[2025-02-05T15:09:09.233+0000] {logging_mixin.py:188} INFO - 15:09:09  1 of 1 OK snapshotted dm_credit_operations.dm_transaction_type ................. [success in 1.50s]
[2025-02-05T15:09:09.247+0000] {logging_mixin.py:188} INFO - 15:09:09
[2025-02-05T15:09:09.248+0000] {logging_mixin.py:188} INFO - 15:09:09  Finished running 1 snapshot in 0 hours 0 minutes and 1.58 seconds (1.58s).
[2025-02-05T15:09:09.259+0000] {logging_mixin.py:188} INFO - 15:09:09
[2025-02-05T15:09:09.261+0000] {logging_mixin.py:188} INFO - 15:09:09  Completed successfully
[2025-02-05T15:09:09.262+0000] {logging_mixin.py:188} INFO - 15:09:09
[2025-02-05T15:09:09.263+0000] {logging_mixin.py:188} INFO - 15:09:09  Done. PASS=1 WARN=0 ERROR=0 SKIP=0 TOTAL=1
[2025-02-05T15:09:10.026+0000] {local.py:138} WARNING - Artifact schema version: https://schemas.getdbt.com/dbt/manifest/v10.json is above dbt-ol supported version 7. This might cause errors.
[2025-02-05T15:09:10.058+0000] {local.py:494} INFO - Inlets: [Dataset(uri='postgres://postgres-db:5432/localiza_dw.dm_credit_operations.stg_credit_fraud', extra=None)]
[2025-02-05T15:09:10.059+0000] {local.py:495} INFO - Outlets: [Dataset(uri='postgres://postgres-db:5432/localiza_dw.dm_credit_operations.dm_transaction_type', extra=None)]
[2025-02-05T15:09:10.060+0000] {local.py:595} INFO - Assigning inlets/outlets without DatasetAlias
[2025-02-05T15:09:10.060+0000] {dag.py:3096} INFO - Sync 1 DAGs
[2025-02-05T15:09:10.071+0000] {dag.py:3954} INFO - Setting next_dagrun for dag_dbt-model_credit_fraud to None, run_after=None
[2025-02-05T15:09:10.097+0000] {taskinstance.py:441} INFO - ::group::Post task execution logs
[2025-02-05T15:09:10.134+0000] {taskinstance.py:1206} INFO - Marking task as SUCCESS. dag_id=dag_dbt-model_credit_fraud, task_id=model_credit_fraud.dm_transaction_type_snapshot, run_id=manual__2025-02-04T00:00:00+00:00, execution_date=20250204T000000, start_date=20250205T150904, end_date=20250205T150910
[2025-02-05T15:09:10.193+0000] {local_task_job_runner.py:240} INFO - Task exited with return code 0
[2025-02-05T15:09:10.208+0000] {taskinstance.py:3498} INFO - 1 downstream tasks scheduled from follow-on schedule check
[2025-02-05T15:09:10.216+0000] {local_task_job_runner.py:222} INFO - ::endgroup::
[2025-02-05T16:47:13.851+0000] {local_task_job_runner.py:120} INFO - ::group::Pre task execution logs
[2025-02-05T16:47:13.868+0000] {taskinstance.py:2076} INFO - Dependencies all met for dep_context=non-requeueable deps ti=<TaskInstance: dag_dbt-model_credit_fraud.model_credit_fraud.dm_transaction_type_snapshot manual__2025-02-04T00:00:00+00:00 [queued]>
[2025-02-05T16:47:13.880+0000] {taskinstance.py:2076} INFO - Dependencies all met for dep_context=requeueable deps ti=<TaskInstance: dag_dbt-model_credit_fraud.model_credit_fraud.dm_transaction_type_snapshot manual__2025-02-04T00:00:00+00:00 [queued]>
[2025-02-05T16:47:13.880+0000] {taskinstance.py:2306} INFO - Starting attempt 1 of 1
[2025-02-05T16:47:13.894+0000] {taskinstance.py:2330} INFO - Executing <Task(DbtSnapshotLocalOperator): model_credit_fraud.dm_transaction_type_snapshot> on 2025-02-04 00:00:00+00:00
[2025-02-05T16:47:13.899+0000] {standard_task_runner.py:63} INFO - Started process 316 to run task
[2025-02-05T16:47:13.903+0000] {standard_task_runner.py:90} INFO - Running: ['***', 'tasks', 'run', 'dag_dbt-model_credit_fraud', 'model_credit_fraud.dm_transaction_type_snapshot', 'manual__2025-02-04T00:00:00+00:00', '--job-id', '15', '--raw', '--subdir', 'DAGS_FOLDER/dag_dbt-model_fraud_credit.py', '--cfg-path', '/tmp/tmphvx8_lnu']
[2025-02-05T16:47:13.905+0000] {standard_task_runner.py:91} INFO - Job 15: Subtask model_credit_fraud.dm_transaction_type_snapshot
[2025-02-05T16:47:13.951+0000] {task_command.py:426} INFO - Running <TaskInstance: dag_dbt-model_credit_fraud.model_credit_fraud.dm_transaction_type_snapshot manual__2025-02-04T00:00:00+00:00 [running]> on host 584eb3626689
[2025-02-05T16:47:14.029+0000] {taskinstance.py:2648} INFO - Exporting env vars: AIRFLOW_CTX_DAG_OWNER='***' AIRFLOW_CTX_DAG_ID='dag_dbt-model_credit_fraud' AIRFLOW_CTX_TASK_ID='model_credit_fraud.dm_transaction_type_snapshot' AIRFLOW_CTX_EXECUTION_DATE='2025-02-04T00:00:00+00:00' AIRFLOW_CTX_TRY_NUMBER='1' AIRFLOW_CTX_DAG_RUN_ID='manual__2025-02-04T00:00:00+00:00'
[2025-02-05T16:47:14.032+0000] {taskinstance.py:430} INFO - ::endgroup::
[2025-02-05T16:47:16.592+0000] {local.py:220} INFO - dbtRunner is available. Using dbtRunner for invoking dbt.
[2025-02-05T16:47:16.593+0000] {local.py:436} INFO - Cloning project to writable temp directory /tmp/tmp63xe9e00 from /usr/local/airflow/dags/dbt/localiza_dw
[2025-02-05T16:47:16.603+0000] {local.py:447} INFO - Partial parse is enabled and the latest partial parse file is /tmp/cosmos/dag_dbt-model_credit_fraud__model_credit_fraud/target/partial_parse.msgpack
[2025-02-05T16:47:16.609+0000] {config.py:348} INFO - Profile caching is enable.
[2025-02-05T16:47:16.617+0000] {base.py:84} INFO - Using connection ID '***' for task execution.
[2025-02-05T16:47:16.619+0000] {config.py:328} INFO - Profile found in cache using profile: /tmp/cosmos/profile/bdc35343eb23031ee554202b16407e794194afcc614f7ea62bc658c63495a211/profiles.yml.
[2025-02-05T16:47:16.619+0000] {local.py:408} INFO - Trying to run dbtRunner with:
 ['snapshot', '--models', 'dm_transaction_type', '--project-dir', '/tmp/tmp63xe9e00', '--profiles-dir', '/tmp/cosmos/profile/bdc35343eb23031ee554202b16407e794194afcc614f7ea62bc658c63495a211', '--profile', '***', '--target', 'prod']
 in /tmp/tmp63xe9e00
[2025-02-05T16:47:16.636+0000] {logging_mixin.py:188} INFO - 16:47:16  Running with dbt=1.6.1
[2025-02-05T16:47:16.738+0000] {logging_mixin.py:188} INFO - 16:47:16  Registered adapter: postgres=1.6.1
[2025-02-05T16:47:17.349+0000] {logging_mixin.py:188} INFO - 16:47:17  Found 5 models, 1 snapshot, 4 seeds, 5 tests, 3 sources, 0 exposures, 0 metrics, 349 macros, 0 groups, 0 semantic models
[2025-02-05T16:47:17.352+0000] {logging_mixin.py:188} INFO - 16:47:17
[2025-02-05T16:47:17.412+0000] {logging_mixin.py:188} INFO - 16:47:17  Concurrency: 1 threads (target='prod')
[2025-02-05T16:47:17.414+0000] {logging_mixin.py:188} INFO - 16:47:17
[2025-02-05T16:47:17.417+0000] {logging_mixin.py:188} INFO - 16:47:17  1 of 1 START snapshot dm_credit_operations.dm_transaction_type ................. [RUN]
[2025-02-05T16:47:19.179+0000] {logging_mixin.py:188} INFO - 16:47:19  1 of 1 OK snapshotted dm_credit_operations.dm_transaction_type ................. [success in 1.76s]
[2025-02-05T16:47:19.195+0000] {logging_mixin.py:188} INFO - 16:47:19
[2025-02-05T16:47:19.196+0000] {logging_mixin.py:188} INFO - 16:47:19  Finished running 1 snapshot in 0 hours 0 minutes and 1.84 seconds (1.84s).
[2025-02-05T16:47:19.208+0000] {logging_mixin.py:188} INFO - 16:47:19
[2025-02-05T16:47:19.209+0000] {logging_mixin.py:188} INFO - 16:47:19  Completed successfully
[2025-02-05T16:47:19.210+0000] {logging_mixin.py:188} INFO - 16:47:19
[2025-02-05T16:47:19.211+0000] {logging_mixin.py:188} INFO - 16:47:19  Done. PASS=1 WARN=0 ERROR=0 SKIP=0 TOTAL=1
[2025-02-05T16:47:21.195+0000] {local.py:138} WARNING - Artifact schema version: https://schemas.getdbt.com/dbt/manifest/v10.json is above dbt-ol supported version 7. This might cause errors.
[2025-02-05T16:47:21.225+0000] {local.py:494} INFO - Inlets: [Dataset(uri='postgres://postgres-db:5432/localiza_dw.dm_credit_operations.stg_credit_fraud', extra=None)]
[2025-02-05T16:47:21.226+0000] {local.py:495} INFO - Outlets: [Dataset(uri='postgres://postgres-db:5432/localiza_dw.dm_credit_operations.dm_transaction_type', extra=None)]
[2025-02-05T16:47:21.227+0000] {local.py:595} INFO - Assigning inlets/outlets without DatasetAlias
[2025-02-05T16:47:21.227+0000] {dag.py:3096} INFO - Sync 1 DAGs
[2025-02-05T16:47:21.237+0000] {dag.py:3954} INFO - Setting next_dagrun for dag_dbt-model_credit_fraud to None, run_after=None
[2025-02-05T16:47:21.270+0000] {taskinstance.py:441} INFO - ::group::Post task execution logs
[2025-02-05T16:47:21.295+0000] {taskinstance.py:1206} INFO - Marking task as SUCCESS. dag_id=dag_dbt-model_credit_fraud, task_id=model_credit_fraud.dm_transaction_type_snapshot, run_id=manual__2025-02-04T00:00:00+00:00, execution_date=20250204T000000, start_date=20250205T164713, end_date=20250205T164721
[2025-02-05T16:47:21.347+0000] {local_task_job_runner.py:240} INFO - Task exited with return code 0
[2025-02-05T16:47:21.362+0000] {taskinstance.py:3498} INFO - 1 downstream tasks scheduled from follow-on schedule check
[2025-02-05T16:47:21.364+0000] {local_task_job_runner.py:222} INFO - ::endgroup::
