[2025-02-05T13:30:24.989+0000] {local_task_job_runner.py:120} INFO - ::group::Pre task execution logs
[2025-02-05T13:30:25.009+0000] {taskinstance.py:2076} INFO - Dependencies all met for dep_context=non-requeueable deps ti=<TaskInstance: dag_dbt-model_sales.model_sales.dim_loja_seed manual__2025-02-05T13:29:45+00:00 [queued]>
[2025-02-05T13:30:25.019+0000] {taskinstance.py:2076} INFO - Dependencies all met for dep_context=requeueable deps ti=<TaskInstance: dag_dbt-model_sales.model_sales.dim_loja_seed manual__2025-02-05T13:29:45+00:00 [queued]>
[2025-02-05T13:30:25.021+0000] {taskinstance.py:2306} INFO - Starting attempt 1 of 1
[2025-02-05T13:30:25.038+0000] {taskinstance.py:2330} INFO - Executing <Task(DbtSeedLocalOperator): model_sales.dim_loja_seed> on 2025-02-05 13:29:45+00:00
[2025-02-05T13:30:25.043+0000] {standard_task_runner.py:63} INFO - Started process 4153 to run task
[2025-02-05T13:30:25.046+0000] {standard_task_runner.py:90} INFO - Running: ['***', 'tasks', 'run', 'dag_dbt-model_sales', 'model_sales.dim_loja_seed', 'manual__2025-02-05T13:29:45+00:00', '--job-id', '121', '--raw', '--subdir', 'DAGS_FOLDER/dag_dbt-model_sales.py', '--cfg-path', '/tmp/tmpo5atschx']
[2025-02-05T13:30:25.048+0000] {standard_task_runner.py:91} INFO - Job 121: Subtask model_sales.dim_loja_seed
[2025-02-05T13:30:25.110+0000] {task_command.py:426} INFO - Running <TaskInstance: dag_dbt-model_sales.model_sales.dim_loja_seed manual__2025-02-05T13:29:45+00:00 [running]> on host 98025f4a542d
[2025-02-05T13:30:25.215+0000] {taskinstance.py:2648} INFO - Exporting env vars: AIRFLOW_CTX_DAG_OWNER='***' AIRFLOW_CTX_DAG_ID='dag_dbt-model_sales' AIRFLOW_CTX_TASK_ID='model_sales.dim_loja_seed' AIRFLOW_CTX_EXECUTION_DATE='2025-02-05T13:29:45+00:00' AIRFLOW_CTX_TRY_NUMBER='1' AIRFLOW_CTX_DAG_RUN_ID='manual__2025-02-05T13:29:45+00:00'
[2025-02-05T13:30:25.218+0000] {taskinstance.py:430} INFO - ::endgroup::
[2025-02-05T13:30:28.532+0000] {local.py:220} INFO - dbtRunner is available. Using dbtRunner for invoking dbt.
[2025-02-05T13:30:28.533+0000] {local.py:436} INFO - Cloning project to writable temp directory /tmp/tmpvegu_frf from /usr/local/airflow/dags/dbt/localiza_dw
[2025-02-05T13:30:28.541+0000] {local.py:447} INFO - Partial parse is enabled and the latest partial parse file is /tmp/cosmos/dag_dbt-model_sales__model_sales/target/partial_parse.msgpack
[2025-02-05T13:30:28.550+0000] {config.py:348} INFO - Profile caching is enable.
[2025-02-05T13:30:28.562+0000] {base.py:84} INFO - Using connection ID '***' for task execution.
[2025-02-05T13:30:28.565+0000] {config.py:328} INFO - Profile found in cache using profile: /tmp/cosmos/profile/47873256e3df2d6067f929148b3671caee72f33396318ef25aae33418849eddf/profiles.yml.
[2025-02-05T13:30:28.565+0000] {local.py:408} INFO - Trying to run dbtRunner with:
 ['seed', '--vars', '{"PROD": P003,                                 "LIMITE_QUANTIDADE": 500,                                 "DATA_INICIO": 1999-01-01,                                 "DATA_FIM": 2025-02-05}', '--models', 'dim_loja', '--project-dir', '/tmp/tmpvegu_frf', '--profiles-dir', '/tmp/cosmos/profile/47873256e3df2d6067f929148b3671caee72f33396318ef25aae33418849eddf', '--profile', '***', '--target', 'prod']
 in /tmp/tmpvegu_frf
[2025-02-05T13:30:28.587+0000] {logging_mixin.py:188} INFO - 13:30:28  Running with dbt=1.6.1
[2025-02-05T13:30:28.737+0000] {logging_mixin.py:188} INFO - 13:30:28  Registered adapter: postgres=1.6.1
[2025-02-05T13:30:29.426+0000] {logging_mixin.py:188} INFO - 13:30:29  Found 4 models, 1 snapshot, 4 seeds, 5 tests, 3 sources, 0 exposures, 0 metrics, 349 macros, 0 groups, 0 semantic models
[2025-02-05T13:30:29.430+0000] {logging_mixin.py:188} INFO - 13:30:29
[2025-02-05T13:30:29.564+0000] {logging_mixin.py:188} INFO - 13:30:29  Concurrency: 1 threads (target='prod')
[2025-02-05T13:30:29.566+0000] {logging_mixin.py:188} INFO - 13:30:29
[2025-02-05T13:30:29.572+0000] {logging_mixin.py:188} INFO - 13:30:29  1 of 1 START seed file dm_sales.dim_loja ....................................... [RUN]
[2025-02-05T13:30:29.717+0000] {logging_mixin.py:188} INFO - 13:30:29  1 of 1 OK loaded seed file dm_sales.dim_loja ................................... [INSERT 10 in 0.14s]
[2025-02-05T13:30:29.735+0000] {logging_mixin.py:188} INFO - 13:30:29
[2025-02-05T13:30:29.736+0000] {logging_mixin.py:188} INFO - 13:30:29  Finished running 1 seed in 0 hours 0 minutes and 0.30 seconds (0.30s).
[2025-02-05T13:30:29.749+0000] {logging_mixin.py:188} INFO - 13:30:29
[2025-02-05T13:30:29.750+0000] {logging_mixin.py:188} INFO - 13:30:29  Completed successfully
[2025-02-05T13:30:29.752+0000] {logging_mixin.py:188} INFO - 13:30:29
[2025-02-05T13:30:29.753+0000] {logging_mixin.py:188} INFO - 13:30:29  Done. PASS=1 WARN=0 ERROR=0 SKIP=0 TOTAL=1
[2025-02-05T13:30:30.556+0000] {local.py:138} WARNING - Artifact schema version: https://schemas.getdbt.com/dbt/manifest/v10.json is above dbt-ol supported version 7. This might cause errors.
[2025-02-05T13:30:30.561+0000] {local.py:494} INFO - Inlets: []
[2025-02-05T13:30:30.562+0000] {local.py:495} INFO - Outlets: []
[2025-02-05T13:30:30.563+0000] {local.py:595} INFO - Assigning inlets/outlets without DatasetAlias
[2025-02-05T13:30:30.564+0000] {dag.py:3096} INFO - Sync 1 DAGs
[2025-02-05T13:30:30.584+0000] {dag.py:3954} INFO - Setting next_dagrun for dag_dbt-model_sales to None, run_after=None
[2025-02-05T13:30:30.625+0000] {taskinstance.py:441} INFO - ::group::Post task execution logs
[2025-02-05T13:30:30.638+0000] {taskinstance.py:1206} INFO - Marking task as SUCCESS. dag_id=dag_dbt-model_sales, task_id=model_sales.dim_loja_seed, run_id=manual__2025-02-05T13:29:45+00:00, execution_date=20250205T132945, start_date=20250205T133025, end_date=20250205T133030
[2025-02-05T13:30:30.669+0000] {local_task_job_runner.py:240} INFO - Task exited with return code 0
[2025-02-05T13:30:30.698+0000] {taskinstance.py:3498} INFO - 0 downstream tasks scheduled from follow-on schedule check
[2025-02-05T13:30:30.701+0000] {local_task_job_runner.py:222} INFO - ::endgroup::
