[2025-02-05T00:31:09.514+0000] {local_task_job_runner.py:120} INFO - ::group::Pre task execution logs
[2025-02-05T00:31:09.524+0000] {taskinstance.py:2076} INFO - Dependencies all met for dep_context=non-requeueable deps ti=<TaskInstance: dag_ingestion_daily-credit_fraud.create_table scheduled__2025-02-04T00:00:00+00:00 [queued]>
[2025-02-05T00:31:09.529+0000] {taskinstance.py:2076} INFO - Dependencies all met for dep_context=requeueable deps ti=<TaskInstance: dag_ingestion_daily-credit_fraud.create_table scheduled__2025-02-04T00:00:00+00:00 [queued]>
[2025-02-05T00:31:09.530+0000] {taskinstance.py:2306} INFO - Starting attempt 1 of 2
[2025-02-05T00:31:09.537+0000] {taskinstance.py:2330} INFO - Executing <Task(PostgresOperator): create_table> on 2025-02-04 00:00:00+00:00
[2025-02-05T00:31:09.541+0000] {standard_task_runner.py:63} INFO - Started process 1880 to run task
[2025-02-05T00:31:09.543+0000] {standard_task_runner.py:90} INFO - Running: ['***', 'tasks', 'run', 'dag_ingestion_daily-credit_fraud', 'create_table', 'scheduled__2025-02-04T00:00:00+00:00', '--job-id', '33', '--raw', '--subdir', 'DAGS_FOLDER/dag_ingestion_daily-fraud_credit.py', '--cfg-path', '/tmp/tmpkoo2j08z']
[2025-02-05T00:31:09.544+0000] {standard_task_runner.py:91} INFO - Job 33: Subtask create_table
[2025-02-05T00:31:09.600+0000] {task_command.py:426} INFO - Running <TaskInstance: dag_ingestion_daily-credit_fraud.create_table scheduled__2025-02-04T00:00:00+00:00 [running]> on host eb20c43aeeb4
[2025-02-05T00:31:09.664+0000] {taskinstance.py:2648} INFO - Exporting env vars: AIRFLOW_CTX_DAG_OWNER='***' AIRFLOW_CTX_DAG_ID='dag_ingestion_daily-credit_fraud' AIRFLOW_CTX_TASK_ID='create_table' AIRFLOW_CTX_EXECUTION_DATE='2025-02-04T00:00:00+00:00' AIRFLOW_CTX_TRY_NUMBER='1' AIRFLOW_CTX_DAG_RUN_ID='scheduled__2025-02-04T00:00:00+00:00'
[2025-02-05T00:31:09.666+0000] {taskinstance.py:430} INFO - ::endgroup::
[2025-02-05T00:31:09.676+0000] {sql.py:276} INFO - Executing: 
            DROP TABLE IF EXISTS dm_credit_operations_stage.raw_credit_fraud CASCADE;
            CREATE TABLE dm_credit_operations_stage.raw_credit_fraud (
               timestamp VARCHAR(50) NULL,
               sending_address VARCHAR(50) NULL,
               receiving_address VARCHAR(50) NULL,
               amount VARCHAR(50) NULL,
               transaction_type VARCHAR(50) NULL,
               location_region VARCHAR(50) NULL,
               ip_prefix VARCHAR(50) NULL,
               login_frequency VARCHAR(50) NULL,
               session_duration VARCHAR(50) NULL,
               purchase_pattern VARCHAR(50) NULL,
               age_group VARCHAR(50) NULL,
               risk_score VARCHAR(50) NULL,
               anomaly VARCHAR(50) NULL
          );
        
[2025-02-05T00:31:09.684+0000] {base.py:84} INFO - Using connection ID '***' for task execution.
[2025-02-05T00:31:09.723+0000] {base.py:84} INFO - Using connection ID '***' for task execution.
[2025-02-05T00:31:09.727+0000] {sql.py:450} INFO - Running statement: 
            DROP TABLE IF EXISTS dm_credit_operations_stage.raw_credit_fraud CASCADE;
            CREATE TABLE dm_credit_operations_stage.raw_credit_fraud (
               timestamp VARCHAR(50) NULL,
               sending_address VARCHAR(50) NULL,
               receiving_address VARCHAR(50) NULL,
               amount VARCHAR(50) NULL,
               transaction_type VARCHAR(50) NULL,
               location_region VARCHAR(50) NULL,
               ip_prefix VARCHAR(50) NULL,
               login_frequency VARCHAR(50) NULL,
               session_duration VARCHAR(50) NULL,
               purchase_pattern VARCHAR(50) NULL,
               age_group VARCHAR(50) NULL,
               risk_score VARCHAR(50) NULL,
               anomaly VARCHAR(50) NULL
          );
        , parameters: None
[2025-02-05T00:31:10.826+0000] {taskinstance.py:441} INFO - ::group::Post task execution logs
[2025-02-05T00:31:10.838+0000] {taskinstance.py:1206} INFO - Marking task as SUCCESS. dag_id=dag_ingestion_daily-credit_fraud, task_id=create_table, run_id=scheduled__2025-02-04T00:00:00+00:00, execution_date=20250204T000000, start_date=20250205T003109, end_date=20250205T003110
[2025-02-05T00:31:10.867+0000] {local_task_job_runner.py:240} INFO - Task exited with return code 0
[2025-02-05T00:31:10.888+0000] {taskinstance.py:3498} INFO - 1 downstream tasks scheduled from follow-on schedule check
[2025-02-05T00:31:10.891+0000] {local_task_job_runner.py:222} INFO - ::endgroup::
[2025-02-05T01:53:00.037+0000] {local_task_job_runner.py:120} INFO - ::group::Pre task execution logs
[2025-02-05T01:53:00.050+0000] {taskinstance.py:2076} INFO - Dependencies all met for dep_context=non-requeueable deps ti=<TaskInstance: dag_ingestion_daily-credit_fraud.create_table scheduled__2025-02-04T00:00:00+00:00 [queued]>
[2025-02-05T01:53:00.057+0000] {taskinstance.py:2076} INFO - Dependencies all met for dep_context=requeueable deps ti=<TaskInstance: dag_ingestion_daily-credit_fraud.create_table scheduled__2025-02-04T00:00:00+00:00 [queued]>
[2025-02-05T01:53:00.058+0000] {taskinstance.py:2306} INFO - Starting attempt 1 of 2
[2025-02-05T01:53:00.069+0000] {taskinstance.py:2330} INFO - Executing <Task(PostgresOperator): create_table> on 2025-02-04 00:00:00+00:00
[2025-02-05T01:53:00.074+0000] {standard_task_runner.py:63} INFO - Started process 53 to run task
[2025-02-05T01:53:00.077+0000] {standard_task_runner.py:90} INFO - Running: ['***', 'tasks', 'run', 'dag_ingestion_daily-credit_fraud', 'create_table', 'scheduled__2025-02-04T00:00:00+00:00', '--job-id', '2', '--raw', '--subdir', 'DAGS_FOLDER/dag_ingestion_daily-fraud_credit.py', '--cfg-path', '/tmp/tmp6xsclzar']
[2025-02-05T01:53:00.079+0000] {standard_task_runner.py:91} INFO - Job 2: Subtask create_table
[2025-02-05T01:53:00.127+0000] {task_command.py:426} INFO - Running <TaskInstance: dag_ingestion_daily-credit_fraud.create_table scheduled__2025-02-04T00:00:00+00:00 [running]> on host e647bfd7b2d2
[2025-02-05T01:53:00.212+0000] {taskinstance.py:2648} INFO - Exporting env vars: AIRFLOW_CTX_DAG_OWNER='***' AIRFLOW_CTX_DAG_ID='dag_ingestion_daily-credit_fraud' AIRFLOW_CTX_TASK_ID='create_table' AIRFLOW_CTX_EXECUTION_DATE='2025-02-04T00:00:00+00:00' AIRFLOW_CTX_TRY_NUMBER='1' AIRFLOW_CTX_DAG_RUN_ID='scheduled__2025-02-04T00:00:00+00:00'
[2025-02-05T01:53:00.215+0000] {taskinstance.py:430} INFO - ::endgroup::
[2025-02-05T01:53:00.229+0000] {sql.py:276} INFO - Executing: 
            CREATE SCHEMA IF NOT EXISTS dm_credit_operations_stage;
            DROP TABLE IF EXISTS dm_credit_operations_stage.raw_credit_fraud CASCADE;
            CREATE TABLE dm_credit_operations_stage.raw_credit_fraud (
               timestamp VARCHAR(50) NULL,
               sending_address VARCHAR(50) NULL,
               receiving_address VARCHAR(50) NULL,
               amount VARCHAR(50) NULL,
               transaction_type VARCHAR(50) NULL,
               location_region VARCHAR(50) NULL,
               ip_prefix VARCHAR(50) NULL,
               login_frequency VARCHAR(50) NULL,
               session_duration VARCHAR(50) NULL,
               purchase_pattern VARCHAR(50) NULL,
               age_group VARCHAR(50) NULL,
               risk_score VARCHAR(50) NULL,
               anomaly VARCHAR(50) NULL
          );
        
[2025-02-05T01:53:00.237+0000] {base.py:84} INFO - Using connection ID '***' for task execution.
[2025-02-05T01:53:00.284+0000] {base.py:84} INFO - Using connection ID '***' for task execution.
[2025-02-05T01:53:00.288+0000] {sql.py:450} INFO - Running statement: 
            CREATE SCHEMA IF NOT EXISTS dm_credit_operations_stage;
            DROP TABLE IF EXISTS dm_credit_operations_stage.raw_credit_fraud CASCADE;
            CREATE TABLE dm_credit_operations_stage.raw_credit_fraud (
               timestamp VARCHAR(50) NULL,
               sending_address VARCHAR(50) NULL,
               receiving_address VARCHAR(50) NULL,
               amount VARCHAR(50) NULL,
               transaction_type VARCHAR(50) NULL,
               location_region VARCHAR(50) NULL,
               ip_prefix VARCHAR(50) NULL,
               login_frequency VARCHAR(50) NULL,
               session_duration VARCHAR(50) NULL,
               purchase_pattern VARCHAR(50) NULL,
               age_group VARCHAR(50) NULL,
               risk_score VARCHAR(50) NULL,
               anomaly VARCHAR(50) NULL
          );
        , parameters: None
[2025-02-05T01:53:00.291+0000] {taskinstance.py:441} INFO - ::group::Post task execution logs
[2025-02-05T01:53:00.298+0000] {taskinstance.py:1206} INFO - Marking task as SUCCESS. dag_id=dag_ingestion_daily-credit_fraud, task_id=create_table, run_id=scheduled__2025-02-04T00:00:00+00:00, execution_date=20250204T000000, start_date=20250205T015300, end_date=20250205T015300
[2025-02-05T01:53:00.338+0000] {local_task_job_runner.py:240} INFO - Task exited with return code 0
[2025-02-05T01:53:00.369+0000] {taskinstance.py:3498} INFO - 1 downstream tasks scheduled from follow-on schedule check
[2025-02-05T01:53:00.372+0000] {local_task_job_runner.py:222} INFO - ::endgroup::
