[2025-02-05T11:34:01.175+0000] {local_task_job_runner.py:120} INFO - ::group::Pre task execution logs
[2025-02-05T11:34:01.187+0000] {taskinstance.py:2076} INFO - Dependencies all met for dep_context=non-requeueable deps ti=<TaskInstance: dag_dbt-model_sales.model_sales.ad_hoc_avg_sales_run manual__2025-02-05T11:29:09+00:00 [queued]>
[2025-02-05T11:34:01.194+0000] {taskinstance.py:2076} INFO - Dependencies all met for dep_context=requeueable deps ti=<TaskInstance: dag_dbt-model_sales.model_sales.ad_hoc_avg_sales_run manual__2025-02-05T11:29:09+00:00 [queued]>
[2025-02-05T11:34:01.195+0000] {taskinstance.py:2306} INFO - Starting attempt 3 of 3
[2025-02-05T11:34:01.205+0000] {taskinstance.py:2330} INFO - Executing <Task(DbtRunLocalOperator): model_sales.ad_hoc_avg_sales_run> on 2025-02-05 11:29:09+00:00
[2025-02-05T11:34:01.208+0000] {standard_task_runner.py:63} INFO - Started process 1437 to run task
[2025-02-05T11:34:01.211+0000] {standard_task_runner.py:90} INFO - Running: ['***', 'tasks', 'run', 'dag_dbt-model_sales', 'model_sales.ad_hoc_avg_sales_run', 'manual__2025-02-05T11:29:09+00:00', '--job-id', '35', '--raw', '--subdir', 'DAGS_FOLDER/dag_dbt-model_sales.py', '--cfg-path', '/tmp/tmpbcznt31d']
[2025-02-05T11:34:01.212+0000] {standard_task_runner.py:91} INFO - Job 35: Subtask model_sales.ad_hoc_avg_sales_run
[2025-02-05T11:34:01.253+0000] {task_command.py:426} INFO - Running <TaskInstance: dag_dbt-model_sales.model_sales.ad_hoc_avg_sales_run manual__2025-02-05T11:29:09+00:00 [running]> on host 98025f4a542d
[2025-02-05T11:34:01.320+0000] {taskinstance.py:2648} INFO - Exporting env vars: AIRFLOW_CTX_DAG_OWNER='***' AIRFLOW_CTX_DAG_ID='dag_dbt-model_sales' AIRFLOW_CTX_TASK_ID='model_sales.ad_hoc_avg_sales_run' AIRFLOW_CTX_EXECUTION_DATE='2025-02-05T11:29:09+00:00' AIRFLOW_CTX_TRY_NUMBER='3' AIRFLOW_CTX_DAG_RUN_ID='manual__2025-02-05T11:29:09+00:00'
[2025-02-05T11:34:01.321+0000] {taskinstance.py:430} INFO - ::endgroup::
[2025-02-05T11:34:03.204+0000] {local.py:220} INFO - dbtRunner is available. Using dbtRunner for invoking dbt.
[2025-02-05T11:34:03.205+0000] {local.py:436} INFO - Cloning project to writable temp directory /tmp/tmp61krrmp7 from /usr/local/airflow/dags/dbt/localiza_dw
[2025-02-05T11:34:03.213+0000] {local.py:447} INFO - Partial parse is enabled and the latest partial parse file is /tmp/cosmos/dag_dbt-model_sales__model_sales/target/partial_parse.msgpack
[2025-02-05T11:34:03.217+0000] {config.py:348} INFO - Profile caching is enable.
[2025-02-05T11:34:03.224+0000] {base.py:84} INFO - Using connection ID '***' for task execution.
[2025-02-05T11:34:03.225+0000] {config.py:328} INFO - Profile found in cache using profile: /tmp/cosmos/profile/47873256e3df2d6067f929148b3671caee72f33396318ef25aae33418849eddf/profiles.yml.
[2025-02-05T11:34:03.226+0000] {local.py:408} INFO - Trying to run dbtRunner with:
 ['run', '--vars', '{"PROD_1": P003,                                 "DATA_INICIO": 1999-11-01,                                 "DATA_FIM": 2022-11-30}', '--models', 'ad_hoc_avg_sales', '--project-dir', '/tmp/tmp61krrmp7', '--profiles-dir', '/tmp/cosmos/profile/47873256e3df2d6067f929148b3671caee72f33396318ef25aae33418849eddf', '--profile', '***', '--target', 'prod']
 in /tmp/tmp61krrmp7
[2025-02-05T11:34:03.239+0000] {logging_mixin.py:188} INFO - 11:34:03  Running with dbt=1.6.1
[2025-02-05T11:34:03.327+0000] {logging_mixin.py:188} INFO - 11:34:03  Registered adapter: postgres=1.6.1
[2025-02-05T11:34:03.663+0000] {logging_mixin.py:188} INFO - 11:34:03  Found 4 models, 1 snapshot, 4 seeds, 5 tests, 3 sources, 0 exposures, 0 metrics, 349 macros, 0 groups, 0 semantic models
[2025-02-05T11:34:03.666+0000] {logging_mixin.py:188} INFO - 11:34:03
[2025-02-05T11:34:03.729+0000] {logging_mixin.py:188} INFO - 11:34:03  Concurrency: 1 threads (target='prod')
[2025-02-05T11:34:03.730+0000] {logging_mixin.py:188} INFO - 11:34:03
[2025-02-05T11:34:03.734+0000] {logging_mixin.py:188} INFO - 11:34:03  1 of 1 START sql table model dm_sales.ad_hoc_avg_sales ......................... [RUN]
[2025-02-05T11:34:03.813+0000] {logging_mixin.py:188} INFO - 11:34:03  1 of 1 OK created sql table model dm_sales.ad_hoc_avg_sales .................... [SELECT 0 in 0.08s]
[2025-02-05T11:34:03.823+0000] {logging_mixin.py:188} INFO - 11:34:03
[2025-02-05T11:34:03.824+0000] {logging_mixin.py:188} INFO - 11:34:03  Finished running 1 table model in 0 hours 0 minutes and 0.16 seconds (0.16s).
[2025-02-05T11:34:03.831+0000] {logging_mixin.py:188} INFO - 11:34:03
[2025-02-05T11:34:03.832+0000] {logging_mixin.py:188} INFO - 11:34:03  Completed successfully
[2025-02-05T11:34:03.833+0000] {logging_mixin.py:188} INFO - 11:34:03
[2025-02-05T11:34:03.834+0000] {logging_mixin.py:188} INFO - 11:34:03  Done. PASS=1 WARN=0 ERROR=0 SKIP=0 TOTAL=1
[2025-02-05T11:34:04.587+0000] {local.py:138} WARNING - Artifact schema version: https://schemas.getdbt.com/dbt/manifest/v10.json is above dbt-ol supported version 7. This might cause errors.
[2025-02-05T11:34:04.615+0000] {local.py:494} INFO - Inlets: [Dataset(uri='postgres://postgres-db:5432/localiza_dw.dm_sales.dim_vendedor', extra=None), Dataset(uri='postgres://postgres-db:5432/localiza_dw.dm_sales.eventos_vendas', extra=None)]
[2025-02-05T11:34:04.617+0000] {local.py:495} INFO - Outlets: [Dataset(uri='postgres://postgres-db:5432/localiza_dw.dm_sales.ad_hoc_avg_sales', extra=None)]
[2025-02-05T11:34:04.618+0000] {local.py:595} INFO - Assigning inlets/outlets without DatasetAlias
[2025-02-05T11:34:04.619+0000] {dag.py:3096} INFO - Sync 1 DAGs
[2025-02-05T11:34:04.631+0000] {dag.py:3954} INFO - Setting next_dagrun for dag_dbt-model_sales to None, run_after=None
[2025-02-05T11:34:04.667+0000] {taskinstance.py:441} INFO - ::group::Post task execution logs
[2025-02-05T11:34:04.689+0000] {taskinstance.py:1206} INFO - Marking task as SUCCESS. dag_id=dag_dbt-model_sales, task_id=model_sales.ad_hoc_avg_sales_run, run_id=manual__2025-02-05T11:29:09+00:00, execution_date=20250205T112909, start_date=20250205T113401, end_date=20250205T113404
[2025-02-05T11:34:04.718+0000] {local_task_job_runner.py:240} INFO - Task exited with return code 0
[2025-02-05T11:34:04.734+0000] {taskinstance.py:3498} INFO - 1 downstream tasks scheduled from follow-on schedule check
[2025-02-05T11:34:04.738+0000] {local_task_job_runner.py:222} INFO - ::endgroup::
