[2025-02-05T00:32:00.457+0000] {local_task_job_runner.py:120} INFO - ::group::Pre task execution logs
[2025-02-05T00:32:00.469+0000] {taskinstance.py:2076} INFO - Dependencies all met for dep_context=non-requeueable deps ti=<TaskInstance: dag_dbt-model_credit_fraud.model_credit_fraud.stg_credit_fraud_run manual__2025-02-04T00:00:00+00:00 [queued]>
[2025-02-05T00:32:00.475+0000] {taskinstance.py:2076} INFO - Dependencies all met for dep_context=requeueable deps ti=<TaskInstance: dag_dbt-model_credit_fraud.model_credit_fraud.stg_credit_fraud_run manual__2025-02-04T00:00:00+00:00 [queued]>
[2025-02-05T00:32:00.476+0000] {taskinstance.py:2306} INFO - Starting attempt 1 of 1
[2025-02-05T00:32:00.485+0000] {taskinstance.py:2330} INFO - Executing <Task(DbtRunLocalOperator): model_credit_fraud.stg_credit_fraud_run> on 2025-02-04 00:00:00+00:00
[2025-02-05T00:32:00.490+0000] {standard_task_runner.py:63} INFO - Started process 1947 to run task
[2025-02-05T00:32:00.492+0000] {standard_task_runner.py:90} INFO - Running: ['***', 'tasks', 'run', 'dag_dbt-model_credit_fraud', 'model_credit_fraud.stg_credit_fraud_run', 'manual__2025-02-04T00:00:00+00:00', '--job-id', '37', '--raw', '--subdir', 'DAGS_FOLDER/dag_dbt-model_fraud_credit.py', '--cfg-path', '/tmp/tmpcbt4cq3q']
[2025-02-05T00:32:00.493+0000] {standard_task_runner.py:91} INFO - Job 37: Subtask model_credit_fraud.stg_credit_fraud_run
[2025-02-05T00:32:00.530+0000] {task_command.py:426} INFO - Running <TaskInstance: dag_dbt-model_credit_fraud.model_credit_fraud.stg_credit_fraud_run manual__2025-02-04T00:00:00+00:00 [running]> on host eb20c43aeeb4
[2025-02-05T00:32:00.587+0000] {taskinstance.py:2648} INFO - Exporting env vars: AIRFLOW_CTX_DAG_OWNER='***' AIRFLOW_CTX_DAG_ID='dag_dbt-model_credit_fraud' AIRFLOW_CTX_TASK_ID='model_credit_fraud.stg_credit_fraud_run' AIRFLOW_CTX_EXECUTION_DATE='2025-02-04T00:00:00+00:00' AIRFLOW_CTX_TRY_NUMBER='1' AIRFLOW_CTX_DAG_RUN_ID='manual__2025-02-04T00:00:00+00:00'
[2025-02-05T00:32:00.589+0000] {taskinstance.py:430} INFO - ::endgroup::
[2025-02-05T00:32:02.284+0000] {local.py:220} INFO - dbtRunner is available. Using dbtRunner for invoking dbt.
[2025-02-05T00:32:02.301+0000] {local.py:436} INFO - Cloning project to writable temp directory /tmp/tmphi2ri4k1 from /usr/local/airflow/dags/dbt/localiza_dw
[2025-02-05T00:32:02.305+0000] {local.py:447} INFO - Partial parse is enabled and the latest partial parse file is /tmp/cosmos/dag_dbt-model_credit_fraud__model_credit_fraud/target/partial_parse.msgpack
[2025-02-05T00:32:02.309+0000] {config.py:348} INFO - Profile caching is enable.
[2025-02-05T00:32:02.316+0000] {base.py:84} INFO - Using connection ID '***' for task execution.
[2025-02-05T00:32:02.318+0000] {config.py:328} INFO - Profile found in cache using profile: /tmp/cosmos/profile/bdc35343eb23031ee554202b16407e794194afcc614f7ea62bc658c63495a211/profiles.yml.
[2025-02-05T00:32:02.318+0000] {local.py:408} INFO - Trying to run dbtRunner with:
 ['run', '--models', 'stg_credit_fraud', '--project-dir', '/tmp/tmphi2ri4k1', '--profiles-dir', '/tmp/cosmos/profile/bdc35343eb23031ee554202b16407e794194afcc614f7ea62bc658c63495a211', '--profile', '***', '--target', 'prod']
 in /tmp/tmphi2ri4k1
[2025-02-05T00:32:02.332+0000] {logging_mixin.py:188} INFO - 00:32:02  Running with dbt=1.6.1
[2025-02-05T00:32:02.415+0000] {logging_mixin.py:188} INFO - 00:32:02  Registered adapter: postgres=1.6.1
[2025-02-05T00:32:02.675+0000] {logging_mixin.py:188} INFO - 00:32:02  Found 3 models, 1 snapshot, 5 tests, 1 source, 0 exposures, 0 metrics, 349 macros, 0 groups, 0 semantic models
[2025-02-05T00:32:02.677+0000] {logging_mixin.py:188} INFO - 00:32:02
[2025-02-05T00:32:02.719+0000] {logging_mixin.py:188} INFO - 00:32:02  Concurrency: 1 threads (target='prod')
[2025-02-05T00:32:02.721+0000] {logging_mixin.py:188} INFO - 00:32:02
[2025-02-05T00:32:02.724+0000] {logging_mixin.py:188} INFO - 00:32:02  1 of 1 START sql view model dm_credit_operations.stg_credit_fraud .............. [RUN]
[2025-02-05T00:32:02.785+0000] {logging_mixin.py:188} INFO - 00:32:02  1 of 1 OK created sql view model dm_credit_operations.stg_credit_fraud ......... [CREATE VIEW in 0.06s]
[2025-02-05T00:32:02.794+0000] {logging_mixin.py:188} INFO - 00:32:02
[2025-02-05T00:32:02.797+0000] {logging_mixin.py:188} INFO - 00:32:02  Finished running 1 view model in 0 hours 0 minutes and 0.12 seconds (0.12s).
[2025-02-05T00:32:02.804+0000] {logging_mixin.py:188} INFO - 00:32:02
[2025-02-05T00:32:02.805+0000] {logging_mixin.py:188} INFO - 00:32:02  Completed successfully
[2025-02-05T00:32:02.806+0000] {logging_mixin.py:188} INFO - 00:32:02
[2025-02-05T00:32:02.807+0000] {logging_mixin.py:188} INFO - 00:32:02  Done. PASS=1 WARN=0 ERROR=0 SKIP=0 TOTAL=1
[2025-02-05T00:32:03.857+0000] {local.py:138} WARNING - Artifact schema version: https://schemas.getdbt.com/dbt/manifest/v10.json is above dbt-ol supported version 7. This might cause errors.
[2025-02-05T00:32:03.883+0000] {local.py:494} INFO - Inlets: [Dataset(uri='postgres://postgres-db:5432/localiza_dw.dm_credit_operations_stage.raw_credit_fraud', extra=None)]
[2025-02-05T00:32:03.884+0000] {local.py:495} INFO - Outlets: [Dataset(uri='postgres://postgres-db:5432/localiza_dw.dm_credit_operations.stg_credit_fraud', extra=None)]
[2025-02-05T00:32:03.885+0000] {local.py:595} INFO - Assigning inlets/outlets without DatasetAlias
[2025-02-05T00:32:03.887+0000] {dag.py:3096} INFO - Sync 1 DAGs
[2025-02-05T00:32:03.900+0000] {dag.py:3954} INFO - Setting next_dagrun for dag_dbt-model_credit_fraud to None, run_after=None
[2025-02-05T00:32:03.934+0000] {taskinstance.py:441} INFO - ::group::Post task execution logs
[2025-02-05T00:32:03.954+0000] {taskinstance.py:1206} INFO - Marking task as SUCCESS. dag_id=dag_dbt-model_credit_fraud, task_id=model_credit_fraud.stg_credit_fraud_run, run_id=manual__2025-02-04T00:00:00+00:00, execution_date=20250204T000000, start_date=20250205T003200, end_date=20250205T003203
[2025-02-05T00:32:03.974+0000] {local_task_job_runner.py:240} INFO - Task exited with return code 0
[2025-02-05T00:32:03.990+0000] {taskinstance.py:3498} INFO - 3 downstream tasks scheduled from follow-on schedule check
[2025-02-05T00:32:03.992+0000] {local_task_job_runner.py:222} INFO - ::endgroup::
[2025-02-05T01:55:03.448+0000] {local_task_job_runner.py:120} INFO - ::group::Pre task execution logs
[2025-02-05T01:55:03.467+0000] {taskinstance.py:2076} INFO - Dependencies all met for dep_context=non-requeueable deps ti=<TaskInstance: dag_dbt-model_credit_fraud.model_credit_fraud.stg_credit_fraud_run manual__2025-02-04T00:00:00+00:00 [queued]>
[2025-02-05T01:55:03.477+0000] {taskinstance.py:2076} INFO - Dependencies all met for dep_context=requeueable deps ti=<TaskInstance: dag_dbt-model_credit_fraud.model_credit_fraud.stg_credit_fraud_run manual__2025-02-04T00:00:00+00:00 [queued]>
[2025-02-05T01:55:03.477+0000] {taskinstance.py:2306} INFO - Starting attempt 1 of 1
[2025-02-05T01:55:03.491+0000] {taskinstance.py:2330} INFO - Executing <Task(DbtRunLocalOperator): model_credit_fraud.stg_credit_fraud_run> on 2025-02-04 00:00:00+00:00
[2025-02-05T01:55:03.495+0000] {standard_task_runner.py:63} INFO - Started process 134 to run task
[2025-02-05T01:55:03.498+0000] {standard_task_runner.py:90} INFO - Running: ['***', 'tasks', 'run', 'dag_dbt-model_credit_fraud', 'model_credit_fraud.stg_credit_fraud_run', 'manual__2025-02-04T00:00:00+00:00', '--job-id', '7', '--raw', '--subdir', 'DAGS_FOLDER/dag_dbt-model_fraud_credit.py', '--cfg-path', '/tmp/tmpyovr2mf6']
[2025-02-05T01:55:03.500+0000] {standard_task_runner.py:91} INFO - Job 7: Subtask model_credit_fraud.stg_credit_fraud_run
[2025-02-05T01:55:03.567+0000] {task_command.py:426} INFO - Running <TaskInstance: dag_dbt-model_credit_fraud.model_credit_fraud.stg_credit_fraud_run manual__2025-02-04T00:00:00+00:00 [running]> on host e647bfd7b2d2
[2025-02-05T01:55:03.715+0000] {taskinstance.py:2648} INFO - Exporting env vars: AIRFLOW_CTX_DAG_OWNER='***' AIRFLOW_CTX_DAG_ID='dag_dbt-model_credit_fraud' AIRFLOW_CTX_TASK_ID='model_credit_fraud.stg_credit_fraud_run' AIRFLOW_CTX_EXECUTION_DATE='2025-02-04T00:00:00+00:00' AIRFLOW_CTX_TRY_NUMBER='1' AIRFLOW_CTX_DAG_RUN_ID='manual__2025-02-04T00:00:00+00:00'
[2025-02-05T01:55:03.722+0000] {taskinstance.py:430} INFO - ::endgroup::
[2025-02-05T01:55:06.192+0000] {local.py:220} INFO - dbtRunner is available. Using dbtRunner for invoking dbt.
[2025-02-05T01:55:06.193+0000] {local.py:436} INFO - Cloning project to writable temp directory /tmp/tmpffz1fw_7 from /usr/local/airflow/dags/dbt/localiza_dw
[2025-02-05T01:55:06.199+0000] {local.py:447} INFO - Partial parse is enabled and the latest partial parse file is /usr/local/airflow/dags/dbt/localiza_dw/target/partial_parse.msgpack
[2025-02-05T01:55:06.250+0000] {config.py:348} INFO - Profile caching is enable.
[2025-02-05T01:55:06.257+0000] {base.py:84} INFO - Using connection ID '***' for task execution.
[2025-02-05T01:55:06.259+0000] {base.py:244} INFO - Using real values for profile ***
[2025-02-05T01:55:06.261+0000] {config.py:335} INFO - Profile not found in cache storing and using profile: /tmp/cosmos/profile/bdc35343eb23031ee554202b16407e794194afcc614f7ea62bc658c63495a211/profiles.yml.
[2025-02-05T01:55:06.262+0000] {local.py:408} INFO - Trying to run dbtRunner with:
 ['run', '--models', 'stg_credit_fraud', '--project-dir', '/tmp/tmpffz1fw_7', '--profiles-dir', '/tmp/cosmos/profile/bdc35343eb23031ee554202b16407e794194afcc614f7ea62bc658c63495a211', '--profile', '***', '--target', 'prod']
 in /tmp/tmpffz1fw_7
[2025-02-05T01:55:06.285+0000] {logging_mixin.py:188} INFO - 01:55:06  Running with dbt=1.6.1
[2025-02-05T01:55:06.419+0000] {logging_mixin.py:188} INFO - 01:55:06  Registered adapter: postgres=1.6.1
[2025-02-05T01:55:06.440+0000] {logging_mixin.py:188} INFO - 01:55:06  Unable to do partial parsing because of a version mismatch
[2025-02-05T01:55:07.552+0000] {logging_mixin.py:188} INFO - 01:55:07  Found 3 models, 1 snapshot, 5 tests, 1 source, 0 exposures, 0 metrics, 349 macros, 0 groups, 0 semantic models
[2025-02-05T01:55:07.555+0000] {logging_mixin.py:188} INFO - 01:55:07
[2025-02-05T01:55:07.634+0000] {logging_mixin.py:188} INFO - 01:55:07  Concurrency: 1 threads (target='prod')
[2025-02-05T01:55:07.636+0000] {logging_mixin.py:188} INFO - 01:55:07
[2025-02-05T01:55:07.638+0000] {logging_mixin.py:188} INFO - 01:55:07  1 of 1 START sql view model dm_credit_operations.stg_credit_fraud .............. [RUN]
[2025-02-05T01:55:07.720+0000] {logging_mixin.py:188} INFO - 01:55:07  1 of 1 OK created sql view model dm_credit_operations.stg_credit_fraud ......... [CREATE VIEW in 0.08s]
[2025-02-05T01:55:07.729+0000] {logging_mixin.py:188} INFO - 01:55:07
[2025-02-05T01:55:07.729+0000] {logging_mixin.py:188} INFO - 01:55:07  Finished running 1 view model in 0 hours 0 minutes and 0.17 seconds (0.17s).
[2025-02-05T01:55:07.738+0000] {logging_mixin.py:188} INFO - 01:55:07
[2025-02-05T01:55:07.739+0000] {logging_mixin.py:188} INFO - 01:55:07  Completed successfully
[2025-02-05T01:55:07.740+0000] {logging_mixin.py:188} INFO - 01:55:07
[2025-02-05T01:55:07.741+0000] {logging_mixin.py:188} INFO - 01:55:07  Done. PASS=1 WARN=0 ERROR=0 SKIP=0 TOTAL=1
[2025-02-05T01:55:12.410+0000] {local.py:138} WARNING - Artifact schema version: https://schemas.getdbt.com/dbt/manifest/v10.json is above dbt-ol supported version 7. This might cause errors.
[2025-02-05T01:55:12.479+0000] {local.py:494} INFO - Inlets: [Dataset(uri='postgres://postgres-db:5432/localiza_dw.dm_credit_operations_stage.raw_credit_fraud', extra=None)]
[2025-02-05T01:55:12.480+0000] {local.py:495} INFO - Outlets: [Dataset(uri='postgres://postgres-db:5432/localiza_dw.dm_credit_operations.stg_credit_fraud', extra=None)]
[2025-02-05T01:55:12.480+0000] {local.py:595} INFO - Assigning inlets/outlets without DatasetAlias
[2025-02-05T01:55:12.480+0000] {dag.py:3096} INFO - Sync 1 DAGs
[2025-02-05T01:55:12.493+0000] {dag.py:3954} INFO - Setting next_dagrun for dag_dbt-model_credit_fraud to None, run_after=None
[2025-02-05T01:55:12.520+0000] {taskinstance.py:441} INFO - ::group::Post task execution logs
[2025-02-05T01:55:12.547+0000] {taskinstance.py:1206} INFO - Marking task as SUCCESS. dag_id=dag_dbt-model_credit_fraud, task_id=model_credit_fraud.stg_credit_fraud_run, run_id=manual__2025-02-04T00:00:00+00:00, execution_date=20250204T000000, start_date=20250205T015503, end_date=20250205T015512
[2025-02-05T01:55:12.593+0000] {local_task_job_runner.py:240} INFO - Task exited with return code 0
[2025-02-05T01:55:12.617+0000] {taskinstance.py:3498} INFO - 3 downstream tasks scheduled from follow-on schedule check
[2025-02-05T01:55:12.619+0000] {local_task_job_runner.py:222} INFO - ::endgroup::
[2025-02-05T14:06:14.051+0000] {local_task_job_runner.py:120} INFO - ::group::Pre task execution logs
[2025-02-05T14:06:14.077+0000] {taskinstance.py:2076} INFO - Dependencies all met for dep_context=non-requeueable deps ti=<TaskInstance: dag_dbt-model_credit_fraud.model_credit_fraud.stg_credit_fraud_run manual__2025-02-04T00:00:00+00:00 [queued]>
[2025-02-05T14:06:14.096+0000] {taskinstance.py:2076} INFO - Dependencies all met for dep_context=requeueable deps ti=<TaskInstance: dag_dbt-model_credit_fraud.model_credit_fraud.stg_credit_fraud_run manual__2025-02-04T00:00:00+00:00 [queued]>
[2025-02-05T14:06:14.097+0000] {taskinstance.py:2306} INFO - Starting attempt 1 of 1
[2025-02-05T14:06:14.122+0000] {taskinstance.py:2330} INFO - Executing <Task(DbtRunLocalOperator): model_credit_fraud.stg_credit_fraud_run> on 2025-02-04 00:00:00+00:00
[2025-02-05T14:06:14.129+0000] {standard_task_runner.py:63} INFO - Started process 4617 to run task
[2025-02-05T14:06:14.133+0000] {standard_task_runner.py:90} INFO - Running: ['***', 'tasks', 'run', 'dag_dbt-model_credit_fraud', 'model_credit_fraud.stg_credit_fraud_run', 'manual__2025-02-04T00:00:00+00:00', '--job-id', '135', '--raw', '--subdir', 'DAGS_FOLDER/dag_dbt-model_fraud_credit.py', '--cfg-path', '/tmp/tmp_nnp2bbq']
[2025-02-05T14:06:14.136+0000] {standard_task_runner.py:91} INFO - Job 135: Subtask model_credit_fraud.stg_credit_fraud_run
[2025-02-05T14:06:14.218+0000] {task_command.py:426} INFO - Running <TaskInstance: dag_dbt-model_credit_fraud.model_credit_fraud.stg_credit_fraud_run manual__2025-02-04T00:00:00+00:00 [running]> on host 98025f4a542d
[2025-02-05T14:06:14.350+0000] {taskinstance.py:2648} INFO - Exporting env vars: AIRFLOW_CTX_DAG_OWNER='***' AIRFLOW_CTX_DAG_ID='dag_dbt-model_credit_fraud' AIRFLOW_CTX_TASK_ID='model_credit_fraud.stg_credit_fraud_run' AIRFLOW_CTX_EXECUTION_DATE='2025-02-04T00:00:00+00:00' AIRFLOW_CTX_TRY_NUMBER='1' AIRFLOW_CTX_DAG_RUN_ID='manual__2025-02-04T00:00:00+00:00'
[2025-02-05T14:06:14.353+0000] {taskinstance.py:430} INFO - ::endgroup::
[2025-02-05T14:06:16.747+0000] {local.py:220} INFO - dbtRunner is available. Using dbtRunner for invoking dbt.
[2025-02-05T14:06:16.749+0000] {local.py:436} INFO - Cloning project to writable temp directory /tmp/tmpowevanl1 from /usr/local/airflow/dags/dbt/localiza_dw
[2025-02-05T14:06:16.761+0000] {local.py:447} INFO - Partial parse is enabled and the latest partial parse file is /tmp/cosmos/dag_dbt-model_credit_fraud__model_credit_fraud/target/partial_parse.msgpack
[2025-02-05T14:06:16.773+0000] {config.py:348} INFO - Profile caching is enable.
[2025-02-05T14:06:16.789+0000] {base.py:84} INFO - Using connection ID '***' for task execution.
[2025-02-05T14:06:16.790+0000] {config.py:328} INFO - Profile found in cache using profile: /tmp/cosmos/profile/bdc35343eb23031ee554202b16407e794194afcc614f7ea62bc658c63495a211/profiles.yml.
[2025-02-05T14:06:16.793+0000] {local.py:408} INFO - Trying to run dbtRunner with:
 ['run', '--models', 'stg_credit_fraud', '--project-dir', '/tmp/tmpowevanl1', '--profiles-dir', '/tmp/cosmos/profile/bdc35343eb23031ee554202b16407e794194afcc614f7ea62bc658c63495a211', '--profile', '***', '--target', 'prod']
 in /tmp/tmpowevanl1
[2025-02-05T14:06:16.828+0000] {logging_mixin.py:188} INFO - 14:06:16  Running with dbt=1.6.1
[2025-02-05T14:06:17.051+0000] {logging_mixin.py:188} INFO - 14:06:17  Registered adapter: postgres=1.6.1
[2025-02-05T14:06:18.021+0000] {logging_mixin.py:188} INFO - 14:06:18  Found 4 models, 1 snapshot, 4 seeds, 5 tests, 3 sources, 0 exposures, 0 metrics, 349 macros, 0 groups, 0 semantic models
[2025-02-05T14:06:18.027+0000] {logging_mixin.py:188} INFO - 14:06:18
[2025-02-05T14:06:18.134+0000] {logging_mixin.py:188} INFO - 14:06:18  Concurrency: 1 threads (target='prod')
[2025-02-05T14:06:18.136+0000] {logging_mixin.py:188} INFO - 14:06:18
[2025-02-05T14:06:18.142+0000] {logging_mixin.py:188} INFO - 14:06:18  1 of 1 START sql view model dm_credit_operations.stg_credit_fraud .............. [RUN]
[2025-02-05T14:06:18.304+0000] {logging_mixin.py:188} INFO - 14:06:18  1 of 1 OK created sql view model dm_credit_operations.stg_credit_fraud ......... [CREATE VIEW in 0.16s]
[2025-02-05T14:06:18.324+0000] {logging_mixin.py:188} INFO - 14:06:18
[2025-02-05T14:06:18.325+0000] {logging_mixin.py:188} INFO - 14:06:18  Finished running 1 view model in 0 hours 0 minutes and 0.29 seconds (0.29s).
[2025-02-05T14:06:18.338+0000] {logging_mixin.py:188} INFO - 14:06:18
[2025-02-05T14:06:18.340+0000] {logging_mixin.py:188} INFO - 14:06:18  Completed successfully
[2025-02-05T14:06:18.342+0000] {logging_mixin.py:188} INFO - 14:06:18
[2025-02-05T14:06:18.345+0000] {logging_mixin.py:188} INFO - 14:06:18  Done. PASS=1 WARN=0 ERROR=0 SKIP=0 TOTAL=1
[2025-02-05T14:06:19.340+0000] {local.py:138} WARNING - Artifact schema version: https://schemas.getdbt.com/dbt/manifest/v10.json is above dbt-ol supported version 7. This might cause errors.
[2025-02-05T14:06:19.410+0000] {local.py:494} INFO - Inlets: [Dataset(uri='postgres://postgres-db:5432/localiza_dw.dm_credit_operations_stage.raw_credit_fraud', extra=None)]
[2025-02-05T14:06:19.411+0000] {local.py:495} INFO - Outlets: [Dataset(uri='postgres://postgres-db:5432/localiza_dw.dm_credit_operations.stg_credit_fraud', extra=None)]
[2025-02-05T14:06:19.413+0000] {local.py:595} INFO - Assigning inlets/outlets without DatasetAlias
[2025-02-05T14:06:19.414+0000] {dag.py:3096} INFO - Sync 1 DAGs
[2025-02-05T14:06:19.434+0000] {dag.py:3954} INFO - Setting next_dagrun for dag_dbt-model_credit_fraud to None, run_after=None
[2025-02-05T14:06:19.501+0000] {taskinstance.py:441} INFO - ::group::Post task execution logs
[2025-02-05T14:06:19.561+0000] {taskinstance.py:1206} INFO - Marking task as SUCCESS. dag_id=dag_dbt-model_credit_fraud, task_id=model_credit_fraud.stg_credit_fraud_run, run_id=manual__2025-02-04T00:00:00+00:00, execution_date=20250204T000000, start_date=20250205T140614, end_date=20250205T140619
[2025-02-05T14:06:19.615+0000] {local_task_job_runner.py:240} INFO - Task exited with return code 0
[2025-02-05T14:06:19.649+0000] {taskinstance.py:3498} INFO - 3 downstream tasks scheduled from follow-on schedule check
[2025-02-05T14:06:19.653+0000] {local_task_job_runner.py:222} INFO - ::endgroup::
[2025-02-05T14:31:53.153+0000] {local_task_job_runner.py:120} INFO - ::group::Pre task execution logs
[2025-02-05T14:31:53.170+0000] {taskinstance.py:2076} INFO - Dependencies all met for dep_context=non-requeueable deps ti=<TaskInstance: dag_dbt-model_credit_fraud.model_credit_fraud.stg_credit_fraud_run manual__2025-02-04T00:00:00+00:00 [queued]>
[2025-02-05T14:31:53.183+0000] {taskinstance.py:2076} INFO - Dependencies all met for dep_context=requeueable deps ti=<TaskInstance: dag_dbt-model_credit_fraud.model_credit_fraud.stg_credit_fraud_run manual__2025-02-04T00:00:00+00:00 [queued]>
[2025-02-05T14:31:53.184+0000] {taskinstance.py:2306} INFO - Starting attempt 1 of 1
[2025-02-05T14:31:53.199+0000] {taskinstance.py:2330} INFO - Executing <Task(DbtRunLocalOperator): model_credit_fraud.stg_credit_fraud_run> on 2025-02-04 00:00:00+00:00
[2025-02-05T14:31:53.205+0000] {standard_task_runner.py:63} INFO - Started process 276 to run task
[2025-02-05T14:31:53.209+0000] {standard_task_runner.py:90} INFO - Running: ['***', 'tasks', 'run', 'dag_dbt-model_credit_fraud', 'model_credit_fraud.stg_credit_fraud_run', 'manual__2025-02-04T00:00:00+00:00', '--job-id', '13', '--raw', '--subdir', 'DAGS_FOLDER/dag_dbt-model_fraud_credit.py', '--cfg-path', '/tmp/tmpi2munnxa']
[2025-02-05T14:31:53.211+0000] {standard_task_runner.py:91} INFO - Job 13: Subtask model_credit_fraud.stg_credit_fraud_run
[2025-02-05T14:31:53.268+0000] {task_command.py:426} INFO - Running <TaskInstance: dag_dbt-model_credit_fraud.model_credit_fraud.stg_credit_fraud_run manual__2025-02-04T00:00:00+00:00 [running]> on host eb17fa5f9c23
[2025-02-05T14:31:53.378+0000] {taskinstance.py:2648} INFO - Exporting env vars: AIRFLOW_CTX_DAG_OWNER='***' AIRFLOW_CTX_DAG_ID='dag_dbt-model_credit_fraud' AIRFLOW_CTX_TASK_ID='model_credit_fraud.stg_credit_fraud_run' AIRFLOW_CTX_EXECUTION_DATE='2025-02-04T00:00:00+00:00' AIRFLOW_CTX_TRY_NUMBER='1' AIRFLOW_CTX_DAG_RUN_ID='manual__2025-02-04T00:00:00+00:00'
[2025-02-05T14:31:53.382+0000] {taskinstance.py:430} INFO - ::endgroup::
[2025-02-05T14:31:56.257+0000] {local.py:220} INFO - dbtRunner is available. Using dbtRunner for invoking dbt.
[2025-02-05T14:31:56.258+0000] {local.py:436} INFO - Cloning project to writable temp directory /tmp/tmp7njb5yrj from /usr/local/airflow/dags/dbt/localiza_dw
[2025-02-05T14:31:56.267+0000] {local.py:447} INFO - Partial parse is enabled and the latest partial parse file is /tmp/cosmos/dag_dbt-model_credit_fraud__model_credit_fraud/target/partial_parse.msgpack
[2025-02-05T14:31:56.275+0000] {config.py:348} INFO - Profile caching is enable.
[2025-02-05T14:31:56.285+0000] {base.py:84} INFO - Using connection ID '***' for task execution.
[2025-02-05T14:31:56.287+0000] {config.py:328} INFO - Profile found in cache using profile: /tmp/cosmos/profile/bdc35343eb23031ee554202b16407e794194afcc614f7ea62bc658c63495a211/profiles.yml.
[2025-02-05T14:31:56.287+0000] {local.py:408} INFO - Trying to run dbtRunner with:
 ['run', '--models', 'stg_credit_fraud', '--project-dir', '/tmp/tmp7njb5yrj', '--profiles-dir', '/tmp/cosmos/profile/bdc35343eb23031ee554202b16407e794194afcc614f7ea62bc658c63495a211', '--profile', '***', '--target', 'prod']
 in /tmp/tmp7njb5yrj
[2025-02-05T14:31:56.310+0000] {logging_mixin.py:188} INFO - 14:31:56  Running with dbt=1.6.1
[2025-02-05T14:31:56.443+0000] {logging_mixin.py:188} INFO - 14:31:56  Registered adapter: postgres=1.6.1
[2025-02-05T14:31:57.171+0000] {logging_mixin.py:188} INFO - 14:31:57  Found 4 models, 1 snapshot, 4 seeds, 5 tests, 3 sources, 0 exposures, 0 metrics, 349 macros, 0 groups, 0 semantic models
[2025-02-05T14:31:57.174+0000] {logging_mixin.py:188} INFO - 14:31:57
[2025-02-05T14:31:57.251+0000] {logging_mixin.py:188} INFO - 14:31:57  Concurrency: 1 threads (target='prod')
[2025-02-05T14:31:57.252+0000] {logging_mixin.py:188} INFO - 14:31:57
[2025-02-05T14:31:57.256+0000] {logging_mixin.py:188} INFO - 14:31:57  1 of 1 START sql view model dm_credit_operations.stg_credit_fraud .............. [RUN]
[2025-02-05T14:31:57.357+0000] {logging_mixin.py:188} INFO - 14:31:57  1 of 1 OK created sql view model dm_credit_operations.stg_credit_fraud ......... [CREATE VIEW in 0.10s]
[2025-02-05T14:31:57.371+0000] {logging_mixin.py:188} INFO - 14:31:57
[2025-02-05T14:31:57.372+0000] {logging_mixin.py:188} INFO - 14:31:57  Finished running 1 view model in 0 hours 0 minutes and 0.20 seconds (0.20s).
[2025-02-05T14:31:57.381+0000] {logging_mixin.py:188} INFO - 14:31:57
[2025-02-05T14:31:57.383+0000] {logging_mixin.py:188} INFO - 14:31:57  Completed successfully
[2025-02-05T14:31:57.384+0000] {logging_mixin.py:188} INFO - 14:31:57
[2025-02-05T14:31:57.385+0000] {logging_mixin.py:188} INFO - 14:31:57  Done. PASS=1 WARN=0 ERROR=0 SKIP=0 TOTAL=1
[2025-02-05T14:31:58.186+0000] {local.py:138} WARNING - Artifact schema version: https://schemas.getdbt.com/dbt/manifest/v10.json is above dbt-ol supported version 7. This might cause errors.
[2025-02-05T14:31:58.227+0000] {local.py:494} INFO - Inlets: [Dataset(uri='postgres://postgres-db:5432/localiza_dw.dm_credit_operations_stage.raw_credit_fraud', extra=None)]
[2025-02-05T14:31:58.228+0000] {local.py:495} INFO - Outlets: [Dataset(uri='postgres://postgres-db:5432/localiza_dw.dm_credit_operations.stg_credit_fraud', extra=None)]
[2025-02-05T14:31:58.229+0000] {local.py:595} INFO - Assigning inlets/outlets without DatasetAlias
[2025-02-05T14:31:58.229+0000] {dag.py:3096} INFO - Sync 1 DAGs
[2025-02-05T14:31:58.246+0000] {dag.py:3954} INFO - Setting next_dagrun for dag_dbt-model_credit_fraud to None, run_after=None
[2025-02-05T14:31:58.278+0000] {taskinstance.py:441} INFO - ::group::Post task execution logs
[2025-02-05T14:31:58.311+0000] {taskinstance.py:1206} INFO - Marking task as SUCCESS. dag_id=dag_dbt-model_credit_fraud, task_id=model_credit_fraud.stg_credit_fraud_run, run_id=manual__2025-02-04T00:00:00+00:00, execution_date=20250204T000000, start_date=20250205T143153, end_date=20250205T143158
[2025-02-05T14:31:58.347+0000] {local_task_job_runner.py:240} INFO - Task exited with return code 0
[2025-02-05T14:31:58.365+0000] {taskinstance.py:3498} INFO - 0 downstream tasks scheduled from follow-on schedule check
[2025-02-05T14:31:58.368+0000] {local_task_job_runner.py:222} INFO - ::endgroup::
[2025-02-05T14:56:52.883+0000] {local_task_job_runner.py:120} INFO - ::group::Pre task execution logs
[2025-02-05T14:56:52.902+0000] {taskinstance.py:2076} INFO - Dependencies all met for dep_context=non-requeueable deps ti=<TaskInstance: dag_dbt-model_credit_fraud.model_credit_fraud.stg_credit_fraud_run manual__2025-02-04T00:00:00+00:00 [queued]>
[2025-02-05T14:56:52.913+0000] {taskinstance.py:2076} INFO - Dependencies all met for dep_context=requeueable deps ti=<TaskInstance: dag_dbt-model_credit_fraud.model_credit_fraud.stg_credit_fraud_run manual__2025-02-04T00:00:00+00:00 [queued]>
[2025-02-05T14:56:52.913+0000] {taskinstance.py:2306} INFO - Starting attempt 1 of 1
[2025-02-05T14:56:52.928+0000] {taskinstance.py:2330} INFO - Executing <Task(DbtRunLocalOperator): model_credit_fraud.stg_credit_fraud_run> on 2025-02-04 00:00:00+00:00
[2025-02-05T14:56:52.932+0000] {standard_task_runner.py:63} INFO - Started process 221 to run task
[2025-02-05T14:56:52.936+0000] {standard_task_runner.py:90} INFO - Running: ['***', 'tasks', 'run', 'dag_dbt-model_credit_fraud', 'model_credit_fraud.stg_credit_fraud_run', 'manual__2025-02-04T00:00:00+00:00', '--job-id', '11', '--raw', '--subdir', 'DAGS_FOLDER/dag_dbt-model_fraud_credit.py', '--cfg-path', '/tmp/tmpynp4rcpy']
[2025-02-05T14:56:52.937+0000] {standard_task_runner.py:91} INFO - Job 11: Subtask model_credit_fraud.stg_credit_fraud_run
[2025-02-05T14:56:52.988+0000] {task_command.py:426} INFO - Running <TaskInstance: dag_dbt-model_credit_fraud.model_credit_fraud.stg_credit_fraud_run manual__2025-02-04T00:00:00+00:00 [running]> on host 7c7f80fafcb7
[2025-02-05T14:56:53.076+0000] {taskinstance.py:2648} INFO - Exporting env vars: AIRFLOW_CTX_DAG_OWNER='***' AIRFLOW_CTX_DAG_ID='dag_dbt-model_credit_fraud' AIRFLOW_CTX_TASK_ID='model_credit_fraud.stg_credit_fraud_run' AIRFLOW_CTX_EXECUTION_DATE='2025-02-04T00:00:00+00:00' AIRFLOW_CTX_TRY_NUMBER='1' AIRFLOW_CTX_DAG_RUN_ID='manual__2025-02-04T00:00:00+00:00'
[2025-02-05T14:56:53.078+0000] {taskinstance.py:430} INFO - ::endgroup::
[2025-02-05T14:56:55.139+0000] {local.py:220} INFO - dbtRunner is available. Using dbtRunner for invoking dbt.
[2025-02-05T14:56:55.140+0000] {local.py:436} INFO - Cloning project to writable temp directory /tmp/tmpisdijqcr from /usr/local/airflow/dags/dbt/localiza_dw
[2025-02-05T14:56:55.149+0000] {local.py:447} INFO - Partial parse is enabled and the latest partial parse file is /usr/local/airflow/dags/dbt/localiza_dw/target/partial_parse.msgpack
[2025-02-05T14:56:55.185+0000] {config.py:348} INFO - Profile caching is enable.
[2025-02-05T14:56:55.192+0000] {base.py:84} INFO - Using connection ID '***' for task execution.
[2025-02-05T14:56:55.194+0000] {base.py:244} INFO - Using real values for profile ***
[2025-02-05T14:56:55.196+0000] {config.py:335} INFO - Profile not found in cache storing and using profile: /tmp/cosmos/profile/bdc35343eb23031ee554202b16407e794194afcc614f7ea62bc658c63495a211/profiles.yml.
[2025-02-05T14:56:55.197+0000] {local.py:408} INFO - Trying to run dbtRunner with:
 ['run', '--models', 'stg_credit_fraud', '--project-dir', '/tmp/tmpisdijqcr', '--profiles-dir', '/tmp/cosmos/profile/bdc35343eb23031ee554202b16407e794194afcc614f7ea62bc658c63495a211', '--profile', '***', '--target', 'prod']
 in /tmp/tmpisdijqcr
[2025-02-05T14:56:55.212+0000] {logging_mixin.py:188} INFO - 14:56:55  Running with dbt=1.6.1
[2025-02-05T14:56:55.313+0000] {logging_mixin.py:188} INFO - 14:56:55  Registered adapter: postgres=1.6.1
[2025-02-05T14:56:55.353+0000] {logging_mixin.py:188} INFO - 14:56:55  Unable to do partial parsing because of a version mismatch
[2025-02-05T14:56:56.586+0000] {logging_mixin.py:188} INFO - 14:56:56  Found 4 models, 1 snapshot, 4 seeds, 5 tests, 3 sources, 0 exposures, 0 metrics, 349 macros, 0 groups, 0 semantic models
[2025-02-05T14:56:56.589+0000] {logging_mixin.py:188} INFO - 14:56:56
[2025-02-05T14:56:56.663+0000] {logging_mixin.py:188} INFO - 14:56:56  Concurrency: 1 threads (target='prod')
[2025-02-05T14:56:56.665+0000] {logging_mixin.py:188} INFO - 14:56:56
[2025-02-05T14:56:56.668+0000] {logging_mixin.py:188} INFO - 14:56:56  1 of 1 START sql view model dm_credit_operations.stg_credit_fraud .............. [RUN]
[2025-02-05T14:56:56.750+0000] {logging_mixin.py:188} INFO - 14:56:56  1 of 1 OK created sql view model dm_credit_operations.stg_credit_fraud ......... [CREATE VIEW in 0.08s]
[2025-02-05T14:56:56.764+0000] {logging_mixin.py:188} INFO - 14:56:56
[2025-02-05T14:56:56.765+0000] {logging_mixin.py:188} INFO - 14:56:56  Finished running 1 view model in 0 hours 0 minutes and 0.17 seconds (0.17s).
[2025-02-05T14:56:56.773+0000] {logging_mixin.py:188} INFO - 14:56:56
[2025-02-05T14:56:56.775+0000] {logging_mixin.py:188} INFO - 14:56:56  Completed successfully
[2025-02-05T14:56:56.776+0000] {logging_mixin.py:188} INFO - 14:56:56
[2025-02-05T14:56:56.777+0000] {logging_mixin.py:188} INFO - 14:56:56  Done. PASS=1 WARN=0 ERROR=0 SKIP=0 TOTAL=1
[2025-02-05T14:56:57.523+0000] {local.py:138} WARNING - Artifact schema version: https://schemas.getdbt.com/dbt/manifest/v10.json is above dbt-ol supported version 7. This might cause errors.
[2025-02-05T14:56:57.551+0000] {local.py:494} INFO - Inlets: [Dataset(uri='postgres://postgres-db:5432/localiza_dw.dm_credit_operations_stage.raw_credit_fraud', extra=None)]
[2025-02-05T14:56:57.552+0000] {local.py:495} INFO - Outlets: [Dataset(uri='postgres://postgres-db:5432/localiza_dw.dm_credit_operations.stg_credit_fraud', extra=None)]
[2025-02-05T14:56:57.554+0000] {local.py:595} INFO - Assigning inlets/outlets without DatasetAlias
[2025-02-05T14:56:57.561+0000] {dag.py:3096} INFO - Sync 1 DAGs
[2025-02-05T14:56:57.582+0000] {dag.py:3954} INFO - Setting next_dagrun for dag_dbt-model_credit_fraud to None, run_after=None
[2025-02-05T14:56:57.604+0000] {taskinstance.py:441} INFO - ::group::Post task execution logs
[2025-02-05T14:56:57.630+0000] {taskinstance.py:1206} INFO - Marking task as SUCCESS. dag_id=dag_dbt-model_credit_fraud, task_id=model_credit_fraud.stg_credit_fraud_run, run_id=manual__2025-02-04T00:00:00+00:00, execution_date=20250204T000000, start_date=20250205T145652, end_date=20250205T145657
[2025-02-05T14:56:57.682+0000] {local_task_job_runner.py:240} INFO - Task exited with return code 0
[2025-02-05T14:56:57.706+0000] {taskinstance.py:3498} INFO - 3 downstream tasks scheduled from follow-on schedule check
[2025-02-05T14:56:57.709+0000] {local_task_job_runner.py:222} INFO - ::endgroup::
[2025-02-05T15:08:27.493+0000] {local_task_job_runner.py:120} INFO - ::group::Pre task execution logs
[2025-02-05T15:08:27.510+0000] {taskinstance.py:2076} INFO - Dependencies all met for dep_context=non-requeueable deps ti=<TaskInstance: dag_dbt-model_credit_fraud.model_credit_fraud.stg_credit_fraud_run manual__2025-02-04T00:00:00+00:00 [queued]>
[2025-02-05T15:08:27.522+0000] {taskinstance.py:2076} INFO - Dependencies all met for dep_context=requeueable deps ti=<TaskInstance: dag_dbt-model_credit_fraud.model_credit_fraud.stg_credit_fraud_run manual__2025-02-04T00:00:00+00:00 [queued]>
[2025-02-05T15:08:27.523+0000] {taskinstance.py:2306} INFO - Starting attempt 1 of 1
[2025-02-05T15:08:27.537+0000] {taskinstance.py:2330} INFO - Executing <Task(DbtRunLocalOperator): model_credit_fraud.stg_credit_fraud_run> on 2025-02-04 00:00:00+00:00
[2025-02-05T15:08:27.542+0000] {standard_task_runner.py:63} INFO - Started process 221 to run task
[2025-02-05T15:08:27.546+0000] {standard_task_runner.py:90} INFO - Running: ['***', 'tasks', 'run', 'dag_dbt-model_credit_fraud', 'model_credit_fraud.stg_credit_fraud_run', 'manual__2025-02-04T00:00:00+00:00', '--job-id', '11', '--raw', '--subdir', 'DAGS_FOLDER/dag_dbt-model_fraud_credit.py', '--cfg-path', '/tmp/tmpg4ud92fg']
[2025-02-05T15:08:27.549+0000] {standard_task_runner.py:91} INFO - Job 11: Subtask model_credit_fraud.stg_credit_fraud_run
[2025-02-05T15:08:25.863+0000] {task_command.py:426} INFO - Running <TaskInstance: dag_dbt-model_credit_fraud.model_credit_fraud.stg_credit_fraud_run manual__2025-02-04T00:00:00+00:00 [running]> on host 5c897c3a2254
[2025-02-05T15:08:25.938+0000] {taskinstance.py:2648} INFO - Exporting env vars: AIRFLOW_CTX_DAG_OWNER='***' AIRFLOW_CTX_DAG_ID='dag_dbt-model_credit_fraud' AIRFLOW_CTX_TASK_ID='model_credit_fraud.stg_credit_fraud_run' AIRFLOW_CTX_EXECUTION_DATE='2025-02-04T00:00:00+00:00' AIRFLOW_CTX_TRY_NUMBER='1' AIRFLOW_CTX_DAG_RUN_ID='manual__2025-02-04T00:00:00+00:00'
[2025-02-05T15:08:25.940+0000] {taskinstance.py:430} INFO - ::endgroup::
[2025-02-05T15:08:28.378+0000] {local.py:220} INFO - dbtRunner is available. Using dbtRunner for invoking dbt.
[2025-02-05T15:08:28.379+0000] {local.py:436} INFO - Cloning project to writable temp directory /tmp/tmpywhdp8y7 from /usr/local/airflow/dags/dbt/localiza_dw
[2025-02-05T15:08:28.387+0000] {local.py:447} INFO - Partial parse is enabled and the latest partial parse file is /usr/local/airflow/dags/dbt/localiza_dw/target/partial_parse.msgpack
[2025-02-05T15:08:28.429+0000] {config.py:348} INFO - Profile caching is enable.
[2025-02-05T15:08:28.437+0000] {base.py:84} INFO - Using connection ID '***' for task execution.
[2025-02-05T15:08:28.439+0000] {base.py:244} INFO - Using real values for profile ***
[2025-02-05T15:08:28.441+0000] {config.py:335} INFO - Profile not found in cache storing and using profile: /tmp/cosmos/profile/bdc35343eb23031ee554202b16407e794194afcc614f7ea62bc658c63495a211/profiles.yml.
[2025-02-05T15:08:28.442+0000] {local.py:408} INFO - Trying to run dbtRunner with:
 ['run', '--models', 'stg_credit_fraud', '--project-dir', '/tmp/tmpywhdp8y7', '--profiles-dir', '/tmp/cosmos/profile/bdc35343eb23031ee554202b16407e794194afcc614f7ea62bc658c63495a211', '--profile', '***', '--target', 'prod']
 in /tmp/tmpywhdp8y7
[2025-02-05T15:08:28.460+0000] {logging_mixin.py:188} INFO - 15:08:28  Running with dbt=1.6.1
[2025-02-05T15:08:28.581+0000] {logging_mixin.py:188} INFO - 15:08:28  Registered adapter: postgres=1.6.1
[2025-02-05T15:08:28.606+0000] {logging_mixin.py:188} INFO - 15:08:28  Unable to do partial parsing because of a version mismatch
[2025-02-05T15:08:29.844+0000] {logging_mixin.py:188} INFO - 15:08:29  Found 4 models, 1 snapshot, 4 seeds, 5 tests, 3 sources, 0 exposures, 0 metrics, 349 macros, 0 groups, 0 semantic models
[2025-02-05T15:08:29.848+0000] {logging_mixin.py:188} INFO - 15:08:29
[2025-02-05T15:08:29.919+0000] {logging_mixin.py:188} INFO - 15:08:29  Concurrency: 1 threads (target='prod')
[2025-02-05T15:08:29.920+0000] {logging_mixin.py:188} INFO - 15:08:29
[2025-02-05T15:08:29.924+0000] {logging_mixin.py:188} INFO - 15:08:29  1 of 1 START sql view model dm_credit_operations.stg_credit_fraud .............. [RUN]
[2025-02-05T15:08:30.008+0000] {logging_mixin.py:188} INFO - 15:08:30  1 of 1 OK created sql view model dm_credit_operations.stg_credit_fraud ......... [CREATE VIEW in 0.08s]
[2025-02-05T15:08:30.021+0000] {logging_mixin.py:188} INFO - 15:08:30
[2025-02-05T15:08:30.022+0000] {logging_mixin.py:188} INFO - 15:08:30  Finished running 1 view model in 0 hours 0 minutes and 0.17 seconds (0.17s).
[2025-02-05T15:08:30.031+0000] {logging_mixin.py:188} INFO - 15:08:30
[2025-02-05T15:08:30.032+0000] {logging_mixin.py:188} INFO - 15:08:30  Completed successfully
[2025-02-05T15:08:30.033+0000] {logging_mixin.py:188} INFO - 15:08:30
[2025-02-05T15:08:30.034+0000] {logging_mixin.py:188} INFO - 15:08:30  Done. PASS=1 WARN=0 ERROR=0 SKIP=0 TOTAL=1
[2025-02-05T15:08:30.789+0000] {local.py:138} WARNING - Artifact schema version: https://schemas.getdbt.com/dbt/manifest/v10.json is above dbt-ol supported version 7. This might cause errors.
[2025-02-05T15:08:30.829+0000] {local.py:494} INFO - Inlets: [Dataset(uri='postgres://postgres-db:5432/localiza_dw.dm_credit_operations_stage.raw_credit_fraud', extra=None)]
[2025-02-05T15:08:30.829+0000] {local.py:495} INFO - Outlets: [Dataset(uri='postgres://postgres-db:5432/localiza_dw.dm_credit_operations.stg_credit_fraud', extra=None)]
[2025-02-05T15:08:30.830+0000] {local.py:595} INFO - Assigning inlets/outlets without DatasetAlias
[2025-02-05T15:08:30.831+0000] {dag.py:3096} INFO - Sync 1 DAGs
[2025-02-05T15:08:30.845+0000] {dag.py:3954} INFO - Setting next_dagrun for dag_dbt-model_credit_fraud to None, run_after=None
[2025-02-05T15:08:30.871+0000] {taskinstance.py:441} INFO - ::group::Post task execution logs
[2025-02-05T15:08:30.900+0000] {taskinstance.py:1206} INFO - Marking task as SUCCESS. dag_id=dag_dbt-model_credit_fraud, task_id=model_credit_fraud.stg_credit_fraud_run, run_id=manual__2025-02-04T00:00:00+00:00, execution_date=20250204T000000, start_date=20250205T150827, end_date=20250205T150830
[2025-02-05T15:08:32.452+0000] {local_task_job_runner.py:240} INFO - Task exited with return code 0
[2025-02-05T15:08:32.476+0000] {taskinstance.py:3498} INFO - 3 downstream tasks scheduled from follow-on schedule check
[2025-02-05T15:08:32.478+0000] {local_task_job_runner.py:222} INFO - ::endgroup::
[2025-02-05T16:46:35.592+0000] {local_task_job_runner.py:120} INFO - ::group::Pre task execution logs
[2025-02-05T16:46:35.606+0000] {taskinstance.py:2076} INFO - Dependencies all met for dep_context=non-requeueable deps ti=<TaskInstance: dag_dbt-model_credit_fraud.model_credit_fraud.stg_credit_fraud_run manual__2025-02-04T00:00:00+00:00 [queued]>
[2025-02-05T16:46:35.615+0000] {taskinstance.py:2076} INFO - Dependencies all met for dep_context=requeueable deps ti=<TaskInstance: dag_dbt-model_credit_fraud.model_credit_fraud.stg_credit_fraud_run manual__2025-02-04T00:00:00+00:00 [queued]>
[2025-02-05T16:46:35.616+0000] {taskinstance.py:2306} INFO - Starting attempt 1 of 1
[2025-02-05T16:46:35.627+0000] {taskinstance.py:2330} INFO - Executing <Task(DbtRunLocalOperator): model_credit_fraud.stg_credit_fraud_run> on 2025-02-04 00:00:00+00:00
[2025-02-05T16:46:35.631+0000] {standard_task_runner.py:63} INFO - Started process 241 to run task
[2025-02-05T16:46:35.634+0000] {standard_task_runner.py:90} INFO - Running: ['***', 'tasks', 'run', 'dag_dbt-model_credit_fraud', 'model_credit_fraud.stg_credit_fraud_run', 'manual__2025-02-04T00:00:00+00:00', '--job-id', '12', '--raw', '--subdir', 'DAGS_FOLDER/dag_dbt-model_fraud_credit.py', '--cfg-path', '/tmp/tmpfd1x95bq']
[2025-02-05T16:46:35.635+0000] {standard_task_runner.py:91} INFO - Job 12: Subtask model_credit_fraud.stg_credit_fraud_run
[2025-02-05T16:46:35.679+0000] {task_command.py:426} INFO - Running <TaskInstance: dag_dbt-model_credit_fraud.model_credit_fraud.stg_credit_fraud_run manual__2025-02-04T00:00:00+00:00 [running]> on host 584eb3626689
[2025-02-05T16:46:35.746+0000] {taskinstance.py:2648} INFO - Exporting env vars: AIRFLOW_CTX_DAG_OWNER='***' AIRFLOW_CTX_DAG_ID='dag_dbt-model_credit_fraud' AIRFLOW_CTX_TASK_ID='model_credit_fraud.stg_credit_fraud_run' AIRFLOW_CTX_EXECUTION_DATE='2025-02-04T00:00:00+00:00' AIRFLOW_CTX_TRY_NUMBER='1' AIRFLOW_CTX_DAG_RUN_ID='manual__2025-02-04T00:00:00+00:00'
[2025-02-05T16:46:35.748+0000] {taskinstance.py:430} INFO - ::endgroup::
[2025-02-05T16:46:37.808+0000] {local.py:220} INFO - dbtRunner is available. Using dbtRunner for invoking dbt.
[2025-02-05T16:46:37.810+0000] {local.py:436} INFO - Cloning project to writable temp directory /tmp/tmpip7nilij from /usr/local/airflow/dags/dbt/localiza_dw
[2025-02-05T16:46:37.817+0000] {local.py:447} INFO - Partial parse is enabled and the latest partial parse file is /usr/local/airflow/dags/dbt/localiza_dw/target/partial_parse.msgpack
[2025-02-05T16:46:37.855+0000] {config.py:348} INFO - Profile caching is enable.
[2025-02-05T16:46:37.863+0000] {base.py:84} INFO - Using connection ID '***' for task execution.
[2025-02-05T16:46:37.865+0000] {base.py:244} INFO - Using real values for profile ***
[2025-02-05T16:46:37.867+0000] {config.py:335} INFO - Profile not found in cache storing and using profile: /tmp/cosmos/profile/bdc35343eb23031ee554202b16407e794194afcc614f7ea62bc658c63495a211/profiles.yml.
[2025-02-05T16:46:37.867+0000] {local.py:408} INFO - Trying to run dbtRunner with:
 ['run', '--models', 'stg_credit_fraud', '--project-dir', '/tmp/tmpip7nilij', '--profiles-dir', '/tmp/cosmos/profile/bdc35343eb23031ee554202b16407e794194afcc614f7ea62bc658c63495a211', '--profile', '***', '--target', 'prod']
 in /tmp/tmpip7nilij
[2025-02-05T16:46:37.886+0000] {logging_mixin.py:188} INFO - 16:46:37  Running with dbt=1.6.1
[2025-02-05T16:46:37.985+0000] {logging_mixin.py:188} INFO - 16:46:37  Registered adapter: postgres=1.6.1
[2025-02-05T16:46:38.007+0000] {logging_mixin.py:188} INFO - 16:46:38  Unable to do partial parsing because of a version mismatch
[2025-02-05T16:46:39.391+0000] {logging_mixin.py:188} INFO - 16:46:39  Found 5 models, 1 snapshot, 4 seeds, 5 tests, 3 sources, 0 exposures, 0 metrics, 349 macros, 0 groups, 0 semantic models
[2025-02-05T16:46:39.394+0000] {logging_mixin.py:188} INFO - 16:46:39
[2025-02-05T16:46:39.493+0000] {logging_mixin.py:188} INFO - 16:46:39  Concurrency: 1 threads (target='prod')
[2025-02-05T16:46:39.494+0000] {logging_mixin.py:188} INFO - 16:46:39
[2025-02-05T16:46:39.500+0000] {logging_mixin.py:188} INFO - 16:46:39  1 of 1 START sql view model dm_credit_operations.stg_credit_fraud .............. [RUN]
[2025-02-05T16:46:39.609+0000] {logging_mixin.py:188} INFO - 16:46:39  1 of 1 OK created sql view model dm_credit_operations.stg_credit_fraud ......... [CREATE VIEW in 0.11s]
[2025-02-05T16:46:39.625+0000] {logging_mixin.py:188} INFO - 16:46:39
[2025-02-05T16:46:39.626+0000] {logging_mixin.py:188} INFO - 16:46:39  Finished running 1 view model in 0 hours 0 minutes and 0.23 seconds (0.23s).
[2025-02-05T16:46:39.636+0000] {logging_mixin.py:188} INFO - 16:46:39
[2025-02-05T16:46:39.637+0000] {logging_mixin.py:188} INFO - 16:46:39  Completed successfully
[2025-02-05T16:46:39.638+0000] {logging_mixin.py:188} INFO - 16:46:39
[2025-02-05T16:46:39.639+0000] {logging_mixin.py:188} INFO - 16:46:39  Done. PASS=1 WARN=0 ERROR=0 SKIP=0 TOTAL=1
[2025-02-05T16:46:40.405+0000] {local.py:138} WARNING - Artifact schema version: https://schemas.getdbt.com/dbt/manifest/v10.json is above dbt-ol supported version 7. This might cause errors.
[2025-02-05T16:46:40.437+0000] {local.py:494} INFO - Inlets: [Dataset(uri='postgres://postgres-db:5432/localiza_dw.dm_credit_operations_stage.raw_credit_fraud', extra=None)]
[2025-02-05T16:46:40.438+0000] {local.py:495} INFO - Outlets: [Dataset(uri='postgres://postgres-db:5432/localiza_dw.dm_credit_operations.stg_credit_fraud', extra=None)]
[2025-02-05T16:46:40.439+0000] {local.py:595} INFO - Assigning inlets/outlets without DatasetAlias
[2025-02-05T16:46:40.439+0000] {dag.py:3096} INFO - Sync 1 DAGs
[2025-02-05T16:46:40.455+0000] {dag.py:3954} INFO - Setting next_dagrun for dag_dbt-model_credit_fraud to None, run_after=None
[2025-02-05T16:46:40.489+0000] {taskinstance.py:441} INFO - ::group::Post task execution logs
[2025-02-05T16:46:40.518+0000] {taskinstance.py:1206} INFO - Marking task as SUCCESS. dag_id=dag_dbt-model_credit_fraud, task_id=model_credit_fraud.stg_credit_fraud_run, run_id=manual__2025-02-04T00:00:00+00:00, execution_date=20250204T000000, start_date=20250205T164635, end_date=20250205T164640
[2025-02-05T16:46:40.557+0000] {local_task_job_runner.py:240} INFO - Task exited with return code 0
[2025-02-05T16:46:40.578+0000] {taskinstance.py:3498} INFO - 3 downstream tasks scheduled from follow-on schedule check
[2025-02-05T16:46:40.581+0000] {local_task_job_runner.py:222} INFO - ::endgroup::
