[2025-02-05T00:26:42.377+0000] {local_task_job_runner.py:120} INFO - ::group::Pre task execution logs
[2025-02-05T00:26:42.388+0000] {taskinstance.py:2076} INFO - Dependencies all met for dep_context=non-requeueable deps ti=<TaskInstance: dag_ingestion_daily-credit_fraud.bulk_file_load manual__2025-02-05T00:26:36.648668+00:00 [queued]>
[2025-02-05T00:26:42.395+0000] {taskinstance.py:2076} INFO - Dependencies all met for dep_context=requeueable deps ti=<TaskInstance: dag_ingestion_daily-credit_fraud.bulk_file_load manual__2025-02-05T00:26:36.648668+00:00 [queued]>
[2025-02-05T00:26:42.396+0000] {taskinstance.py:2306} INFO - Starting attempt 1 of 2
[2025-02-05T00:26:42.403+0000] {taskinstance.py:2330} INFO - Executing <Task(PostgresOperator): bulk_file_load> on 2025-02-05 00:26:36.648668+00:00
[2025-02-05T00:26:42.409+0000] {standard_task_runner.py:63} INFO - Started process 1605 to run task
[2025-02-05T00:26:42.418+0000] {standard_task_runner.py:90} INFO - Running: ['***', 'tasks', 'run', 'dag_ingestion_daily-credit_fraud', 'bulk_file_load', 'manual__2025-02-05T00:26:36.648668+00:00', '--job-id', '19', '--raw', '--subdir', 'DAGS_FOLDER/dag_ingestion_daily-fraud_credit.py', '--cfg-path', '/tmp/tmp8p2ojxwg']
[2025-02-05T00:26:42.421+0000] {standard_task_runner.py:91} INFO - Job 19: Subtask bulk_file_load
[2025-02-05T00:26:42.500+0000] {task_command.py:426} INFO - Running <TaskInstance: dag_ingestion_daily-credit_fraud.bulk_file_load manual__2025-02-05T00:26:36.648668+00:00 [running]> on host eb20c43aeeb4
[2025-02-05T00:26:42.597+0000] {taskinstance.py:2648} INFO - Exporting env vars: AIRFLOW_CTX_DAG_OWNER='***' AIRFLOW_CTX_DAG_ID='dag_ingestion_daily-credit_fraud' AIRFLOW_CTX_TASK_ID='bulk_file_load' AIRFLOW_CTX_EXECUTION_DATE='2025-02-05T00:26:36.648668+00:00' AIRFLOW_CTX_TRY_NUMBER='1' AIRFLOW_CTX_DAG_RUN_ID='manual__2025-02-05T00:26:36.648668+00:00'
[2025-02-05T00:26:42.603+0000] {taskinstance.py:430} INFO - ::endgroup::
[2025-02-05T00:26:42.626+0000] {sql.py:276} INFO - Executing: 
            COPY dm_credit_operations_stage.raw_credit_fraud FROM '/data/raw_fraud_credit.csv' DELIMITER ',' CSV HEADER;
        
[2025-02-05T00:26:42.636+0000] {base.py:84} INFO - Using connection ID '***' for task execution.
[2025-02-05T00:26:42.690+0000] {base.py:84} INFO - Using connection ID '***' for task execution.
[2025-02-05T00:26:42.694+0000] {sql.py:450} INFO - Running statement: 
            COPY dm_credit_operations_stage.raw_credit_fraud FROM '/data/raw_fraud_credit.csv' DELIMITER ',' CSV HEADER;
        , parameters: None
[2025-02-05T00:27:31.532+0000] {sql.py:459} INFO - Rows affected: 9291894
[2025-02-05T00:27:31.538+0000] {taskinstance.py:441} INFO - ::group::Post task execution logs
[2025-02-05T00:27:31.559+0000] {taskinstance.py:1206} INFO - Marking task as SUCCESS. dag_id=dag_ingestion_daily-credit_fraud, task_id=bulk_file_load, run_id=manual__2025-02-05T00:26:36.648668+00:00, execution_date=20250205T002636, start_date=20250205T002642, end_date=20250205T002731
[2025-02-05T00:27:31.604+0000] {local_task_job_runner.py:240} INFO - Task exited with return code 0
[2025-02-05T00:27:31.634+0000] {taskinstance.py:3498} INFO - 1 downstream tasks scheduled from follow-on schedule check
[2025-02-05T00:27:31.637+0000] {local_task_job_runner.py:222} INFO - ::endgroup::
