[2025-02-05T14:04:41.327+0000] {local_task_job_runner.py:120} INFO - ::group::Pre task execution logs
[2025-02-05T14:04:41.354+0000] {taskinstance.py:2076} INFO - Dependencies all met for dep_context=non-requeueable deps ti=<TaskInstance: dag_ingestion_daily-credit_fraud.create_table scheduled__2025-02-04T04:00:00+00:00 [queued]>
[2025-02-05T14:04:41.376+0000] {taskinstance.py:2076} INFO - Dependencies all met for dep_context=requeueable deps ti=<TaskInstance: dag_ingestion_daily-credit_fraud.create_table scheduled__2025-02-04T04:00:00+00:00 [queued]>
[2025-02-05T14:04:41.377+0000] {taskinstance.py:2306} INFO - Starting attempt 1 of 2
[2025-02-05T14:04:41.400+0000] {taskinstance.py:2330} INFO - Executing <Task(PostgresOperator): create_table> on 2025-02-04 04:00:00+00:00
[2025-02-05T14:04:41.409+0000] {standard_task_runner.py:63} INFO - Started process 4566 to run task
[2025-02-05T14:04:41.415+0000] {standard_task_runner.py:90} INFO - Running: ['***', 'tasks', 'run', 'dag_ingestion_daily-credit_fraud', 'create_table', 'scheduled__2025-02-04T04:00:00+00:00', '--job-id', '132', '--raw', '--subdir', 'DAGS_FOLDER/dag_ingestion_daily-fraud_credit.py', '--cfg-path', '/tmp/tmp2e56kqtb']
[2025-02-05T14:04:41.430+0000] {standard_task_runner.py:91} INFO - Job 132: Subtask create_table
[2025-02-05T14:04:41.629+0000] {task_command.py:426} INFO - Running <TaskInstance: dag_ingestion_daily-credit_fraud.create_table scheduled__2025-02-04T04:00:00+00:00 [running]> on host 98025f4a542d
[2025-02-05T14:04:41.820+0000] {taskinstance.py:2648} INFO - Exporting env vars: AIRFLOW_CTX_DAG_OWNER='***' AIRFLOW_CTX_DAG_ID='dag_ingestion_daily-credit_fraud' AIRFLOW_CTX_TASK_ID='create_table' AIRFLOW_CTX_EXECUTION_DATE='2025-02-04T04:00:00+00:00' AIRFLOW_CTX_TRY_NUMBER='1' AIRFLOW_CTX_DAG_RUN_ID='scheduled__2025-02-04T04:00:00+00:00'
[2025-02-05T14:04:41.826+0000] {taskinstance.py:430} INFO - ::endgroup::
[2025-02-05T14:04:41.862+0000] {sql.py:276} INFO - Executing: 
            CREATE SCHEMA IF NOT EXISTS dm_credit_operations_stage;
            DROP TABLE IF EXISTS dm_credit_operations_stage.raw_credit_fraud CASCADE;
            CREATE TABLE dm_credit_operations_stage.raw_credit_fraud (
               timestamp VARCHAR(50) NULL,
               sending_address VARCHAR(50) NULL,
               receiving_address VARCHAR(50) NULL,
               amount VARCHAR(50) NULL,
               transaction_type VARCHAR(50) NULL,
               location_region VARCHAR(50) NULL,
               ip_prefix VARCHAR(50) NULL,
               login_frequency VARCHAR(50) NULL,
               session_duration VARCHAR(50) NULL,
               purchase_pattern VARCHAR(50) NULL,
               age_group VARCHAR(50) NULL,
               risk_score VARCHAR(50) NULL,
               anomaly VARCHAR(50) NULL
          );
        
[2025-02-05T14:04:41.889+0000] {base.py:84} INFO - Using connection ID '***' for task execution.
[2025-02-05T14:04:42.035+0000] {base.py:84} INFO - Using connection ID '***' for task execution.
[2025-02-05T14:04:42.047+0000] {sql.py:450} INFO - Running statement: 
            CREATE SCHEMA IF NOT EXISTS dm_credit_operations_stage;
            DROP TABLE IF EXISTS dm_credit_operations_stage.raw_credit_fraud CASCADE;
            CREATE TABLE dm_credit_operations_stage.raw_credit_fraud (
               timestamp VARCHAR(50) NULL,
               sending_address VARCHAR(50) NULL,
               receiving_address VARCHAR(50) NULL,
               amount VARCHAR(50) NULL,
               transaction_type VARCHAR(50) NULL,
               location_region VARCHAR(50) NULL,
               ip_prefix VARCHAR(50) NULL,
               login_frequency VARCHAR(50) NULL,
               session_duration VARCHAR(50) NULL,
               purchase_pattern VARCHAR(50) NULL,
               age_group VARCHAR(50) NULL,
               risk_score VARCHAR(50) NULL,
               anomaly VARCHAR(50) NULL
          );
        , parameters: None
[2025-02-05T14:04:42.064+0000] {taskinstance.py:441} INFO - ::group::Post task execution logs
[2025-02-05T14:04:42.083+0000] {taskinstance.py:1206} INFO - Marking task as SUCCESS. dag_id=dag_ingestion_daily-credit_fraud, task_id=create_table, run_id=scheduled__2025-02-04T04:00:00+00:00, execution_date=20250204T040000, start_date=20250205T140441, end_date=20250205T140442
[2025-02-05T14:04:42.139+0000] {local_task_job_runner.py:240} INFO - Task exited with return code 0
[2025-02-05T14:04:42.180+0000] {taskinstance.py:3498} INFO - 1 downstream tasks scheduled from follow-on schedule check
[2025-02-05T14:04:42.184+0000] {local_task_job_runner.py:222} INFO - ::endgroup::
[2025-02-05T14:29:38.790+0000] {local_task_job_runner.py:120} INFO - ::group::Pre task execution logs
[2025-02-05T14:29:38.813+0000] {taskinstance.py:2076} INFO - Dependencies all met for dep_context=non-requeueable deps ti=<TaskInstance: dag_ingestion_daily-credit_fraud.create_table scheduled__2025-02-04T04:00:00+00:00 [queued]>
[2025-02-05T14:29:38.827+0000] {taskinstance.py:2076} INFO - Dependencies all met for dep_context=requeueable deps ti=<TaskInstance: dag_ingestion_daily-credit_fraud.create_table scheduled__2025-02-04T04:00:00+00:00 [queued]>
[2025-02-05T14:29:38.829+0000] {taskinstance.py:2306} INFO - Starting attempt 1 of 2
[2025-02-05T14:29:38.847+0000] {taskinstance.py:2330} INFO - Executing <Task(PostgresOperator): create_table> on 2025-02-04 04:00:00+00:00
[2025-02-05T14:29:38.855+0000] {standard_task_runner.py:63} INFO - Started process 42 to run task
[2025-02-05T14:29:38.861+0000] {standard_task_runner.py:90} INFO - Running: ['***', 'tasks', 'run', 'dag_ingestion_daily-credit_fraud', 'create_table', 'scheduled__2025-02-04T04:00:00+00:00', '--job-id', '2', '--raw', '--subdir', 'DAGS_FOLDER/dag_ingestion_daily-fraud_credit.py', '--cfg-path', '/tmp/tmpbvrn35ry']
[2025-02-05T14:29:38.863+0000] {standard_task_runner.py:91} INFO - Job 2: Subtask create_table
[2025-02-05T14:29:38.941+0000] {task_command.py:426} INFO - Running <TaskInstance: dag_ingestion_daily-credit_fraud.create_table scheduled__2025-02-04T04:00:00+00:00 [running]> on host eb17fa5f9c23
[2025-02-05T14:29:39.046+0000] {taskinstance.py:2648} INFO - Exporting env vars: AIRFLOW_CTX_DAG_OWNER='***' AIRFLOW_CTX_DAG_ID='dag_ingestion_daily-credit_fraud' AIRFLOW_CTX_TASK_ID='create_table' AIRFLOW_CTX_EXECUTION_DATE='2025-02-04T04:00:00+00:00' AIRFLOW_CTX_TRY_NUMBER='1' AIRFLOW_CTX_DAG_RUN_ID='scheduled__2025-02-04T04:00:00+00:00'
[2025-02-05T14:29:39.049+0000] {taskinstance.py:430} INFO - ::endgroup::
[2025-02-05T14:29:39.066+0000] {sql.py:276} INFO - Executing: 
            CREATE SCHEMA IF NOT EXISTS dm_credit_operations_stage;
            DROP TABLE IF EXISTS dm_credit_operations_stage.raw_credit_fraud CASCADE;
            CREATE TABLE dm_credit_operations_stage.raw_credit_fraud (
               timestamp VARCHAR(50) NULL,
               sending_address VARCHAR(50) NULL,
               receiving_address VARCHAR(50) NULL,
               amount VARCHAR(50) NULL,
               transaction_type VARCHAR(50) NULL,
               location_region VARCHAR(50) NULL,
               ip_prefix VARCHAR(50) NULL,
               login_frequency VARCHAR(50) NULL,
               session_duration VARCHAR(50) NULL,
               purchase_pattern VARCHAR(50) NULL,
               age_group VARCHAR(50) NULL,
               risk_score VARCHAR(50) NULL,
               anomaly VARCHAR(50) NULL
          );
        
[2025-02-05T14:29:39.078+0000] {base.py:84} INFO - Using connection ID '***' for task execution.
[2025-02-05T14:29:39.136+0000] {base.py:84} INFO - Using connection ID '***' for task execution.
[2025-02-05T14:29:39.142+0000] {sql.py:450} INFO - Running statement: 
            CREATE SCHEMA IF NOT EXISTS dm_credit_operations_stage;
            DROP TABLE IF EXISTS dm_credit_operations_stage.raw_credit_fraud CASCADE;
            CREATE TABLE dm_credit_operations_stage.raw_credit_fraud (
               timestamp VARCHAR(50) NULL,
               sending_address VARCHAR(50) NULL,
               receiving_address VARCHAR(50) NULL,
               amount VARCHAR(50) NULL,
               transaction_type VARCHAR(50) NULL,
               location_region VARCHAR(50) NULL,
               ip_prefix VARCHAR(50) NULL,
               login_frequency VARCHAR(50) NULL,
               session_duration VARCHAR(50) NULL,
               purchase_pattern VARCHAR(50) NULL,
               age_group VARCHAR(50) NULL,
               risk_score VARCHAR(50) NULL,
               anomaly VARCHAR(50) NULL
          );
        , parameters: None
[2025-02-05T14:29:39.148+0000] {taskinstance.py:441} INFO - ::group::Post task execution logs
[2025-02-05T14:29:39.159+0000] {taskinstance.py:1206} INFO - Marking task as SUCCESS. dag_id=dag_ingestion_daily-credit_fraud, task_id=create_table, run_id=scheduled__2025-02-04T04:00:00+00:00, execution_date=20250204T040000, start_date=20250205T142938, end_date=20250205T142939
[2025-02-05T14:29:39.201+0000] {local_task_job_runner.py:240} INFO - Task exited with return code 0
[2025-02-05T14:29:39.229+0000] {taskinstance.py:3498} INFO - 1 downstream tasks scheduled from follow-on schedule check
[2025-02-05T14:29:39.231+0000] {local_task_job_runner.py:222} INFO - ::endgroup::
[2025-02-05T14:55:11.482+0000] {local_task_job_runner.py:120} INFO - ::group::Pre task execution logs
[2025-02-05T14:55:11.503+0000] {taskinstance.py:2076} INFO - Dependencies all met for dep_context=non-requeueable deps ti=<TaskInstance: dag_ingestion_daily-credit_fraud.create_table scheduled__2025-02-04T04:00:00+00:00 [queued]>
[2025-02-05T14:55:11.513+0000] {taskinstance.py:2076} INFO - Dependencies all met for dep_context=requeueable deps ti=<TaskInstance: dag_ingestion_daily-credit_fraud.create_table scheduled__2025-02-04T04:00:00+00:00 [queued]>
[2025-02-05T14:55:11.514+0000] {taskinstance.py:2306} INFO - Starting attempt 1 of 2
[2025-02-05T14:55:11.529+0000] {taskinstance.py:2330} INFO - Executing <Task(PostgresOperator): create_table> on 2025-02-04 04:00:00+00:00
[2025-02-05T14:55:11.534+0000] {standard_task_runner.py:63} INFO - Started process 42 to run task
[2025-02-05T14:55:11.537+0000] {standard_task_runner.py:90} INFO - Running: ['***', 'tasks', 'run', 'dag_ingestion_daily-credit_fraud', 'create_table', 'scheduled__2025-02-04T04:00:00+00:00', '--job-id', '2', '--raw', '--subdir', 'DAGS_FOLDER/dag_ingestion_daily-fraud_credit.py', '--cfg-path', '/tmp/tmpsujl4n3g']
[2025-02-05T14:55:11.539+0000] {standard_task_runner.py:91} INFO - Job 2: Subtask create_table
[2025-02-05T14:55:11.600+0000] {task_command.py:426} INFO - Running <TaskInstance: dag_ingestion_daily-credit_fraud.create_table scheduled__2025-02-04T04:00:00+00:00 [running]> on host 7c7f80fafcb7
[2025-02-05T14:55:11.683+0000] {taskinstance.py:2648} INFO - Exporting env vars: AIRFLOW_CTX_DAG_OWNER='***' AIRFLOW_CTX_DAG_ID='dag_ingestion_daily-credit_fraud' AIRFLOW_CTX_TASK_ID='create_table' AIRFLOW_CTX_EXECUTION_DATE='2025-02-04T04:00:00+00:00' AIRFLOW_CTX_TRY_NUMBER='1' AIRFLOW_CTX_DAG_RUN_ID='scheduled__2025-02-04T04:00:00+00:00'
[2025-02-05T14:55:11.685+0000] {taskinstance.py:430} INFO - ::endgroup::
[2025-02-05T14:55:11.700+0000] {sql.py:276} INFO - Executing: 
            CREATE SCHEMA IF NOT EXISTS dm_credit_operations_stage;
            DROP TABLE IF EXISTS dm_credit_operations_stage.raw_credit_fraud CASCADE;
            CREATE TABLE dm_credit_operations_stage.raw_credit_fraud (
               timestamp VARCHAR(50) NULL,
               sending_address VARCHAR(50) NULL,
               receiving_address VARCHAR(50) NULL,
               amount VARCHAR(50) NULL,
               transaction_type VARCHAR(50) NULL,
               location_region VARCHAR(50) NULL,
               ip_prefix VARCHAR(50) NULL,
               login_frequency VARCHAR(50) NULL,
               session_duration VARCHAR(50) NULL,
               purchase_pattern VARCHAR(50) NULL,
               age_group VARCHAR(50) NULL,
               risk_score VARCHAR(50) NULL,
               anomaly VARCHAR(50) NULL
          );
        
[2025-02-05T14:55:11.711+0000] {base.py:84} INFO - Using connection ID '***' for task execution.
[2025-02-05T14:55:11.767+0000] {base.py:84} INFO - Using connection ID '***' for task execution.
[2025-02-05T14:55:11.773+0000] {sql.py:450} INFO - Running statement: 
            CREATE SCHEMA IF NOT EXISTS dm_credit_operations_stage;
            DROP TABLE IF EXISTS dm_credit_operations_stage.raw_credit_fraud CASCADE;
            CREATE TABLE dm_credit_operations_stage.raw_credit_fraud (
               timestamp VARCHAR(50) NULL,
               sending_address VARCHAR(50) NULL,
               receiving_address VARCHAR(50) NULL,
               amount VARCHAR(50) NULL,
               transaction_type VARCHAR(50) NULL,
               location_region VARCHAR(50) NULL,
               ip_prefix VARCHAR(50) NULL,
               login_frequency VARCHAR(50) NULL,
               session_duration VARCHAR(50) NULL,
               purchase_pattern VARCHAR(50) NULL,
               age_group VARCHAR(50) NULL,
               risk_score VARCHAR(50) NULL,
               anomaly VARCHAR(50) NULL
          );
        , parameters: None
[2025-02-05T14:55:11.778+0000] {taskinstance.py:441} INFO - ::group::Post task execution logs
[2025-02-05T14:55:11.787+0000] {taskinstance.py:1206} INFO - Marking task as SUCCESS. dag_id=dag_ingestion_daily-credit_fraud, task_id=create_table, run_id=scheduled__2025-02-04T04:00:00+00:00, execution_date=20250204T040000, start_date=20250205T145511, end_date=20250205T145511
[2025-02-05T14:55:11.836+0000] {local_task_job_runner.py:240} INFO - Task exited with return code 0
[2025-02-05T14:55:11.862+0000] {taskinstance.py:3498} INFO - 1 downstream tasks scheduled from follow-on schedule check
[2025-02-05T14:55:11.866+0000] {local_task_job_runner.py:222} INFO - ::endgroup::
[2025-02-05T15:06:41.200+0000] {local_task_job_runner.py:120} INFO - ::group::Pre task execution logs
[2025-02-05T15:06:41.217+0000] {taskinstance.py:2076} INFO - Dependencies all met for dep_context=non-requeueable deps ti=<TaskInstance: dag_ingestion_daily-credit_fraud.create_table scheduled__2025-02-04T04:00:00+00:00 [queued]>
[2025-02-05T15:06:41.226+0000] {taskinstance.py:2076} INFO - Dependencies all met for dep_context=requeueable deps ti=<TaskInstance: dag_ingestion_daily-credit_fraud.create_table scheduled__2025-02-04T04:00:00+00:00 [queued]>
[2025-02-05T15:06:41.227+0000] {taskinstance.py:2306} INFO - Starting attempt 1 of 2
[2025-02-05T15:06:41.239+0000] {taskinstance.py:2330} INFO - Executing <Task(PostgresOperator): create_table> on 2025-02-04 04:00:00+00:00
[2025-02-05T15:06:41.245+0000] {standard_task_runner.py:63} INFO - Started process 42 to run task
[2025-02-05T15:06:41.249+0000] {standard_task_runner.py:90} INFO - Running: ['***', 'tasks', 'run', 'dag_ingestion_daily-credit_fraud', 'create_table', 'scheduled__2025-02-04T04:00:00+00:00', '--job-id', '2', '--raw', '--subdir', 'DAGS_FOLDER/dag_ingestion_daily-fraud_credit.py', '--cfg-path', '/tmp/tmp7s2hvtsl']
[2025-02-05T15:06:41.250+0000] {standard_task_runner.py:91} INFO - Job 2: Subtask create_table
[2025-02-05T15:06:41.304+0000] {task_command.py:426} INFO - Running <TaskInstance: dag_ingestion_daily-credit_fraud.create_table scheduled__2025-02-04T04:00:00+00:00 [running]> on host 5c897c3a2254
[2025-02-05T15:06:41.386+0000] {taskinstance.py:2648} INFO - Exporting env vars: AIRFLOW_CTX_DAG_OWNER='***' AIRFLOW_CTX_DAG_ID='dag_ingestion_daily-credit_fraud' AIRFLOW_CTX_TASK_ID='create_table' AIRFLOW_CTX_EXECUTION_DATE='2025-02-04T04:00:00+00:00' AIRFLOW_CTX_TRY_NUMBER='1' AIRFLOW_CTX_DAG_RUN_ID='scheduled__2025-02-04T04:00:00+00:00'
[2025-02-05T15:06:41.388+0000] {taskinstance.py:430} INFO - ::endgroup::
[2025-02-05T15:06:41.401+0000] {sql.py:276} INFO - Executing: 
            CREATE SCHEMA IF NOT EXISTS dm_credit_operations_stage;
            DROP TABLE IF EXISTS dm_credit_operations_stage.raw_credit_fraud CASCADE;
            CREATE TABLE dm_credit_operations_stage.raw_credit_fraud (
               timestamp VARCHAR(50) NULL,
               sending_address VARCHAR(50) NULL,
               receiving_address VARCHAR(50) NULL,
               amount VARCHAR(50) NULL,
               transaction_type VARCHAR(50) NULL,
               location_region VARCHAR(50) NULL,
               ip_prefix VARCHAR(50) NULL,
               login_frequency VARCHAR(50) NULL,
               session_duration VARCHAR(50) NULL,
               purchase_pattern VARCHAR(50) NULL,
               age_group VARCHAR(50) NULL,
               risk_score VARCHAR(50) NULL,
               anomaly VARCHAR(50) NULL
          );
        
[2025-02-05T15:06:41.412+0000] {base.py:84} INFO - Using connection ID '***' for task execution.
[2025-02-05T15:06:41.461+0000] {base.py:84} INFO - Using connection ID '***' for task execution.
[2025-02-05T15:06:41.466+0000] {sql.py:450} INFO - Running statement: 
            CREATE SCHEMA IF NOT EXISTS dm_credit_operations_stage;
            DROP TABLE IF EXISTS dm_credit_operations_stage.raw_credit_fraud CASCADE;
            CREATE TABLE dm_credit_operations_stage.raw_credit_fraud (
               timestamp VARCHAR(50) NULL,
               sending_address VARCHAR(50) NULL,
               receiving_address VARCHAR(50) NULL,
               amount VARCHAR(50) NULL,
               transaction_type VARCHAR(50) NULL,
               location_region VARCHAR(50) NULL,
               ip_prefix VARCHAR(50) NULL,
               login_frequency VARCHAR(50) NULL,
               session_duration VARCHAR(50) NULL,
               purchase_pattern VARCHAR(50) NULL,
               age_group VARCHAR(50) NULL,
               risk_score VARCHAR(50) NULL,
               anomaly VARCHAR(50) NULL
          );
        , parameters: None
[2025-02-05T15:06:41.470+0000] {taskinstance.py:441} INFO - ::group::Post task execution logs
[2025-02-05T15:06:41.479+0000] {taskinstance.py:1206} INFO - Marking task as SUCCESS. dag_id=dag_ingestion_daily-credit_fraud, task_id=create_table, run_id=scheduled__2025-02-04T04:00:00+00:00, execution_date=20250204T040000, start_date=20250205T150641, end_date=20250205T150641
[2025-02-05T15:06:41.507+0000] {local_task_job_runner.py:240} INFO - Task exited with return code 0
[2025-02-05T15:06:41.531+0000] {taskinstance.py:3498} INFO - 1 downstream tasks scheduled from follow-on schedule check
[2025-02-05T15:06:41.534+0000] {local_task_job_runner.py:222} INFO - ::endgroup::
[2025-02-05T16:44:39.890+0000] {local_task_job_runner.py:120} INFO - ::group::Pre task execution logs
[2025-02-05T16:44:39.907+0000] {taskinstance.py:2076} INFO - Dependencies all met for dep_context=non-requeueable deps ti=<TaskInstance: dag_ingestion_daily-credit_fraud.create_table scheduled__2025-02-04T04:00:00+00:00 [queued]>
[2025-02-05T16:44:39.918+0000] {taskinstance.py:2076} INFO - Dependencies all met for dep_context=requeueable deps ti=<TaskInstance: dag_ingestion_daily-credit_fraud.create_table scheduled__2025-02-04T04:00:00+00:00 [queued]>
[2025-02-05T16:44:39.919+0000] {taskinstance.py:2306} INFO - Starting attempt 1 of 2
[2025-02-05T16:44:39.934+0000] {taskinstance.py:2330} INFO - Executing <Task(PostgresOperator): create_table> on 2025-02-04 04:00:00+00:00
[2025-02-05T16:44:39.941+0000] {standard_task_runner.py:63} INFO - Started process 42 to run task
[2025-02-05T16:44:39.944+0000] {standard_task_runner.py:90} INFO - Running: ['***', 'tasks', 'run', 'dag_ingestion_daily-credit_fraud', 'create_table', 'scheduled__2025-02-04T04:00:00+00:00', '--job-id', '2', '--raw', '--subdir', 'DAGS_FOLDER/dag_ingestion_daily-fraud_credit.py', '--cfg-path', '/tmp/tmp11z3ffcr']
[2025-02-05T16:44:39.947+0000] {standard_task_runner.py:91} INFO - Job 2: Subtask create_table
[2025-02-05T16:44:40.009+0000] {task_command.py:426} INFO - Running <TaskInstance: dag_ingestion_daily-credit_fraud.create_table scheduled__2025-02-04T04:00:00+00:00 [running]> on host 584eb3626689
[2025-02-05T16:44:40.096+0000] {taskinstance.py:2648} INFO - Exporting env vars: AIRFLOW_CTX_DAG_OWNER='***' AIRFLOW_CTX_DAG_ID='dag_ingestion_daily-credit_fraud' AIRFLOW_CTX_TASK_ID='create_table' AIRFLOW_CTX_EXECUTION_DATE='2025-02-04T04:00:00+00:00' AIRFLOW_CTX_TRY_NUMBER='1' AIRFLOW_CTX_DAG_RUN_ID='scheduled__2025-02-04T04:00:00+00:00'
[2025-02-05T16:44:40.099+0000] {taskinstance.py:430} INFO - ::endgroup::
[2025-02-05T16:44:40.130+0000] {sql.py:276} INFO - Executing: 
            CREATE SCHEMA IF NOT EXISTS dm_credit_operations_stage;
            DROP TABLE IF EXISTS dm_credit_operations_stage.raw_credit_fraud CASCADE;
            CREATE TABLE dm_credit_operations_stage.raw_credit_fraud (
               timestamp VARCHAR(50) NULL,
               sending_address VARCHAR(50) NULL,
               receiving_address VARCHAR(50) NULL,
               amount VARCHAR(50) NULL,
               transaction_type VARCHAR(50) NULL,
               location_region VARCHAR(50) NULL,
               ip_prefix VARCHAR(50) NULL,
               login_frequency VARCHAR(50) NULL,
               session_duration VARCHAR(50) NULL,
               purchase_pattern VARCHAR(50) NULL,
               age_group VARCHAR(50) NULL,
               risk_score VARCHAR(50) NULL,
               anomaly VARCHAR(50) NULL
          );
        
[2025-02-05T16:44:40.140+0000] {base.py:84} INFO - Using connection ID '***' for task execution.
[2025-02-05T16:44:40.210+0000] {base.py:84} INFO - Using connection ID '***' for task execution.
[2025-02-05T16:44:40.216+0000] {sql.py:450} INFO - Running statement: 
            CREATE SCHEMA IF NOT EXISTS dm_credit_operations_stage;
            DROP TABLE IF EXISTS dm_credit_operations_stage.raw_credit_fraud CASCADE;
            CREATE TABLE dm_credit_operations_stage.raw_credit_fraud (
               timestamp VARCHAR(50) NULL,
               sending_address VARCHAR(50) NULL,
               receiving_address VARCHAR(50) NULL,
               amount VARCHAR(50) NULL,
               transaction_type VARCHAR(50) NULL,
               location_region VARCHAR(50) NULL,
               ip_prefix VARCHAR(50) NULL,
               login_frequency VARCHAR(50) NULL,
               session_duration VARCHAR(50) NULL,
               purchase_pattern VARCHAR(50) NULL,
               age_group VARCHAR(50) NULL,
               risk_score VARCHAR(50) NULL,
               anomaly VARCHAR(50) NULL
          );
        , parameters: None
[2025-02-05T16:44:40.222+0000] {taskinstance.py:441} INFO - ::group::Post task execution logs
[2025-02-05T16:44:40.235+0000] {taskinstance.py:1206} INFO - Marking task as SUCCESS. dag_id=dag_ingestion_daily-credit_fraud, task_id=create_table, run_id=scheduled__2025-02-04T04:00:00+00:00, execution_date=20250204T040000, start_date=20250205T164439, end_date=20250205T164440
[2025-02-05T16:44:40.290+0000] {local_task_job_runner.py:240} INFO - Task exited with return code 0
[2025-02-05T16:44:40.324+0000] {taskinstance.py:3498} INFO - 1 downstream tasks scheduled from follow-on schedule check
[2025-02-05T16:44:40.327+0000] {local_task_job_runner.py:222} INFO - ::endgroup::
