[2025-02-05T00:31:02.238+0000] {local_task_job_runner.py:120} INFO - ::group::Pre task execution logs
[2025-02-05T00:31:02.248+0000] {taskinstance.py:2076} INFO - Dependencies all met for dep_context=non-requeueable deps ti=<TaskInstance: dag_dbt-model_credit_fraud.model_credit_fraud.dm_transaction_type_snapshot manual__2025-02-05T00:00:00+00:00 [queued]>
[2025-02-05T00:31:02.254+0000] {taskinstance.py:2076} INFO - Dependencies all met for dep_context=requeueable deps ti=<TaskInstance: dag_dbt-model_credit_fraud.model_credit_fraud.dm_transaction_type_snapshot manual__2025-02-05T00:00:00+00:00 [queued]>
[2025-02-05T00:31:02.255+0000] {taskinstance.py:2306} INFO - Starting attempt 2 of 2
[2025-02-05T00:31:02.264+0000] {taskinstance.py:2330} INFO - Executing <Task(DbtSnapshotLocalOperator): model_credit_fraud.dm_transaction_type_snapshot> on 2025-02-05 00:00:00+00:00
[2025-02-05T00:31:02.269+0000] {standard_task_runner.py:63} INFO - Started process 1860 to run task
[2025-02-05T00:31:02.271+0000] {standard_task_runner.py:90} INFO - Running: ['***', 'tasks', 'run', 'dag_dbt-model_credit_fraud', 'model_credit_fraud.dm_transaction_type_snapshot', 'manual__2025-02-05T00:00:00+00:00', '--job-id', '32', '--raw', '--subdir', 'DAGS_FOLDER/dag_dbt-model_fraud_credit.py', '--cfg-path', '/tmp/tmpimk1bc66']
[2025-02-05T00:31:02.272+0000] {standard_task_runner.py:91} INFO - Job 32: Subtask model_credit_fraud.dm_transaction_type_snapshot
[2025-02-05T00:31:02.313+0000] {task_command.py:426} INFO - Running <TaskInstance: dag_dbt-model_credit_fraud.model_credit_fraud.dm_transaction_type_snapshot manual__2025-02-05T00:00:00+00:00 [running]> on host eb20c43aeeb4
[2025-02-05T00:31:02.376+0000] {taskinstance.py:2648} INFO - Exporting env vars: AIRFLOW_CTX_DAG_OWNER='***' AIRFLOW_CTX_DAG_ID='dag_dbt-model_credit_fraud' AIRFLOW_CTX_TASK_ID='model_credit_fraud.dm_transaction_type_snapshot' AIRFLOW_CTX_EXECUTION_DATE='2025-02-05T00:00:00+00:00' AIRFLOW_CTX_TRY_NUMBER='2' AIRFLOW_CTX_DAG_RUN_ID='manual__2025-02-05T00:00:00+00:00'
[2025-02-05T00:31:02.378+0000] {taskinstance.py:430} INFO - ::endgroup::
[2025-02-05T00:31:04.271+0000] {local.py:220} INFO - dbtRunner is available. Using dbtRunner for invoking dbt.
[2025-02-05T00:31:04.273+0000] {local.py:436} INFO - Cloning project to writable temp directory /tmp/tmp_gpke9ko from /usr/local/airflow/dags/dbt/localiza_dw
[2025-02-05T00:31:04.276+0000] {local.py:447} INFO - Partial parse is enabled and the latest partial parse file is /tmp/cosmos/dag_dbt-model_credit_fraud__model_credit_fraud/target/partial_parse.msgpack
[2025-02-05T00:31:04.280+0000] {config.py:348} INFO - Profile caching is enable.
[2025-02-05T00:31:04.286+0000] {base.py:84} INFO - Using connection ID '***' for task execution.
[2025-02-05T00:31:04.287+0000] {config.py:328} INFO - Profile found in cache using profile: /tmp/cosmos/profile/bdc35343eb23031ee554202b16407e794194afcc614f7ea62bc658c63495a211/profiles.yml.
[2025-02-05T00:31:04.287+0000] {local.py:408} INFO - Trying to run dbtRunner with:
 ['snapshot', '--models', 'dm_transaction_type', '--project-dir', '/tmp/tmp_gpke9ko', '--profiles-dir', '/tmp/cosmos/profile/bdc35343eb23031ee554202b16407e794194afcc614f7ea62bc658c63495a211', '--profile', '***', '--target', 'prod']
 in /tmp/tmp_gpke9ko
[2025-02-05T00:31:04.299+0000] {logging_mixin.py:188} INFO - 00:31:04  Running with dbt=1.6.1
[2025-02-05T00:31:04.386+0000] {logging_mixin.py:188} INFO - 00:31:04  Registered adapter: postgres=1.6.1
[2025-02-05T00:31:04.533+0000] {logging_mixin.py:188} INFO - 00:31:04  Found 3 models, 1 snapshot, 5 tests, 1 source, 0 exposures, 0 metrics, 349 macros, 0 groups, 0 semantic models
[2025-02-05T00:31:04.535+0000] {logging_mixin.py:188} INFO - 00:31:04
[2025-02-05T00:31:04.585+0000] {logging_mixin.py:188} INFO - 00:31:04  Concurrency: 1 threads (target='prod')
[2025-02-05T00:31:04.587+0000] {logging_mixin.py:188} INFO - 00:31:04
[2025-02-05T00:31:04.590+0000] {logging_mixin.py:188} INFO - 00:31:04  1 of 1 START snapshot dm_credit_operations.dm_transaction_type ................. [RUN]
[2025-02-05T00:31:05.971+0000] {logging_mixin.py:188} INFO - 00:31:05  1 of 1 OK snapshotted dm_credit_operations.dm_transaction_type ................. [success in 1.38s]
[2025-02-05T00:31:05.984+0000] {logging_mixin.py:188} INFO - 00:31:05
[2025-02-05T00:31:05.986+0000] {logging_mixin.py:188} INFO - 00:31:05  Finished running 1 snapshot in 0 hours 0 minutes and 1.45 seconds (1.45s).
[2025-02-05T00:31:05.995+0000] {logging_mixin.py:188} INFO - 00:31:05
[2025-02-05T00:31:05.996+0000] {logging_mixin.py:188} INFO - 00:31:05  Completed successfully
[2025-02-05T00:31:05.997+0000] {logging_mixin.py:188} INFO - 00:31:05
[2025-02-05T00:31:05.999+0000] {logging_mixin.py:188} INFO - 00:31:05  Done. PASS=1 WARN=0 ERROR=0 SKIP=0 TOTAL=1
[2025-02-05T00:31:06.757+0000] {local.py:138} WARNING - Artifact schema version: https://schemas.getdbt.com/dbt/manifest/v10.json is above dbt-ol supported version 7. This might cause errors.
[2025-02-05T00:31:06.786+0000] {local.py:494} INFO - Inlets: [Dataset(uri='postgres://postgres-db:5432/localiza_dw.dm_credit_operations.stg_credit_fraud', extra=None)]
[2025-02-05T00:31:06.787+0000] {local.py:495} INFO - Outlets: [Dataset(uri='postgres://postgres-db:5432/localiza_dw.dm_credit_operations.dm_transaction_type', extra=None)]
[2025-02-05T00:31:06.788+0000] {local.py:595} INFO - Assigning inlets/outlets without DatasetAlias
[2025-02-05T00:31:06.790+0000] {dag.py:3096} INFO - Sync 1 DAGs
[2025-02-05T00:31:06.800+0000] {dag.py:3954} INFO - Setting next_dagrun for dag_dbt-model_credit_fraud to None, run_after=None
[2025-02-05T00:31:06.833+0000] {taskinstance.py:441} INFO - ::group::Post task execution logs
[2025-02-05T00:31:06.853+0000] {taskinstance.py:1206} INFO - Marking task as SUCCESS. dag_id=dag_dbt-model_credit_fraud, task_id=model_credit_fraud.dm_transaction_type_snapshot, run_id=manual__2025-02-05T00:00:00+00:00, execution_date=20250205T000000, start_date=20250205T003102, end_date=20250205T003106
[2025-02-05T00:31:06.885+0000] {local_task_job_runner.py:240} INFO - Task exited with return code 0
[2025-02-05T00:31:06.901+0000] {taskinstance.py:3498} INFO - 1 downstream tasks scheduled from follow-on schedule check
[2025-02-05T00:31:06.904+0000] {local_task_job_runner.py:222} INFO - ::endgroup::
