[2025-02-05T10:27:26.784+0000] {local_task_job_runner.py:120} INFO - ::group::Pre task execution logs
[2025-02-05T10:27:26.800+0000] {taskinstance.py:2076} INFO - Dependencies all met for dep_context=non-requeueable deps ti=<TaskInstance: dag_dbt-model_sales.model_sales.eventos_vendas_seed manual__2025-02-05T10:26:48.671128+00:00 [queued]>
[2025-02-05T10:27:26.807+0000] {taskinstance.py:2076} INFO - Dependencies all met for dep_context=requeueable deps ti=<TaskInstance: dag_dbt-model_sales.model_sales.eventos_vendas_seed manual__2025-02-05T10:26:48.671128+00:00 [queued]>
[2025-02-05T10:27:26.808+0000] {taskinstance.py:2306} INFO - Starting attempt 1 of 1
[2025-02-05T10:27:26.819+0000] {taskinstance.py:2330} INFO - Executing <Task(DbtSeedLocalOperator): model_sales.eventos_vendas_seed> on 2025-02-05 10:26:48.671128+00:00
[2025-02-05T10:27:26.824+0000] {standard_task_runner.py:63} INFO - Started process 178 to run task
[2025-02-05T10:27:26.829+0000] {standard_task_runner.py:90} INFO - Running: ['***', 'tasks', 'run', 'dag_dbt-model_sales', 'model_sales.eventos_vendas_seed', 'manual__2025-02-05T10:26:48.671128+00:00', '--job-id', '5', '--raw', '--subdir', 'DAGS_FOLDER/dag_dbt-model_sales.py', '--cfg-path', '/tmp/tmpnsnevklj']
[2025-02-05T10:27:26.830+0000] {standard_task_runner.py:91} INFO - Job 5: Subtask model_sales.eventos_vendas_seed
[2025-02-05T10:27:26.876+0000] {task_command.py:426} INFO - Running <TaskInstance: dag_dbt-model_sales.model_sales.eventos_vendas_seed manual__2025-02-05T10:26:48.671128+00:00 [running]> on host 98025f4a542d
[2025-02-05T10:27:26.946+0000] {taskinstance.py:2648} INFO - Exporting env vars: AIRFLOW_CTX_DAG_OWNER='***' AIRFLOW_CTX_DAG_ID='dag_dbt-model_sales' AIRFLOW_CTX_TASK_ID='model_sales.eventos_vendas_seed' AIRFLOW_CTX_EXECUTION_DATE='2025-02-05T10:26:48.671128+00:00' AIRFLOW_CTX_TRY_NUMBER='1' AIRFLOW_CTX_DAG_RUN_ID='manual__2025-02-05T10:26:48.671128+00:00'
[2025-02-05T10:27:26.950+0000] {taskinstance.py:430} INFO - ::endgroup::
[2025-02-05T10:27:29.277+0000] {local.py:220} INFO - dbtRunner is available. Using dbtRunner for invoking dbt.
[2025-02-05T10:27:29.278+0000] {local.py:436} INFO - Cloning project to writable temp directory /tmp/tmp1veijptz from /usr/local/airflow/dags/dbt/localiza_dw
[2025-02-05T10:27:29.282+0000] {local.py:447} INFO - Partial parse is enabled and the latest partial parse file is /tmp/cosmos/dag_dbt-model_sales__model_sales/target/partial_parse.msgpack
[2025-02-05T10:27:29.289+0000] {config.py:348} INFO - Profile caching is enable.
[2025-02-05T10:27:29.297+0000] {base.py:84} INFO - Using connection ID '***' for task execution.
[2025-02-05T10:27:29.300+0000] {config.py:328} INFO - Profile found in cache using profile: /tmp/cosmos/profile/47873256e3df2d6067f929148b3671caee72f33396318ef25aae33418849eddf/profiles.yml.
[2025-02-05T10:27:29.301+0000] {local.py:408} INFO - Trying to run dbtRunner with:
 ['seed', '--models', 'eventos_vendas', '--project-dir', '/tmp/tmp1veijptz', '--profiles-dir', '/tmp/cosmos/profile/47873256e3df2d6067f929148b3671caee72f33396318ef25aae33418849eddf', '--profile', '***', '--target', 'prod']
 in /tmp/tmp1veijptz
[2025-02-05T10:27:29.317+0000] {logging_mixin.py:188} INFO - 10:27:29  Running with dbt=1.6.1
[2025-02-05T10:27:29.426+0000] {logging_mixin.py:188} INFO - 10:27:29  Registered adapter: postgres=1.6.1
[2025-02-05T10:27:29.759+0000] {logging_mixin.py:188} INFO - 10:27:29  Found 3 models, 1 snapshot, 4 seeds, 5 tests, 1 source, 0 exposures, 0 metrics, 349 macros, 0 groups, 0 semantic models
[2025-02-05T10:27:29.764+0000] {logging_mixin.py:188} INFO - 10:27:29
[2025-02-05T10:27:29.842+0000] {logging_mixin.py:188} INFO - 10:27:29  Concurrency: 1 threads (target='prod')
[2025-02-05T10:27:29.849+0000] {logging_mixin.py:188} INFO - 10:27:29
[2025-02-05T10:27:29.853+0000] {logging_mixin.py:188} INFO - 10:27:29  1 of 1 START seed file dm_sales.eventos_vendas ................................. [RUN]
[2025-02-05T10:27:30.529+0000] {logging_mixin.py:188} INFO - 10:27:30  1 of 1 OK loaded seed file dm_sales.eventos_vendas ............................. [INSERT 500 in 0.67s]
[2025-02-05T10:27:30.544+0000] {logging_mixin.py:188} INFO - 10:27:30
[2025-02-05T10:27:30.545+0000] {logging_mixin.py:188} INFO - 10:27:30  Finished running 1 seed in 0 hours 0 minutes and 0.78 seconds (0.78s).
[2025-02-05T10:27:30.556+0000] {logging_mixin.py:188} INFO - 10:27:30
[2025-02-05T10:27:30.558+0000] {logging_mixin.py:188} INFO - 10:27:30  Completed successfully
[2025-02-05T10:27:30.559+0000] {logging_mixin.py:188} INFO - 10:27:30
[2025-02-05T10:27:30.560+0000] {logging_mixin.py:188} INFO - 10:27:30  Done. PASS=1 WARN=0 ERROR=0 SKIP=0 TOTAL=1
[2025-02-05T10:27:34.330+0000] {local.py:138} WARNING - Artifact schema version: https://schemas.getdbt.com/dbt/manifest/v10.json is above dbt-ol supported version 7. This might cause errors.
[2025-02-05T10:27:34.334+0000] {local.py:494} INFO - Inlets: []
[2025-02-05T10:27:34.335+0000] {local.py:495} INFO - Outlets: []
[2025-02-05T10:27:34.335+0000] {local.py:595} INFO - Assigning inlets/outlets without DatasetAlias
[2025-02-05T10:27:34.335+0000] {dag.py:3096} INFO - Sync 1 DAGs
[2025-02-05T10:27:34.392+0000] {dag.py:3954} INFO - Setting next_dagrun for dag_dbt-model_sales to None, run_after=None
[2025-02-05T10:27:34.418+0000] {taskinstance.py:441} INFO - ::group::Post task execution logs
[2025-02-05T10:27:34.427+0000] {taskinstance.py:1206} INFO - Marking task as SUCCESS. dag_id=dag_dbt-model_sales, task_id=model_sales.eventos_vendas_seed, run_id=manual__2025-02-05T10:26:48.671128+00:00, execution_date=20250205T102648, start_date=20250205T102726, end_date=20250205T102734
[2025-02-05T10:27:34.451+0000] {local_task_job_runner.py:240} INFO - Task exited with return code 0
[2025-02-05T10:27:34.471+0000] {taskinstance.py:3498} INFO - 1 downstream tasks scheduled from follow-on schedule check
[2025-02-05T10:27:34.473+0000] {local_task_job_runner.py:222} INFO - ::endgroup::
