[2025-02-05T00:30:51.830+0000] {local_task_job_runner.py:120} INFO - ::group::Pre task execution logs
[2025-02-05T00:30:51.843+0000] {taskinstance.py:2076} INFO - Dependencies all met for dep_context=non-requeueable deps ti=<TaskInstance: dag_dbt-model_credit_fraud.model_credit_fraud.agg_locations_risk_score_run manual__2025-02-05T00:00:00+00:00 [queued]>
[2025-02-05T00:30:51.851+0000] {taskinstance.py:2076} INFO - Dependencies all met for dep_context=requeueable deps ti=<TaskInstance: dag_dbt-model_credit_fraud.model_credit_fraud.agg_locations_risk_score_run manual__2025-02-05T00:00:00+00:00 [queued]>
[2025-02-05T00:30:51.853+0000] {taskinstance.py:2306} INFO - Starting attempt 2 of 2
[2025-02-05T00:30:51.864+0000] {taskinstance.py:2330} INFO - Executing <Task(DbtRunLocalOperator): model_credit_fraud.agg_locations_risk_score_run> on 2025-02-05 00:00:00+00:00
[2025-02-05T00:30:51.868+0000] {standard_task_runner.py:63} INFO - Started process 1839 to run task
[2025-02-05T00:30:51.871+0000] {standard_task_runner.py:90} INFO - Running: ['***', 'tasks', 'run', 'dag_dbt-model_credit_fraud', 'model_credit_fraud.agg_locations_risk_score_run', 'manual__2025-02-05T00:00:00+00:00', '--job-id', '31', '--raw', '--subdir', 'DAGS_FOLDER/dag_dbt-model_fraud_credit.py', '--cfg-path', '/tmp/tmp1fyag06h']
[2025-02-05T00:30:51.872+0000] {standard_task_runner.py:91} INFO - Job 31: Subtask model_credit_fraud.agg_locations_risk_score_run
[2025-02-05T00:30:51.916+0000] {task_command.py:426} INFO - Running <TaskInstance: dag_dbt-model_credit_fraud.model_credit_fraud.agg_locations_risk_score_run manual__2025-02-05T00:00:00+00:00 [running]> on host eb20c43aeeb4
[2025-02-05T00:30:51.986+0000] {taskinstance.py:2648} INFO - Exporting env vars: AIRFLOW_CTX_DAG_OWNER='***' AIRFLOW_CTX_DAG_ID='dag_dbt-model_credit_fraud' AIRFLOW_CTX_TASK_ID='model_credit_fraud.agg_locations_risk_score_run' AIRFLOW_CTX_EXECUTION_DATE='2025-02-05T00:00:00+00:00' AIRFLOW_CTX_TRY_NUMBER='2' AIRFLOW_CTX_DAG_RUN_ID='manual__2025-02-05T00:00:00+00:00'
[2025-02-05T00:30:51.988+0000] {taskinstance.py:430} INFO - ::endgroup::
[2025-02-05T00:30:54.488+0000] {local.py:220} INFO - dbtRunner is available. Using dbtRunner for invoking dbt.
[2025-02-05T00:30:54.489+0000] {local.py:436} INFO - Cloning project to writable temp directory /tmp/tmphmx2r3jj from /usr/local/airflow/dags/dbt/localiza_dw
[2025-02-05T00:30:54.493+0000] {local.py:447} INFO - Partial parse is enabled and the latest partial parse file is /tmp/cosmos/dag_dbt-model_credit_fraud__model_credit_fraud/target/partial_parse.msgpack
[2025-02-05T00:30:54.500+0000] {config.py:348} INFO - Profile caching is enable.
[2025-02-05T00:30:54.507+0000] {base.py:84} INFO - Using connection ID '***' for task execution.
[2025-02-05T00:30:54.508+0000] {config.py:328} INFO - Profile found in cache using profile: /tmp/cosmos/profile/bdc35343eb23031ee554202b16407e794194afcc614f7ea62bc658c63495a211/profiles.yml.
[2025-02-05T00:30:54.509+0000] {local.py:408} INFO - Trying to run dbtRunner with:
 ['run', '--models', 'agg_locations_risk_score', '--project-dir', '/tmp/tmphmx2r3jj', '--profiles-dir', '/tmp/cosmos/profile/bdc35343eb23031ee554202b16407e794194afcc614f7ea62bc658c63495a211', '--profile', '***', '--target', 'prod']
 in /tmp/tmphmx2r3jj
[2025-02-05T00:30:54.524+0000] {logging_mixin.py:188} INFO - 00:30:54  Running with dbt=1.6.1
[2025-02-05T00:30:54.639+0000] {logging_mixin.py:188} INFO - 00:30:54  Registered adapter: postgres=1.6.1
[2025-02-05T00:30:54.928+0000] {logging_mixin.py:188} INFO - 00:30:54  Found 3 models, 1 snapshot, 5 tests, 1 source, 0 exposures, 0 metrics, 349 macros, 0 groups, 0 semantic models
[2025-02-05T00:30:54.930+0000] {logging_mixin.py:188} INFO - 00:30:54
[2025-02-05T00:30:54.987+0000] {logging_mixin.py:188} INFO - 00:30:54  Concurrency: 1 threads (target='prod')
[2025-02-05T00:30:54.989+0000] {logging_mixin.py:188} INFO - 00:30:54
[2025-02-05T00:30:54.993+0000] {logging_mixin.py:188} INFO - 00:30:54  1 of 1 START sql table model dm_credit_operations.agg_locations_risk_score ..... [RUN]
[2025-02-05T00:30:58.305+0000] {logging_mixin.py:188} INFO - 00:30:58  1 of 1 OK created sql table model dm_credit_operations.agg_locations_risk_score  [SELECT 5 in 3.31s]
[2025-02-05T00:30:58.317+0000] {logging_mixin.py:188} INFO - 00:30:58
[2025-02-05T00:30:58.319+0000] {logging_mixin.py:188} INFO - 00:30:58  Finished running 1 table model in 0 hours 0 minutes and 3.39 seconds (3.39s).
[2025-02-05T00:30:58.328+0000] {logging_mixin.py:188} INFO - 00:30:58
[2025-02-05T00:30:58.329+0000] {logging_mixin.py:188} INFO - 00:30:58  Completed successfully
[2025-02-05T00:30:58.330+0000] {logging_mixin.py:188} INFO - 00:30:58
[2025-02-05T00:30:58.332+0000] {logging_mixin.py:188} INFO - 00:30:58  Done. PASS=1 WARN=0 ERROR=0 SKIP=0 TOTAL=1
[2025-02-05T00:30:59.039+0000] {local.py:138} WARNING - Artifact schema version: https://schemas.getdbt.com/dbt/manifest/v10.json is above dbt-ol supported version 7. This might cause errors.
[2025-02-05T00:30:59.067+0000] {local.py:494} INFO - Inlets: [Dataset(uri='postgres://postgres-db:5432/localiza_dw.dm_credit_operations.stg_credit_fraud', extra=None)]
[2025-02-05T00:30:59.068+0000] {local.py:495} INFO - Outlets: [Dataset(uri='postgres://postgres-db:5432/localiza_dw.dm_credit_operations.agg_locations_risk_score', extra=None)]
[2025-02-05T00:30:59.069+0000] {local.py:595} INFO - Assigning inlets/outlets without DatasetAlias
[2025-02-05T00:30:59.069+0000] {dag.py:3096} INFO - Sync 1 DAGs
[2025-02-05T00:30:59.080+0000] {dag.py:3954} INFO - Setting next_dagrun for dag_dbt-model_credit_fraud to None, run_after=None
[2025-02-05T00:30:59.106+0000] {taskinstance.py:441} INFO - ::group::Post task execution logs
[2025-02-05T00:30:59.128+0000] {taskinstance.py:1206} INFO - Marking task as SUCCESS. dag_id=dag_dbt-model_credit_fraud, task_id=model_credit_fraud.agg_locations_risk_score_run, run_id=manual__2025-02-05T00:00:00+00:00, execution_date=20250205T000000, start_date=20250205T003051, end_date=20250205T003059
[2025-02-05T00:30:59.146+0000] {local_task_job_runner.py:240} INFO - Task exited with return code 0
[2025-02-05T00:30:59.161+0000] {taskinstance.py:3498} INFO - 0 downstream tasks scheduled from follow-on schedule check
[2025-02-05T00:30:59.164+0000] {local_task_job_runner.py:222} INFO - ::endgroup::
