[2025-02-05T12:09:40.343+0000] {local_task_job_runner.py:120} INFO - ::group::Pre task execution logs
[2025-02-05T12:09:40.353+0000] {taskinstance.py:2076} INFO - Dependencies all met for dep_context=non-requeueable deps ti=<TaskInstance: dag_dbt-model_sales.model_sales.eventos_vendas_seed manual__2025-02-05T12:09:18+00:00 [queued]>
[2025-02-05T12:09:40.358+0000] {taskinstance.py:2076} INFO - Dependencies all met for dep_context=requeueable deps ti=<TaskInstance: dag_dbt-model_sales.model_sales.eventos_vendas_seed manual__2025-02-05T12:09:18+00:00 [queued]>
[2025-02-05T12:09:40.358+0000] {taskinstance.py:2306} INFO - Starting attempt 1 of 1
[2025-02-05T12:09:40.366+0000] {taskinstance.py:2330} INFO - Executing <Task(DbtSeedLocalOperator): model_sales.eventos_vendas_seed> on 2025-02-05 12:09:18+00:00
[2025-02-05T12:09:40.370+0000] {standard_task_runner.py:63} INFO - Started process 2447 to run task
[2025-02-05T12:09:40.372+0000] {standard_task_runner.py:90} INFO - Running: ['***', 'tasks', 'run', 'dag_dbt-model_sales', 'model_sales.eventos_vendas_seed', 'manual__2025-02-05T12:09:18+00:00', '--job-id', '69', '--raw', '--subdir', 'DAGS_FOLDER/dag_dbt-model_sales.py', '--cfg-path', '/tmp/tmpcp6z6wno']
[2025-02-05T12:09:40.374+0000] {standard_task_runner.py:91} INFO - Job 69: Subtask model_sales.eventos_vendas_seed
[2025-02-05T12:09:40.407+0000] {task_command.py:426} INFO - Running <TaskInstance: dag_dbt-model_sales.model_sales.eventos_vendas_seed manual__2025-02-05T12:09:18+00:00 [running]> on host 98025f4a542d
[2025-02-05T12:09:40.464+0000] {taskinstance.py:2648} INFO - Exporting env vars: AIRFLOW_CTX_DAG_OWNER='***' AIRFLOW_CTX_DAG_ID='dag_dbt-model_sales' AIRFLOW_CTX_TASK_ID='model_sales.eventos_vendas_seed' AIRFLOW_CTX_EXECUTION_DATE='2025-02-05T12:09:18+00:00' AIRFLOW_CTX_TRY_NUMBER='1' AIRFLOW_CTX_DAG_RUN_ID='manual__2025-02-05T12:09:18+00:00'
[2025-02-05T12:09:40.465+0000] {taskinstance.py:430} INFO - ::endgroup::
[2025-02-05T12:09:42.039+0000] {local.py:220} INFO - dbtRunner is available. Using dbtRunner for invoking dbt.
[2025-02-05T12:09:42.040+0000] {local.py:436} INFO - Cloning project to writable temp directory /tmp/tmp8v1valnw from /usr/local/airflow/dags/dbt/localiza_dw
[2025-02-05T12:09:42.047+0000] {local.py:447} INFO - Partial parse is enabled and the latest partial parse file is /tmp/cosmos/dag_dbt-model_sales__model_sales/target/partial_parse.msgpack
[2025-02-05T12:09:42.051+0000] {config.py:348} INFO - Profile caching is enable.
[2025-02-05T12:09:42.058+0000] {base.py:84} INFO - Using connection ID '***' for task execution.
[2025-02-05T12:09:42.059+0000] {config.py:328} INFO - Profile found in cache using profile: /tmp/cosmos/profile/47873256e3df2d6067f929148b3671caee72f33396318ef25aae33418849eddf/profiles.yml.
[2025-02-05T12:09:42.060+0000] {local.py:408} INFO - Trying to run dbtRunner with:
 ['seed', '--vars', '{"PROD_1": P004,                                 "PROD_2": P001,                                 "DATA_INICIO": 1999-01-01,                                 "DATA_FIM": 2025-02-05}', '--models', 'eventos_vendas', '--project-dir', '/tmp/tmp8v1valnw', '--profiles-dir', '/tmp/cosmos/profile/47873256e3df2d6067f929148b3671caee72f33396318ef25aae33418849eddf', '--profile', '***', '--target', 'prod']
 in /tmp/tmp8v1valnw
[2025-02-05T12:09:42.074+0000] {logging_mixin.py:188} INFO - 12:09:42  Running with dbt=1.6.1
[2025-02-05T12:09:42.148+0000] {logging_mixin.py:188} INFO - 12:09:42  Registered adapter: postgres=1.6.1
[2025-02-05T12:09:42.522+0000] {logging_mixin.py:188} INFO - 12:09:42  Found 4 models, 1 snapshot, 4 seeds, 5 tests, 3 sources, 0 exposures, 0 metrics, 349 macros, 0 groups, 0 semantic models
[2025-02-05T12:09:42.524+0000] {logging_mixin.py:188} INFO - 12:09:42
[2025-02-05T12:09:42.581+0000] {logging_mixin.py:188} INFO - 12:09:42  Concurrency: 1 threads (target='prod')
[2025-02-05T12:09:42.582+0000] {logging_mixin.py:188} INFO - 12:09:42
[2025-02-05T12:09:42.585+0000] {logging_mixin.py:188} INFO - 12:09:42  1 of 1 START seed file dm_sales.eventos_vendas ................................. [RUN]
[2025-02-05T12:09:42.993+0000] {logging_mixin.py:188} INFO - 12:09:42  1 of 1 OK loaded seed file dm_sales.eventos_vendas ............................. [INSERT 500 in 0.41s]
[2025-02-05T12:09:43.000+0000] {logging_mixin.py:188} INFO - 12:09:43
[2025-02-05T12:09:43.001+0000] {logging_mixin.py:188} INFO - 12:09:43  Finished running 1 seed in 0 hours 0 minutes and 0.47 seconds (0.47s).
[2025-02-05T12:09:43.007+0000] {logging_mixin.py:188} INFO - 12:09:43
[2025-02-05T12:09:43.008+0000] {logging_mixin.py:188} INFO - 12:09:43  Completed successfully
[2025-02-05T12:09:43.009+0000] {logging_mixin.py:188} INFO - 12:09:43
[2025-02-05T12:09:43.010+0000] {logging_mixin.py:188} INFO - 12:09:43  Done. PASS=1 WARN=0 ERROR=0 SKIP=0 TOTAL=1
[2025-02-05T12:09:43.790+0000] {local.py:138} WARNING - Artifact schema version: https://schemas.getdbt.com/dbt/manifest/v10.json is above dbt-ol supported version 7. This might cause errors.
[2025-02-05T12:09:43.793+0000] {local.py:494} INFO - Inlets: []
[2025-02-05T12:09:43.794+0000] {local.py:495} INFO - Outlets: []
[2025-02-05T12:09:43.795+0000] {local.py:595} INFO - Assigning inlets/outlets without DatasetAlias
[2025-02-05T12:09:43.795+0000] {dag.py:3096} INFO - Sync 1 DAGs
[2025-02-05T12:09:43.807+0000] {dag.py:3954} INFO - Setting next_dagrun for dag_dbt-model_sales to None, run_after=None
[2025-02-05T12:09:43.838+0000] {taskinstance.py:441} INFO - ::group::Post task execution logs
[2025-02-05T12:09:43.846+0000] {taskinstance.py:1206} INFO - Marking task as SUCCESS. dag_id=dag_dbt-model_sales, task_id=model_sales.eventos_vendas_seed, run_id=manual__2025-02-05T12:09:18+00:00, execution_date=20250205T120918, start_date=20250205T120940, end_date=20250205T120943
[2025-02-05T12:09:43.875+0000] {local_task_job_runner.py:240} INFO - Task exited with return code 0
[2025-02-05T12:09:43.899+0000] {taskinstance.py:3498} INFO - 1 downstream tasks scheduled from follow-on schedule check
[2025-02-05T12:09:43.902+0000] {local_task_job_runner.py:222} INFO - ::endgroup::
