[2025-02-05T14:39:14.606+0000] {local_task_job_runner.py:120} INFO - ::group::Pre task execution logs
[2025-02-05T14:39:14.621+0000] {taskinstance.py:2076} INFO - Dependencies all met for dep_context=non-requeueable deps ti=<TaskInstance: dag_ingestion_daily-credit_fraud.create_table manual__2025-02-05T14:39:10.316241+00:00 [queued]>
[2025-02-05T14:39:14.630+0000] {taskinstance.py:2076} INFO - Dependencies all met for dep_context=requeueable deps ti=<TaskInstance: dag_ingestion_daily-credit_fraud.create_table manual__2025-02-05T14:39:10.316241+00:00 [queued]>
[2025-02-05T14:39:14.631+0000] {taskinstance.py:2306} INFO - Starting attempt 1 of 2
[2025-02-05T14:39:14.648+0000] {taskinstance.py:2330} INFO - Executing <Task(PostgresOperator): create_table> on 2025-02-05 14:39:10.316241+00:00
[2025-02-05T14:39:14.655+0000] {standard_task_runner.py:63} INFO - Started process 419 to run task
[2025-02-05T14:39:14.658+0000] {standard_task_runner.py:90} INFO - Running: ['***', 'tasks', 'run', 'dag_ingestion_daily-credit_fraud', 'create_table', 'manual__2025-02-05T14:39:10.316241+00:00', '--job-id', '18', '--raw', '--subdir', 'DAGS_FOLDER/dag_ingestion_daily-fraud_credit.py', '--cfg-path', '/tmp/tmpi_mtw0uy']
[2025-02-05T14:39:14.660+0000] {standard_task_runner.py:91} INFO - Job 18: Subtask create_table
[2025-02-05T14:39:14.720+0000] {task_command.py:426} INFO - Running <TaskInstance: dag_ingestion_daily-credit_fraud.create_table manual__2025-02-05T14:39:10.316241+00:00 [running]> on host eb17fa5f9c23
[2025-02-05T14:39:14.813+0000] {taskinstance.py:2648} INFO - Exporting env vars: AIRFLOW_CTX_DAG_OWNER='***' AIRFLOW_CTX_DAG_ID='dag_ingestion_daily-credit_fraud' AIRFLOW_CTX_TASK_ID='create_table' AIRFLOW_CTX_EXECUTION_DATE='2025-02-05T14:39:10.316241+00:00' AIRFLOW_CTX_TRY_NUMBER='1' AIRFLOW_CTX_DAG_RUN_ID='manual__2025-02-05T14:39:10.316241+00:00'
[2025-02-05T14:39:14.816+0000] {taskinstance.py:430} INFO - ::endgroup::
[2025-02-05T14:39:14.830+0000] {sql.py:276} INFO - Executing: 
            CREATE SCHEMA IF NOT EXISTS dm_credit_operations_stage;
            DROP TABLE IF EXISTS dm_credit_operations_stage.raw_credit_fraud CASCADE;
            CREATE TABLE dm_credit_operations_stage.raw_credit_fraud (
               timestamp VARCHAR(50) NULL,
               sending_address VARCHAR(50) NULL,
               receiving_address VARCHAR(50) NULL,
               amount VARCHAR(50) NULL,
               transaction_type VARCHAR(50) NULL,
               location_region VARCHAR(50) NULL,
               ip_prefix VARCHAR(50) NULL,
               login_frequency VARCHAR(50) NULL,
               session_duration VARCHAR(50) NULL,
               purchase_pattern VARCHAR(50) NULL,
               age_group VARCHAR(50) NULL,
               risk_score VARCHAR(50) NULL,
               anomaly VARCHAR(50) NULL
          );
        
[2025-02-05T14:39:14.841+0000] {base.py:84} INFO - Using connection ID '***' for task execution.
[2025-02-05T14:39:14.896+0000] {base.py:84} INFO - Using connection ID '***' for task execution.
[2025-02-05T14:39:14.901+0000] {sql.py:450} INFO - Running statement: 
            CREATE SCHEMA IF NOT EXISTS dm_credit_operations_stage;
            DROP TABLE IF EXISTS dm_credit_operations_stage.raw_credit_fraud CASCADE;
            CREATE TABLE dm_credit_operations_stage.raw_credit_fraud (
               timestamp VARCHAR(50) NULL,
               sending_address VARCHAR(50) NULL,
               receiving_address VARCHAR(50) NULL,
               amount VARCHAR(50) NULL,
               transaction_type VARCHAR(50) NULL,
               location_region VARCHAR(50) NULL,
               ip_prefix VARCHAR(50) NULL,
               login_frequency VARCHAR(50) NULL,
               session_duration VARCHAR(50) NULL,
               purchase_pattern VARCHAR(50) NULL,
               age_group VARCHAR(50) NULL,
               risk_score VARCHAR(50) NULL,
               anomaly VARCHAR(50) NULL
          );
        , parameters: None
[2025-02-05T14:39:15.021+0000] {taskinstance.py:441} INFO - ::group::Post task execution logs
[2025-02-05T14:39:15.034+0000] {taskinstance.py:1206} INFO - Marking task as SUCCESS. dag_id=dag_ingestion_daily-credit_fraud, task_id=create_table, run_id=manual__2025-02-05T14:39:10.316241+00:00, execution_date=20250205T143910, start_date=20250205T143914, end_date=20250205T143915
[2025-02-05T14:39:15.051+0000] {local_task_job_runner.py:240} INFO - Task exited with return code 0
[2025-02-05T14:39:15.079+0000] {taskinstance.py:3498} INFO - 1 downstream tasks scheduled from follow-on schedule check
[2025-02-05T14:39:15.082+0000] {local_task_job_runner.py:222} INFO - ::endgroup::
