[2025-02-05T11:08:36.856+0000] {local_task_job_runner.py:120} INFO - ::group::Pre task execution logs
[2025-02-05T11:08:36.876+0000] {taskinstance.py:2076} INFO - Dependencies all met for dep_context=non-requeueable deps ti=<TaskInstance: dag_dbt-model_sales.model_sales.ad_hoc_avg_sales_run manual__2025-02-05T10:26:48.671128+00:00 [queued]>
[2025-02-05T11:08:36.887+0000] {taskinstance.py:2076} INFO - Dependencies all met for dep_context=requeueable deps ti=<TaskInstance: dag_dbt-model_sales.model_sales.ad_hoc_avg_sales_run manual__2025-02-05T10:26:48.671128+00:00 [queued]>
[2025-02-05T11:08:36.888+0000] {taskinstance.py:2306} INFO - Starting attempt 1 of 1
[2025-02-05T11:08:36.902+0000] {taskinstance.py:2330} INFO - Executing <Task(DbtRunLocalOperator): model_sales.ad_hoc_avg_sales_run> on 2025-02-05 10:26:48.671128+00:00
[2025-02-05T11:08:36.906+0000] {standard_task_runner.py:63} INFO - Started process 753 to run task
[2025-02-05T11:08:36.909+0000] {standard_task_runner.py:90} INFO - Running: ['***', 'tasks', 'run', 'dag_dbt-model_sales', 'model_sales.ad_hoc_avg_sales_run', 'manual__2025-02-05T10:26:48.671128+00:00', '--job-id', '7', '--raw', '--subdir', 'DAGS_FOLDER/dag_dbt-model_sales.py', '--cfg-path', '/tmp/tmpmx055sqv']
[2025-02-05T11:08:36.910+0000] {standard_task_runner.py:91} INFO - Job 7: Subtask model_sales.ad_hoc_avg_sales_run
[2025-02-05T11:08:36.970+0000] {task_command.py:426} INFO - Running <TaskInstance: dag_dbt-model_sales.model_sales.ad_hoc_avg_sales_run manual__2025-02-05T10:26:48.671128+00:00 [running]> on host 98025f4a542d
[2025-02-05T11:08:37.063+0000] {taskinstance.py:2648} INFO - Exporting env vars: AIRFLOW_CTX_DAG_OWNER='***' AIRFLOW_CTX_DAG_ID='dag_dbt-model_sales' AIRFLOW_CTX_TASK_ID='model_sales.ad_hoc_avg_sales_run' AIRFLOW_CTX_EXECUTION_DATE='2025-02-05T10:26:48.671128+00:00' AIRFLOW_CTX_TRY_NUMBER='1' AIRFLOW_CTX_DAG_RUN_ID='manual__2025-02-05T10:26:48.671128+00:00'
[2025-02-05T11:08:37.065+0000] {taskinstance.py:430} INFO - ::endgroup::
[2025-02-05T11:08:39.834+0000] {local.py:220} INFO - dbtRunner is available. Using dbtRunner for invoking dbt.
[2025-02-05T11:08:39.836+0000] {local.py:436} INFO - Cloning project to writable temp directory /tmp/tmpscygli6b from /usr/local/airflow/dags/dbt/localiza_dw
[2025-02-05T11:08:39.843+0000] {local.py:447} INFO - Partial parse is enabled and the latest partial parse file is /tmp/cosmos/dag_dbt-model_sales__model_sales/target/partial_parse.msgpack
[2025-02-05T11:08:39.849+0000] {config.py:348} INFO - Profile caching is enable.
[2025-02-05T11:08:39.858+0000] {base.py:84} INFO - Using connection ID '***' for task execution.
[2025-02-05T11:08:39.859+0000] {config.py:328} INFO - Profile found in cache using profile: /tmp/cosmos/profile/47873256e3df2d6067f929148b3671caee72f33396318ef25aae33418849eddf/profiles.yml.
[2025-02-05T11:08:39.860+0000] {local.py:408} INFO - Trying to run dbtRunner with:
 ['run', '--models', 'ad_hoc_avg_sales', '--project-dir', '/tmp/tmpscygli6b', '--profiles-dir', '/tmp/cosmos/profile/47873256e3df2d6067f929148b3671caee72f33396318ef25aae33418849eddf', '--profile', '***', '--target', 'prod']
 in /tmp/tmpscygli6b
[2025-02-05T11:08:39.880+0000] {logging_mixin.py:188} INFO - 11:08:39  Running with dbt=1.6.1
[2025-02-05T11:08:40.012+0000] {logging_mixin.py:188} INFO - 11:08:40  Registered adapter: postgres=1.6.1
[2025-02-05T11:08:40.039+0000] {logging_mixin.py:188} INFO - 11:08:40  Unable to do partial parsing because profile has changed
[2025-02-05T11:08:40.041+0000] {logging_mixin.py:188} INFO - 11:08:40  Unable to do partial parsing because env vars used in profiles.yml have changed
[2025-02-05T11:08:41.523+0000] {logging_mixin.py:188} INFO - 11:08:41  Found 4 models, 1 snapshot, 4 seeds, 5 tests, 3 sources, 0 exposures, 0 metrics, 349 macros, 0 groups, 0 semantic models
[2025-02-05T11:08:41.525+0000] {logging_mixin.py:188} INFO - 11:08:41
[2025-02-05T11:08:41.597+0000] {logging_mixin.py:188} INFO - 11:08:41  Concurrency: 1 threads (target='prod')
[2025-02-05T11:08:41.598+0000] {logging_mixin.py:188} INFO - 11:08:41
[2025-02-05T11:08:41.602+0000] {logging_mixin.py:188} INFO - 11:08:41  1 of 1 START sql table model dm_sales.ad_hoc_avg_sales ......................... [RUN]
[2025-02-05T11:08:41.678+0000] {logging_mixin.py:188} INFO - 11:08:41  1 of 1 ERROR creating sql table model dm_sales.ad_hoc_avg_sales ................ [ERROR in 0.07s]
[2025-02-05T11:08:41.692+0000] {logging_mixin.py:188} INFO - 11:08:41
[2025-02-05T11:08:41.694+0000] {logging_mixin.py:188} INFO - 11:08:41  Finished running 1 table model in 0 hours 0 minutes and 0.16 seconds (0.16s).
[2025-02-05T11:08:41.703+0000] {logging_mixin.py:188} INFO - 11:08:41
[2025-02-05T11:08:41.705+0000] {logging_mixin.py:188} INFO - 11:08:41  Completed with 1 error and 0 warnings:
[2025-02-05T11:08:41.706+0000] {logging_mixin.py:188} INFO - 11:08:41
[2025-02-05T11:08:41.707+0000] {logging_mixin.py:188} INFO - 11:08:41  Database Error in model ad_hoc_avg_sales (models/marts/sales/ad_hoc_avg_sales.sql)
[2025-02-05T11:08:41.709+0000] {logging_mixin.py:188} INFO - 11:08:41    column v.cod_vendedor does not exist
[2025-02-05T11:08:41.710+0000] {logging_mixin.py:188} INFO - 11:08:41    LINE 17: ...OIN "***"."dm_sales"."dim_vendedor" ve ON v.COD_VEND...
[2025-02-05T11:08:41.711+0000] {logging_mixin.py:188} INFO - 11:08:41                                                                  ^
[2025-02-05T11:08:41.712+0000] {logging_mixin.py:188} INFO - 11:08:41    compiled Code at target/run/***/models/marts/sales/ad_hoc_avg_sales.sql
[2025-02-05T11:08:41.713+0000] {logging_mixin.py:188} INFO - 11:08:41
[2025-02-05T11:08:41.715+0000] {logging_mixin.py:188} INFO - 11:08:41  Done. PASS=0 WARN=0 ERROR=1 SKIP=0 TOTAL=1
[2025-02-05T11:08:43.912+0000] {local.py:138} WARNING - Artifact schema version: https://schemas.getdbt.com/dbt/manifest/v10.json is above dbt-ol supported version 7. This might cause errors.
[2025-02-05T11:08:43.919+0000] {local.py:494} INFO - Inlets: []
[2025-02-05T11:08:43.921+0000] {local.py:495} INFO - Outlets: []
[2025-02-05T11:08:43.921+0000] {local.py:595} INFO - Assigning inlets/outlets without DatasetAlias
[2025-02-05T11:08:43.922+0000] {dag.py:3096} INFO - Sync 1 DAGs
[2025-02-05T11:08:43.939+0000] {dag.py:3954} INFO - Setting next_dagrun for dag_dbt-model_sales to None, run_after=None
[2025-02-05T11:08:43.998+0000] {taskinstance.py:441} INFO - ::group::Post task execution logs
[2025-02-05T11:08:44.011+0000] {taskinstance.py:2905} ERROR - Task failed with exception
Traceback (most recent call last):
  File "/usr/local/lib/python3.11/site-packages/airflow/models/taskinstance.py", line 465, in _execute_task
    result = _execute_callable(context=context, **execute_callable_kwargs)
             ^^^^^^^^^^^^^^^^^^^^^^^^^^^^^^^^^^^^^^^^^^^^^^^^^^^^^^^^^^^^^
  File "/usr/local/lib/python3.11/site-packages/airflow/models/taskinstance.py", line 432, in _execute_callable
    return execute_callable(context=context, **execute_callable_kwargs)
           ^^^^^^^^^^^^^^^^^^^^^^^^^^^^^^^^^^^^^^^^^^^^^^^^^^^^^^^^^^^^
  File "/usr/local/lib/python3.11/site-packages/airflow/models/baseoperator.py", line 400, in wrapper
    return func(self, *args, **kwargs)
           ^^^^^^^^^^^^^^^^^^^^^^^^^^^
  File "/usr/local/lib/python3.11/site-packages/cosmos/operators/base.py", line 268, in execute
    self.build_and_run_cmd(context=context, cmd_flags=self.add_cmd_flags())
  File "/usr/local/lib/python3.11/site-packages/cosmos/operators/local.py", line 654, in build_and_run_cmd
    result = self.run_command(cmd=dbt_cmd, env=env, context=context)
             ^^^^^^^^^^^^^^^^^^^^^^^^^^^^^^^^^^^^^^^^^^^^^^^^^^^^^^^
  File "/usr/local/lib/python3.11/site-packages/cosmos/operators/local.py", line 509, in run_command
    self.handle_exception(result)
  File "/usr/local/lib/python3.11/site-packages/cosmos/operators/local.py", line 237, in handle_exception_dbt_runner
    raise AirflowException(f"dbt invocation completed with errors: {error_message}")
airflow.exceptions.AirflowException: dbt invocation completed with errors: ad_hoc_avg_sales: Database Error in model ad_hoc_avg_sales (models/marts/sales/ad_hoc_avg_sales.sql)
  column v.cod_vendedor does not exist
  LINE 17: ...OIN "***"."dm_sales"."dim_vendedor" ve ON v.COD_VEND...
                                                                ^
  compiled Code at target/run/***/models/marts/sales/ad_hoc_avg_sales.sql
[2025-02-05T11:08:44.019+0000] {taskinstance.py:1206} INFO - Marking task as FAILED. dag_id=dag_dbt-model_sales, task_id=model_sales.ad_hoc_avg_sales_run, run_id=manual__2025-02-05T10:26:48.671128+00:00, execution_date=20250205T102648, start_date=20250205T110836, end_date=20250205T110844
[2025-02-05T11:08:44.032+0000] {standard_task_runner.py:110} ERROR - Failed to execute job 7 for task model_sales.ad_hoc_avg_sales_run (dbt invocation completed with errors: ad_hoc_avg_sales: Database Error in model ad_hoc_avg_sales (models/marts/sales/ad_hoc_avg_sales.sql)
  column v.cod_vendedor does not exist
  LINE 17: ...OIN "***"."dm_sales"."dim_vendedor" ve ON v.COD_VEND...
                                                                ^
  compiled Code at target/run/***/models/marts/sales/ad_hoc_avg_sales.sql; 753)
[2025-02-05T11:08:44.063+0000] {local_task_job_runner.py:240} INFO - Task exited with return code 1
[2025-02-05T11:08:44.083+0000] {taskinstance.py:3498} INFO - 0 downstream tasks scheduled from follow-on schedule check
[2025-02-05T11:08:44.088+0000] {local_task_job_runner.py:222} INFO - ::endgroup::
