[2025-02-05T12:09:56.972+0000] {local_task_job_runner.py:120} INFO - ::group::Pre task execution logs
[2025-02-05T12:09:56.981+0000] {taskinstance.py:2076} INFO - Dependencies all met for dep_context=non-requeueable deps ti=<TaskInstance: dag_dbt-model_sales.model_sales.ad_hoc_vendedor_indicador_x_run manual__2025-02-05T12:09:18+00:00 [queued]>
[2025-02-05T12:09:56.986+0000] {taskinstance.py:2076} INFO - Dependencies all met for dep_context=requeueable deps ti=<TaskInstance: dag_dbt-model_sales.model_sales.ad_hoc_vendedor_indicador_x_run manual__2025-02-05T12:09:18+00:00 [queued]>
[2025-02-05T12:09:56.987+0000] {taskinstance.py:2306} INFO - Starting attempt 1 of 1
[2025-02-05T12:09:56.994+0000] {taskinstance.py:2330} INFO - Executing <Task(DbtRunLocalOperator): model_sales.ad_hoc_vendedor_indicador_x_run> on 2025-02-05 12:09:18+00:00
[2025-02-05T12:09:56.998+0000] {standard_task_runner.py:63} INFO - Started process 2510 to run task
[2025-02-05T12:09:57.000+0000] {standard_task_runner.py:90} INFO - Running: ['***', 'tasks', 'run', 'dag_dbt-model_sales', 'model_sales.ad_hoc_vendedor_indicador_x_run', 'manual__2025-02-05T12:09:18+00:00', '--job-id', '72', '--raw', '--subdir', 'DAGS_FOLDER/dag_dbt-model_sales.py', '--cfg-path', '/tmp/tmpp6nar1n_']
[2025-02-05T12:09:57.001+0000] {standard_task_runner.py:91} INFO - Job 72: Subtask model_sales.ad_hoc_vendedor_indicador_x_run
[2025-02-05T12:09:57.034+0000] {task_command.py:426} INFO - Running <TaskInstance: dag_dbt-model_sales.model_sales.ad_hoc_vendedor_indicador_x_run manual__2025-02-05T12:09:18+00:00 [running]> on host 98025f4a542d
[2025-02-05T12:09:57.093+0000] {taskinstance.py:2648} INFO - Exporting env vars: AIRFLOW_CTX_DAG_OWNER='***' AIRFLOW_CTX_DAG_ID='dag_dbt-model_sales' AIRFLOW_CTX_TASK_ID='model_sales.ad_hoc_vendedor_indicador_x_run' AIRFLOW_CTX_EXECUTION_DATE='2025-02-05T12:09:18+00:00' AIRFLOW_CTX_TRY_NUMBER='1' AIRFLOW_CTX_DAG_RUN_ID='manual__2025-02-05T12:09:18+00:00'
[2025-02-05T12:09:57.095+0000] {taskinstance.py:430} INFO - ::endgroup::
[2025-02-05T12:09:58.672+0000] {local.py:220} INFO - dbtRunner is available. Using dbtRunner for invoking dbt.
[2025-02-05T12:09:58.673+0000] {local.py:436} INFO - Cloning project to writable temp directory /tmp/tmpuva7fk55 from /usr/local/airflow/dags/dbt/localiza_dw
[2025-02-05T12:09:58.683+0000] {local.py:447} INFO - Partial parse is enabled and the latest partial parse file is /tmp/cosmos/dag_dbt-model_sales__model_sales/target/partial_parse.msgpack
[2025-02-05T12:09:58.688+0000] {config.py:348} INFO - Profile caching is enable.
[2025-02-05T12:09:58.696+0000] {base.py:84} INFO - Using connection ID '***' for task execution.
[2025-02-05T12:09:58.697+0000] {config.py:328} INFO - Profile found in cache using profile: /tmp/cosmos/profile/47873256e3df2d6067f929148b3671caee72f33396318ef25aae33418849eddf/profiles.yml.
[2025-02-05T12:09:58.698+0000] {local.py:408} INFO - Trying to run dbtRunner with:
 ['run', '--vars', '{"PROD_1": P004,                                 "PROD_2": P001,                                 "DATA_INICIO": 1999-01-01,                                 "DATA_FIM": 2025-02-05}', '--models', 'ad_hoc_vendedor_indicador_x', '--project-dir', '/tmp/tmpuva7fk55', '--profiles-dir', '/tmp/cosmos/profile/47873256e3df2d6067f929148b3671caee72f33396318ef25aae33418849eddf', '--profile', '***', '--target', 'prod']
 in /tmp/tmpuva7fk55
[2025-02-05T12:09:58.715+0000] {logging_mixin.py:188} INFO - 12:09:58  Running with dbt=1.6.1
[2025-02-05T12:09:58.819+0000] {logging_mixin.py:188} INFO - 12:09:58  Registered adapter: postgres=1.6.1
[2025-02-05T12:09:59.276+0000] {logging_mixin.py:188} INFO - 12:09:59  Found 4 models, 1 snapshot, 4 seeds, 5 tests, 3 sources, 0 exposures, 0 metrics, 349 macros, 0 groups, 0 semantic models
[2025-02-05T12:09:59.279+0000] {logging_mixin.py:188} INFO - 12:09:59
[2025-02-05T12:09:59.333+0000] {logging_mixin.py:188} INFO - 12:09:59  Concurrency: 1 threads (target='prod')
[2025-02-05T12:09:59.334+0000] {logging_mixin.py:188} INFO - 12:09:59
[2025-02-05T12:09:59.339+0000] {logging_mixin.py:188} INFO - 12:09:59  1 of 1 START sql table model dm_sales.ad_hoc_vendedor_indicador_x .............. [RUN]
[2025-02-05T12:09:59.412+0000] {logging_mixin.py:188} INFO - 12:09:59  1 of 1 OK created sql table model dm_sales.ad_hoc_vendedor_indicador_x ......... [SELECT 0 in 0.07s]
[2025-02-05T12:09:59.422+0000] {logging_mixin.py:188} INFO - 12:09:59
[2025-02-05T12:09:59.423+0000] {logging_mixin.py:188} INFO - 12:09:59  Finished running 1 table model in 0 hours 0 minutes and 0.14 seconds (0.14s).
[2025-02-05T12:09:59.430+0000] {logging_mixin.py:188} INFO - 12:09:59
[2025-02-05T12:09:59.431+0000] {logging_mixin.py:188} INFO - 12:09:59  Completed successfully
[2025-02-05T12:09:59.432+0000] {logging_mixin.py:188} INFO - 12:09:59
[2025-02-05T12:09:59.434+0000] {logging_mixin.py:188} INFO - 12:09:59  Done. PASS=1 WARN=0 ERROR=0 SKIP=0 TOTAL=1
[2025-02-05T12:10:00.204+0000] {local.py:138} WARNING - Artifact schema version: https://schemas.getdbt.com/dbt/manifest/v10.json is above dbt-ol supported version 7. This might cause errors.
[2025-02-05T12:10:00.230+0000] {local.py:494} INFO - Inlets: []
[2025-02-05T12:10:00.232+0000] {local.py:495} INFO - Outlets: [Dataset(uri='postgres://postgres-db:5432/localiza_dw.dm_sales.ad_hoc_vendedor_indicador_x', extra=None)]
[2025-02-05T12:10:00.233+0000] {local.py:595} INFO - Assigning inlets/outlets without DatasetAlias
[2025-02-05T12:10:00.234+0000] {dag.py:3096} INFO - Sync 1 DAGs
[2025-02-05T12:10:00.247+0000] {dag.py:3954} INFO - Setting next_dagrun for dag_dbt-model_sales to None, run_after=None
[2025-02-05T12:10:00.270+0000] {taskinstance.py:441} INFO - ::group::Post task execution logs
[2025-02-05T12:10:00.285+0000] {taskinstance.py:1206} INFO - Marking task as SUCCESS. dag_id=dag_dbt-model_sales, task_id=model_sales.ad_hoc_vendedor_indicador_x_run, run_id=manual__2025-02-05T12:09:18+00:00, execution_date=20250205T120918, start_date=20250205T120956, end_date=20250205T121000
[2025-02-05T12:10:00.320+0000] {local_task_job_runner.py:240} INFO - Task exited with return code 0
[2025-02-05T12:10:00.338+0000] {taskinstance.py:3498} INFO - 1 downstream tasks scheduled from follow-on schedule check
[2025-02-05T12:10:00.341+0000] {local_task_job_runner.py:222} INFO - ::endgroup::
