[2025-02-05T12:01:28.924+0000] {local_task_job_runner.py:120} INFO - ::group::Pre task execution logs
[2025-02-05T12:01:28.939+0000] {taskinstance.py:2076} INFO - Dependencies all met for dep_context=non-requeueable deps ti=<TaskInstance: dag_dbt-model_sales.model_sales.eventos_vendas_seed manual__2025-02-05T12:01:07+00:00 [queued]>
[2025-02-05T12:01:28.946+0000] {taskinstance.py:2076} INFO - Dependencies all met for dep_context=requeueable deps ti=<TaskInstance: dag_dbt-model_sales.model_sales.eventos_vendas_seed manual__2025-02-05T12:01:07+00:00 [queued]>
[2025-02-05T12:01:28.947+0000] {taskinstance.py:2306} INFO - Starting attempt 1 of 1
[2025-02-05T12:01:28.960+0000] {taskinstance.py:2330} INFO - Executing <Task(DbtSeedLocalOperator): model_sales.eventos_vendas_seed> on 2025-02-05 12:01:07+00:00
[2025-02-05T12:01:28.964+0000] {standard_task_runner.py:63} INFO - Started process 2259 to run task
[2025-02-05T12:01:28.966+0000] {standard_task_runner.py:90} INFO - Running: ['***', 'tasks', 'run', 'dag_dbt-model_sales', 'model_sales.eventos_vendas_seed', 'manual__2025-02-05T12:01:07+00:00', '--job-id', '63', '--raw', '--subdir', 'DAGS_FOLDER/dag_dbt-model_sales.py', '--cfg-path', '/tmp/tmpsbfndxba']
[2025-02-05T12:01:28.968+0000] {standard_task_runner.py:91} INFO - Job 63: Subtask model_sales.eventos_vendas_seed
[2025-02-05T12:01:29.008+0000] {task_command.py:426} INFO - Running <TaskInstance: dag_dbt-model_sales.model_sales.eventos_vendas_seed manual__2025-02-05T12:01:07+00:00 [running]> on host 98025f4a542d
[2025-02-05T12:01:29.070+0000] {taskinstance.py:2648} INFO - Exporting env vars: AIRFLOW_CTX_DAG_OWNER='***' AIRFLOW_CTX_DAG_ID='dag_dbt-model_sales' AIRFLOW_CTX_TASK_ID='model_sales.eventos_vendas_seed' AIRFLOW_CTX_EXECUTION_DATE='2025-02-05T12:01:07+00:00' AIRFLOW_CTX_TRY_NUMBER='1' AIRFLOW_CTX_DAG_RUN_ID='manual__2025-02-05T12:01:07+00:00'
[2025-02-05T12:01:29.072+0000] {taskinstance.py:430} INFO - ::endgroup::
[2025-02-05T12:01:30.619+0000] {local.py:220} INFO - dbtRunner is available. Using dbtRunner for invoking dbt.
[2025-02-05T12:01:30.619+0000] {local.py:436} INFO - Cloning project to writable temp directory /tmp/tmpstv1g7s4 from /usr/local/airflow/dags/dbt/localiza_dw
[2025-02-05T12:01:30.622+0000] {local.py:447} INFO - Partial parse is enabled and the latest partial parse file is /tmp/cosmos/dag_dbt-model_sales__model_sales/target/partial_parse.msgpack
[2025-02-05T12:01:30.627+0000] {config.py:348} INFO - Profile caching is enable.
[2025-02-05T12:01:30.633+0000] {base.py:84} INFO - Using connection ID '***' for task execution.
[2025-02-05T12:01:30.634+0000] {config.py:328} INFO - Profile found in cache using profile: /tmp/cosmos/profile/47873256e3df2d6067f929148b3671caee72f33396318ef25aae33418849eddf/profiles.yml.
[2025-02-05T12:01:30.634+0000] {local.py:408} INFO - Trying to run dbtRunner with:
 ['seed', '--vars', '{"PROD_1": P001,                                 "PROD_2": P005,                                 "DATA_INICIO": 1999-01-01,                                 "DATA_FIM": 2025-02-05}', '--models', 'eventos_vendas', '--project-dir', '/tmp/tmpstv1g7s4', '--profiles-dir', '/tmp/cosmos/profile/47873256e3df2d6067f929148b3671caee72f33396318ef25aae33418849eddf', '--profile', '***', '--target', 'prod']
 in /tmp/tmpstv1g7s4
[2025-02-05T12:01:30.645+0000] {logging_mixin.py:188} INFO - 12:01:30  Running with dbt=1.6.1
[2025-02-05T12:01:30.721+0000] {logging_mixin.py:188} INFO - 12:01:30  Registered adapter: postgres=1.6.1
[2025-02-05T12:01:31.086+0000] {logging_mixin.py:188} INFO - 12:01:31  Found 4 models, 1 snapshot, 4 seeds, 5 tests, 3 sources, 0 exposures, 0 metrics, 349 macros, 0 groups, 0 semantic models
[2025-02-05T12:01:31.088+0000] {logging_mixin.py:188} INFO - 12:01:31
[2025-02-05T12:01:31.144+0000] {logging_mixin.py:188} INFO - 12:01:31  Concurrency: 1 threads (target='prod')
[2025-02-05T12:01:31.145+0000] {logging_mixin.py:188} INFO - 12:01:31
[2025-02-05T12:01:31.148+0000] {logging_mixin.py:188} INFO - 12:01:31  1 of 1 START seed file dm_sales.eventos_vendas ................................. [RUN]
[2025-02-05T12:01:31.558+0000] {logging_mixin.py:188} INFO - 12:01:31  1 of 1 OK loaded seed file dm_sales.eventos_vendas ............................. [INSERT 500 in 0.41s]
[2025-02-05T12:01:31.567+0000] {logging_mixin.py:188} INFO - 12:01:31
[2025-02-05T12:01:31.568+0000] {logging_mixin.py:188} INFO - 12:01:31  Finished running 1 seed in 0 hours 0 minutes and 0.48 seconds (0.48s).
[2025-02-05T12:01:31.574+0000] {logging_mixin.py:188} INFO - 12:01:31
[2025-02-05T12:01:31.576+0000] {logging_mixin.py:188} INFO - 12:01:31  Completed successfully
[2025-02-05T12:01:31.576+0000] {logging_mixin.py:188} INFO - 12:01:31
[2025-02-05T12:01:31.577+0000] {logging_mixin.py:188} INFO - 12:01:31  Done. PASS=1 WARN=0 ERROR=0 SKIP=0 TOTAL=1
[2025-02-05T12:01:32.380+0000] {local.py:138} WARNING - Artifact schema version: https://schemas.getdbt.com/dbt/manifest/v10.json is above dbt-ol supported version 7. This might cause errors.
[2025-02-05T12:01:32.391+0000] {local.py:494} INFO - Inlets: []
[2025-02-05T12:01:32.392+0000] {local.py:495} INFO - Outlets: []
[2025-02-05T12:01:32.394+0000] {local.py:595} INFO - Assigning inlets/outlets without DatasetAlias
[2025-02-05T12:01:32.394+0000] {dag.py:3096} INFO - Sync 1 DAGs
[2025-02-05T12:01:32.407+0000] {dag.py:3954} INFO - Setting next_dagrun for dag_dbt-model_sales to None, run_after=None
[2025-02-05T12:01:32.425+0000] {taskinstance.py:441} INFO - ::group::Post task execution logs
[2025-02-05T12:01:32.432+0000] {taskinstance.py:1206} INFO - Marking task as SUCCESS. dag_id=dag_dbt-model_sales, task_id=model_sales.eventos_vendas_seed, run_id=manual__2025-02-05T12:01:07+00:00, execution_date=20250205T120107, start_date=20250205T120128, end_date=20250205T120132
[2025-02-05T12:01:32.471+0000] {local_task_job_runner.py:240} INFO - Task exited with return code 0
[2025-02-05T12:01:32.495+0000] {taskinstance.py:3498} INFO - 1 downstream tasks scheduled from follow-on schedule check
[2025-02-05T12:01:32.497+0000] {local_task_job_runner.py:222} INFO - ::endgroup::
