[2025-02-05T00:30:29.393+0000] {local_task_job_runner.py:120} INFO - ::group::Pre task execution logs
[2025-02-05T00:30:29.403+0000] {taskinstance.py:2076} INFO - Dependencies all met for dep_context=non-requeueable deps ti=<TaskInstance: dag_dbt-model_credit_fraud.model_credit_fraud.stg_credit_fraud_run manual__2025-02-05T00:00:00+00:00 [queued]>
[2025-02-05T00:30:29.409+0000] {taskinstance.py:2076} INFO - Dependencies all met for dep_context=requeueable deps ti=<TaskInstance: dag_dbt-model_credit_fraud.model_credit_fraud.stg_credit_fraud_run manual__2025-02-05T00:00:00+00:00 [queued]>
[2025-02-05T00:30:29.410+0000] {taskinstance.py:2306} INFO - Starting attempt 2 of 2
[2025-02-05T00:30:29.418+0000] {taskinstance.py:2330} INFO - Executing <Task(DbtRunLocalOperator): model_credit_fraud.stg_credit_fraud_run> on 2025-02-05 00:00:00+00:00
[2025-02-05T00:30:29.422+0000] {standard_task_runner.py:63} INFO - Started process 1796 to run task
[2025-02-05T00:30:29.424+0000] {standard_task_runner.py:90} INFO - Running: ['***', 'tasks', 'run', 'dag_dbt-model_credit_fraud', 'model_credit_fraud.stg_credit_fraud_run', 'manual__2025-02-05T00:00:00+00:00', '--job-id', '29', '--raw', '--subdir', 'DAGS_FOLDER/dag_dbt-model_fraud_credit.py', '--cfg-path', '/tmp/tmpssre977i']
[2025-02-05T00:30:29.425+0000] {standard_task_runner.py:91} INFO - Job 29: Subtask model_credit_fraud.stg_credit_fraud_run
[2025-02-05T00:30:29.457+0000] {task_command.py:426} INFO - Running <TaskInstance: dag_dbt-model_credit_fraud.model_credit_fraud.stg_credit_fraud_run manual__2025-02-05T00:00:00+00:00 [running]> on host eb20c43aeeb4
[2025-02-05T00:30:29.517+0000] {taskinstance.py:2648} INFO - Exporting env vars: AIRFLOW_CTX_DAG_OWNER='***' AIRFLOW_CTX_DAG_ID='dag_dbt-model_credit_fraud' AIRFLOW_CTX_TASK_ID='model_credit_fraud.stg_credit_fraud_run' AIRFLOW_CTX_EXECUTION_DATE='2025-02-05T00:00:00+00:00' AIRFLOW_CTX_TRY_NUMBER='2' AIRFLOW_CTX_DAG_RUN_ID='manual__2025-02-05T00:00:00+00:00'
[2025-02-05T00:30:29.519+0000] {taskinstance.py:430} INFO - ::endgroup::
[2025-02-05T00:30:31.201+0000] {local.py:220} INFO - dbtRunner is available. Using dbtRunner for invoking dbt.
[2025-02-05T00:30:31.202+0000] {local.py:436} INFO - Cloning project to writable temp directory /tmp/tmpf7hp4ujb from /usr/local/airflow/dags/dbt/localiza_dw
[2025-02-05T00:30:31.207+0000] {local.py:447} INFO - Partial parse is enabled and the latest partial parse file is /tmp/cosmos/dag_dbt-model_credit_fraud__model_credit_fraud/target/partial_parse.msgpack
[2025-02-05T00:30:31.211+0000] {config.py:348} INFO - Profile caching is enable.
[2025-02-05T00:30:31.219+0000] {base.py:84} INFO - Using connection ID '***' for task execution.
[2025-02-05T00:30:31.221+0000] {config.py:328} INFO - Profile found in cache using profile: /tmp/cosmos/profile/bdc35343eb23031ee554202b16407e794194afcc614f7ea62bc658c63495a211/profiles.yml.
[2025-02-05T00:30:31.223+0000] {local.py:408} INFO - Trying to run dbtRunner with:
 ['run', '--models', 'stg_credit_fraud', '--project-dir', '/tmp/tmpf7hp4ujb', '--profiles-dir', '/tmp/cosmos/profile/bdc35343eb23031ee554202b16407e794194afcc614f7ea62bc658c63495a211', '--profile', '***', '--target', 'prod']
 in /tmp/tmpf7hp4ujb
[2025-02-05T00:30:31.239+0000] {logging_mixin.py:188} INFO - 00:30:31  Running with dbt=1.6.1
[2025-02-05T00:30:31.342+0000] {logging_mixin.py:188} INFO - 00:30:31  Registered adapter: postgres=1.6.1
[2025-02-05T00:30:31.595+0000] {logging_mixin.py:188} INFO - 00:30:31  Found 3 models, 1 snapshot, 5 tests, 1 source, 0 exposures, 0 metrics, 349 macros, 0 groups, 0 semantic models
[2025-02-05T00:30:31.598+0000] {logging_mixin.py:188} INFO - 00:30:31
[2025-02-05T00:30:31.652+0000] {logging_mixin.py:188} INFO - 00:30:31  Concurrency: 1 threads (target='prod')
[2025-02-05T00:30:31.654+0000] {logging_mixin.py:188} INFO - 00:30:31
[2025-02-05T00:30:31.657+0000] {logging_mixin.py:188} INFO - 00:30:31  1 of 1 START sql view model dm_credit_operations.stg_credit_fraud .............. [RUN]
[2025-02-05T00:30:31.736+0000] {logging_mixin.py:188} INFO - 00:30:31  1 of 1 OK created sql view model dm_credit_operations.stg_credit_fraud ......... [CREATE VIEW in 0.08s]
[2025-02-05T00:30:31.746+0000] {logging_mixin.py:188} INFO - 00:30:31
[2025-02-05T00:30:31.747+0000] {logging_mixin.py:188} INFO - 00:30:31  Finished running 1 view model in 0 hours 0 minutes and 0.15 seconds (0.15s).
[2025-02-05T00:30:31.754+0000] {logging_mixin.py:188} INFO - 00:30:31
[2025-02-05T00:30:31.755+0000] {logging_mixin.py:188} INFO - 00:30:31  Completed successfully
[2025-02-05T00:30:31.756+0000] {logging_mixin.py:188} INFO - 00:30:31
[2025-02-05T00:30:31.758+0000] {logging_mixin.py:188} INFO - 00:30:31  Done. PASS=1 WARN=0 ERROR=0 SKIP=0 TOTAL=1
[2025-02-05T00:30:32.592+0000] {local.py:138} WARNING - Artifact schema version: https://schemas.getdbt.com/dbt/manifest/v10.json is above dbt-ol supported version 7. This might cause errors.
[2025-02-05T00:30:32.621+0000] {local.py:494} INFO - Inlets: [Dataset(uri='postgres://postgres-db:5432/localiza_dw.dm_credit_operations_stage.raw_credit_fraud', extra=None)]
[2025-02-05T00:30:32.623+0000] {local.py:495} INFO - Outlets: [Dataset(uri='postgres://postgres-db:5432/localiza_dw.dm_credit_operations.stg_credit_fraud', extra=None)]
[2025-02-05T00:30:32.624+0000] {local.py:595} INFO - Assigning inlets/outlets without DatasetAlias
[2025-02-05T00:30:32.625+0000] {dag.py:3096} INFO - Sync 1 DAGs
[2025-02-05T00:30:32.636+0000] {dag.py:3954} INFO - Setting next_dagrun for dag_dbt-model_credit_fraud to None, run_after=None
[2025-02-05T00:30:32.663+0000] {taskinstance.py:441} INFO - ::group::Post task execution logs
[2025-02-05T00:30:32.684+0000] {taskinstance.py:1206} INFO - Marking task as SUCCESS. dag_id=dag_dbt-model_credit_fraud, task_id=model_credit_fraud.stg_credit_fraud_run, run_id=manual__2025-02-05T00:00:00+00:00, execution_date=20250205T000000, start_date=20250205T003029, end_date=20250205T003032
[2025-02-05T00:30:32.734+0000] {local_task_job_runner.py:240} INFO - Task exited with return code 0
[2025-02-05T00:30:32.762+0000] {taskinstance.py:3498} INFO - 3 downstream tasks scheduled from follow-on schedule check
[2025-02-05T00:30:32.765+0000] {local_task_job_runner.py:222} INFO - ::endgroup::
