[2025-02-05T00:27:39.068+0000] {local_task_job_runner.py:120} INFO - ::group::Pre task execution logs
[2025-02-05T00:27:39.080+0000] {taskinstance.py:2076} INFO - Dependencies all met for dep_context=non-requeueable deps ti=<TaskInstance: dag_dbt-model_credit_fraud.model_credit_fraud.stg_credit_fraud_run manual__2025-02-05T00:00:00+00:00 [queued]>
[2025-02-05T00:27:39.086+0000] {taskinstance.py:2076} INFO - Dependencies all met for dep_context=requeueable deps ti=<TaskInstance: dag_dbt-model_credit_fraud.model_credit_fraud.stg_credit_fraud_run manual__2025-02-05T00:00:00+00:00 [queued]>
[2025-02-05T00:27:39.087+0000] {taskinstance.py:2306} INFO - Starting attempt 1 of 1
[2025-02-05T00:27:39.098+0000] {taskinstance.py:2330} INFO - Executing <Task(DbtRunLocalOperator): model_credit_fraud.stg_credit_fraud_run> on 2025-02-05 00:00:00+00:00
[2025-02-05T00:27:39.102+0000] {standard_task_runner.py:63} INFO - Started process 1639 to run task
[2025-02-05T00:27:39.105+0000] {standard_task_runner.py:90} INFO - Running: ['***', 'tasks', 'run', 'dag_dbt-model_credit_fraud', 'model_credit_fraud.stg_credit_fraud_run', 'manual__2025-02-05T00:00:00+00:00', '--job-id', '21', '--raw', '--subdir', 'DAGS_FOLDER/dag_dbt-model_fraud_credit.py', '--cfg-path', '/tmp/tmpkmtbw5vk']
[2025-02-05T00:27:39.107+0000] {standard_task_runner.py:91} INFO - Job 21: Subtask model_credit_fraud.stg_credit_fraud_run
[2025-02-05T00:27:39.147+0000] {task_command.py:426} INFO - Running <TaskInstance: dag_dbt-model_credit_fraud.model_credit_fraud.stg_credit_fraud_run manual__2025-02-05T00:00:00+00:00 [running]> on host eb20c43aeeb4
[2025-02-05T00:27:39.209+0000] {taskinstance.py:2648} INFO - Exporting env vars: AIRFLOW_CTX_DAG_OWNER='***' AIRFLOW_CTX_DAG_ID='dag_dbt-model_credit_fraud' AIRFLOW_CTX_TASK_ID='model_credit_fraud.stg_credit_fraud_run' AIRFLOW_CTX_EXECUTION_DATE='2025-02-05T00:00:00+00:00' AIRFLOW_CTX_TRY_NUMBER='1' AIRFLOW_CTX_DAG_RUN_ID='manual__2025-02-05T00:00:00+00:00'
[2025-02-05T00:27:39.211+0000] {taskinstance.py:430} INFO - ::endgroup::
[2025-02-05T00:27:41.275+0000] {local.py:220} INFO - dbtRunner is available. Using dbtRunner for invoking dbt.
[2025-02-05T00:27:41.277+0000] {local.py:436} INFO - Cloning project to writable temp directory /tmp/tmp_igh1jh4 from /usr/local/airflow/dags/dbt/localiza_dw
[2025-02-05T00:27:41.283+0000] {local.py:447} INFO - Partial parse is enabled and the latest partial parse file is /tmp/cosmos/dag_dbt-model_credit_fraud__model_credit_fraud/target/partial_parse.msgpack
[2025-02-05T00:27:41.294+0000] {config.py:348} INFO - Profile caching is enable.
[2025-02-05T00:27:41.303+0000] {base.py:84} INFO - Using connection ID '***' for task execution.
[2025-02-05T00:27:41.305+0000] {config.py:328} INFO - Profile found in cache using profile: /tmp/cosmos/profile/bdc35343eb23031ee554202b16407e794194afcc614f7ea62bc658c63495a211/profiles.yml.
[2025-02-05T00:27:41.305+0000] {local.py:408} INFO - Trying to run dbtRunner with:
 ['run', '--models', 'stg_credit_fraud', '--project-dir', '/tmp/tmp_igh1jh4', '--profiles-dir', '/tmp/cosmos/profile/bdc35343eb23031ee554202b16407e794194afcc614f7ea62bc658c63495a211', '--profile', '***', '--target', 'prod']
 in /tmp/tmp_igh1jh4
[2025-02-05T00:27:41.321+0000] {logging_mixin.py:188} INFO - 00:27:41  Running with dbt=1.6.1
[2025-02-05T00:27:41.421+0000] {logging_mixin.py:188} INFO - 00:27:41  Registered adapter: postgres=1.6.1
[2025-02-05T00:27:41.715+0000] {logging_mixin.py:188} INFO - 00:27:41  Found 3 models, 1 snapshot, 5 tests, 1 source, 0 exposures, 0 metrics, 349 macros, 0 groups, 0 semantic models
[2025-02-05T00:27:41.717+0000] {logging_mixin.py:188} INFO - 00:27:41
[2025-02-05T00:27:41.784+0000] {logging_mixin.py:188} INFO - 00:27:41  Concurrency: 1 threads (target='prod')
[2025-02-05T00:27:41.785+0000] {logging_mixin.py:188} INFO - 00:27:41
[2025-02-05T00:27:41.787+0000] {logging_mixin.py:188} INFO - 00:27:41  1 of 1 START sql view model dm_credit_operations.stg_credit_fraud .............. [RUN]
[2025-02-05T00:27:41.871+0000] {logging_mixin.py:188} INFO - 00:27:41  1 of 1 OK created sql view model dm_credit_operations.stg_credit_fraud ......... [CREATE VIEW in 0.08s]
[2025-02-05T00:27:41.881+0000] {logging_mixin.py:188} INFO - 00:27:41
[2025-02-05T00:27:41.882+0000] {logging_mixin.py:188} INFO - 00:27:41  Finished running 1 view model in 0 hours 0 minutes and 0.16 seconds (0.16s).
[2025-02-05T00:27:41.890+0000] {logging_mixin.py:188} INFO - 00:27:41
[2025-02-05T00:27:41.891+0000] {logging_mixin.py:188} INFO - 00:27:41  Completed successfully
[2025-02-05T00:27:41.892+0000] {logging_mixin.py:188} INFO - 00:27:41
[2025-02-05T00:27:41.892+0000] {logging_mixin.py:188} INFO - 00:27:41  Done. PASS=1 WARN=0 ERROR=0 SKIP=0 TOTAL=1
[2025-02-05T00:27:42.883+0000] {local.py:138} WARNING - Artifact schema version: https://schemas.getdbt.com/dbt/manifest/v10.json is above dbt-ol supported version 7. This might cause errors.
[2025-02-05T00:27:42.912+0000] {local.py:494} INFO - Inlets: [Dataset(uri='postgres://postgres-db:5432/localiza_dw.dm_credit_operations_stage.raw_credit_fraud', extra=None)]
[2025-02-05T00:27:42.913+0000] {local.py:495} INFO - Outlets: [Dataset(uri='postgres://postgres-db:5432/localiza_dw.dm_credit_operations.stg_credit_fraud', extra=None)]
[2025-02-05T00:27:42.914+0000] {local.py:595} INFO - Assigning inlets/outlets without DatasetAlias
[2025-02-05T00:27:42.915+0000] {dag.py:3096} INFO - Sync 1 DAGs
[2025-02-05T00:27:42.929+0000] {dag.py:3954} INFO - Setting next_dagrun for dag_dbt-model_credit_fraud to None, run_after=None
[2025-02-05T00:27:42.962+0000] {taskinstance.py:441} INFO - ::group::Post task execution logs
[2025-02-05T00:27:42.987+0000] {taskinstance.py:1206} INFO - Marking task as SUCCESS. dag_id=dag_dbt-model_credit_fraud, task_id=model_credit_fraud.stg_credit_fraud_run, run_id=manual__2025-02-05T00:00:00+00:00, execution_date=20250205T000000, start_date=20250205T002739, end_date=20250205T002742
[2025-02-05T00:27:43.019+0000] {local_task_job_runner.py:240} INFO - Task exited with return code 0
[2025-02-05T00:27:43.038+0000] {taskinstance.py:3498} INFO - 3 downstream tasks scheduled from follow-on schedule check
[2025-02-05T00:27:43.040+0000] {local_task_job_runner.py:222} INFO - ::endgroup::
[2025-02-05T14:40:47.708+0000] {local_task_job_runner.py:120} INFO - ::group::Pre task execution logs
[2025-02-05T14:40:47.730+0000] {taskinstance.py:2076} INFO - Dependencies all met for dep_context=non-requeueable deps ti=<TaskInstance: dag_dbt-model_credit_fraud.model_credit_fraud.stg_credit_fraud_run manual__2025-02-05T00:00:00+00:00 [queued]>
[2025-02-05T14:40:47.744+0000] {taskinstance.py:2076} INFO - Dependencies all met for dep_context=requeueable deps ti=<TaskInstance: dag_dbt-model_credit_fraud.model_credit_fraud.stg_credit_fraud_run manual__2025-02-05T00:00:00+00:00 [queued]>
[2025-02-05T14:40:47.745+0000] {taskinstance.py:2306} INFO - Starting attempt 1 of 1
[2025-02-05T14:40:47.762+0000] {taskinstance.py:2330} INFO - Executing <Task(DbtRunLocalOperator): model_credit_fraud.stg_credit_fraud_run> on 2025-02-05 00:00:00+00:00
[2025-02-05T14:40:47.768+0000] {standard_task_runner.py:63} INFO - Started process 524 to run task
[2025-02-05T14:40:47.773+0000] {standard_task_runner.py:90} INFO - Running: ['***', 'tasks', 'run', 'dag_dbt-model_credit_fraud', 'model_credit_fraud.stg_credit_fraud_run', 'manual__2025-02-05T00:00:00+00:00', '--job-id', '24', '--raw', '--subdir', 'DAGS_FOLDER/dag_dbt-model_fraud_credit.py', '--cfg-path', '/tmp/tmpbe2bs6pp']
[2025-02-05T14:40:47.774+0000] {standard_task_runner.py:91} INFO - Job 24: Subtask model_credit_fraud.stg_credit_fraud_run
[2025-02-05T14:40:47.842+0000] {task_command.py:426} INFO - Running <TaskInstance: dag_dbt-model_credit_fraud.model_credit_fraud.stg_credit_fraud_run manual__2025-02-05T00:00:00+00:00 [running]> on host eb17fa5f9c23
[2025-02-05T14:40:47.948+0000] {taskinstance.py:2648} INFO - Exporting env vars: AIRFLOW_CTX_DAG_OWNER='***' AIRFLOW_CTX_DAG_ID='dag_dbt-model_credit_fraud' AIRFLOW_CTX_TASK_ID='model_credit_fraud.stg_credit_fraud_run' AIRFLOW_CTX_EXECUTION_DATE='2025-02-05T00:00:00+00:00' AIRFLOW_CTX_TRY_NUMBER='1' AIRFLOW_CTX_DAG_RUN_ID='manual__2025-02-05T00:00:00+00:00'
[2025-02-05T14:40:47.951+0000] {taskinstance.py:430} INFO - ::endgroup::
[2025-02-05T14:40:51.452+0000] {local.py:220} INFO - dbtRunner is available. Using dbtRunner for invoking dbt.
[2025-02-05T14:40:51.454+0000] {local.py:436} INFO - Cloning project to writable temp directory /tmp/tmpav_76c62 from /usr/local/airflow/dags/dbt/localiza_dw
[2025-02-05T14:40:51.464+0000] {local.py:447} INFO - Partial parse is enabled and the latest partial parse file is /tmp/cosmos/dag_dbt-model_credit_fraud__model_credit_fraud/target/partial_parse.msgpack
[2025-02-05T14:40:51.473+0000] {config.py:348} INFO - Profile caching is enable.
[2025-02-05T14:40:51.485+0000] {base.py:84} INFO - Using connection ID '***' for task execution.
[2025-02-05T14:40:51.486+0000] {config.py:328} INFO - Profile found in cache using profile: /tmp/cosmos/profile/bdc35343eb23031ee554202b16407e794194afcc614f7ea62bc658c63495a211/profiles.yml.
[2025-02-05T14:40:51.487+0000] {local.py:408} INFO - Trying to run dbtRunner with:
 ['run', '--models', 'stg_credit_fraud', '--project-dir', '/tmp/tmpav_76c62', '--profiles-dir', '/tmp/cosmos/profile/bdc35343eb23031ee554202b16407e794194afcc614f7ea62bc658c63495a211', '--profile', '***', '--target', 'prod']
 in /tmp/tmpav_76c62
[2025-02-05T14:40:51.513+0000] {logging_mixin.py:188} INFO - 14:40:51  Running with dbt=1.6.1
[2025-02-05T14:40:51.665+0000] {logging_mixin.py:188} INFO - 14:40:51  Registered adapter: postgres=1.6.1
[2025-02-05T14:40:52.402+0000] {logging_mixin.py:188} INFO - 14:40:52  Found 4 models, 1 snapshot, 4 seeds, 5 tests, 3 sources, 0 exposures, 0 metrics, 349 macros, 0 groups, 0 semantic models
[2025-02-05T14:40:52.405+0000] {logging_mixin.py:188} INFO - 14:40:52
[2025-02-05T14:40:52.482+0000] {logging_mixin.py:188} INFO - 14:40:52  Concurrency: 1 threads (target='prod')
[2025-02-05T14:40:52.484+0000] {logging_mixin.py:188} INFO - 14:40:52
[2025-02-05T14:40:52.490+0000] {logging_mixin.py:188} INFO - 14:40:52  1 of 1 START sql view model dm_credit_operations.stg_credit_fraud .............. [RUN]
[2025-02-05T14:40:52.597+0000] {logging_mixin.py:188} INFO - 14:40:52  1 of 1 OK created sql view model dm_credit_operations.stg_credit_fraud ......... [CREATE VIEW in 0.11s]
[2025-02-05T14:40:52.614+0000] {logging_mixin.py:188} INFO - 14:40:52
[2025-02-05T14:40:52.615+0000] {logging_mixin.py:188} INFO - 14:40:52  Finished running 1 view model in 0 hours 0 minutes and 0.21 seconds (0.21s).
[2025-02-05T14:40:52.628+0000] {logging_mixin.py:188} INFO - 14:40:52
[2025-02-05T14:40:52.629+0000] {logging_mixin.py:188} INFO - 14:40:52  Completed successfully
[2025-02-05T14:40:52.630+0000] {logging_mixin.py:188} INFO - 14:40:52
[2025-02-05T14:40:52.631+0000] {logging_mixin.py:188} INFO - 14:40:52  Done. PASS=1 WARN=0 ERROR=0 SKIP=0 TOTAL=1
[2025-02-05T14:40:53.400+0000] {local.py:138} WARNING - Artifact schema version: https://schemas.getdbt.com/dbt/manifest/v10.json is above dbt-ol supported version 7. This might cause errors.
[2025-02-05T14:40:53.454+0000] {local.py:494} INFO - Inlets: [Dataset(uri='postgres://postgres-db:5432/localiza_dw.dm_credit_operations_stage.raw_credit_fraud', extra=None)]
[2025-02-05T14:40:53.455+0000] {local.py:495} INFO - Outlets: [Dataset(uri='postgres://postgres-db:5432/localiza_dw.dm_credit_operations.stg_credit_fraud', extra=None)]
[2025-02-05T14:40:53.456+0000] {local.py:595} INFO - Assigning inlets/outlets without DatasetAlias
[2025-02-05T14:40:53.456+0000] {dag.py:3096} INFO - Sync 1 DAGs
[2025-02-05T14:40:53.472+0000] {dag.py:3954} INFO - Setting next_dagrun for dag_dbt-model_credit_fraud to None, run_after=None
[2025-02-05T14:40:53.503+0000] {taskinstance.py:441} INFO - ::group::Post task execution logs
[2025-02-05T14:40:53.536+0000] {taskinstance.py:1206} INFO - Marking task as SUCCESS. dag_id=dag_dbt-model_credit_fraud, task_id=model_credit_fraud.stg_credit_fraud_run, run_id=manual__2025-02-05T00:00:00+00:00, execution_date=20250205T000000, start_date=20250205T144047, end_date=20250205T144053
[2025-02-05T14:40:53.578+0000] {local_task_job_runner.py:240} INFO - Task exited with return code 0
[2025-02-05T14:40:53.595+0000] {taskinstance.py:3498} INFO - 0 downstream tasks scheduled from follow-on schedule check
[2025-02-05T14:40:53.598+0000] {local_task_job_runner.py:222} INFO - ::endgroup::
