[2025-02-05T10:26:53.469+0000] {local_task_job_runner.py:120} INFO - ::group::Pre task execution logs
[2025-02-05T10:26:53.483+0000] {taskinstance.py:2076} INFO - Dependencies all met for dep_context=non-requeueable deps ti=<TaskInstance: dag_dbt-model_sales.model_sales.dim_loja_seed manual__2025-02-05T10:26:48.671128+00:00 [queued]>
[2025-02-05T10:26:53.492+0000] {taskinstance.py:2076} INFO - Dependencies all met for dep_context=requeueable deps ti=<TaskInstance: dag_dbt-model_sales.model_sales.dim_loja_seed manual__2025-02-05T10:26:48.671128+00:00 [queued]>
[2025-02-05T10:26:53.492+0000] {taskinstance.py:2306} INFO - Starting attempt 1 of 1
[2025-02-05T10:26:53.504+0000] {taskinstance.py:2330} INFO - Executing <Task(DbtSeedLocalOperator): model_sales.dim_loja_seed> on 2025-02-05 10:26:48.671128+00:00
[2025-02-05T10:26:53.508+0000] {standard_task_runner.py:63} INFO - Started process 103 to run task
[2025-02-05T10:26:53.511+0000] {standard_task_runner.py:90} INFO - Running: ['***', 'tasks', 'run', 'dag_dbt-model_sales', 'model_sales.dim_loja_seed', 'manual__2025-02-05T10:26:48.671128+00:00', '--job-id', '2', '--raw', '--subdir', 'DAGS_FOLDER/dag_dbt-model_sales.py', '--cfg-path', '/tmp/tmpsc_jydyp']
[2025-02-05T10:26:53.512+0000] {standard_task_runner.py:91} INFO - Job 2: Subtask model_sales.dim_loja_seed
[2025-02-05T10:26:53.555+0000] {task_command.py:426} INFO - Running <TaskInstance: dag_dbt-model_sales.model_sales.dim_loja_seed manual__2025-02-05T10:26:48.671128+00:00 [running]> on host 98025f4a542d
[2025-02-05T10:26:53.635+0000] {taskinstance.py:2648} INFO - Exporting env vars: AIRFLOW_CTX_DAG_OWNER='***' AIRFLOW_CTX_DAG_ID='dag_dbt-model_sales' AIRFLOW_CTX_TASK_ID='model_sales.dim_loja_seed' AIRFLOW_CTX_EXECUTION_DATE='2025-02-05T10:26:48.671128+00:00' AIRFLOW_CTX_TRY_NUMBER='1' AIRFLOW_CTX_DAG_RUN_ID='manual__2025-02-05T10:26:48.671128+00:00'
[2025-02-05T10:26:53.637+0000] {taskinstance.py:430} INFO - ::endgroup::
[2025-02-05T10:26:56.145+0000] {local.py:220} INFO - dbtRunner is available. Using dbtRunner for invoking dbt.
[2025-02-05T10:26:56.146+0000] {local.py:436} INFO - Cloning project to writable temp directory /tmp/tmpohurg6g8 from /usr/local/airflow/dags/dbt/localiza_dw
[2025-02-05T10:26:56.152+0000] {local.py:447} INFO - Partial parse is enabled and the latest partial parse file is /tmp/cosmos/dag_dbt-model_sales__model_sales/target/partial_parse.msgpack
[2025-02-05T10:26:56.159+0000] {config.py:348} INFO - Profile caching is enable.
[2025-02-05T10:26:56.169+0000] {base.py:84} INFO - Using connection ID '***' for task execution.
[2025-02-05T10:26:56.170+0000] {base.py:244} INFO - Using real values for profile ***
[2025-02-05T10:26:56.173+0000] {config.py:335} INFO - Profile not found in cache storing and using profile: /tmp/cosmos/profile/47873256e3df2d6067f929148b3671caee72f33396318ef25aae33418849eddf/profiles.yml.
[2025-02-05T10:26:56.174+0000] {local.py:408} INFO - Trying to run dbtRunner with:
 ['seed', '--models', 'dim_loja', '--project-dir', '/tmp/tmpohurg6g8', '--profiles-dir', '/tmp/cosmos/profile/47873256e3df2d6067f929148b3671caee72f33396318ef25aae33418849eddf', '--profile', '***', '--target', 'prod']
 in /tmp/tmpohurg6g8
[2025-02-05T10:26:56.198+0000] {logging_mixin.py:188} INFO - 10:26:56  Running with dbt=1.6.1
[2025-02-05T10:26:56.323+0000] {logging_mixin.py:188} INFO - 10:26:56  Registered adapter: postgres=1.6.1
[2025-02-05T10:26:56.352+0000] {logging_mixin.py:188} INFO - 10:26:56  Unable to do partial parsing because profile has changed
[2025-02-05T10:26:56.354+0000] {logging_mixin.py:188} INFO - 10:26:56  Unable to do partial parsing because env vars used in profiles.yml have changed
[2025-02-05T10:26:57.515+0000] {logging_mixin.py:188} INFO - 10:26:57  Found 3 models, 1 snapshot, 4 seeds, 5 tests, 1 source, 0 exposures, 0 metrics, 349 macros, 0 groups, 0 semantic models
[2025-02-05T10:26:57.518+0000] {logging_mixin.py:188} INFO - 10:26:57
[2025-02-05T10:26:57.609+0000] {logging_mixin.py:188} INFO - 10:26:57  Concurrency: 1 threads (target='prod')
[2025-02-05T10:26:57.610+0000] {logging_mixin.py:188} INFO - 10:26:57
[2025-02-05T10:26:57.613+0000] {logging_mixin.py:188} INFO - 10:26:57  1 of 1 START seed file dm_sales.dim_loja ....................................... [RUN]
[2025-02-05T10:26:57.703+0000] {logging_mixin.py:188} INFO - 10:26:57  1 of 1 OK loaded seed file dm_sales.dim_loja ................................... [INSERT 10 in 0.09s]
[2025-02-05T10:26:57.713+0000] {logging_mixin.py:188} INFO - 10:26:57
[2025-02-05T10:26:57.714+0000] {logging_mixin.py:188} INFO - 10:26:57  Finished running 1 seed in 0 hours 0 minutes and 0.19 seconds (0.19s).
[2025-02-05T10:26:57.726+0000] {logging_mixin.py:188} INFO - 10:26:57
[2025-02-05T10:26:57.727+0000] {logging_mixin.py:188} INFO - 10:26:57  Completed successfully
[2025-02-05T10:26:57.747+0000] {logging_mixin.py:188} INFO - 10:26:57
[2025-02-05T10:26:57.748+0000] {logging_mixin.py:188} INFO - 10:26:57  Done. PASS=1 WARN=0 ERROR=0 SKIP=0 TOTAL=1
[2025-02-05T10:27:01.007+0000] {local.py:138} WARNING - Artifact schema version: https://schemas.getdbt.com/dbt/manifest/v10.json is above dbt-ol supported version 7. This might cause errors.
[2025-02-05T10:27:01.011+0000] {local.py:494} INFO - Inlets: []
[2025-02-05T10:27:01.012+0000] {local.py:495} INFO - Outlets: []
[2025-02-05T10:27:01.013+0000] {local.py:595} INFO - Assigning inlets/outlets without DatasetAlias
[2025-02-05T10:27:01.015+0000] {dag.py:3096} INFO - Sync 1 DAGs
[2025-02-05T10:27:01.033+0000] {dag.py:3954} INFO - Setting next_dagrun for dag_dbt-model_sales to None, run_after=None
[2025-02-05T10:27:01.076+0000] {taskinstance.py:441} INFO - ::group::Post task execution logs
[2025-02-05T10:27:01.086+0000] {taskinstance.py:1206} INFO - Marking task as SUCCESS. dag_id=dag_dbt-model_sales, task_id=model_sales.dim_loja_seed, run_id=manual__2025-02-05T10:26:48.671128+00:00, execution_date=20250205T102648, start_date=20250205T102653, end_date=20250205T102701
[2025-02-05T10:27:01.119+0000] {local_task_job_runner.py:240} INFO - Task exited with return code 0
[2025-02-05T10:27:01.142+0000] {taskinstance.py:3498} INFO - 0 downstream tasks scheduled from follow-on schedule check
[2025-02-05T10:27:01.144+0000] {local_task_job_runner.py:222} INFO - ::endgroup::
