[2025-02-05T11:53:43.291+0000] {local_task_job_runner.py:120} INFO - ::group::Pre task execution logs
[2025-02-05T11:53:43.301+0000] {taskinstance.py:2076} INFO - Dependencies all met for dep_context=non-requeueable deps ti=<TaskInstance: dag_dbt-model_sales.model_sales.dim_produto_seed manual__2025-02-05T11:53:16+00:00 [queued]>
[2025-02-05T11:53:43.306+0000] {taskinstance.py:2076} INFO - Dependencies all met for dep_context=requeueable deps ti=<TaskInstance: dag_dbt-model_sales.model_sales.dim_produto_seed manual__2025-02-05T11:53:16+00:00 [queued]>
[2025-02-05T11:53:43.307+0000] {taskinstance.py:2306} INFO - Starting attempt 1 of 1
[2025-02-05T11:53:43.314+0000] {taskinstance.py:2330} INFO - Executing <Task(DbtSeedLocalOperator): model_sales.dim_produto_seed> on 2025-02-05 11:53:16+00:00
[2025-02-05T11:53:43.318+0000] {standard_task_runner.py:63} INFO - Started process 1926 to run task
[2025-02-05T11:53:43.320+0000] {standard_task_runner.py:90} INFO - Running: ['***', 'tasks', 'run', 'dag_dbt-model_sales', 'model_sales.dim_produto_seed', 'manual__2025-02-05T11:53:16+00:00', '--job-id', '52', '--raw', '--subdir', 'DAGS_FOLDER/dag_dbt-model_sales.py', '--cfg-path', '/tmp/tmpe30ivb6r']
[2025-02-05T11:53:43.321+0000] {standard_task_runner.py:91} INFO - Job 52: Subtask model_sales.dim_produto_seed
[2025-02-05T11:53:43.352+0000] {task_command.py:426} INFO - Running <TaskInstance: dag_dbt-model_sales.model_sales.dim_produto_seed manual__2025-02-05T11:53:16+00:00 [running]> on host 98025f4a542d
[2025-02-05T11:53:43.405+0000] {taskinstance.py:2648} INFO - Exporting env vars: AIRFLOW_CTX_DAG_OWNER='***' AIRFLOW_CTX_DAG_ID='dag_dbt-model_sales' AIRFLOW_CTX_TASK_ID='model_sales.dim_produto_seed' AIRFLOW_CTX_EXECUTION_DATE='2025-02-05T11:53:16+00:00' AIRFLOW_CTX_TRY_NUMBER='1' AIRFLOW_CTX_DAG_RUN_ID='manual__2025-02-05T11:53:16+00:00'
[2025-02-05T11:53:43.407+0000] {taskinstance.py:430} INFO - ::endgroup::
[2025-02-05T11:53:45.064+0000] {local.py:220} INFO - dbtRunner is available. Using dbtRunner for invoking dbt.
[2025-02-05T11:53:45.065+0000] {local.py:436} INFO - Cloning project to writable temp directory /tmp/tmpn2qqqhrt from /usr/local/airflow/dags/dbt/localiza_dw
[2025-02-05T11:53:45.069+0000] {local.py:447} INFO - Partial parse is enabled and the latest partial parse file is /tmp/cosmos/dag_dbt-model_sales__model_sales/target/partial_parse.msgpack
[2025-02-05T11:53:45.073+0000] {config.py:348} INFO - Profile caching is enable.
[2025-02-05T11:53:45.079+0000] {base.py:84} INFO - Using connection ID '***' for task execution.
[2025-02-05T11:53:45.080+0000] {config.py:328} INFO - Profile found in cache using profile: /tmp/cosmos/profile/47873256e3df2d6067f929148b3671caee72f33396318ef25aae33418849eddf/profiles.yml.
[2025-02-05T11:53:45.081+0000] {local.py:408} INFO - Trying to run dbtRunner with:
 ['seed', '--vars', '{"PROD_1": P003,                                 "PROD_2": P002,                                 "DATA_INICIO": 1999-01-01,                                 "DATA_FIM": 2025-02-05}', '--models', 'dim_produto', '--project-dir', '/tmp/tmpn2qqqhrt', '--profiles-dir', '/tmp/cosmos/profile/47873256e3df2d6067f929148b3671caee72f33396318ef25aae33418849eddf', '--profile', '***', '--target', 'prod']
 in /tmp/tmpn2qqqhrt
[2025-02-05T11:53:45.093+0000] {logging_mixin.py:188} INFO - 11:53:45  Running with dbt=1.6.1
[2025-02-05T11:53:45.179+0000] {logging_mixin.py:188} INFO - 11:53:45  Registered adapter: postgres=1.6.1
[2025-02-05T11:53:45.487+0000] {logging_mixin.py:188} INFO - 11:53:45  Found 4 models, 1 snapshot, 4 seeds, 5 tests, 3 sources, 0 exposures, 0 metrics, 349 macros, 0 groups, 0 semantic models
[2025-02-05T11:53:45.490+0000] {logging_mixin.py:188} INFO - 11:53:45
[2025-02-05T11:53:45.541+0000] {logging_mixin.py:188} INFO - 11:53:45  Concurrency: 1 threads (target='prod')
[2025-02-05T11:53:45.542+0000] {logging_mixin.py:188} INFO - 11:53:45
[2025-02-05T11:53:45.546+0000] {logging_mixin.py:188} INFO - 11:53:45  1 of 1 START seed file dm_sales.dim_produto .................................... [RUN]
[2025-02-05T11:53:45.602+0000] {logging_mixin.py:188} INFO - 11:53:45  1 of 1 OK loaded seed file dm_sales.dim_produto ................................ [INSERT 5 in 0.05s]
[2025-02-05T11:53:45.610+0000] {logging_mixin.py:188} INFO - 11:53:45
[2025-02-05T11:53:45.611+0000] {logging_mixin.py:188} INFO - 11:53:45  Finished running 1 seed in 0 hours 0 minutes and 0.12 seconds (0.12s).
[2025-02-05T11:53:45.617+0000] {logging_mixin.py:188} INFO - 11:53:45
[2025-02-05T11:53:45.619+0000] {logging_mixin.py:188} INFO - 11:53:45  Completed successfully
[2025-02-05T11:53:45.619+0000] {logging_mixin.py:188} INFO - 11:53:45
[2025-02-05T11:53:45.620+0000] {logging_mixin.py:188} INFO - 11:53:45  Done. PASS=1 WARN=0 ERROR=0 SKIP=0 TOTAL=1
[2025-02-05T11:53:46.390+0000] {local.py:138} WARNING - Artifact schema version: https://schemas.getdbt.com/dbt/manifest/v10.json is above dbt-ol supported version 7. This might cause errors.
[2025-02-05T11:53:46.393+0000] {local.py:494} INFO - Inlets: []
[2025-02-05T11:53:46.394+0000] {local.py:495} INFO - Outlets: []
[2025-02-05T11:53:46.395+0000] {local.py:595} INFO - Assigning inlets/outlets without DatasetAlias
[2025-02-05T11:53:46.396+0000] {dag.py:3096} INFO - Sync 1 DAGs
[2025-02-05T11:53:46.409+0000] {dag.py:3954} INFO - Setting next_dagrun for dag_dbt-model_sales to None, run_after=None
[2025-02-05T11:53:46.437+0000] {taskinstance.py:441} INFO - ::group::Post task execution logs
[2025-02-05T11:53:46.446+0000] {taskinstance.py:1206} INFO - Marking task as SUCCESS. dag_id=dag_dbt-model_sales, task_id=model_sales.dim_produto_seed, run_id=manual__2025-02-05T11:53:16+00:00, execution_date=20250205T115316, start_date=20250205T115343, end_date=20250205T115346
[2025-02-05T11:53:46.489+0000] {local_task_job_runner.py:240} INFO - Task exited with return code 0
[2025-02-05T11:53:46.513+0000] {taskinstance.py:3498} INFO - 0 downstream tasks scheduled from follow-on schedule check
[2025-02-05T11:53:46.517+0000] {local_task_job_runner.py:222} INFO - ::endgroup::
