[2025-02-05T14:04:47.938+0000] {local_task_job_runner.py:120} INFO - ::group::Pre task execution logs
[2025-02-05T14:04:47.963+0000] {taskinstance.py:2076} INFO - Dependencies all met for dep_context=non-requeueable deps ti=<TaskInstance: dag_ingestion_daily-credit_fraud.bulk_file_load scheduled__2025-02-04T04:00:00+00:00 [queued]>
[2025-02-05T14:04:47.978+0000] {taskinstance.py:2076} INFO - Dependencies all met for dep_context=requeueable deps ti=<TaskInstance: dag_ingestion_daily-credit_fraud.bulk_file_load scheduled__2025-02-04T04:00:00+00:00 [queued]>
[2025-02-05T14:04:47.979+0000] {taskinstance.py:2306} INFO - Starting attempt 1 of 2
[2025-02-05T14:04:48.001+0000] {taskinstance.py:2330} INFO - Executing <Task(PostgresOperator): bulk_file_load> on 2025-02-04 04:00:00+00:00
[2025-02-05T14:04:48.008+0000] {standard_task_runner.py:63} INFO - Started process 4582 to run task
[2025-02-05T14:04:48.015+0000] {standard_task_runner.py:90} INFO - Running: ['***', 'tasks', 'run', 'dag_ingestion_daily-credit_fraud', 'bulk_file_load', 'scheduled__2025-02-04T04:00:00+00:00', '--job-id', '133', '--raw', '--subdir', 'DAGS_FOLDER/dag_ingestion_daily-fraud_credit.py', '--cfg-path', '/tmp/tmprfqi04bg']
[2025-02-05T14:04:48.017+0000] {standard_task_runner.py:91} INFO - Job 133: Subtask bulk_file_load
[2025-02-05T14:04:48.100+0000] {task_command.py:426} INFO - Running <TaskInstance: dag_ingestion_daily-credit_fraud.bulk_file_load scheduled__2025-02-04T04:00:00+00:00 [running]> on host 98025f4a542d
[2025-02-05T14:04:48.261+0000] {taskinstance.py:2648} INFO - Exporting env vars: AIRFLOW_CTX_DAG_OWNER='***' AIRFLOW_CTX_DAG_ID='dag_ingestion_daily-credit_fraud' AIRFLOW_CTX_TASK_ID='bulk_file_load' AIRFLOW_CTX_EXECUTION_DATE='2025-02-04T04:00:00+00:00' AIRFLOW_CTX_TRY_NUMBER='1' AIRFLOW_CTX_DAG_RUN_ID='scheduled__2025-02-04T04:00:00+00:00'
[2025-02-05T14:04:48.264+0000] {taskinstance.py:430} INFO - ::endgroup::
[2025-02-05T14:04:48.288+0000] {sql.py:276} INFO - Executing: 
            COPY dm_credit_operations_stage.raw_credit_fraud FROM '/data/raw_fraud_credit.csv' DELIMITER ',' CSV HEADER;
        
[2025-02-05T14:04:48.306+0000] {base.py:84} INFO - Using connection ID '***' for task execution.
[2025-02-05T14:04:48.408+0000] {base.py:84} INFO - Using connection ID '***' for task execution.
[2025-02-05T14:04:48.415+0000] {sql.py:450} INFO - Running statement: 
            COPY dm_credit_operations_stage.raw_credit_fraud FROM '/data/raw_fraud_credit.csv' DELIMITER ',' CSV HEADER;
        , parameters: None
[2025-02-05T14:05:59.778+0000] {sql.py:459} INFO - Rows affected: 9291894
[2025-02-05T14:05:59.781+0000] {taskinstance.py:441} INFO - ::group::Post task execution logs
[2025-02-05T14:05:59.796+0000] {taskinstance.py:1206} INFO - Marking task as SUCCESS. dag_id=dag_ingestion_daily-credit_fraud, task_id=bulk_file_load, run_id=scheduled__2025-02-04T04:00:00+00:00, execution_date=20250204T040000, start_date=20250205T140447, end_date=20250205T140559
[2025-02-05T14:05:59.860+0000] {local_task_job_runner.py:240} INFO - Task exited with return code 0
[2025-02-05T14:05:59.887+0000] {taskinstance.py:3498} INFO - 1 downstream tasks scheduled from follow-on schedule check
[2025-02-05T14:05:59.892+0000] {local_task_job_runner.py:222} INFO - ::endgroup::
[2025-02-05T14:30:17.966+0000] {local_task_job_runner.py:120} INFO - ::group::Pre task execution logs
[2025-02-05T14:30:17.983+0000] {taskinstance.py:2076} INFO - Dependencies all met for dep_context=non-requeueable deps ti=<TaskInstance: dag_ingestion_daily-credit_fraud.bulk_file_load scheduled__2025-02-04T04:00:00+00:00 [queued]>
[2025-02-05T14:30:17.993+0000] {taskinstance.py:2076} INFO - Dependencies all met for dep_context=requeueable deps ti=<TaskInstance: dag_ingestion_daily-credit_fraud.bulk_file_load scheduled__2025-02-04T04:00:00+00:00 [queued]>
[2025-02-05T14:30:17.995+0000] {taskinstance.py:2306} INFO - Starting attempt 1 of 2
[2025-02-05T14:30:18.007+0000] {taskinstance.py:2330} INFO - Executing <Task(PostgresOperator): bulk_file_load> on 2025-02-04 04:00:00+00:00
[2025-02-05T14:30:18.011+0000] {standard_task_runner.py:63} INFO - Started process 153 to run task
[2025-02-05T14:30:18.014+0000] {standard_task_runner.py:90} INFO - Running: ['***', 'tasks', 'run', 'dag_ingestion_daily-credit_fraud', 'bulk_file_load', 'scheduled__2025-02-04T04:00:00+00:00', '--job-id', '7', '--raw', '--subdir', 'DAGS_FOLDER/dag_ingestion_daily-fraud_credit.py', '--cfg-path', '/tmp/tmpe0ekcey8']
[2025-02-05T14:30:18.015+0000] {standard_task_runner.py:91} INFO - Job 7: Subtask bulk_file_load
[2025-02-05T14:30:18.062+0000] {task_command.py:426} INFO - Running <TaskInstance: dag_ingestion_daily-credit_fraud.bulk_file_load scheduled__2025-02-04T04:00:00+00:00 [running]> on host eb17fa5f9c23
[2025-02-05T14:30:18.153+0000] {taskinstance.py:2648} INFO - Exporting env vars: AIRFLOW_CTX_DAG_OWNER='***' AIRFLOW_CTX_DAG_ID='dag_ingestion_daily-credit_fraud' AIRFLOW_CTX_TASK_ID='bulk_file_load' AIRFLOW_CTX_EXECUTION_DATE='2025-02-04T04:00:00+00:00' AIRFLOW_CTX_TRY_NUMBER='1' AIRFLOW_CTX_DAG_RUN_ID='scheduled__2025-02-04T04:00:00+00:00'
[2025-02-05T14:30:18.155+0000] {taskinstance.py:430} INFO - ::endgroup::
[2025-02-05T14:30:18.168+0000] {sql.py:276} INFO - Executing: 
            COPY dm_credit_operations_stage.raw_credit_fraud FROM '/data/raw_fraud_credit.csv' DELIMITER ',' CSV HEADER;
        
[2025-02-05T14:30:18.177+0000] {base.py:84} INFO - Using connection ID '***' for task execution.
[2025-02-05T14:30:18.241+0000] {base.py:84} INFO - Using connection ID '***' for task execution.
[2025-02-05T14:30:18.245+0000] {sql.py:450} INFO - Running statement: 
            COPY dm_credit_operations_stage.raw_credit_fraud FROM '/data/raw_fraud_credit.csv' DELIMITER ',' CSV HEADER;
        , parameters: None
[2025-02-05T14:31:03.112+0000] {sql.py:459} INFO - Rows affected: 9291894
[2025-02-05T14:31:03.115+0000] {taskinstance.py:441} INFO - ::group::Post task execution logs
[2025-02-05T14:31:03.126+0000] {taskinstance.py:1206} INFO - Marking task as SUCCESS. dag_id=dag_ingestion_daily-credit_fraud, task_id=bulk_file_load, run_id=scheduled__2025-02-04T04:00:00+00:00, execution_date=20250204T040000, start_date=20250205T143017, end_date=20250205T143103
[2025-02-05T14:31:03.170+0000] {local_task_job_runner.py:240} INFO - Task exited with return code 0
[2025-02-05T14:31:03.193+0000] {taskinstance.py:3498} INFO - 1 downstream tasks scheduled from follow-on schedule check
[2025-02-05T14:31:03.198+0000] {local_task_job_runner.py:222} INFO - ::endgroup::
[2025-02-05T14:55:50.514+0000] {local_task_job_runner.py:120} INFO - ::group::Pre task execution logs
[2025-02-05T14:55:50.532+0000] {taskinstance.py:2076} INFO - Dependencies all met for dep_context=non-requeueable deps ti=<TaskInstance: dag_ingestion_daily-credit_fraud.bulk_file_load scheduled__2025-02-04T04:00:00+00:00 [queued]>
[2025-02-05T14:55:50.542+0000] {taskinstance.py:2076} INFO - Dependencies all met for dep_context=requeueable deps ti=<TaskInstance: dag_ingestion_daily-credit_fraud.bulk_file_load scheduled__2025-02-04T04:00:00+00:00 [queued]>
[2025-02-05T14:55:50.543+0000] {taskinstance.py:2306} INFO - Starting attempt 1 of 2
[2025-02-05T14:55:50.555+0000] {taskinstance.py:2330} INFO - Executing <Task(PostgresOperator): bulk_file_load> on 2025-02-04 04:00:00+00:00
[2025-02-05T14:55:50.560+0000] {standard_task_runner.py:63} INFO - Started process 153 to run task
[2025-02-05T14:55:50.564+0000] {standard_task_runner.py:90} INFO - Running: ['***', 'tasks', 'run', 'dag_ingestion_daily-credit_fraud', 'bulk_file_load', 'scheduled__2025-02-04T04:00:00+00:00', '--job-id', '7', '--raw', '--subdir', 'DAGS_FOLDER/dag_ingestion_daily-fraud_credit.py', '--cfg-path', '/tmp/tmprh80lq08']
[2025-02-05T14:55:50.565+0000] {standard_task_runner.py:91} INFO - Job 7: Subtask bulk_file_load
[2025-02-05T14:55:50.614+0000] {task_command.py:426} INFO - Running <TaskInstance: dag_ingestion_daily-credit_fraud.bulk_file_load scheduled__2025-02-04T04:00:00+00:00 [running]> on host 7c7f80fafcb7
[2025-02-05T14:55:50.698+0000] {taskinstance.py:2648} INFO - Exporting env vars: AIRFLOW_CTX_DAG_OWNER='***' AIRFLOW_CTX_DAG_ID='dag_ingestion_daily-credit_fraud' AIRFLOW_CTX_TASK_ID='bulk_file_load' AIRFLOW_CTX_EXECUTION_DATE='2025-02-04T04:00:00+00:00' AIRFLOW_CTX_TRY_NUMBER='1' AIRFLOW_CTX_DAG_RUN_ID='scheduled__2025-02-04T04:00:00+00:00'
[2025-02-05T14:55:50.701+0000] {taskinstance.py:430} INFO - ::endgroup::
[2025-02-05T14:55:50.716+0000] {sql.py:276} INFO - Executing: 
            COPY dm_credit_operations_stage.raw_credit_fraud FROM '/data/raw_fraud_credit.csv' DELIMITER ',' CSV HEADER;
        
[2025-02-05T14:55:50.725+0000] {base.py:84} INFO - Using connection ID '***' for task execution.
[2025-02-05T14:55:50.804+0000] {base.py:84} INFO - Using connection ID '***' for task execution.
[2025-02-05T14:55:50.811+0000] {sql.py:450} INFO - Running statement: 
            COPY dm_credit_operations_stage.raw_credit_fraud FROM '/data/raw_fraud_credit.csv' DELIMITER ',' CSV HEADER;
        , parameters: None
[2025-02-05T14:56:29.024+0000] {sql.py:459} INFO - Rows affected: 9291894
[2025-02-05T14:56:29.026+0000] {taskinstance.py:441} INFO - ::group::Post task execution logs
[2025-02-05T14:56:29.034+0000] {taskinstance.py:1206} INFO - Marking task as SUCCESS. dag_id=dag_ingestion_daily-credit_fraud, task_id=bulk_file_load, run_id=scheduled__2025-02-04T04:00:00+00:00, execution_date=20250204T040000, start_date=20250205T145550, end_date=20250205T145629
[2025-02-05T14:56:29.079+0000] {local_task_job_runner.py:240} INFO - Task exited with return code 0
[2025-02-05T14:56:29.095+0000] {taskinstance.py:3498} INFO - 1 downstream tasks scheduled from follow-on schedule check
[2025-02-05T14:56:29.097+0000] {local_task_job_runner.py:222} INFO - ::endgroup::
[2025-02-05T15:07:19.996+0000] {local_task_job_runner.py:120} INFO - ::group::Pre task execution logs
[2025-02-05T15:07:20.015+0000] {taskinstance.py:2076} INFO - Dependencies all met for dep_context=non-requeueable deps ti=<TaskInstance: dag_ingestion_daily-credit_fraud.bulk_file_load scheduled__2025-02-04T04:00:00+00:00 [queued]>
[2025-02-05T15:07:20.024+0000] {taskinstance.py:2076} INFO - Dependencies all met for dep_context=requeueable deps ti=<TaskInstance: dag_ingestion_daily-credit_fraud.bulk_file_load scheduled__2025-02-04T04:00:00+00:00 [queued]>
[2025-02-05T15:07:20.025+0000] {taskinstance.py:2306} INFO - Starting attempt 1 of 2
[2025-02-05T15:07:20.037+0000] {taskinstance.py:2330} INFO - Executing <Task(PostgresOperator): bulk_file_load> on 2025-02-04 04:00:00+00:00
[2025-02-05T15:07:20.043+0000] {standard_task_runner.py:63} INFO - Started process 153 to run task
[2025-02-05T15:07:20.046+0000] {standard_task_runner.py:90} INFO - Running: ['***', 'tasks', 'run', 'dag_ingestion_daily-credit_fraud', 'bulk_file_load', 'scheduled__2025-02-04T04:00:00+00:00', '--job-id', '7', '--raw', '--subdir', 'DAGS_FOLDER/dag_ingestion_daily-fraud_credit.py', '--cfg-path', '/tmp/tmpr3lzu2ch']
[2025-02-05T15:07:20.047+0000] {standard_task_runner.py:91} INFO - Job 7: Subtask bulk_file_load
[2025-02-05T15:07:20.100+0000] {task_command.py:426} INFO - Running <TaskInstance: dag_ingestion_daily-credit_fraud.bulk_file_load scheduled__2025-02-04T04:00:00+00:00 [running]> on host 5c897c3a2254
[2025-02-05T15:07:20.183+0000] {taskinstance.py:2648} INFO - Exporting env vars: AIRFLOW_CTX_DAG_OWNER='***' AIRFLOW_CTX_DAG_ID='dag_ingestion_daily-credit_fraud' AIRFLOW_CTX_TASK_ID='bulk_file_load' AIRFLOW_CTX_EXECUTION_DATE='2025-02-04T04:00:00+00:00' AIRFLOW_CTX_TRY_NUMBER='1' AIRFLOW_CTX_DAG_RUN_ID='scheduled__2025-02-04T04:00:00+00:00'
[2025-02-05T15:07:20.185+0000] {taskinstance.py:430} INFO - ::endgroup::
[2025-02-05T15:07:20.200+0000] {sql.py:276} INFO - Executing: 
            COPY dm_credit_operations_stage.raw_credit_fraud FROM '/data/raw_fraud_credit.csv' DELIMITER ',' CSV HEADER;
        
[2025-02-05T15:07:20.208+0000] {base.py:84} INFO - Using connection ID '***' for task execution.
[2025-02-05T15:07:20.261+0000] {base.py:84} INFO - Using connection ID '***' for task execution.
[2025-02-05T15:07:20.269+0000] {sql.py:450} INFO - Running statement: 
            COPY dm_credit_operations_stage.raw_credit_fraud FROM '/data/raw_fraud_credit.csv' DELIMITER ',' CSV HEADER;
        , parameters: None
[2025-02-05T15:08:01.349+0000] {sql.py:459} INFO - Rows affected: 9291894
[2025-02-05T15:08:01.354+0000] {taskinstance.py:441} INFO - ::group::Post task execution logs
[2025-02-05T15:08:01.367+0000] {taskinstance.py:1206} INFO - Marking task as SUCCESS. dag_id=dag_ingestion_daily-credit_fraud, task_id=bulk_file_load, run_id=scheduled__2025-02-04T04:00:00+00:00, execution_date=20250204T040000, start_date=20250205T150720, end_date=20250205T150801
[2025-02-05T15:08:01.419+0000] {local_task_job_runner.py:240} INFO - Task exited with return code 0
[2025-02-05T15:08:01.443+0000] {taskinstance.py:3498} INFO - 1 downstream tasks scheduled from follow-on schedule check
[2025-02-05T15:08:01.446+0000] {local_task_job_runner.py:222} INFO - ::endgroup::
[2025-02-05T16:45:15.094+0000] {local_task_job_runner.py:120} INFO - ::group::Pre task execution logs
[2025-02-05T16:45:15.109+0000] {taskinstance.py:2076} INFO - Dependencies all met for dep_context=non-requeueable deps ti=<TaskInstance: dag_ingestion_daily-credit_fraud.bulk_file_load scheduled__2025-02-04T04:00:00+00:00 [queued]>
[2025-02-05T16:45:15.120+0000] {taskinstance.py:2076} INFO - Dependencies all met for dep_context=requeueable deps ti=<TaskInstance: dag_ingestion_daily-credit_fraud.bulk_file_load scheduled__2025-02-04T04:00:00+00:00 [queued]>
[2025-02-05T16:45:15.121+0000] {taskinstance.py:2306} INFO - Starting attempt 1 of 2
[2025-02-05T16:45:15.133+0000] {taskinstance.py:2330} INFO - Executing <Task(PostgresOperator): bulk_file_load> on 2025-02-04 04:00:00+00:00
[2025-02-05T16:45:15.139+0000] {standard_task_runner.py:63} INFO - Started process 153 to run task
[2025-02-05T16:45:15.143+0000] {standard_task_runner.py:90} INFO - Running: ['***', 'tasks', 'run', 'dag_ingestion_daily-credit_fraud', 'bulk_file_load', 'scheduled__2025-02-04T04:00:00+00:00', '--job-id', '7', '--raw', '--subdir', 'DAGS_FOLDER/dag_ingestion_daily-fraud_credit.py', '--cfg-path', '/tmp/tmpvrcv62w4']
[2025-02-05T16:45:15.144+0000] {standard_task_runner.py:91} INFO - Job 7: Subtask bulk_file_load
[2025-02-05T16:45:15.196+0000] {task_command.py:426} INFO - Running <TaskInstance: dag_ingestion_daily-credit_fraud.bulk_file_load scheduled__2025-02-04T04:00:00+00:00 [running]> on host 584eb3626689
[2025-02-05T16:45:15.278+0000] {taskinstance.py:2648} INFO - Exporting env vars: AIRFLOW_CTX_DAG_OWNER='***' AIRFLOW_CTX_DAG_ID='dag_ingestion_daily-credit_fraud' AIRFLOW_CTX_TASK_ID='bulk_file_load' AIRFLOW_CTX_EXECUTION_DATE='2025-02-04T04:00:00+00:00' AIRFLOW_CTX_TRY_NUMBER='1' AIRFLOW_CTX_DAG_RUN_ID='scheduled__2025-02-04T04:00:00+00:00'
[2025-02-05T16:45:15.280+0000] {taskinstance.py:430} INFO - ::endgroup::
[2025-02-05T16:45:15.292+0000] {sql.py:276} INFO - Executing: 
            COPY dm_credit_operations_stage.raw_credit_fraud FROM '/data/raw_fraud_credit.csv' DELIMITER ',' CSV HEADER;
        
[2025-02-05T16:45:15.300+0000] {base.py:84} INFO - Using connection ID '***' for task execution.
[2025-02-05T16:45:15.344+0000] {base.py:84} INFO - Using connection ID '***' for task execution.
[2025-02-05T16:45:15.348+0000] {sql.py:450} INFO - Running statement: 
            COPY dm_credit_operations_stage.raw_credit_fraud FROM '/data/raw_fraud_credit.csv' DELIMITER ',' CSV HEADER;
        , parameters: None
[2025-02-05T16:46:02.175+0000] {sql.py:459} INFO - Rows affected: 9291894
[2025-02-05T16:46:02.178+0000] {taskinstance.py:441} INFO - ::group::Post task execution logs
[2025-02-05T16:46:02.187+0000] {taskinstance.py:1206} INFO - Marking task as SUCCESS. dag_id=dag_ingestion_daily-credit_fraud, task_id=bulk_file_load, run_id=scheduled__2025-02-04T04:00:00+00:00, execution_date=20250204T040000, start_date=20250205T164515, end_date=20250205T164602
[2025-02-05T16:46:02.233+0000] {local_task_job_runner.py:240} INFO - Task exited with return code 0
[2025-02-05T16:46:02.255+0000] {taskinstance.py:3498} INFO - 1 downstream tasks scheduled from follow-on schedule check
[2025-02-05T16:46:02.258+0000] {local_task_job_runner.py:222} INFO - ::endgroup::
