[2025-02-05T11:55:42.180+0000] {local_task_job_runner.py:120} INFO - ::group::Pre task execution logs
[2025-02-05T11:55:42.189+0000] {taskinstance.py:2076} INFO - Dependencies all met for dep_context=non-requeueable deps ti=<TaskInstance: dag_dbt-model_sales.model_sales.ad_hoc_vendedor_indicador_x_run manual__2025-02-05T11:53:16+00:00 [queued]>
[2025-02-05T11:55:42.195+0000] {taskinstance.py:2076} INFO - Dependencies all met for dep_context=requeueable deps ti=<TaskInstance: dag_dbt-model_sales.model_sales.ad_hoc_vendedor_indicador_x_run manual__2025-02-05T11:53:16+00:00 [queued]>
[2025-02-05T11:55:42.196+0000] {taskinstance.py:2306} INFO - Starting attempt 2 of 2
[2025-02-05T11:55:42.204+0000] {taskinstance.py:2330} INFO - Executing <Task(DbtRunLocalOperator): model_sales.ad_hoc_vendedor_indicador_x_run> on 2025-02-05 11:53:16+00:00
[2025-02-05T11:55:42.208+0000] {standard_task_runner.py:63} INFO - Started process 1994 to run task
[2025-02-05T11:55:42.210+0000] {standard_task_runner.py:90} INFO - Running: ['***', 'tasks', 'run', 'dag_dbt-model_sales', 'model_sales.ad_hoc_vendedor_indicador_x_run', 'manual__2025-02-05T11:53:16+00:00', '--job-id', '54', '--raw', '--subdir', 'DAGS_FOLDER/dag_dbt-model_sales.py', '--cfg-path', '/tmp/tmpdo0xb2f2']
[2025-02-05T11:55:42.211+0000] {standard_task_runner.py:91} INFO - Job 54: Subtask model_sales.ad_hoc_vendedor_indicador_x_run
[2025-02-05T11:55:42.250+0000] {task_command.py:426} INFO - Running <TaskInstance: dag_dbt-model_sales.model_sales.ad_hoc_vendedor_indicador_x_run manual__2025-02-05T11:53:16+00:00 [running]> on host 98025f4a542d
[2025-02-05T11:55:42.310+0000] {taskinstance.py:2648} INFO - Exporting env vars: AIRFLOW_CTX_DAG_OWNER='***' AIRFLOW_CTX_DAG_ID='dag_dbt-model_sales' AIRFLOW_CTX_TASK_ID='model_sales.ad_hoc_vendedor_indicador_x_run' AIRFLOW_CTX_EXECUTION_DATE='2025-02-05T11:53:16+00:00' AIRFLOW_CTX_TRY_NUMBER='2' AIRFLOW_CTX_DAG_RUN_ID='manual__2025-02-05T11:53:16+00:00'
[2025-02-05T11:55:42.312+0000] {taskinstance.py:430} INFO - ::endgroup::
[2025-02-05T11:55:43.895+0000] {local.py:220} INFO - dbtRunner is available. Using dbtRunner for invoking dbt.
[2025-02-05T11:55:43.896+0000] {local.py:436} INFO - Cloning project to writable temp directory /tmp/tmpry9rojsy from /usr/local/airflow/dags/dbt/localiza_dw
[2025-02-05T11:55:43.899+0000] {local.py:447} INFO - Partial parse is enabled and the latest partial parse file is /tmp/cosmos/dag_dbt-model_sales__model_sales/target/partial_parse.msgpack
[2025-02-05T11:55:43.903+0000] {config.py:348} INFO - Profile caching is enable.
[2025-02-05T11:55:43.911+0000] {base.py:84} INFO - Using connection ID '***' for task execution.
[2025-02-05T11:55:43.912+0000] {config.py:328} INFO - Profile found in cache using profile: /tmp/cosmos/profile/47873256e3df2d6067f929148b3671caee72f33396318ef25aae33418849eddf/profiles.yml.
[2025-02-05T11:55:43.912+0000] {local.py:408} INFO - Trying to run dbtRunner with:
 ['run', '--vars', '{"PROD_1": P003,                                 "PROD_2": P002,                                 "DATA_INICIO": 1999-01-01,                                 "DATA_FIM": 2025-02-05}', '--models', 'ad_hoc_vendedor_indicador_x', '--project-dir', '/tmp/tmpry9rojsy', '--profiles-dir', '/tmp/cosmos/profile/47873256e3df2d6067f929148b3671caee72f33396318ef25aae33418849eddf', '--profile', '***', '--target', 'prod']
 in /tmp/tmpry9rojsy
[2025-02-05T11:55:43.924+0000] {logging_mixin.py:188} INFO - 11:55:43  Running with dbt=1.6.1
[2025-02-05T11:55:43.999+0000] {logging_mixin.py:188} INFO - 11:55:43  Registered adapter: postgres=1.6.1
[2025-02-05T11:55:44.016+0000] {logging_mixin.py:188} INFO - 11:55:44  Unable to do partial parsing because config vars, config profile, or config target have changed
[2025-02-05T11:55:44.017+0000] {logging_mixin.py:188} INFO - 11:55:44  Unable to do partial parsing because profile has changed
[2025-02-05T11:55:44.017+0000] {logging_mixin.py:188} INFO - 11:55:44  Unable to do partial parsing because env vars used in profiles.yml have changed
[2025-02-05T11:55:44.723+0000] {logging_mixin.py:188} INFO - 11:55:44  Found 4 models, 1 snapshot, 4 seeds, 5 tests, 3 sources, 0 exposures, 0 metrics, 349 macros, 0 groups, 0 semantic models
[2025-02-05T11:55:44.725+0000] {logging_mixin.py:188} INFO - 11:55:44
[2025-02-05T11:55:44.780+0000] {logging_mixin.py:188} INFO - 11:55:44  Concurrency: 1 threads (target='prod')
[2025-02-05T11:55:44.781+0000] {logging_mixin.py:188} INFO - 11:55:44
[2025-02-05T11:55:44.784+0000] {logging_mixin.py:188} INFO - 11:55:44  1 of 1 START sql table model dm_sales.ad_hoc_vendedor_indicador_x .............. [RUN]
[2025-02-05T11:55:44.869+0000] {logging_mixin.py:188} INFO - 11:55:44  1 of 1 OK created sql table model dm_sales.ad_hoc_vendedor_indicador_x ......... [SELECT 0 in 0.08s]
[2025-02-05T11:55:44.882+0000] {logging_mixin.py:188} INFO - 11:55:44
[2025-02-05T11:55:44.884+0000] {logging_mixin.py:188} INFO - 11:55:44  Finished running 1 table model in 0 hours 0 minutes and 0.16 seconds (0.16s).
[2025-02-05T11:55:44.892+0000] {logging_mixin.py:188} INFO - 11:55:44
[2025-02-05T11:55:44.893+0000] {logging_mixin.py:188} INFO - 11:55:44  Completed successfully
[2025-02-05T11:55:44.894+0000] {logging_mixin.py:188} INFO - 11:55:44
[2025-02-05T11:55:44.895+0000] {logging_mixin.py:188} INFO - 11:55:44  Done. PASS=1 WARN=0 ERROR=0 SKIP=0 TOTAL=1
[2025-02-05T11:55:45.660+0000] {local.py:138} WARNING - Artifact schema version: https://schemas.getdbt.com/dbt/manifest/v10.json is above dbt-ol supported version 7. This might cause errors.
[2025-02-05T11:55:45.690+0000] {local.py:494} INFO - Inlets: []
[2025-02-05T11:55:45.691+0000] {local.py:495} INFO - Outlets: [Dataset(uri='postgres://postgres-db:5432/localiza_dw.dm_sales.ad_hoc_vendedor_indicador_x', extra=None)]
[2025-02-05T11:55:45.692+0000] {local.py:595} INFO - Assigning inlets/outlets without DatasetAlias
[2025-02-05T11:55:45.692+0000] {dag.py:3096} INFO - Sync 1 DAGs
[2025-02-05T11:55:45.705+0000] {dag.py:3954} INFO - Setting next_dagrun for dag_dbt-model_sales to None, run_after=None
[2025-02-05T11:55:45.728+0000] {taskinstance.py:441} INFO - ::group::Post task execution logs
[2025-02-05T11:55:45.743+0000] {taskinstance.py:1206} INFO - Marking task as SUCCESS. dag_id=dag_dbt-model_sales, task_id=model_sales.ad_hoc_vendedor_indicador_x_run, run_id=manual__2025-02-05T11:53:16+00:00, execution_date=20250205T115316, start_date=20250205T115542, end_date=20250205T115545
[2025-02-05T11:55:45.786+0000] {local_task_job_runner.py:240} INFO - Task exited with return code 0
[2025-02-05T11:55:45.811+0000] {taskinstance.py:3498} INFO - 1 downstream tasks scheduled from follow-on schedule check
[2025-02-05T11:55:45.814+0000] {local_task_job_runner.py:222} INFO - ::endgroup::
