[2025-02-04T23:27:35.181+0000] {local_task_job_runner.py:120} INFO - ::group::Pre task execution logs
[2025-02-04T23:27:35.193+0000] {taskinstance.py:2076} INFO - Dependencies all met for dep_context=non-requeueable deps ti=<TaskInstance: dag_dbt-model_credit_fraud.model_credit_fraud.dm_transaction_type_snapshot manual__2025-02-04T23:27:00.226281+00:00 [queued]>
[2025-02-04T23:27:35.199+0000] {taskinstance.py:2076} INFO - Dependencies all met for dep_context=requeueable deps ti=<TaskInstance: dag_dbt-model_credit_fraud.model_credit_fraud.dm_transaction_type_snapshot manual__2025-02-04T23:27:00.226281+00:00 [queued]>
[2025-02-04T23:27:35.199+0000] {taskinstance.py:2306} INFO - Starting attempt 1 of 1
[2025-02-04T23:27:35.210+0000] {taskinstance.py:2330} INFO - Executing <Task(DbtSnapshotLocalOperator): model_credit_fraud.dm_transaction_type_snapshot> on 2025-02-04 23:27:00.226281+00:00
[2025-02-04T23:27:35.214+0000] {standard_task_runner.py:63} INFO - Started process 1172 to run task
[2025-02-04T23:27:35.217+0000] {standard_task_runner.py:90} INFO - Running: ['***', 'tasks', 'run', 'dag_dbt-model_credit_fraud', 'model_credit_fraud.dm_transaction_type_snapshot', 'manual__2025-02-04T23:27:00.226281+00:00', '--job-id', '14', '--raw', '--subdir', 'DAGS_FOLDER/dag_dbt-model_fraud_credit.py', '--cfg-path', '/tmp/tmp0yc1krty']
[2025-02-04T23:27:35.218+0000] {standard_task_runner.py:91} INFO - Job 14: Subtask model_credit_fraud.dm_transaction_type_snapshot
[2025-02-04T23:27:35.256+0000] {task_command.py:426} INFO - Running <TaskInstance: dag_dbt-model_credit_fraud.model_credit_fraud.dm_transaction_type_snapshot manual__2025-02-04T23:27:00.226281+00:00 [running]> on host eb20c43aeeb4
[2025-02-04T23:27:35.325+0000] {taskinstance.py:2648} INFO - Exporting env vars: AIRFLOW_CTX_DAG_OWNER='***' AIRFLOW_CTX_DAG_ID='dag_dbt-model_credit_fraud' AIRFLOW_CTX_TASK_ID='model_credit_fraud.dm_transaction_type_snapshot' AIRFLOW_CTX_EXECUTION_DATE='2025-02-04T23:27:00.226281+00:00' AIRFLOW_CTX_TRY_NUMBER='1' AIRFLOW_CTX_DAG_RUN_ID='manual__2025-02-04T23:27:00.226281+00:00'
[2025-02-04T23:27:35.327+0000] {taskinstance.py:430} INFO - ::endgroup::
[2025-02-04T23:27:37.178+0000] {local.py:220} INFO - dbtRunner is available. Using dbtRunner for invoking dbt.
[2025-02-04T23:27:37.179+0000] {local.py:436} INFO - Cloning project to writable temp directory /tmp/tmp3vnkespl from /usr/local/airflow/dags/dbt/localiza_dw
[2025-02-04T23:27:37.183+0000] {local.py:447} INFO - Partial parse is enabled and the latest partial parse file is /tmp/cosmos/dag_dbt-model_credit_fraud__model_credit_fraud/target/partial_parse.msgpack
[2025-02-04T23:27:37.187+0000] {config.py:348} INFO - Profile caching is enable.
[2025-02-04T23:27:37.193+0000] {base.py:84} INFO - Using connection ID '***' for task execution.
[2025-02-04T23:27:37.194+0000] {config.py:328} INFO - Profile found in cache using profile: /tmp/cosmos/profile/bdc35343eb23031ee554202b16407e794194afcc614f7ea62bc658c63495a211/profiles.yml.
[2025-02-04T23:27:37.195+0000] {local.py:408} INFO - Trying to run dbtRunner with:
 ['snapshot', '--models', 'dm_transaction_type', '--project-dir', '/tmp/tmp3vnkespl', '--profiles-dir', '/tmp/cosmos/profile/bdc35343eb23031ee554202b16407e794194afcc614f7ea62bc658c63495a211', '--profile', '***', '--target', 'prod']
 in /tmp/tmp3vnkespl
[2025-02-04T23:27:37.208+0000] {logging_mixin.py:188} INFO - 23:27:37  Running with dbt=1.6.1
[2025-02-04T23:27:37.297+0000] {logging_mixin.py:188} INFO - 23:27:37  Registered adapter: postgres=1.6.1
[2025-02-04T23:27:37.544+0000] {logging_mixin.py:188} INFO - 23:27:37  Found 3 models, 1 snapshot, 5 tests, 1 source, 0 exposures, 0 metrics, 349 macros, 0 groups, 0 semantic models
[2025-02-04T23:27:37.546+0000] {logging_mixin.py:188} INFO - 23:27:37
[2025-02-04T23:27:37.593+0000] {logging_mixin.py:188} INFO - 23:27:37  Concurrency: 1 threads (target='prod')
[2025-02-04T23:27:37.595+0000] {logging_mixin.py:188} INFO - 23:27:37
[2025-02-04T23:27:37.598+0000] {logging_mixin.py:188} INFO - 23:27:37  1 of 1 START snapshot dm_credit_operations.dm_transaction_type ................. [RUN]
[2025-02-04T23:27:38.975+0000] {logging_mixin.py:188} INFO - 23:27:38  1 of 1 OK snapshotted dm_credit_operations.dm_transaction_type ................. [success in 1.37s]
[2025-02-04T23:27:38.990+0000] {logging_mixin.py:188} INFO - 23:27:38
[2025-02-04T23:27:38.991+0000] {logging_mixin.py:188} INFO - 23:27:38  Finished running 1 snapshot in 0 hours 0 minutes and 1.44 seconds (1.44s).
[2025-02-04T23:27:39.002+0000] {logging_mixin.py:188} INFO - 23:27:39
[2025-02-04T23:27:39.005+0000] {logging_mixin.py:188} INFO - 23:27:39  Completed successfully
[2025-02-04T23:27:39.006+0000] {logging_mixin.py:188} INFO - 23:27:39
[2025-02-04T23:27:39.007+0000] {logging_mixin.py:188} INFO - 23:27:39  Done. PASS=1 WARN=0 ERROR=0 SKIP=0 TOTAL=1
[2025-02-04T23:27:39.740+0000] {local.py:138} WARNING - Artifact schema version: https://schemas.getdbt.com/dbt/manifest/v10.json is above dbt-ol supported version 7. This might cause errors.
[2025-02-04T23:27:39.771+0000] {local.py:494} INFO - Inlets: [Dataset(uri='postgres://postgres-db:5432/localiza_dw.dm_credit_operations.stg_credit_fraud', extra=None)]
[2025-02-04T23:27:39.772+0000] {local.py:495} INFO - Outlets: [Dataset(uri='postgres://postgres-db:5432/localiza_dw.dm_credit_operations.dm_transaction_type', extra=None)]
[2025-02-04T23:27:39.773+0000] {local.py:595} INFO - Assigning inlets/outlets without DatasetAlias
[2025-02-04T23:27:39.774+0000] {dag.py:3096} INFO - Sync 1 DAGs
[2025-02-04T23:27:39.788+0000] {dag.py:3954} INFO - Setting next_dagrun for dag_dbt-model_credit_fraud to None, run_after=None
[2025-02-04T23:27:39.824+0000] {taskinstance.py:441} INFO - ::group::Post task execution logs
[2025-02-04T23:27:39.852+0000] {taskinstance.py:1206} INFO - Marking task as SUCCESS. dag_id=dag_dbt-model_credit_fraud, task_id=model_credit_fraud.dm_transaction_type_snapshot, run_id=manual__2025-02-04T23:27:00.226281+00:00, execution_date=20250204T232700, start_date=20250204T232735, end_date=20250204T232739
[2025-02-04T23:27:39.879+0000] {local_task_job_runner.py:240} INFO - Task exited with return code 0
[2025-02-04T23:27:39.898+0000] {taskinstance.py:3498} INFO - 1 downstream tasks scheduled from follow-on schedule check
[2025-02-04T23:27:39.900+0000] {local_task_job_runner.py:222} INFO - ::endgroup::
