[2025-02-04T22:23:27.710+0000] {local_task_job_runner.py:120} INFO - ::group::Pre task execution logs
[2025-02-04T22:23:27.724+0000] {taskinstance.py:2076} INFO - Dependencies all met for dep_context=non-requeueable deps ti=<TaskInstance: dag_ingestion_daily-credit_fraud.create_table manual__2025-02-04T22:23:25.060591+00:00 [queued]>
[2025-02-04T22:23:27.729+0000] {taskinstance.py:2076} INFO - Dependencies all met for dep_context=requeueable deps ti=<TaskInstance: dag_ingestion_daily-credit_fraud.create_table manual__2025-02-04T22:23:25.060591+00:00 [queued]>
[2025-02-04T22:23:27.730+0000] {taskinstance.py:2306} INFO - Starting attempt 1 of 2
[2025-02-04T22:23:27.738+0000] {taskinstance.py:2330} INFO - Executing <Task(PostgresOperator): create_table> on 2025-02-04 22:23:25.060591+00:00
[2025-02-04T22:23:27.742+0000] {standard_task_runner.py:63} INFO - Started process 169 to run task
[2025-02-04T22:23:27.745+0000] {standard_task_runner.py:90} INFO - Running: ['***', 'tasks', 'run', 'dag_ingestion_daily-credit_fraud', 'create_table', 'manual__2025-02-04T22:23:25.060591+00:00', '--job-id', '2', '--raw', '--subdir', 'DAGS_FOLDER/dag_ingestion_daily-fraud_credit.py', '--cfg-path', '/tmp/tmp4mx4w5cz']
[2025-02-04T22:23:27.746+0000] {standard_task_runner.py:91} INFO - Job 2: Subtask create_table
[2025-02-04T22:23:27.785+0000] {task_command.py:426} INFO - Running <TaskInstance: dag_ingestion_daily-credit_fraud.create_table manual__2025-02-04T22:23:25.060591+00:00 [running]> on host eb20c43aeeb4
[2025-02-04T22:23:27.856+0000] {taskinstance.py:2648} INFO - Exporting env vars: AIRFLOW_CTX_DAG_OWNER='***' AIRFLOW_CTX_DAG_ID='dag_ingestion_daily-credit_fraud' AIRFLOW_CTX_TASK_ID='create_table' AIRFLOW_CTX_EXECUTION_DATE='2025-02-04T22:23:25.060591+00:00' AIRFLOW_CTX_TRY_NUMBER='1' AIRFLOW_CTX_DAG_RUN_ID='manual__2025-02-04T22:23:25.060591+00:00'
[2025-02-04T22:23:27.859+0000] {taskinstance.py:430} INFO - ::endgroup::
[2025-02-04T22:23:27.891+0000] {sql.py:276} INFO - Executing: 
            DROP TABLE IF EXISTS dm_credit_operations_stage.raw_credit_fraud;
            CREATE TABLE dm_credit_operations_stage.raw_credit_fraud (
               timestamp VARCHAR(50) NULL,
               sending_address VARCHAR(50) NULL,
               receiving_address VARCHAR(50) NULL,
               amount VARCHAR(50) NULL,
               transaction_type VARCHAR(50) NULL,
               location_region VARCHAR(50) NULL,
               ip_prefix VARCHAR(50) NULL,
               login_frequency VARCHAR(50) NULL,
               session_duration VARCHAR(50) NULL,
               purchase_pattern VARCHAR(50) NULL,
               age_group VARCHAR(50) NULL,
               risk_score VARCHAR(50) NULL,
               anomaly VARCHAR(50) NULL
          );
        
[2025-02-04T22:23:27.903+0000] {base.py:84} INFO - Using connection ID '***' for task execution.
[2025-02-04T22:23:27.986+0000] {base.py:84} INFO - Using connection ID '***' for task execution.
[2025-02-04T22:23:27.992+0000] {sql.py:450} INFO - Running statement: 
            DROP TABLE IF EXISTS dm_credit_operations_stage.raw_credit_fraud;
            CREATE TABLE dm_credit_operations_stage.raw_credit_fraud (
               timestamp VARCHAR(50) NULL,
               sending_address VARCHAR(50) NULL,
               receiving_address VARCHAR(50) NULL,
               amount VARCHAR(50) NULL,
               transaction_type VARCHAR(50) NULL,
               location_region VARCHAR(50) NULL,
               ip_prefix VARCHAR(50) NULL,
               login_frequency VARCHAR(50) NULL,
               session_duration VARCHAR(50) NULL,
               purchase_pattern VARCHAR(50) NULL,
               age_group VARCHAR(50) NULL,
               risk_score VARCHAR(50) NULL,
               anomaly VARCHAR(50) NULL
          );
        , parameters: None
[2025-02-04T22:23:27.998+0000] {taskinstance.py:441} INFO - ::group::Post task execution logs
[2025-02-04T22:23:28.009+0000] {taskinstance.py:1206} INFO - Marking task as SUCCESS. dag_id=dag_ingestion_daily-credit_fraud, task_id=create_table, run_id=manual__2025-02-04T22:23:25.060591+00:00, execution_date=20250204T222325, start_date=20250204T222327, end_date=20250204T222328
[2025-02-04T22:23:28.041+0000] {local_task_job_runner.py:240} INFO - Task exited with return code 0
[2025-02-04T22:23:28.058+0000] {taskinstance.py:3498} INFO - 1 downstream tasks scheduled from follow-on schedule check
[2025-02-04T22:23:28.061+0000] {local_task_job_runner.py:222} INFO - ::endgroup::
