[2025-02-05T13:25:14.062+0000] {local_task_job_runner.py:120} INFO - ::group::Pre task execution logs
[2025-02-05T13:25:14.079+0000] {taskinstance.py:2076} INFO - Dependencies all met for dep_context=non-requeueable deps ti=<TaskInstance: dag_dbt-model_sales.model_sales.eventos_vendas_seed manual__2025-02-05T13:24:50+00:00 [queued]>
[2025-02-05T13:25:14.092+0000] {taskinstance.py:2076} INFO - Dependencies all met for dep_context=requeueable deps ti=<TaskInstance: dag_dbt-model_sales.model_sales.eventos_vendas_seed manual__2025-02-05T13:24:50+00:00 [queued]>
[2025-02-05T13:25:14.093+0000] {taskinstance.py:2306} INFO - Starting attempt 1 of 1
[2025-02-05T13:25:14.112+0000] {taskinstance.py:2330} INFO - Executing <Task(DbtSeedLocalOperator): model_sales.eventos_vendas_seed> on 2025-02-05 13:24:50+00:00
[2025-02-05T13:25:14.124+0000] {standard_task_runner.py:63} INFO - Started process 3962 to run task
[2025-02-05T13:25:14.127+0000] {standard_task_runner.py:90} INFO - Running: ['***', 'tasks', 'run', 'dag_dbt-model_sales', 'model_sales.eventos_vendas_seed', 'manual__2025-02-05T13:24:50+00:00', '--job-id', '114', '--raw', '--subdir', 'DAGS_FOLDER/dag_dbt-model_sales.py', '--cfg-path', '/tmp/tmpyrvh35i3']
[2025-02-05T13:25:14.130+0000] {standard_task_runner.py:91} INFO - Job 114: Subtask model_sales.eventos_vendas_seed
[2025-02-05T13:25:14.213+0000] {task_command.py:426} INFO - Running <TaskInstance: dag_dbt-model_sales.model_sales.eventos_vendas_seed manual__2025-02-05T13:24:50+00:00 [running]> on host 98025f4a542d
[2025-02-05T13:25:14.347+0000] {taskinstance.py:2648} INFO - Exporting env vars: AIRFLOW_CTX_DAG_OWNER='***' AIRFLOW_CTX_DAG_ID='dag_dbt-model_sales' AIRFLOW_CTX_TASK_ID='model_sales.eventos_vendas_seed' AIRFLOW_CTX_EXECUTION_DATE='2025-02-05T13:24:50+00:00' AIRFLOW_CTX_TRY_NUMBER='1' AIRFLOW_CTX_DAG_RUN_ID='manual__2025-02-05T13:24:50+00:00'
[2025-02-05T13:25:14.350+0000] {taskinstance.py:430} INFO - ::endgroup::
[2025-02-05T13:25:17.553+0000] {local.py:220} INFO - dbtRunner is available. Using dbtRunner for invoking dbt.
[2025-02-05T13:25:17.555+0000] {local.py:436} INFO - Cloning project to writable temp directory /tmp/tmpx7z298ln from /usr/local/airflow/dags/dbt/localiza_dw
[2025-02-05T13:25:17.566+0000] {local.py:447} INFO - Partial parse is enabled and the latest partial parse file is /tmp/cosmos/dag_dbt-model_sales__model_sales/target/partial_parse.msgpack
[2025-02-05T13:25:17.576+0000] {config.py:348} INFO - Profile caching is enable.
[2025-02-05T13:25:17.587+0000] {base.py:84} INFO - Using connection ID '***' for task execution.
[2025-02-05T13:25:17.589+0000] {config.py:328} INFO - Profile found in cache using profile: /tmp/cosmos/profile/47873256e3df2d6067f929148b3671caee72f33396318ef25aae33418849eddf/profiles.yml.
[2025-02-05T13:25:17.590+0000] {local.py:408} INFO - Trying to run dbtRunner with:
 ['seed', '--vars', '{"PROD": P003,                                 "LIMITE_QUANTIDADE": 500,                                 "DATA_INICIO": 1999-01-01,                                 "DATA_FIM": 2025-02-05}', '--models', 'eventos_vendas', '--project-dir', '/tmp/tmpx7z298ln', '--profiles-dir', '/tmp/cosmos/profile/47873256e3df2d6067f929148b3671caee72f33396318ef25aae33418849eddf', '--profile', '***', '--target', 'prod']
 in /tmp/tmpx7z298ln
[2025-02-05T13:25:17.614+0000] {logging_mixin.py:188} INFO - 13:25:17  Running with dbt=1.6.1
[2025-02-05T13:25:17.762+0000] {logging_mixin.py:188} INFO - 13:25:17  Registered adapter: postgres=1.6.1
[2025-02-05T13:25:18.544+0000] {logging_mixin.py:188} INFO - 13:25:18  Found 4 models, 1 snapshot, 4 seeds, 5 tests, 3 sources, 0 exposures, 0 metrics, 349 macros, 0 groups, 0 semantic models
[2025-02-05T13:25:18.547+0000] {logging_mixin.py:188} INFO - 13:25:18
[2025-02-05T13:25:18.651+0000] {logging_mixin.py:188} INFO - 13:25:18  Concurrency: 1 threads (target='prod')
[2025-02-05T13:25:18.653+0000] {logging_mixin.py:188} INFO - 13:25:18
[2025-02-05T13:25:18.659+0000] {logging_mixin.py:188} INFO - 13:25:18  1 of 1 START seed file dm_sales.eventos_vendas ................................. [RUN]
[2025-02-05T13:25:19.729+0000] {logging_mixin.py:188} INFO - 13:25:19  1 of 1 OK loaded seed file dm_sales.eventos_vendas ............................. [INSERT 535 in 1.07s]
[2025-02-05T13:25:19.765+0000] {logging_mixin.py:188} INFO - 13:25:19
[2025-02-05T13:25:19.767+0000] {logging_mixin.py:188} INFO - 13:25:19  Finished running 1 seed in 0 hours 0 minutes and 1.22 seconds (1.22s).
[2025-02-05T13:25:19.787+0000] {logging_mixin.py:188} INFO - 13:25:19
[2025-02-05T13:25:19.789+0000] {logging_mixin.py:188} INFO - 13:25:19  Completed successfully
[2025-02-05T13:25:19.792+0000] {logging_mixin.py:188} INFO - 13:25:19
[2025-02-05T13:25:19.796+0000] {logging_mixin.py:188} INFO - 13:25:19  Done. PASS=1 WARN=0 ERROR=0 SKIP=0 TOTAL=1
[2025-02-05T13:25:21.596+0000] {local.py:138} WARNING - Artifact schema version: https://schemas.getdbt.com/dbt/manifest/v10.json is above dbt-ol supported version 7. This might cause errors.
[2025-02-05T13:25:21.601+0000] {local.py:494} INFO - Inlets: []
[2025-02-05T13:25:21.602+0000] {local.py:495} INFO - Outlets: []
[2025-02-05T13:25:21.603+0000] {local.py:595} INFO - Assigning inlets/outlets without DatasetAlias
[2025-02-05T13:25:21.604+0000] {dag.py:3096} INFO - Sync 1 DAGs
[2025-02-05T13:25:21.621+0000] {dag.py:3954} INFO - Setting next_dagrun for dag_dbt-model_sales to None, run_after=None
[2025-02-05T13:25:21.660+0000] {taskinstance.py:441} INFO - ::group::Post task execution logs
[2025-02-05T13:25:21.671+0000] {taskinstance.py:1206} INFO - Marking task as SUCCESS. dag_id=dag_dbt-model_sales, task_id=model_sales.eventos_vendas_seed, run_id=manual__2025-02-05T13:24:50+00:00, execution_date=20250205T132450, start_date=20250205T132514, end_date=20250205T132521
[2025-02-05T13:25:21.721+0000] {local_task_job_runner.py:240} INFO - Task exited with return code 0
[2025-02-05T13:25:21.751+0000] {taskinstance.py:3498} INFO - 1 downstream tasks scheduled from follow-on schedule check
[2025-02-05T13:25:21.754+0000] {local_task_job_runner.py:222} INFO - ::endgroup::
