[2025-02-05T16:09:51.818+0000] {local_task_job_runner.py:120} INFO - ::group::Pre task execution logs
[2025-02-05T16:09:51.837+0000] {taskinstance.py:2076} INFO - Dependencies all met for dep_context=non-requeueable deps ti=<TaskInstance: dag_dbt-model_sales.model_sales.dim_produto_seed manual__2025-02-05T16:09:14+00:00 [queued]>
[2025-02-05T16:09:51.844+0000] {taskinstance.py:2076} INFO - Dependencies all met for dep_context=requeueable deps ti=<TaskInstance: dag_dbt-model_sales.model_sales.dim_produto_seed manual__2025-02-05T16:09:14+00:00 [queued]>
[2025-02-05T16:09:51.845+0000] {taskinstance.py:2306} INFO - Starting attempt 1 of 1
[2025-02-05T16:09:51.857+0000] {taskinstance.py:2330} INFO - Executing <Task(DbtSeedLocalOperator): model_sales.dim_produto_seed> on 2025-02-05 16:09:14+00:00
[2025-02-05T16:09:51.863+0000] {standard_task_runner.py:63} INFO - Started process 815 to run task
[2025-02-05T16:09:51.867+0000] {standard_task_runner.py:90} INFO - Running: ['***', 'tasks', 'run', 'dag_dbt-model_sales', 'model_sales.dim_produto_seed', 'manual__2025-02-05T16:09:14+00:00', '--job-id', '19', '--raw', '--subdir', 'DAGS_FOLDER/dag_dbt-model_sales.py', '--cfg-path', '/tmp/tmpfaxmh7d9']
[2025-02-05T16:09:51.872+0000] {standard_task_runner.py:91} INFO - Job 19: Subtask model_sales.dim_produto_seed
[2025-02-05T16:09:51.934+0000] {task_command.py:426} INFO - Running <TaskInstance: dag_dbt-model_sales.model_sales.dim_produto_seed manual__2025-02-05T16:09:14+00:00 [running]> on host 5c897c3a2254
[2025-02-05T16:09:52.029+0000] {taskinstance.py:2648} INFO - Exporting env vars: AIRFLOW_CTX_DAG_OWNER='***' AIRFLOW_CTX_DAG_ID='dag_dbt-model_sales' AIRFLOW_CTX_TASK_ID='model_sales.dim_produto_seed' AIRFLOW_CTX_EXECUTION_DATE='2025-02-05T16:09:14+00:00' AIRFLOW_CTX_TRY_NUMBER='1' AIRFLOW_CTX_DAG_RUN_ID='manual__2025-02-05T16:09:14+00:00'
[2025-02-05T16:09:52.032+0000] {taskinstance.py:430} INFO - ::endgroup::
[2025-02-05T16:09:52.756+0000] {local.py:220} INFO - dbtRunner is available. Using dbtRunner for invoking dbt.
[2025-02-05T16:09:52.758+0000] {local.py:436} INFO - Cloning project to writable temp directory /tmp/tmpqlf2zrpf from /usr/local/airflow/dags/dbt/localiza_dw
[2025-02-05T16:09:52.770+0000] {local.py:447} INFO - Partial parse is enabled and the latest partial parse file is /tmp/cosmos/dag_dbt-model_sales__model_sales/target/partial_parse.msgpack
[2025-02-05T16:09:52.776+0000] {config.py:348} INFO - Profile caching is enable.
[2025-02-05T16:09:52.787+0000] {base.py:84} INFO - Using connection ID '***' for task execution.
[2025-02-05T16:09:52.789+0000] {config.py:328} INFO - Profile found in cache using profile: /tmp/cosmos/profile/47873256e3df2d6067f929148b3671caee72f33396318ef25aae33418849eddf/profiles.yml.
[2025-02-05T16:09:52.790+0000] {local.py:408} INFO - Trying to run dbtRunner with:
 ['seed', '--vars', '{"PROD": "P003", "LIMITE_QUANTIDADE": "500", "DATA_INICIO": "1999-01-01", "DATA_FIM": "2025-02-05"}', '--models', 'dim_produto', '--project-dir', '/tmp/tmpqlf2zrpf', '--profiles-dir', '/tmp/cosmos/profile/47873256e3df2d6067f929148b3671caee72f33396318ef25aae33418849eddf', '--profile', '***', '--target', 'prod']
 in /tmp/tmpqlf2zrpf
[2025-02-05T16:09:52.810+0000] {logging_mixin.py:188} INFO - 16:09:52  Running with dbt=1.6.1
[2025-02-05T16:09:52.932+0000] {logging_mixin.py:188} INFO - 16:09:52  Registered adapter: postgres=1.6.1
[2025-02-05T16:09:53.724+0000] {logging_mixin.py:188} INFO - 16:09:53  Found 5 models, 1 snapshot, 4 seeds, 5 tests, 3 sources, 0 exposures, 0 metrics, 349 macros, 0 groups, 0 semantic models
[2025-02-05T16:09:53.727+0000] {logging_mixin.py:188} INFO - 16:09:53
[2025-02-05T16:09:53.815+0000] {logging_mixin.py:188} INFO - 16:09:53  Concurrency: 1 threads (target='prod')
[2025-02-05T16:09:53.816+0000] {logging_mixin.py:188} INFO - 16:09:53
[2025-02-05T16:09:53.821+0000] {logging_mixin.py:188} INFO - 16:09:53  1 of 1 START seed file dm_sales.dim_produto .................................... [RUN]
[2025-02-05T16:09:53.919+0000] {logging_mixin.py:188} INFO - 16:09:53  1 of 1 OK loaded seed file dm_sales.dim_produto ................................ [INSERT 5 in 0.10s]
[2025-02-05T16:09:53.932+0000] {logging_mixin.py:188} INFO - 16:09:53
[2025-02-05T16:09:53.933+0000] {logging_mixin.py:188} INFO - 16:09:53  Finished running 1 seed in 0 hours 0 minutes and 0.20 seconds (0.20s).
[2025-02-05T16:09:53.941+0000] {logging_mixin.py:188} INFO - 16:09:53
[2025-02-05T16:09:53.943+0000] {logging_mixin.py:188} INFO - 16:09:53  Completed successfully
[2025-02-05T16:09:53.944+0000] {logging_mixin.py:188} INFO - 16:09:53
[2025-02-05T16:09:53.945+0000] {logging_mixin.py:188} INFO - 16:09:53  Done. PASS=1 WARN=0 ERROR=0 SKIP=0 TOTAL=1
[2025-02-05T16:09:54.712+0000] {local.py:138} WARNING - Artifact schema version: https://schemas.getdbt.com/dbt/manifest/v10.json is above dbt-ol supported version 7. This might cause errors.
[2025-02-05T16:09:54.715+0000] {local.py:494} INFO - Inlets: []
[2025-02-05T16:09:54.715+0000] {local.py:495} INFO - Outlets: []
[2025-02-05T16:09:54.716+0000] {local.py:595} INFO - Assigning inlets/outlets without DatasetAlias
[2025-02-05T16:09:54.717+0000] {dag.py:3096} INFO - Sync 1 DAGs
[2025-02-05T16:09:54.735+0000] {dag.py:3954} INFO - Setting next_dagrun for dag_dbt-model_sales to 2025-02-05 04:00:00+00:00, run_after=2025-02-06 04:00:00+00:00
[2025-02-05T16:09:54.770+0000] {taskinstance.py:441} INFO - ::group::Post task execution logs
[2025-02-05T16:09:54.779+0000] {taskinstance.py:1206} INFO - Marking task as SUCCESS. dag_id=dag_dbt-model_sales, task_id=model_sales.dim_produto_seed, run_id=manual__2025-02-05T16:09:14+00:00, execution_date=20250205T160914, start_date=20250205T160951, end_date=20250205T160954
[2025-02-05T16:09:54.814+0000] {local_task_job_runner.py:240} INFO - Task exited with return code 0
[2025-02-05T16:09:54.839+0000] {taskinstance.py:3498} INFO - 0 downstream tasks scheduled from follow-on schedule check
[2025-02-05T16:09:54.841+0000] {local_task_job_runner.py:222} INFO - ::endgroup::
