[2025-02-05T12:34:46.308+0000] {local_task_job_runner.py:120} INFO - ::group::Pre task execution logs
[2025-02-05T12:34:46.332+0000] {taskinstance.py:2076} INFO - Dependencies all met for dep_context=non-requeueable deps ti=<TaskInstance: dag_dbt-model_sales.model_sales.ad_hoc_vendedor_indicador_x_run manual__2025-02-05T12:33:51+00:00 [queued]>
[2025-02-05T12:34:46.346+0000] {taskinstance.py:2076} INFO - Dependencies all met for dep_context=requeueable deps ti=<TaskInstance: dag_dbt-model_sales.model_sales.ad_hoc_vendedor_indicador_x_run manual__2025-02-05T12:33:51+00:00 [queued]>
[2025-02-05T12:34:46.348+0000] {taskinstance.py:2306} INFO - Starting attempt 1 of 1
[2025-02-05T12:34:46.367+0000] {taskinstance.py:2330} INFO - Executing <Task(DbtRunLocalOperator): model_sales.ad_hoc_vendedor_indicador_x_run> on 2025-02-05 12:33:51+00:00
[2025-02-05T12:34:46.375+0000] {standard_task_runner.py:63} INFO - Started process 3364 to run task
[2025-02-05T12:34:46.380+0000] {standard_task_runner.py:90} INFO - Running: ['***', 'tasks', 'run', 'dag_dbt-model_sales', 'model_sales.ad_hoc_vendedor_indicador_x_run', 'manual__2025-02-05T12:33:51+00:00', '--job-id', '103', '--raw', '--subdir', 'DAGS_FOLDER/dag_dbt-model_sales.py', '--cfg-path', '/tmp/tmpt7vioa_u']
[2025-02-05T12:34:46.382+0000] {standard_task_runner.py:91} INFO - Job 103: Subtask model_sales.ad_hoc_vendedor_indicador_x_run
[2025-02-05T12:34:46.483+0000] {task_command.py:426} INFO - Running <TaskInstance: dag_dbt-model_sales.model_sales.ad_hoc_vendedor_indicador_x_run manual__2025-02-05T12:33:51+00:00 [running]> on host 98025f4a542d
[2025-02-05T12:34:46.647+0000] {taskinstance.py:2648} INFO - Exporting env vars: AIRFLOW_CTX_DAG_OWNER='***' AIRFLOW_CTX_DAG_ID='dag_dbt-model_sales' AIRFLOW_CTX_TASK_ID='model_sales.ad_hoc_vendedor_indicador_x_run' AIRFLOW_CTX_EXECUTION_DATE='2025-02-05T12:33:51+00:00' AIRFLOW_CTX_TRY_NUMBER='1' AIRFLOW_CTX_DAG_RUN_ID='manual__2025-02-05T12:33:51+00:00'
[2025-02-05T12:34:46.650+0000] {taskinstance.py:430} INFO - ::endgroup::
[2025-02-05T12:34:50.315+0000] {local.py:220} INFO - dbtRunner is available. Using dbtRunner for invoking dbt.
[2025-02-05T12:34:50.317+0000] {local.py:436} INFO - Cloning project to writable temp directory /tmp/tmpznc5mh00 from /usr/local/airflow/dags/dbt/localiza_dw
[2025-02-05T12:34:50.327+0000] {local.py:447} INFO - Partial parse is enabled and the latest partial parse file is /tmp/cosmos/dag_dbt-model_sales__model_sales/target/partial_parse.msgpack
[2025-02-05T12:34:50.335+0000] {config.py:348} INFO - Profile caching is enable.
[2025-02-05T12:34:50.346+0000] {base.py:84} INFO - Using connection ID '***' for task execution.
[2025-02-05T12:34:50.348+0000] {config.py:328} INFO - Profile found in cache using profile: /tmp/cosmos/profile/47873256e3df2d6067f929148b3671caee72f33396318ef25aae33418849eddf/profiles.yml.
[2025-02-05T12:34:50.349+0000] {local.py:408} INFO - Trying to run dbtRunner with:
 ['run', '--vars', '{"PROD_1": P003,                                 "PROD_2": P002,                                 "DATA_INICIO": 1999-01-01,                                 "DATA_FIM": 2025-02-05}', '--models', 'ad_hoc_vendedor_indicador_x', '--project-dir', '/tmp/tmpznc5mh00', '--profiles-dir', '/tmp/cosmos/profile/47873256e3df2d6067f929148b3671caee72f33396318ef25aae33418849eddf', '--profile', '***', '--target', 'prod']
 in /tmp/tmpznc5mh00
[2025-02-05T12:34:50.375+0000] {logging_mixin.py:188} INFO - 12:34:50  Running with dbt=1.6.1
[2025-02-05T12:34:50.536+0000] {logging_mixin.py:188} INFO - 12:34:50  Registered adapter: postgres=1.6.1
[2025-02-05T12:34:51.413+0000] {logging_mixin.py:188} INFO - 12:34:51  Found 5 models, 1 snapshot, 4 seeds, 5 tests, 3 sources, 0 exposures, 0 metrics, 349 macros, 0 groups, 0 semantic models
[2025-02-05T12:34:51.417+0000] {logging_mixin.py:188} INFO - 12:34:51
[2025-02-05T12:34:51.527+0000] {logging_mixin.py:188} INFO - 12:34:51  Concurrency: 1 threads (target='prod')
[2025-02-05T12:34:51.529+0000] {logging_mixin.py:188} INFO - 12:34:51
[2025-02-05T12:34:51.535+0000] {logging_mixin.py:188} INFO - 12:34:51  1 of 1 START sql table model dm_sales.ad_hoc_vendedor_indicador_x .............. [RUN]
[2025-02-05T12:34:51.683+0000] {logging_mixin.py:188} INFO - 12:34:51  1 of 1 OK created sql table model dm_sales.ad_hoc_vendedor_indicador_x ......... [SELECT 15 in 0.15s]
[2025-02-05T12:34:51.702+0000] {logging_mixin.py:188} INFO - 12:34:51
[2025-02-05T12:34:51.703+0000] {logging_mixin.py:188} INFO - 12:34:51  Finished running 1 table model in 0 hours 0 minutes and 0.28 seconds (0.28s).
[2025-02-05T12:34:51.714+0000] {logging_mixin.py:188} INFO - 12:34:51
[2025-02-05T12:34:51.716+0000] {logging_mixin.py:188} INFO - 12:34:51  Completed successfully
[2025-02-05T12:34:51.718+0000] {logging_mixin.py:188} INFO - 12:34:51
[2025-02-05T12:34:51.720+0000] {logging_mixin.py:188} INFO - 12:34:51  Done. PASS=1 WARN=0 ERROR=0 SKIP=0 TOTAL=1
[2025-02-05T12:34:52.794+0000] {local.py:138} WARNING - Artifact schema version: https://schemas.getdbt.com/dbt/manifest/v10.json is above dbt-ol supported version 7. This might cause errors.
[2025-02-05T12:34:52.844+0000] {local.py:494} INFO - Inlets: []
[2025-02-05T12:34:52.845+0000] {local.py:495} INFO - Outlets: [Dataset(uri='postgres://postgres-db:5432/localiza_dw.dm_sales.ad_hoc_vendedor_indicador_x', extra=None)]
[2025-02-05T12:34:52.846+0000] {local.py:595} INFO - Assigning inlets/outlets without DatasetAlias
[2025-02-05T12:34:52.846+0000] {dag.py:3096} INFO - Sync 1 DAGs
[2025-02-05T12:34:52.863+0000] {dag.py:3954} INFO - Setting next_dagrun for dag_dbt-model_sales to None, run_after=None
[2025-02-05T12:34:52.907+0000] {taskinstance.py:441} INFO - ::group::Post task execution logs
[2025-02-05T12:34:52.932+0000] {taskinstance.py:1206} INFO - Marking task as SUCCESS. dag_id=dag_dbt-model_sales, task_id=model_sales.ad_hoc_vendedor_indicador_x_run, run_id=manual__2025-02-05T12:33:51+00:00, execution_date=20250205T123351, start_date=20250205T123446, end_date=20250205T123452
[2025-02-05T12:34:53.002+0000] {local_task_job_runner.py:240} INFO - Task exited with return code 0
[2025-02-05T12:34:53.026+0000] {taskinstance.py:3498} INFO - 0 downstream tasks scheduled from follow-on schedule check
[2025-02-05T12:34:53.029+0000] {local_task_job_runner.py:222} INFO - ::endgroup::
