[2025-02-05T12:40:27.577+0000] {local_task_job_runner.py:120} INFO - ::group::Pre task execution logs
[2025-02-05T12:40:27.594+0000] {taskinstance.py:2076} INFO - Dependencies all met for dep_context=non-requeueable deps ti=<TaskInstance: dag_dbt-model_sales.model_sales.dim_vendedor_seed manual__2025-02-05T12:40:10+00:00 [queued]>
[2025-02-05T12:40:27.602+0000] {taskinstance.py:2076} INFO - Dependencies all met for dep_context=requeueable deps ti=<TaskInstance: dag_dbt-model_sales.model_sales.dim_vendedor_seed manual__2025-02-05T12:40:10+00:00 [queued]>
[2025-02-05T12:40:27.602+0000] {taskinstance.py:2306} INFO - Starting attempt 1 of 1
[2025-02-05T12:40:27.616+0000] {taskinstance.py:2330} INFO - Executing <Task(DbtSeedLocalOperator): model_sales.dim_vendedor_seed> on 2025-02-05 12:40:10+00:00
[2025-02-05T12:40:27.620+0000] {standard_task_runner.py:63} INFO - Started process 3501 to run task
[2025-02-05T12:40:27.623+0000] {standard_task_runner.py:90} INFO - Running: ['***', 'tasks', 'run', 'dag_dbt-model_sales', 'model_sales.dim_vendedor_seed', 'manual__2025-02-05T12:40:10+00:00', '--job-id', '107', '--raw', '--subdir', 'DAGS_FOLDER/dag_dbt-model_sales.py', '--cfg-path', '/tmp/tmp7kxlvbkr']
[2025-02-05T12:40:27.624+0000] {standard_task_runner.py:91} INFO - Job 107: Subtask model_sales.dim_vendedor_seed
[2025-02-05T12:40:27.681+0000] {task_command.py:426} INFO - Running <TaskInstance: dag_dbt-model_sales.model_sales.dim_vendedor_seed manual__2025-02-05T12:40:10+00:00 [running]> on host 98025f4a542d
[2025-02-05T12:40:27.777+0000] {taskinstance.py:2648} INFO - Exporting env vars: AIRFLOW_CTX_DAG_OWNER='***' AIRFLOW_CTX_DAG_ID='dag_dbt-model_sales' AIRFLOW_CTX_TASK_ID='model_sales.dim_vendedor_seed' AIRFLOW_CTX_EXECUTION_DATE='2025-02-05T12:40:10+00:00' AIRFLOW_CTX_TRY_NUMBER='1' AIRFLOW_CTX_DAG_RUN_ID='manual__2025-02-05T12:40:10+00:00'
[2025-02-05T12:40:27.779+0000] {taskinstance.py:430} INFO - ::endgroup::
[2025-02-05T12:40:30.750+0000] {local.py:220} INFO - dbtRunner is available. Using dbtRunner for invoking dbt.
[2025-02-05T12:40:30.751+0000] {local.py:436} INFO - Cloning project to writable temp directory /tmp/tmphmb0ctr6 from /usr/local/airflow/dags/dbt/localiza_dw
[2025-02-05T12:40:30.771+0000] {local.py:447} INFO - Partial parse is enabled and the latest partial parse file is /tmp/cosmos/dag_dbt-model_sales__model_sales/target/partial_parse.msgpack
[2025-02-05T12:40:30.778+0000] {config.py:348} INFO - Profile caching is enable.
[2025-02-05T12:40:30.790+0000] {base.py:84} INFO - Using connection ID '***' for task execution.
[2025-02-05T12:40:30.792+0000] {config.py:328} INFO - Profile found in cache using profile: /tmp/cosmos/profile/47873256e3df2d6067f929148b3671caee72f33396318ef25aae33418849eddf/profiles.yml.
[2025-02-05T12:40:30.793+0000] {local.py:408} INFO - Trying to run dbtRunner with:
 ['seed', '--vars', '{"PROD_1": P003,                                 "PROD_2": P002,                                 "DATA_INICIO": 1999-01-01,                                 "DATA_FIM": 2025-02-05}', '--models', 'dim_vendedor', '--project-dir', '/tmp/tmphmb0ctr6', '--profiles-dir', '/tmp/cosmos/profile/47873256e3df2d6067f929148b3671caee72f33396318ef25aae33418849eddf', '--profile', '***', '--target', 'prod']
 in /tmp/tmphmb0ctr6
[2025-02-05T12:40:30.816+0000] {logging_mixin.py:188} INFO - 12:40:30  Running with dbt=1.6.1
[2025-02-05T12:40:30.974+0000] {logging_mixin.py:188} INFO - 12:40:30  Registered adapter: postgres=1.6.1
[2025-02-05T12:40:31.655+0000] {logging_mixin.py:188} INFO - 12:40:31  Found 5 models, 1 snapshot, 4 seeds, 5 tests, 3 sources, 0 exposures, 0 metrics, 349 macros, 0 groups, 0 semantic models
[2025-02-05T12:40:31.659+0000] {logging_mixin.py:188} INFO - 12:40:31
[2025-02-05T12:40:31.792+0000] {logging_mixin.py:188} INFO - 12:40:31  Concurrency: 1 threads (target='prod')
[2025-02-05T12:40:31.793+0000] {logging_mixin.py:188} INFO - 12:40:31
[2025-02-05T12:40:31.799+0000] {logging_mixin.py:188} INFO - 12:40:31  1 of 1 START seed file dm_sales.dim_vendedor ................................... [RUN]
[2025-02-05T12:40:31.951+0000] {logging_mixin.py:188} INFO - 12:40:31  1 of 1 OK loaded seed file dm_sales.dim_vendedor ............................... [INSERT 20 in 0.15s]
[2025-02-05T12:40:31.969+0000] {logging_mixin.py:188} INFO - 12:40:31
[2025-02-05T12:40:31.971+0000] {logging_mixin.py:188} INFO - 12:40:31  Finished running 1 seed in 0 hours 0 minutes and 0.31 seconds (0.31s).
[2025-02-05T12:40:31.982+0000] {logging_mixin.py:188} INFO - 12:40:31
[2025-02-05T12:40:31.983+0000] {logging_mixin.py:188} INFO - 12:40:31  Completed successfully
[2025-02-05T12:40:31.985+0000] {logging_mixin.py:188} INFO - 12:40:31
[2025-02-05T12:40:31.986+0000] {logging_mixin.py:188} INFO - 12:40:31  Done. PASS=1 WARN=0 ERROR=0 SKIP=0 TOTAL=1
[2025-02-05T12:40:32.760+0000] {local.py:138} WARNING - Artifact schema version: https://schemas.getdbt.com/dbt/manifest/v10.json is above dbt-ol supported version 7. This might cause errors.
[2025-02-05T12:40:32.765+0000] {local.py:494} INFO - Inlets: []
[2025-02-05T12:40:32.765+0000] {local.py:495} INFO - Outlets: []
[2025-02-05T12:40:32.766+0000] {local.py:595} INFO - Assigning inlets/outlets without DatasetAlias
[2025-02-05T12:40:32.767+0000] {dag.py:3096} INFO - Sync 1 DAGs
[2025-02-05T12:40:32.785+0000] {dag.py:3954} INFO - Setting next_dagrun for dag_dbt-model_sales to None, run_after=None
[2025-02-05T12:40:32.822+0000] {taskinstance.py:441} INFO - ::group::Post task execution logs
[2025-02-05T12:40:32.835+0000] {taskinstance.py:1206} INFO - Marking task as SUCCESS. dag_id=dag_dbt-model_sales, task_id=model_sales.dim_vendedor_seed, run_id=manual__2025-02-05T12:40:10+00:00, execution_date=20250205T124010, start_date=20250205T124027, end_date=20250205T124032
[2025-02-05T12:40:32.870+0000] {local_task_job_runner.py:240} INFO - Task exited with return code 0
[2025-02-05T12:40:32.904+0000] {taskinstance.py:3498} INFO - 1 downstream tasks scheduled from follow-on schedule check
[2025-02-05T12:40:32.907+0000] {local_task_job_runner.py:222} INFO - ::endgroup::
