[2025-02-05T11:24:53.237+0000] {local_task_job_runner.py:120} INFO - ::group::Pre task execution logs
[2025-02-05T11:24:53.247+0000] {taskinstance.py:2076} INFO - Dependencies all met for dep_context=non-requeueable deps ti=<TaskInstance: dag_dbt-model_sales.model_sales.ad_hoc_avg_sales_run manual__2025-02-05T11:23:23+00:00 [queued]>
[2025-02-05T11:24:53.254+0000] {taskinstance.py:2076} INFO - Dependencies all met for dep_context=requeueable deps ti=<TaskInstance: dag_dbt-model_sales.model_sales.ad_hoc_avg_sales_run manual__2025-02-05T11:23:23+00:00 [queued]>
[2025-02-05T11:24:53.254+0000] {taskinstance.py:2306} INFO - Starting attempt 2 of 2
[2025-02-05T11:24:53.262+0000] {taskinstance.py:2330} INFO - Executing <Task(DbtRunLocalOperator): model_sales.ad_hoc_avg_sales_run> on 2025-02-05 11:23:23+00:00
[2025-02-05T11:24:53.265+0000] {standard_task_runner.py:63} INFO - Started process 1024 to run task
[2025-02-05T11:24:53.268+0000] {standard_task_runner.py:90} INFO - Running: ['***', 'tasks', 'run', 'dag_dbt-model_sales', 'model_sales.ad_hoc_avg_sales_run', 'manual__2025-02-05T11:23:23+00:00', '--job-id', '15', '--raw', '--subdir', 'DAGS_FOLDER/dag_dbt-model_sales.py', '--cfg-path', '/tmp/tmp6ds3runh']
[2025-02-05T11:24:53.269+0000] {standard_task_runner.py:91} INFO - Job 15: Subtask model_sales.ad_hoc_avg_sales_run
[2025-02-05T11:24:53.305+0000] {task_command.py:426} INFO - Running <TaskInstance: dag_dbt-model_sales.model_sales.ad_hoc_avg_sales_run manual__2025-02-05T11:23:23+00:00 [running]> on host 98025f4a542d
[2025-02-05T11:24:53.366+0000] {taskinstance.py:2648} INFO - Exporting env vars: AIRFLOW_CTX_DAG_OWNER='***' AIRFLOW_CTX_DAG_ID='dag_dbt-model_sales' AIRFLOW_CTX_TASK_ID='model_sales.ad_hoc_avg_sales_run' AIRFLOW_CTX_EXECUTION_DATE='2025-02-05T11:23:23+00:00' AIRFLOW_CTX_TRY_NUMBER='2' AIRFLOW_CTX_DAG_RUN_ID='manual__2025-02-05T11:23:23+00:00'
[2025-02-05T11:24:53.368+0000] {taskinstance.py:430} INFO - ::endgroup::
[2025-02-05T11:24:55.033+0000] {local.py:220} INFO - dbtRunner is available. Using dbtRunner for invoking dbt.
[2025-02-05T11:24:55.034+0000] {local.py:436} INFO - Cloning project to writable temp directory /tmp/tmpdy_5fn4m from /usr/local/airflow/dags/dbt/localiza_dw
[2025-02-05T11:24:55.046+0000] {local.py:447} INFO - Partial parse is enabled and the latest partial parse file is /tmp/cosmos/dag_dbt-model_sales__model_sales/target/partial_parse.msgpack
[2025-02-05T11:24:55.052+0000] {config.py:348} INFO - Profile caching is enable.
[2025-02-05T11:24:55.062+0000] {base.py:84} INFO - Using connection ID '***' for task execution.
[2025-02-05T11:24:55.064+0000] {config.py:328} INFO - Profile found in cache using profile: /tmp/cosmos/profile/47873256e3df2d6067f929148b3671caee72f33396318ef25aae33418849eddf/profiles.yml.
[2025-02-05T11:24:55.065+0000] {local.py:408} INFO - Trying to run dbtRunner with:
 ['run', '--vars', '{"PROD_1": P003}', '--models', 'ad_hoc_avg_sales', '--project-dir', '/tmp/tmpdy_5fn4m', '--profiles-dir', '/tmp/cosmos/profile/47873256e3df2d6067f929148b3671caee72f33396318ef25aae33418849eddf', '--profile', '***', '--target', 'prod']
 in /tmp/tmpdy_5fn4m
[2025-02-05T11:24:55.084+0000] {logging_mixin.py:188} INFO - 11:24:55  Running with dbt=1.6.1
[2025-02-05T11:24:55.178+0000] {logging_mixin.py:188} INFO - 11:24:55  Registered adapter: postgres=1.6.1
[2025-02-05T11:24:55.198+0000] {logging_mixin.py:188} INFO - 11:24:55  Unable to do partial parsing because config vars, config profile, or config target have changed
[2025-02-05T11:24:56.185+0000] {logging_mixin.py:188} INFO - 11:24:56  Found 4 models, 1 snapshot, 4 seeds, 5 tests, 3 sources, 0 exposures, 0 metrics, 349 macros, 0 groups, 0 semantic models
[2025-02-05T11:24:56.188+0000] {logging_mixin.py:188} INFO - 11:24:56
[2025-02-05T11:24:56.252+0000] {logging_mixin.py:188} INFO - 11:24:56  Concurrency: 1 threads (target='prod')
[2025-02-05T11:24:56.253+0000] {logging_mixin.py:188} INFO - 11:24:56
[2025-02-05T11:24:56.256+0000] {logging_mixin.py:188} INFO - 11:24:56  1 of 1 START sql table model dm_sales.ad_hoc_avg_sales ......................... [RUN]
[2025-02-05T11:24:56.336+0000] {logging_mixin.py:188} INFO - 11:24:56  1 of 1 OK created sql table model dm_sales.ad_hoc_avg_sales .................... [SELECT 10 in 0.08s]
[2025-02-05T11:24:56.346+0000] {logging_mixin.py:188} INFO - 11:24:56
[2025-02-05T11:24:56.347+0000] {logging_mixin.py:188} INFO - 11:24:56  Finished running 1 table model in 0 hours 0 minutes and 0.16 seconds (0.16s).
[2025-02-05T11:24:56.353+0000] {logging_mixin.py:188} INFO - 11:24:56
[2025-02-05T11:24:56.354+0000] {logging_mixin.py:188} INFO - 11:24:56  Completed successfully
[2025-02-05T11:24:56.355+0000] {logging_mixin.py:188} INFO - 11:24:56
[2025-02-05T11:24:56.356+0000] {logging_mixin.py:188} INFO - 11:24:56  Done. PASS=1 WARN=0 ERROR=0 SKIP=0 TOTAL=1
[2025-02-05T11:24:57.226+0000] {local.py:138} WARNING - Artifact schema version: https://schemas.getdbt.com/dbt/manifest/v10.json is above dbt-ol supported version 7. This might cause errors.
[2025-02-05T11:24:57.255+0000] {local.py:494} INFO - Inlets: [Dataset(uri='postgres://postgres-db:5432/localiza_dw.dm_sales.dim_vendedor', extra=None), Dataset(uri='postgres://postgres-db:5432/localiza_dw.dm_sales.eventos_vendas', extra=None)]
[2025-02-05T11:24:57.256+0000] {local.py:495} INFO - Outlets: [Dataset(uri='postgres://postgres-db:5432/localiza_dw.dm_sales.ad_hoc_avg_sales', extra=None)]
[2025-02-05T11:24:57.257+0000] {local.py:595} INFO - Assigning inlets/outlets without DatasetAlias
[2025-02-05T11:24:57.259+0000] {dag.py:3096} INFO - Sync 1 DAGs
[2025-02-05T11:24:57.270+0000] {dag.py:3954} INFO - Setting next_dagrun for dag_dbt-model_sales to None, run_after=None
[2025-02-05T11:24:57.302+0000] {taskinstance.py:441} INFO - ::group::Post task execution logs
[2025-02-05T11:24:57.325+0000] {taskinstance.py:1206} INFO - Marking task as SUCCESS. dag_id=dag_dbt-model_sales, task_id=model_sales.ad_hoc_avg_sales_run, run_id=manual__2025-02-05T11:23:23+00:00, execution_date=20250205T112323, start_date=20250205T112453, end_date=20250205T112457
[2025-02-05T11:24:57.352+0000] {local_task_job_runner.py:240} INFO - Task exited with return code 0
[2025-02-05T11:24:57.366+0000] {taskinstance.py:3498} INFO - 0 downstream tasks scheduled from follow-on schedule check
[2025-02-05T11:24:57.369+0000] {local_task_job_runner.py:222} INFO - ::endgroup::
