[2025-02-05T16:15:56.457+0000] {local_task_job_runner.py:120} INFO - ::group::Pre task execution logs
[2025-02-05T16:15:56.475+0000] {taskinstance.py:2076} INFO - Dependencies all met for dep_context=non-requeueable deps ti=<TaskInstance: dag_dbt-model_sales.model_sales.ad_hoc_sales_growth_run manual__2025-02-05T16:09:14+00:00 [queued]>
[2025-02-05T16:15:56.483+0000] {taskinstance.py:2076} INFO - Dependencies all met for dep_context=requeueable deps ti=<TaskInstance: dag_dbt-model_sales.model_sales.ad_hoc_sales_growth_run manual__2025-02-05T16:09:14+00:00 [queued]>
[2025-02-05T16:15:56.484+0000] {taskinstance.py:2306} INFO - Starting attempt 4 of 4
[2025-02-05T16:15:56.498+0000] {taskinstance.py:2330} INFO - Executing <Task(DbtRunLocalOperator): model_sales.ad_hoc_sales_growth_run> on 2025-02-05 16:09:14+00:00
[2025-02-05T16:15:56.503+0000] {standard_task_runner.py:63} INFO - Started process 1084 to run task
[2025-02-05T16:15:56.507+0000] {standard_task_runner.py:90} INFO - Running: ['***', 'tasks', 'run', 'dag_dbt-model_sales', 'model_sales.ad_hoc_sales_growth_run', 'manual__2025-02-05T16:09:14+00:00', '--job-id', '25', '--raw', '--subdir', 'DAGS_FOLDER/dag_dbt-model_sales.py', '--cfg-path', '/tmp/tmpqrmneu36']
[2025-02-05T16:15:56.509+0000] {standard_task_runner.py:91} INFO - Job 25: Subtask model_sales.ad_hoc_sales_growth_run
[2025-02-05T16:15:56.560+0000] {task_command.py:426} INFO - Running <TaskInstance: dag_dbt-model_sales.model_sales.ad_hoc_sales_growth_run manual__2025-02-05T16:09:14+00:00 [running]> on host 5c897c3a2254
[2025-02-05T16:15:56.663+0000] {taskinstance.py:2648} INFO - Exporting env vars: AIRFLOW_CTX_DAG_OWNER='***' AIRFLOW_CTX_DAG_ID='dag_dbt-model_sales' AIRFLOW_CTX_TASK_ID='model_sales.ad_hoc_sales_growth_run' AIRFLOW_CTX_EXECUTION_DATE='2025-02-05T16:09:14+00:00' AIRFLOW_CTX_TRY_NUMBER='4' AIRFLOW_CTX_DAG_RUN_ID='manual__2025-02-05T16:09:14+00:00'
[2025-02-05T16:15:56.666+0000] {taskinstance.py:430} INFO - ::endgroup::
[2025-02-05T16:15:59.131+0000] {local.py:220} INFO - dbtRunner is available. Using dbtRunner for invoking dbt.
[2025-02-05T16:15:59.132+0000] {local.py:436} INFO - Cloning project to writable temp directory /tmp/tmpa0658g3o from /usr/local/airflow/dags/dbt/localiza_dw
[2025-02-05T16:15:59.141+0000] {local.py:447} INFO - Partial parse is enabled and the latest partial parse file is /tmp/cosmos/dag_dbt-model_sales__model_sales/target/partial_parse.msgpack
[2025-02-05T16:15:59.149+0000] {config.py:348} INFO - Profile caching is enable.
[2025-02-05T16:15:59.158+0000] {base.py:84} INFO - Using connection ID '***' for task execution.
[2025-02-05T16:15:59.160+0000] {config.py:328} INFO - Profile found in cache using profile: /tmp/cosmos/profile/47873256e3df2d6067f929148b3671caee72f33396318ef25aae33418849eddf/profiles.yml.
[2025-02-05T16:15:59.160+0000] {local.py:408} INFO - Trying to run dbtRunner with:
 ['run', '--vars', '{"PROD": "P003", "LIMITE_QUANTIDADE": "500", "DATA_INICIO": "1999-01-01", "DATA_FIM": "2025-02-05"}', '--models', 'ad_hoc_sales_growth', '--project-dir', '/tmp/tmpa0658g3o', '--profiles-dir', '/tmp/cosmos/profile/47873256e3df2d6067f929148b3671caee72f33396318ef25aae33418849eddf', '--profile', '***', '--target', 'prod']
 in /tmp/tmpa0658g3o
[2025-02-05T16:15:59.184+0000] {logging_mixin.py:188} INFO - 16:15:59  Running with dbt=1.6.1
[2025-02-05T16:15:59.308+0000] {logging_mixin.py:188} INFO - 16:15:59  Registered adapter: postgres=1.6.1
[2025-02-05T16:15:59.334+0000] {logging_mixin.py:188} INFO - 16:15:59  Unable to do partial parsing because config vars, config profile, or config target have changed
[2025-02-05T16:15:59.336+0000] {logging_mixin.py:188} INFO - 16:15:59  Unable to do partial parsing because profile has changed
[2025-02-05T16:15:59.337+0000] {logging_mixin.py:188} INFO - 16:15:59  Unable to do partial parsing because env vars used in profiles.yml have changed
[2025-02-05T16:16:00.665+0000] {logging_mixin.py:188} INFO - 16:16:00  Found 5 models, 1 snapshot, 4 seeds, 5 tests, 3 sources, 0 exposures, 0 metrics, 349 macros, 0 groups, 0 semantic models
[2025-02-05T16:16:00.669+0000] {logging_mixin.py:188} INFO - 16:16:00
[2025-02-05T16:16:00.768+0000] {logging_mixin.py:188} INFO - 16:16:00  Concurrency: 1 threads (target='prod')
[2025-02-05T16:16:00.770+0000] {logging_mixin.py:188} INFO - 16:16:00
[2025-02-05T16:16:00.777+0000] {logging_mixin.py:188} INFO - 16:16:00  1 of 1 START sql table model dm_sales.ad_hoc_sales_growth ...................... [RUN]
[2025-02-05T16:16:00.885+0000] {logging_mixin.py:188} INFO - 16:16:00  1 of 1 OK created sql table model dm_sales.ad_hoc_sales_growth ................. [SELECT 56 in 0.11s]
[2025-02-05T16:16:00.899+0000] {logging_mixin.py:188} INFO - 16:16:00
[2025-02-05T16:16:00.900+0000] {logging_mixin.py:188} INFO - 16:16:00  Finished running 1 table model in 0 hours 0 minutes and 0.23 seconds (0.23s).
[2025-02-05T16:16:00.913+0000] {logging_mixin.py:188} INFO - 16:16:00
[2025-02-05T16:16:00.914+0000] {logging_mixin.py:188} INFO - 16:16:00  Completed successfully
[2025-02-05T16:16:00.916+0000] {logging_mixin.py:188} INFO - 16:16:00
[2025-02-05T16:16:00.917+0000] {logging_mixin.py:188} INFO - 16:16:00  Done. PASS=1 WARN=0 ERROR=0 SKIP=0 TOTAL=1
[2025-02-05T16:15:59.933+0000] {local.py:138} WARNING - Artifact schema version: https://schemas.getdbt.com/dbt/manifest/v10.json is above dbt-ol supported version 7. This might cause errors.
[2025-02-05T16:15:59.964+0000] {local.py:494} INFO - Inlets: []
[2025-02-05T16:15:59.965+0000] {local.py:495} INFO - Outlets: [Dataset(uri='postgres://postgres-db:5432/localiza_dw.dm_sales.ad_hoc_sales_growth', extra=None)]
[2025-02-05T16:15:59.966+0000] {local.py:595} INFO - Assigning inlets/outlets without DatasetAlias
[2025-02-05T16:15:59.966+0000] {dag.py:3096} INFO - Sync 1 DAGs
[2025-02-05T16:15:59.995+0000] {dag.py:3954} INFO - Setting next_dagrun for dag_dbt-model_sales to 2025-02-05 04:00:00+00:00, run_after=2025-02-06 04:00:00+00:00
[2025-02-05T16:16:00.023+0000] {taskinstance.py:441} INFO - ::group::Post task execution logs
[2025-02-05T16:16:00.041+0000] {taskinstance.py:1206} INFO - Marking task as SUCCESS. dag_id=dag_dbt-model_sales, task_id=model_sales.ad_hoc_sales_growth_run, run_id=manual__2025-02-05T16:09:14+00:00, execution_date=20250205T160914, start_date=20250205T161556, end_date=20250205T161600
[2025-02-05T16:16:01.412+0000] {local_task_job_runner.py:240} INFO - Task exited with return code 0
[2025-02-05T16:16:01.432+0000] {taskinstance.py:3498} INFO - 1 downstream tasks scheduled from follow-on schedule check
[2025-02-05T16:16:01.434+0000] {local_task_job_runner.py:222} INFO - ::endgroup::
