[2025-02-05T16:11:45.391+0000] {local_task_job_runner.py:120} INFO - ::group::Pre task execution logs
[2025-02-05T16:11:45.407+0000] {taskinstance.py:2076} INFO - Dependencies all met for dep_context=non-requeueable deps ti=<TaskInstance: dag_dbt-model_sales.model_sales.ad_hoc_sales_growth_run manual__2025-02-05T16:09:14+00:00 [queued]>
[2025-02-05T16:11:45.415+0000] {taskinstance.py:2076} INFO - Dependencies all met for dep_context=requeueable deps ti=<TaskInstance: dag_dbt-model_sales.model_sales.ad_hoc_sales_growth_run manual__2025-02-05T16:09:14+00:00 [queued]>
[2025-02-05T16:11:45.415+0000] {taskinstance.py:2306} INFO - Starting attempt 3 of 3
[2025-02-05T16:11:45.426+0000] {taskinstance.py:2330} INFO - Executing <Task(DbtRunLocalOperator): model_sales.ad_hoc_sales_growth_run> on 2025-02-05 16:09:14+00:00
[2025-02-05T16:11:45.432+0000] {standard_task_runner.py:63} INFO - Started process 958 to run task
[2025-02-05T16:11:45.434+0000] {standard_task_runner.py:90} INFO - Running: ['***', 'tasks', 'run', 'dag_dbt-model_sales', 'model_sales.ad_hoc_sales_growth_run', 'manual__2025-02-05T16:09:14+00:00', '--job-id', '23', '--raw', '--subdir', 'DAGS_FOLDER/dag_dbt-model_sales.py', '--cfg-path', '/tmp/tmp3m8gakt9']
[2025-02-05T16:11:45.436+0000] {standard_task_runner.py:91} INFO - Job 23: Subtask model_sales.ad_hoc_sales_growth_run
[2025-02-05T16:11:45.490+0000] {task_command.py:426} INFO - Running <TaskInstance: dag_dbt-model_sales.model_sales.ad_hoc_sales_growth_run manual__2025-02-05T16:09:14+00:00 [running]> on host 5c897c3a2254
[2025-02-05T16:11:45.577+0000] {taskinstance.py:2648} INFO - Exporting env vars: AIRFLOW_CTX_DAG_OWNER='***' AIRFLOW_CTX_DAG_ID='dag_dbt-model_sales' AIRFLOW_CTX_TASK_ID='model_sales.ad_hoc_sales_growth_run' AIRFLOW_CTX_EXECUTION_DATE='2025-02-05T16:09:14+00:00' AIRFLOW_CTX_TRY_NUMBER='3' AIRFLOW_CTX_DAG_RUN_ID='manual__2025-02-05T16:09:14+00:00'
[2025-02-05T16:11:45.580+0000] {taskinstance.py:430} INFO - ::endgroup::
[2025-02-05T16:11:48.533+0000] {local.py:220} INFO - dbtRunner is available. Using dbtRunner for invoking dbt.
[2025-02-05T16:11:48.535+0000] {local.py:436} INFO - Cloning project to writable temp directory /tmp/tmpzt2pto44 from /usr/local/airflow/dags/dbt/localiza_dw
[2025-02-05T16:11:48.548+0000] {local.py:447} INFO - Partial parse is enabled and the latest partial parse file is /tmp/cosmos/dag_dbt-model_sales__model_sales/target/partial_parse.msgpack
[2025-02-05T16:11:48.565+0000] {config.py:348} INFO - Profile caching is enable.
[2025-02-05T16:11:48.577+0000] {base.py:84} INFO - Using connection ID '***' for task execution.
[2025-02-05T16:11:48.579+0000] {config.py:328} INFO - Profile found in cache using profile: /tmp/cosmos/profile/47873256e3df2d6067f929148b3671caee72f33396318ef25aae33418849eddf/profiles.yml.
[2025-02-05T16:11:48.580+0000] {local.py:408} INFO - Trying to run dbtRunner with:
 ['run', '--vars', '{"PROD": "P003", "LIMITE_QUANTIDADE": "500", "DATA_INICIO": "1999-01-01", "DATA_FIM": "2025-02-05"}', '--models', 'ad_hoc_sales_growth', '--project-dir', '/tmp/tmpzt2pto44', '--profiles-dir', '/tmp/cosmos/profile/47873256e3df2d6067f929148b3671caee72f33396318ef25aae33418849eddf', '--profile', '***', '--target', 'prod']
 in /tmp/tmpzt2pto44
[2025-02-05T16:11:48.610+0000] {logging_mixin.py:188} INFO - 16:11:48  Running with dbt=1.6.1
[2025-02-05T16:11:48.752+0000] {logging_mixin.py:188} INFO - 16:11:48  Registered adapter: postgres=1.6.1
[2025-02-05T16:11:48.785+0000] {logging_mixin.py:188} INFO - 16:11:48  Unable to do partial parsing because config vars, config profile, or config target have changed
[2025-02-05T16:11:48.787+0000] {logging_mixin.py:188} INFO - 16:11:48  Unable to do partial parsing because profile has changed
[2025-02-05T16:11:48.788+0000] {logging_mixin.py:188} INFO - 16:11:48  Unable to do partial parsing because env vars used in profiles.yml have changed
[2025-02-05T16:11:50.532+0000] {logging_mixin.py:188} INFO - 16:11:50  Found 5 models, 1 snapshot, 4 seeds, 5 tests, 3 sources, 0 exposures, 0 metrics, 349 macros, 0 groups, 0 semantic models
[2025-02-05T16:11:50.535+0000] {logging_mixin.py:188} INFO - 16:11:50
[2025-02-05T16:11:50.640+0000] {logging_mixin.py:188} INFO - 16:11:50  Concurrency: 1 threads (target='prod')
[2025-02-05T16:11:50.641+0000] {logging_mixin.py:188} INFO - 16:11:50
[2025-02-05T16:11:50.648+0000] {logging_mixin.py:188} INFO - 16:11:50  1 of 1 START sql table model dm_sales.ad_hoc_sales_growth ...................... [RUN]
[2025-02-05T16:11:50.758+0000] {logging_mixin.py:188} INFO - 16:11:50  1 of 1 OK created sql table model dm_sales.ad_hoc_sales_growth ................. [SELECT 56 in 0.11s]
[2025-02-05T16:11:50.773+0000] {logging_mixin.py:188} INFO - 16:11:50
[2025-02-05T16:11:50.774+0000] {logging_mixin.py:188} INFO - 16:11:50  Finished running 1 table model in 0 hours 0 minutes and 0.24 seconds (0.24s).
[2025-02-05T16:11:50.785+0000] {logging_mixin.py:188} INFO - 16:11:50
[2025-02-05T16:11:50.786+0000] {logging_mixin.py:188} INFO - 16:11:50  Completed successfully
[2025-02-05T16:11:50.788+0000] {logging_mixin.py:188} INFO - 16:11:50
[2025-02-05T16:11:50.789+0000] {logging_mixin.py:188} INFO - 16:11:50  Done. PASS=1 WARN=0 ERROR=0 SKIP=0 TOTAL=1
[2025-02-05T16:11:51.602+0000] {local.py:138} WARNING - Artifact schema version: https://schemas.getdbt.com/dbt/manifest/v10.json is above dbt-ol supported version 7. This might cause errors.
[2025-02-05T16:11:51.635+0000] {local.py:494} INFO - Inlets: []
[2025-02-05T16:11:51.636+0000] {local.py:495} INFO - Outlets: [Dataset(uri='postgres://postgres-db:5432/localiza_dw.dm_sales.ad_hoc_sales_growth', extra=None)]
[2025-02-05T16:11:51.637+0000] {local.py:595} INFO - Assigning inlets/outlets without DatasetAlias
[2025-02-05T16:11:51.638+0000] {dag.py:3096} INFO - Sync 1 DAGs
[2025-02-05T16:11:51.659+0000] {dag.py:3954} INFO - Setting next_dagrun for dag_dbt-model_sales to 2025-02-05 04:00:00+00:00, run_after=2025-02-06 04:00:00+00:00
[2025-02-05T16:11:51.690+0000] {taskinstance.py:441} INFO - ::group::Post task execution logs
[2025-02-05T16:11:51.710+0000] {taskinstance.py:1206} INFO - Marking task as SUCCESS. dag_id=dag_dbt-model_sales, task_id=model_sales.ad_hoc_sales_growth_run, run_id=manual__2025-02-05T16:09:14+00:00, execution_date=20250205T160914, start_date=20250205T161145, end_date=20250205T161151
[2025-02-05T16:11:51.736+0000] {local_task_job_runner.py:240} INFO - Task exited with return code 0
[2025-02-05T16:11:51.753+0000] {taskinstance.py:3498} INFO - 1 downstream tasks scheduled from follow-on schedule check
[2025-02-05T16:11:51.756+0000] {local_task_job_runner.py:222} INFO - ::endgroup::
